SF:D:\project\pyxis\crates\pyxis-cli\src\cli.rs
FN:95,_RNvNtCs73RknK5kFD3_5pyxis3cli4main
FN:69,_RNvNtCs73RknK5kFD3_5pyxis3cli7execute
FN:65,_RNvNtCs73RknK5kFD3_5pyxis3cli7verbose
FN:82,_RNvNtCs73RknK5kFD3_5pyxis3cli8init_log
FN:95,_RNvNtCsjRkziaSuqXp_5pyxis3cli4main
FN:69,_RNvNtCsjRkziaSuqXp_5pyxis3cli7execute
FN:65,_RNvNtCsjRkziaSuqXp_5pyxis3cli7verbose
FN:82,_RNvNtCsjRkziaSuqXp_5pyxis3cli8init_log
FN:95,_RNvNtCskamN23DcLqm_5pyxis3cli4main
FN:69,_RNvNtCskamN23DcLqm_5pyxis3cli7execute
FN:65,_RNvNtCskamN23DcLqm_5pyxis3cli7verbose
FN:82,_RNvNtCskamN23DcLqm_5pyxis3cli8init_log
FNDA:0,_RNvNtCs73RknK5kFD3_5pyxis3cli4main
FNDA:0,_RNvNtCs73RknK5kFD3_5pyxis3cli7execute
FNDA:0,_RNvNtCs73RknK5kFD3_5pyxis3cli7verbose
FNDA:0,_RNvNtCs73RknK5kFD3_5pyxis3cli8init_log
FNDA:0,_RNvNtCsjRkziaSuqXp_5pyxis3cli4main
FNDA:0,_RNvNtCsjRkziaSuqXp_5pyxis3cli7execute
FNDA:0,_RNvNtCsjRkziaSuqXp_5pyxis3cli7verbose
FNDA:0,_RNvNtCsjRkziaSuqXp_5pyxis3cli8init_log
FNDA:72,_RNvNtCskamN23DcLqm_5pyxis3cli4main
FNDA:72,_RNvNtCskamN23DcLqm_5pyxis3cli7execute
FNDA:72,_RNvNtCskamN23DcLqm_5pyxis3cli7verbose
FNDA:72,_RNvNtCskamN23DcLqm_5pyxis3cli8init_log
FNF:4
FNH:4
DA:65,72
DA:67,72
DA:68,72
DA:69,72
DA:70,72
DA:71,72
DA:72,72
DA:73,72
DA:74,72
DA:75,72
DA:76,72
DA:77,72
DA:78,72
DA:79,72
DA:80,72
DA:81,72
DA:82,72
DA:83,72
DA:84,0
DA:85,0
DA:86,72
DA:87,0
DA:88,0
DA:89,0
DA:91,72
DA:92,72
DA:93,72
DA:94,72
DA:95,72
DA:96,72
DA:97,72
DA:98,72
DA:99,72
DA:100,72
BRF:0
BRH:0
LF:34
LH:29
end_of_record
SF:D:\project\pyxis\crates\pyxis-cli\src\cli\transform.rs
FN:148,_RNvNtNtCs73RknK5kFD3_5pyxis3cli9transform7execute
FN:148,_RNvNtNtCsjRkziaSuqXp_5pyxis3cli9transform7execute
FN:148,_RNvNtNtCskamN23DcLqm_5pyxis3cli9transform7execute
FNDA:0,_RNvNtNtCs73RknK5kFD3_5pyxis3cli9transform7execute
FNDA:0,_RNvNtNtCsjRkziaSuqXp_5pyxis3cli9transform7execute
FNDA:72,_RNvNtNtCskamN23DcLqm_5pyxis3cli9transform7execute
FNF:1
FNH:1
DA:148,72
DA:149,72
DA:150,72
DA:151,72
DA:152,72
DA:153,72
DA:154,72
DA:155,72
DA:156,72
DA:157,72
DA:158,72
DA:159,72
DA:160,72
DA:161,72
DA:162,72
DA:163,72
DA:164,72
DA:165,72
DA:166,72
DA:167,72
DA:168,72
DA:169,72
DA:170,72
DA:171,72
DA:172,12
DA:173,12
DA:174,12
DA:175,12
DA:176,12
DA:177,12
DA:178,12
DA:179,12
DA:180,12
DA:181,12
DA:182,12
DA:183,12
DA:184,12
DA:185,12
DA:186,12
DA:187,12
DA:188,12
DA:189,12
DA:191,2
DA:192,2
DA:193,2
DA:194,2
DA:195,2
DA:196,2
DA:197,2
DA:198,2
DA:199,2
DA:200,2
DA:201,2
DA:202,2
DA:203,2
DA:204,2
DA:205,2
DA:206,2
DA:207,2
DA:208,2
DA:209,2
DA:210,2
DA:211,2
DA:212,2
DA:213,2
DA:214,2
DA:216,2
DA:217,2
DA:218,2
DA:219,2
DA:220,2
DA:221,2
DA:222,2
DA:223,2
DA:224,2
DA:225,2
DA:226,2
DA:227,2
DA:228,2
DA:229,2
DA:230,2
DA:231,2
DA:232,2
DA:233,2
DA:234,2
DA:235,2
DA:236,2
DA:237,2
DA:238,2
DA:240,12
DA:241,12
DA:242,12
DA:243,12
DA:244,12
DA:245,12
DA:246,12
DA:247,12
DA:248,12
DA:249,12
DA:250,12
DA:251,12
DA:252,12
DA:253,12
DA:254,12
DA:255,12
DA:256,12
DA:257,12
DA:258,12
DA:259,12
DA:260,12
DA:261,12
DA:262,12
DA:263,12
DA:264,12
DA:265,12
DA:266,12
DA:267,12
DA:268,2
DA:269,2
DA:270,2
DA:271,2
DA:272,2
DA:273,2
DA:274,2
DA:275,2
DA:276,2
DA:277,2
DA:278,2
DA:279,2
DA:280,2
DA:281,2
DA:282,2
DA:283,8
DA:284,8
DA:285,8
DA:286,8
DA:287,8
DA:288,8
DA:289,8
DA:290,8
DA:291,8
DA:292,8
DA:293,8
DA:294,8
DA:295,8
DA:296,8
DA:297,8
DA:298,8
DA:299,8
DA:300,8
DA:303,16
DA:304,16
DA:305,16
DA:306,16
DA:307,16
DA:308,16
DA:309,16
DA:310,16
DA:311,16
DA:312,16
DA:313,16
DA:314,16
DA:315,16
DA:316,16
DA:317,16
DA:318,16
DA:319,16
DA:320,16
DA:321,16
DA:322,16
DA:323,16
DA:324,16
DA:325,16
DA:326,16
DA:327,16
DA:328,16
DA:329,16
DA:330,16
DA:332,2
DA:333,2
DA:334,2
DA:335,2
DA:336,2
DA:337,2
DA:338,2
DA:339,2
DA:340,2
DA:341,2
DA:342,2
DA:343,2
DA:344,2
DA:345,2
DA:346,2
DA:347,2
DA:348,2
DA:349,2
DA:350,2
DA:351,2
DA:352,2
DA:353,2
DA:354,2
DA:355,2
DA:356,2
DA:357,2
DA:358,2
DA:359,2
DA:360,12
DA:361,12
DA:362,12
DA:363,12
DA:364,12
DA:365,12
DA:366,12
DA:367,12
DA:368,12
DA:369,12
DA:370,12
DA:371,12
DA:372,12
DA:373,12
DA:374,12
DA:375,12
DA:376,12
DA:377,12
DA:378,2
DA:379,2
DA:380,2
DA:381,2
DA:382,2
DA:383,2
DA:384,2
DA:385,2
DA:386,2
DA:387,2
DA:388,2
DA:389,2
DA:390,2
DA:391,2
DA:392,2
DA:393,2
DA:394,2
DA:395,2
DA:396,2
DA:398,2
DA:399,2
DA:400,2
DA:401,2
DA:402,2
DA:403,2
DA:404,2
DA:405,2
DA:406,2
DA:407,2
DA:408,2
DA:409,2
DA:410,2
DA:411,2
DA:412,2
DA:413,2
DA:414,2
DA:415,2
DA:416,2
DA:417,2
DA:418,2
DA:419,2
DA:420,2
DA:422,72
DA:425,72
DA:426,66
DA:427,4
DA:428,2
DA:430,72
BRF:0
BRH:0
LF:272
LH:272
end_of_record
SF:D:\project\pyxis\crates\pyxis-cli\src\cli\transform\context.rs
FN:53,_RNvMNtNtNtCs73RknK5kFD3_5pyxis3cli9transform7contextNtB2_16ContextTransform14datum_compense
FN:114,_RNvMNtNtNtCs73RknK5kFD3_5pyxis3cli9transform7contextNtB2_16ContextTransform4proj
FN:168,_RNvMNtNtNtCs73RknK5kFD3_5pyxis3cli9transform7contextNtB2_16ContextTransform5scale
FN:179,_RNvMNtNtNtCs73RknK5kFD3_5pyxis3cli9transform7contextNtB2_16ContextTransform5space
FN:12,_RNvMNtNtNtCs73RknK5kFD3_5pyxis3cli9transform7contextNtB2_16ContextTransform6crypto
FN:121,_RNvMNtNtNtCs73RknK5kFD3_5pyxis3cli9transform7contextNtB2_16ContextTransform6rotate
FN:60,_RNvMNtNtNtCs73RknK5kFD3_5pyxis3cli9transform7contextNtB2_16ContextTransform7lbh2xyz
FN:215,_RNvMNtNtNtCs73RknK5kFD3_5pyxis3cli9transform7contextNtB2_16ContextTransform7xyz2lbh
FN:63,_RNvMNtNtNtCs73RknK5kFD3_5pyxis3cli9transform7contextNtB2_16ContextTransform9migrate2d
FN:104,_RNvMNtNtNtCs73RknK5kFD3_5pyxis3cli9transform7contextNtB2_16ContextTransform9normalize
FN:205,_RNvMNtNtNtCs73RknK5kFD3_5pyxis3cli9transform7contextNtB2_16ContextTransform9translate
FN:53,_RNvMNtNtNtCsjRkziaSuqXp_5pyxis3cli9transform7contextNtB2_16ContextTransform14datum_compense
FN:114,_RNvMNtNtNtCsjRkziaSuqXp_5pyxis3cli9transform7contextNtB2_16ContextTransform4proj
FN:168,_RNvMNtNtNtCsjRkziaSuqXp_5pyxis3cli9transform7contextNtB2_16ContextTransform5scale
FN:179,_RNvMNtNtNtCsjRkziaSuqXp_5pyxis3cli9transform7contextNtB2_16ContextTransform5space
FN:12,_RNvMNtNtNtCsjRkziaSuqXp_5pyxis3cli9transform7contextNtB2_16ContextTransform6crypto
FN:121,_RNvMNtNtNtCsjRkziaSuqXp_5pyxis3cli9transform7contextNtB2_16ContextTransform6rotate
FN:60,_RNvMNtNtNtCsjRkziaSuqXp_5pyxis3cli9transform7contextNtB2_16ContextTransform7lbh2xyz
FN:215,_RNvMNtNtNtCsjRkziaSuqXp_5pyxis3cli9transform7contextNtB2_16ContextTransform7xyz2lbh
FN:63,_RNvMNtNtNtCsjRkziaSuqXp_5pyxis3cli9transform7contextNtB2_16ContextTransform9migrate2d
FN:104,_RNvMNtNtNtCsjRkziaSuqXp_5pyxis3cli9transform7contextNtB2_16ContextTransform9normalize
FN:205,_RNvMNtNtNtCsjRkziaSuqXp_5pyxis3cli9transform7contextNtB2_16ContextTransform9translate
FN:53,_RNvMNtNtNtCskamN23DcLqm_5pyxis3cli9transform7contextNtB2_16ContextTransform14datum_compense
FN:114,_RNvMNtNtNtCskamN23DcLqm_5pyxis3cli9transform7contextNtB2_16ContextTransform4proj
FN:168,_RNvMNtNtNtCskamN23DcLqm_5pyxis3cli9transform7contextNtB2_16ContextTransform5scale
FN:179,_RNvMNtNtNtCskamN23DcLqm_5pyxis3cli9transform7contextNtB2_16ContextTransform5space
FN:12,_RNvMNtNtNtCskamN23DcLqm_5pyxis3cli9transform7contextNtB2_16ContextTransform6crypto
FN:121,_RNvMNtNtNtCskamN23DcLqm_5pyxis3cli9transform7contextNtB2_16ContextTransform6rotate
FN:60,_RNvMNtNtNtCskamN23DcLqm_5pyxis3cli9transform7contextNtB2_16ContextTransform7lbh2xyz
FN:215,_RNvMNtNtNtCskamN23DcLqm_5pyxis3cli9transform7contextNtB2_16ContextTransform7xyz2lbh
FN:63,_RNvMNtNtNtCskamN23DcLqm_5pyxis3cli9transform7contextNtB2_16ContextTransform9migrate2d
FN:104,_RNvMNtNtNtCskamN23DcLqm_5pyxis3cli9transform7contextNtB2_16ContextTransform9normalize
FN:205,_RNvMNtNtNtCskamN23DcLqm_5pyxis3cli9transform7contextNtB2_16ContextTransform9translate
FNDA:0,_RNvMNtNtNtCs73RknK5kFD3_5pyxis3cli9transform7contextNtB2_16ContextTransform14datum_compense
FNDA:0,_RNvMNtNtNtCs73RknK5kFD3_5pyxis3cli9transform7contextNtB2_16ContextTransform4proj
FNDA:0,_RNvMNtNtNtCs73RknK5kFD3_5pyxis3cli9transform7contextNtB2_16ContextTransform5scale
FNDA:0,_RNvMNtNtNtCs73RknK5kFD3_5pyxis3cli9transform7contextNtB2_16ContextTransform5space
FNDA:0,_RNvMNtNtNtCs73RknK5kFD3_5pyxis3cli9transform7contextNtB2_16ContextTransform6crypto
FNDA:0,_RNvMNtNtNtCs73RknK5kFD3_5pyxis3cli9transform7contextNtB2_16ContextTransform6rotate
FNDA:0,_RNvMNtNtNtCs73RknK5kFD3_5pyxis3cli9transform7contextNtB2_16ContextTransform7lbh2xyz
FNDA:0,_RNvMNtNtNtCs73RknK5kFD3_5pyxis3cli9transform7contextNtB2_16ContextTransform7xyz2lbh
FNDA:0,_RNvMNtNtNtCs73RknK5kFD3_5pyxis3cli9transform7contextNtB2_16ContextTransform9migrate2d
FNDA:0,_RNvMNtNtNtCs73RknK5kFD3_5pyxis3cli9transform7contextNtB2_16ContextTransform9normalize
FNDA:0,_RNvMNtNtNtCs73RknK5kFD3_5pyxis3cli9transform7contextNtB2_16ContextTransform9translate
FNDA:0,_RNvMNtNtNtCsjRkziaSuqXp_5pyxis3cli9transform7contextNtB2_16ContextTransform14datum_compense
FNDA:0,_RNvMNtNtNtCsjRkziaSuqXp_5pyxis3cli9transform7contextNtB2_16ContextTransform4proj
FNDA:0,_RNvMNtNtNtCsjRkziaSuqXp_5pyxis3cli9transform7contextNtB2_16ContextTransform5scale
FNDA:0,_RNvMNtNtNtCsjRkziaSuqXp_5pyxis3cli9transform7contextNtB2_16ContextTransform5space
FNDA:0,_RNvMNtNtNtCsjRkziaSuqXp_5pyxis3cli9transform7contextNtB2_16ContextTransform6crypto
FNDA:0,_RNvMNtNtNtCsjRkziaSuqXp_5pyxis3cli9transform7contextNtB2_16ContextTransform6rotate
FNDA:0,_RNvMNtNtNtCsjRkziaSuqXp_5pyxis3cli9transform7contextNtB2_16ContextTransform7lbh2xyz
FNDA:0,_RNvMNtNtNtCsjRkziaSuqXp_5pyxis3cli9transform7contextNtB2_16ContextTransform7xyz2lbh
FNDA:0,_RNvMNtNtNtCsjRkziaSuqXp_5pyxis3cli9transform7contextNtB2_16ContextTransform9migrate2d
FNDA:0,_RNvMNtNtNtCsjRkziaSuqXp_5pyxis3cli9transform7contextNtB2_16ContextTransform9normalize
FNDA:0,_RNvMNtNtNtCsjRkziaSuqXp_5pyxis3cli9transform7contextNtB2_16ContextTransform9translate
FNDA:2,_RNvMNtNtNtCskamN23DcLqm_5pyxis3cli9transform7contextNtB2_16ContextTransform14datum_compense
FNDA:8,_RNvMNtNtNtCskamN23DcLqm_5pyxis3cli9transform7contextNtB2_16ContextTransform4proj
FNDA:2,_RNvMNtNtNtCskamN23DcLqm_5pyxis3cli9transform7contextNtB2_16ContextTransform5scale
FNDA:12,_RNvMNtNtNtCskamN23DcLqm_5pyxis3cli9transform7contextNtB2_16ContextTransform5space
FNDA:12,_RNvMNtNtNtCskamN23DcLqm_5pyxis3cli9transform7contextNtB2_16ContextTransform6crypto
FNDA:16,_RNvMNtNtNtCskamN23DcLqm_5pyxis3cli9transform7contextNtB2_16ContextTransform6rotate
FNDA:2,_RNvMNtNtNtCskamN23DcLqm_5pyxis3cli9transform7contextNtB2_16ContextTransform7lbh2xyz
FNDA:2,_RNvMNtNtNtCskamN23DcLqm_5pyxis3cli9transform7contextNtB2_16ContextTransform7xyz2lbh
FNDA:12,_RNvMNtNtNtCskamN23DcLqm_5pyxis3cli9transform7contextNtB2_16ContextTransform9migrate2d
FNDA:2,_RNvMNtNtNtCskamN23DcLqm_5pyxis3cli9transform7contextNtB2_16ContextTransform9normalize
FNDA:2,_RNvMNtNtNtCskamN23DcLqm_5pyxis3cli9transform7contextNtB2_16ContextTransform9translate
FNF:11
FNH:11
DA:12,12
DA:13,12
DA:14,2
DA:15,2
DA:16,2
DA:17,2
DA:18,2
DA:19,2
DA:20,2
DA:21,2
DA:22,2
DA:23,2
DA:24,2
DA:25,2
DA:26,2
DA:27,2
DA:28,2
DA:29,2
DA:30,2
DA:31,2
DA:32,2
DA:33,2
DA:34,2
DA:35,2
DA:36,2
DA:37,2
DA:38,2
DA:39,2
DA:40,2
DA:41,2
DA:42,2
DA:44,2
DA:47,0
DA:48,0
DA:51,12
DA:53,2
DA:54,2
DA:55,2
DA:56,2
DA:57,2
DA:58,2
DA:59,2
DA:60,2
DA:61,2
DA:62,2
DA:63,12
DA:64,12
DA:65,12
DA:66,12
DA:67,12
DA:68,12
DA:69,12
DA:70,12
DA:71,12
DA:72,12
DA:73,12
DA:74,0
DA:77,12
DA:78,12
DA:80,2
DA:83,2
DA:86,2
DA:89,2
DA:92,2
DA:95,2
DA:98,0
DA:99,0
DA:100,0
DA:103,12
DA:104,2
DA:105,2
DA:106,0
DA:107,2
DA:108,2
DA:109,2
DA:110,2
DA:111,2
DA:112,2
DA:113,2
DA:114,8
DA:115,8
DA:116,8
DA:117,8
DA:118,8
DA:119,8
DA:120,8
DA:121,16
DA:122,16
DA:123,16
DA:124,16
DA:125,16
DA:126,16
DA:127,16
DA:128,16
DA:129,16
DA:130,16
DA:131,8
DA:132,8
DA:135,16
DA:136,8
DA:137,2
DA:139,8
DA:140,2
DA:142,4
DA:143,2
DA:145,4
DA:146,2
DA:148,4
DA:149,2
DA:151,2
DA:152,2
DA:153,2
DA:154,2
DA:155,2
DA:156,2
DA:157,2
DA:158,2
DA:159,2
DA:160,2
DA:161,2
DA:162,2
DA:163,2
DA:164,2
DA:165,2
DA:167,16
DA:168,2
DA:169,2
DA:170,0
DA:171,2
DA:172,2
DA:173,2
DA:174,0
DA:175,2
DA:176,2
DA:177,2
DA:178,2
DA:179,12
DA:180,12
DA:182,2
DA:185,2
DA:188,2
DA:191,2
DA:194,2
DA:197,2
DA:200,0
DA:201,0
DA:204,12
DA:205,2
DA:206,2
DA:207,0
DA:208,0
DA:210,2
DA:211,2
DA:212,2
DA:213,2
DA:214,2
DA:215,2
DA:216,2
DA:217,2
BRDA:105,0,0,0
BRDA:105,0,1,2
BRDA:105,1,2,-
BRDA:105,1,3,-
BRDA:105,2,4,-
BRDA:105,2,5,-
BRDA:136,0,0,2
BRDA:136,0,1,6
BRDA:139,0,0,2
BRDA:139,0,1,6
BRDA:142,0,0,2
BRDA:142,0,1,2
BRDA:142,1,2,2
BRDA:142,1,3,0
BRDA:145,0,0,2
BRDA:145,0,1,2
BRDA:145,1,2,2
BRDA:145,1,3,0
BRDA:148,0,0,2
BRDA:148,0,1,2
BRDA:148,1,2,2
BRDA:148,1,3,0
BRDA:169,0,0,0
BRDA:169,0,1,2
BRDA:169,1,2,-
BRDA:169,1,3,-
BRDA:169,2,4,-
BRDA:169,2,5,-
BRDA:172,0,0,2
BRDA:172,0,1,0
BRDA:172,1,2,2
BRDA:172,1,3,0
BRDA:172,2,4,2
BRDA:172,2,5,0
BRDA:206,0,0,0
BRDA:206,0,1,2
BRDA:206,1,2,-
BRDA:206,1,3,-
BRDA:206,2,4,-
BRDA:206,2,5,-
BRF:40
BRH:19
LF:159
LH:146
end_of_record
SF:D:\project\pyxis\crates\pyxis-cli\src\cli\transform\options.rs
FN:14,_RNvXNtNtNtCs73RknK5kFD3_5pyxis3cli9transform7optionsNtB2_12OutputFormatNtNtNtCs8uz6Cvxmpxg_4core3str6traits7FromStr8from_str
FN:41,_RNvXs0_NtNtNtCs73RknK5kFD3_5pyxis3cli9transform7optionsNtB5_10CoordSpaceNtNtNtCs8uz6Cvxmpxg_4core3str6traits7FromStr8from_str
FN:51,_RNvXs1_NtNtNtCs73RknK5kFD3_5pyxis3cli9transform7optionsNtB5_10CoordSpaceNtNtCs8uz6Cvxmpxg_4core3fmt7Display3fmt
FN:69,_RNvXs2_NtNtNtCs73RknK5kFD3_5pyxis3cli9transform7optionsNtB5_11CryptoSpaceNtNtNtCs8uz6Cvxmpxg_4core3str6traits7FromStr8from_str
FN:79,_RNvXs3_NtNtNtCs73RknK5kFD3_5pyxis3cli9transform7optionsNtB5_11CryptoSpaceNtNtCs8uz6Cvxmpxg_4core3fmt7Display3fmt
FN:97,_RNvXs4_NtNtNtCs73RknK5kFD3_5pyxis3cli9transform7optionsNtB5_11RotatePlaneNtNtNtCs8uz6Cvxmpxg_4core3str6traits7FromStr8from_str
FN:108,_RNvXs5_NtNtNtCs73RknK5kFD3_5pyxis3cli9transform7optionsNtB5_11RotatePlaneNtNtCs8uz6Cvxmpxg_4core3fmt7Display3fmt
FN:125,_RNvXs6_NtNtNtCs73RknK5kFD3_5pyxis3cli9transform7optionsNtB5_10RotateUnitNtNtNtCs8uz6Cvxmpxg_4core3str6traits7FromStr8from_str
FN:134,_RNvXs7_NtNtNtCs73RknK5kFD3_5pyxis3cli9transform7optionsNtB5_10RotateUnitNtNtCs8uz6Cvxmpxg_4core3fmt7Display3fmt
FN:151,_RNvXs8_NtNtNtCs73RknK5kFD3_5pyxis3cli9transform7optionsNtB5_15MigrateOption2dNtNtNtCs8uz6Cvxmpxg_4core3str6traits7FromStr8from_str
FN:161,_RNvXs9_NtNtNtCs73RknK5kFD3_5pyxis3cli9transform7optionsNtB5_15MigrateOption2dNtNtCs8uz6Cvxmpxg_4core3fmt7Display3fmt
FN:24,_RNvXs_NtNtNtCs73RknK5kFD3_5pyxis3cli9transform7optionsNtB4_12OutputFormatNtNtCs8uz6Cvxmpxg_4core3fmt7Display3fmt
FN:14,_RNvXNtNtNtCsjRkziaSuqXp_5pyxis3cli9transform7optionsNtB2_12OutputFormatNtNtNtCs8uz6Cvxmpxg_4core3str6traits7FromStr8from_str
FN:41,_RNvXs0_NtNtNtCsjRkziaSuqXp_5pyxis3cli9transform7optionsNtB5_10CoordSpaceNtNtNtCs8uz6Cvxmpxg_4core3str6traits7FromStr8from_str
FN:51,_RNvXs1_NtNtNtCsjRkziaSuqXp_5pyxis3cli9transform7optionsNtB5_10CoordSpaceNtNtCs8uz6Cvxmpxg_4core3fmt7Display3fmt
FN:69,_RNvXs2_NtNtNtCsjRkziaSuqXp_5pyxis3cli9transform7optionsNtB5_11CryptoSpaceNtNtNtCs8uz6Cvxmpxg_4core3str6traits7FromStr8from_str
FN:79,_RNvXs3_NtNtNtCsjRkziaSuqXp_5pyxis3cli9transform7optionsNtB5_11CryptoSpaceNtNtCs8uz6Cvxmpxg_4core3fmt7Display3fmt
FN:97,_RNvXs4_NtNtNtCsjRkziaSuqXp_5pyxis3cli9transform7optionsNtB5_11RotatePlaneNtNtNtCs8uz6Cvxmpxg_4core3str6traits7FromStr8from_str
FN:108,_RNvXs5_NtNtNtCsjRkziaSuqXp_5pyxis3cli9transform7optionsNtB5_11RotatePlaneNtNtCs8uz6Cvxmpxg_4core3fmt7Display3fmt
FN:125,_RNvXs6_NtNtNtCsjRkziaSuqXp_5pyxis3cli9transform7optionsNtB5_10RotateUnitNtNtNtCs8uz6Cvxmpxg_4core3str6traits7FromStr8from_str
FN:134,_RNvXs7_NtNtNtCsjRkziaSuqXp_5pyxis3cli9transform7optionsNtB5_10RotateUnitNtNtCs8uz6Cvxmpxg_4core3fmt7Display3fmt
FN:151,_RNvXs8_NtNtNtCsjRkziaSuqXp_5pyxis3cli9transform7optionsNtB5_15MigrateOption2dNtNtNtCs8uz6Cvxmpxg_4core3str6traits7FromStr8from_str
FN:161,_RNvXs9_NtNtNtCsjRkziaSuqXp_5pyxis3cli9transform7optionsNtB5_15MigrateOption2dNtNtCs8uz6Cvxmpxg_4core3fmt7Display3fmt
FN:24,_RNvXs_NtNtNtCsjRkziaSuqXp_5pyxis3cli9transform7optionsNtB4_12OutputFormatNtNtCs8uz6Cvxmpxg_4core3fmt7Display3fmt
FN:14,_RNvXNtNtNtCskamN23DcLqm_5pyxis3cli9transform7optionsNtB2_12OutputFormatNtNtNtCs8uz6Cvxmpxg_4core3str6traits7FromStr8from_str
FN:41,_RNvXs0_NtNtNtCskamN23DcLqm_5pyxis3cli9transform7optionsNtB5_10CoordSpaceNtNtNtCs8uz6Cvxmpxg_4core3str6traits7FromStr8from_str
FN:51,_RNvXs1_NtNtNtCskamN23DcLqm_5pyxis3cli9transform7optionsNtB5_10CoordSpaceNtNtCs8uz6Cvxmpxg_4core3fmt7Display3fmt
FN:69,_RNvXs2_NtNtNtCskamN23DcLqm_5pyxis3cli9transform7optionsNtB5_11CryptoSpaceNtNtNtCs8uz6Cvxmpxg_4core3str6traits7FromStr8from_str
FN:79,_RNvXs3_NtNtNtCskamN23DcLqm_5pyxis3cli9transform7optionsNtB5_11CryptoSpaceNtNtCs8uz6Cvxmpxg_4core3fmt7Display3fmt
FN:97,_RNvXs4_NtNtNtCskamN23DcLqm_5pyxis3cli9transform7optionsNtB5_11RotatePlaneNtNtNtCs8uz6Cvxmpxg_4core3str6traits7FromStr8from_str
FN:108,_RNvXs5_NtNtNtCskamN23DcLqm_5pyxis3cli9transform7optionsNtB5_11RotatePlaneNtNtCs8uz6Cvxmpxg_4core3fmt7Display3fmt
FN:125,_RNvXs6_NtNtNtCskamN23DcLqm_5pyxis3cli9transform7optionsNtB5_10RotateUnitNtNtNtCs8uz6Cvxmpxg_4core3str6traits7FromStr8from_str
FN:134,_RNvXs7_NtNtNtCskamN23DcLqm_5pyxis3cli9transform7optionsNtB5_10RotateUnitNtNtCs8uz6Cvxmpxg_4core3fmt7Display3fmt
FN:151,_RNvXs8_NtNtNtCskamN23DcLqm_5pyxis3cli9transform7optionsNtB5_15MigrateOption2dNtNtNtCs8uz6Cvxmpxg_4core3str6traits7FromStr8from_str
FN:161,_RNvXs9_NtNtNtCskamN23DcLqm_5pyxis3cli9transform7optionsNtB5_15MigrateOption2dNtNtCs8uz6Cvxmpxg_4core3fmt7Display3fmt
FN:24,_RNvXs_NtNtNtCskamN23DcLqm_5pyxis3cli9transform7optionsNtB4_12OutputFormatNtNtCs8uz6Cvxmpxg_4core3fmt7Display3fmt
FNDA:0,_RNvXNtNtNtCs73RknK5kFD3_5pyxis3cli9transform7optionsNtB2_12OutputFormatNtNtNtCs8uz6Cvxmpxg_4core3str6traits7FromStr8from_str
FNDA:0,_RNvXs0_NtNtNtCs73RknK5kFD3_5pyxis3cli9transform7optionsNtB5_10CoordSpaceNtNtNtCs8uz6Cvxmpxg_4core3str6traits7FromStr8from_str
FNDA:0,_RNvXs1_NtNtNtCs73RknK5kFD3_5pyxis3cli9transform7optionsNtB5_10CoordSpaceNtNtCs8uz6Cvxmpxg_4core3fmt7Display3fmt
FNDA:0,_RNvXs2_NtNtNtCs73RknK5kFD3_5pyxis3cli9transform7optionsNtB5_11CryptoSpaceNtNtNtCs8uz6Cvxmpxg_4core3str6traits7FromStr8from_str
FNDA:0,_RNvXs3_NtNtNtCs73RknK5kFD3_5pyxis3cli9transform7optionsNtB5_11CryptoSpaceNtNtCs8uz6Cvxmpxg_4core3fmt7Display3fmt
FNDA:0,_RNvXs4_NtNtNtCs73RknK5kFD3_5pyxis3cli9transform7optionsNtB5_11RotatePlaneNtNtNtCs8uz6Cvxmpxg_4core3str6traits7FromStr8from_str
FNDA:0,_RNvXs5_NtNtNtCs73RknK5kFD3_5pyxis3cli9transform7optionsNtB5_11RotatePlaneNtNtCs8uz6Cvxmpxg_4core3fmt7Display3fmt
FNDA:0,_RNvXs6_NtNtNtCs73RknK5kFD3_5pyxis3cli9transform7optionsNtB5_10RotateUnitNtNtNtCs8uz6Cvxmpxg_4core3str6traits7FromStr8from_str
FNDA:0,_RNvXs7_NtNtNtCs73RknK5kFD3_5pyxis3cli9transform7optionsNtB5_10RotateUnitNtNtCs8uz6Cvxmpxg_4core3fmt7Display3fmt
FNDA:0,_RNvXs8_NtNtNtCs73RknK5kFD3_5pyxis3cli9transform7optionsNtB5_15MigrateOption2dNtNtNtCs8uz6Cvxmpxg_4core3str6traits7FromStr8from_str
FNDA:0,_RNvXs9_NtNtNtCs73RknK5kFD3_5pyxis3cli9transform7optionsNtB5_15MigrateOption2dNtNtCs8uz6Cvxmpxg_4core3fmt7Display3fmt
FNDA:0,_RNvXs_NtNtNtCs73RknK5kFD3_5pyxis3cli9transform7optionsNtB4_12OutputFormatNtNtCs8uz6Cvxmpxg_4core3fmt7Display3fmt
FNDA:0,_RNvXNtNtNtCsjRkziaSuqXp_5pyxis3cli9transform7optionsNtB2_12OutputFormatNtNtNtCs8uz6Cvxmpxg_4core3str6traits7FromStr8from_str
FNDA:0,_RNvXs0_NtNtNtCsjRkziaSuqXp_5pyxis3cli9transform7optionsNtB5_10CoordSpaceNtNtNtCs8uz6Cvxmpxg_4core3str6traits7FromStr8from_str
FNDA:0,_RNvXs1_NtNtNtCsjRkziaSuqXp_5pyxis3cli9transform7optionsNtB5_10CoordSpaceNtNtCs8uz6Cvxmpxg_4core3fmt7Display3fmt
FNDA:0,_RNvXs2_NtNtNtCsjRkziaSuqXp_5pyxis3cli9transform7optionsNtB5_11CryptoSpaceNtNtNtCs8uz6Cvxmpxg_4core3str6traits7FromStr8from_str
FNDA:0,_RNvXs3_NtNtNtCsjRkziaSuqXp_5pyxis3cli9transform7optionsNtB5_11CryptoSpaceNtNtCs8uz6Cvxmpxg_4core3fmt7Display3fmt
FNDA:0,_RNvXs4_NtNtNtCsjRkziaSuqXp_5pyxis3cli9transform7optionsNtB5_11RotatePlaneNtNtNtCs8uz6Cvxmpxg_4core3str6traits7FromStr8from_str
FNDA:0,_RNvXs5_NtNtNtCsjRkziaSuqXp_5pyxis3cli9transform7optionsNtB5_11RotatePlaneNtNtCs8uz6Cvxmpxg_4core3fmt7Display3fmt
FNDA:0,_RNvXs6_NtNtNtCsjRkziaSuqXp_5pyxis3cli9transform7optionsNtB5_10RotateUnitNtNtNtCs8uz6Cvxmpxg_4core3str6traits7FromStr8from_str
FNDA:0,_RNvXs7_NtNtNtCsjRkziaSuqXp_5pyxis3cli9transform7optionsNtB5_10RotateUnitNtNtCs8uz6Cvxmpxg_4core3fmt7Display3fmt
FNDA:0,_RNvXs8_NtNtNtCsjRkziaSuqXp_5pyxis3cli9transform7optionsNtB5_15MigrateOption2dNtNtNtCs8uz6Cvxmpxg_4core3str6traits7FromStr8from_str
FNDA:0,_RNvXs9_NtNtNtCsjRkziaSuqXp_5pyxis3cli9transform7optionsNtB5_15MigrateOption2dNtNtCs8uz6Cvxmpxg_4core3fmt7Display3fmt
FNDA:0,_RNvXs_NtNtNtCsjRkziaSuqXp_5pyxis3cli9transform7optionsNtB4_12OutputFormatNtNtCs8uz6Cvxmpxg_4core3fmt7Display3fmt
FNDA:6,_RNvXNtNtNtCskamN23DcLqm_5pyxis3cli9transform7optionsNtB2_12OutputFormatNtNtNtCs8uz6Cvxmpxg_4core3str6traits7FromStr8from_str
FNDA:24,_RNvXs0_NtNtNtCskamN23DcLqm_5pyxis3cli9transform7optionsNtB5_10CoordSpaceNtNtNtCs8uz6Cvxmpxg_4core3str6traits7FromStr8from_str
FNDA:24,_RNvXs1_NtNtNtCskamN23DcLqm_5pyxis3cli9transform7optionsNtB5_10CoordSpaceNtNtCs8uz6Cvxmpxg_4core3fmt7Display3fmt
FNDA:24,_RNvXs2_NtNtNtCskamN23DcLqm_5pyxis3cli9transform7optionsNtB5_11CryptoSpaceNtNtNtCs8uz6Cvxmpxg_4core3str6traits7FromStr8from_str
FNDA:24,_RNvXs3_NtNtNtCskamN23DcLqm_5pyxis3cli9transform7optionsNtB5_11CryptoSpaceNtNtCs8uz6Cvxmpxg_4core3fmt7Display3fmt
FNDA:16,_RNvXs4_NtNtNtCskamN23DcLqm_5pyxis3cli9transform7optionsNtB5_11RotatePlaneNtNtNtCs8uz6Cvxmpxg_4core3str6traits7FromStr8from_str
FNDA:16,_RNvXs5_NtNtNtCskamN23DcLqm_5pyxis3cli9transform7optionsNtB5_11RotatePlaneNtNtCs8uz6Cvxmpxg_4core3fmt7Display3fmt
FNDA:28,_RNvXs6_NtNtNtCskamN23DcLqm_5pyxis3cli9transform7optionsNtB5_10RotateUnitNtNtNtCs8uz6Cvxmpxg_4core3str6traits7FromStr8from_str
FNDA:28,_RNvXs7_NtNtNtCskamN23DcLqm_5pyxis3cli9transform7optionsNtB5_10RotateUnitNtNtCs8uz6Cvxmpxg_4core3fmt7Display3fmt
FNDA:24,_RNvXs8_NtNtNtCskamN23DcLqm_5pyxis3cli9transform7optionsNtB5_15MigrateOption2dNtNtNtCs8uz6Cvxmpxg_4core3str6traits7FromStr8from_str
FNDA:24,_RNvXs9_NtNtNtCskamN23DcLqm_5pyxis3cli9transform7optionsNtB5_15MigrateOption2dNtNtCs8uz6Cvxmpxg_4core3fmt7Display3fmt
FNDA:72,_RNvXs_NtNtNtCskamN23DcLqm_5pyxis3cli9transform7optionsNtB4_12OutputFormatNtNtCs8uz6Cvxmpxg_4core3fmt7Display3fmt
FNF:12
FNH:12
DA:14,6
DA:15,6
DA:16,6
DA:17,6
DA:18,2
DA:19,0
DA:21,6
DA:24,72
DA:25,72
DA:26,72
DA:27,0
DA:28,0
DA:30,72
DA:41,24
DA:42,24
DA:43,24
DA:44,16
DA:45,8
DA:46,0
DA:48,24
DA:51,24
DA:52,24
DA:53,8
DA:54,8
DA:55,8
DA:57,24
DA:69,24
DA:70,24
DA:71,24
DA:72,16
DA:73,8
DA:74,0
DA:76,24
DA:79,24
DA:80,24
DA:81,8
DA:82,8
DA:83,8
DA:85,24
DA:97,16
DA:98,16
DA:99,16
DA:100,8
DA:101,4
DA:103,0
DA:105,16
DA:108,16
DA:109,16
DA:110,8
DA:111,4
DA:112,4
DA:114,16
DA:125,28
DA:126,28
DA:127,28
DA:128,8
DA:129,0
DA:131,28
DA:134,28
DA:135,28
DA:136,20
DA:137,8
DA:139,28
DA:151,24
DA:152,24
DA:153,24
DA:154,16
DA:155,8
DA:156,0
DA:158,24
DA:161,24
DA:162,24
DA:163,8
DA:164,8
DA:165,8
DA:167,24
BRF:0
BRH:0
LF:76
LH:68
end_of_record
SF:D:\project\pyxis\crates\pyxis-cli\src\cli\transform\output_fn.rs
FN:49,_RNCNvNtNtNtCs73RknK5kFD3_5pyxis3cli9transform9output_fn12output_plain0B9_
FN:62,_RNvNtNtNtCs73RknK5kFD3_5pyxis3cli9transform9output_fn11output_json
FN:14,_RNvNtNtNtCs73RknK5kFD3_5pyxis3cli9transform9output_fn12output_plain
FN:3,_RNvNtNtNtCs73RknK5kFD3_5pyxis3cli9transform9output_fn13output_simple
FN:49,_RNCNvNtNtNtCsjRkziaSuqXp_5pyxis3cli9transform9output_fn12output_plain0B9_
FN:62,_RNvNtNtNtCsjRkziaSuqXp_5pyxis3cli9transform9output_fn11output_json
FN:14,_RNvNtNtNtCsjRkziaSuqXp_5pyxis3cli9transform9output_fn12output_plain
FN:3,_RNvNtNtNtCsjRkziaSuqXp_5pyxis3cli9transform9output_fn13output_simple
FN:49,_RNCNvNtNtNtCskamN23DcLqm_5pyxis3cli9transform9output_fn12output_plain0B9_
FN:62,_RNvNtNtNtCskamN23DcLqm_5pyxis3cli9transform9output_fn11output_json
FN:14,_RNvNtNtNtCskamN23DcLqm_5pyxis3cli9transform9output_fn12output_plain
FN:3,_RNvNtNtNtCskamN23DcLqm_5pyxis3cli9transform9output_fn13output_simple
FNDA:0,_RNCNvNtNtNtCs73RknK5kFD3_5pyxis3cli9transform9output_fn12output_plain0B9_
FNDA:0,_RNvNtNtNtCs73RknK5kFD3_5pyxis3cli9transform9output_fn11output_json
FNDA:0,_RNvNtNtNtCs73RknK5kFD3_5pyxis3cli9transform9output_fn12output_plain
FNDA:0,_RNvNtNtNtCs73RknK5kFD3_5pyxis3cli9transform9output_fn13output_simple
FNDA:0,_RNCNvNtNtNtCsjRkziaSuqXp_5pyxis3cli9transform9output_fn12output_plain0B9_
FNDA:0,_RNvNtNtNtCsjRkziaSuqXp_5pyxis3cli9transform9output_fn11output_json
FNDA:0,_RNvNtNtNtCsjRkziaSuqXp_5pyxis3cli9transform9output_fn12output_plain
FNDA:0,_RNvNtNtNtCsjRkziaSuqXp_5pyxis3cli9transform9output_fn13output_simple
FNDA:16,_RNCNvNtNtNtCskamN23DcLqm_5pyxis3cli9transform9output_fn12output_plain0B9_
FNDA:2,_RNvNtNtNtCskamN23DcLqm_5pyxis3cli9transform9output_fn11output_json
FNDA:4,_RNvNtNtNtCskamN23DcLqm_5pyxis3cli9transform9output_fn12output_plain
FNDA:66,_RNvNtNtNtCskamN23DcLqm_5pyxis3cli9transform9output_fn13output_simple
FNF:4
FNH:4
DA:3,66
DA:4,66
DA:5,66
DA:6,66
DA:7,66
DA:8,66
DA:9,66
DA:10,66
DA:11,66
DA:12,66
DA:13,66
DA:14,4
DA:15,4
DA:16,2
DA:17,2
DA:18,2
DA:19,2
DA:20,2
DA:21,2
DA:22,2
DA:23,2
DA:25,4
DA:26,4
DA:27,4
DA:28,4
DA:29,4
DA:30,4
DA:31,4
DA:32,4
DA:33,4
DA:34,4
DA:35,0
DA:36,4
DA:37,4
DA:38,4
DA:39,4
DA:40,4
DA:41,4
DA:42,4
DA:43,4
DA:44,4
DA:45,4
DA:46,4
DA:47,4
DA:48,4
DA:49,16
DA:50,4
DA:51,4
DA:52,4
DA:53,4
DA:54,4
DA:55,4
DA:56,4
DA:57,4
DA:58,4
DA:59,4
DA:61,4
DA:62,2
DA:63,2
DA:64,2
DA:65,2
DA:66,2
BRDA:15,0,0,2
BRDA:15,0,1,2
BRDA:25,0,0,4
BRDA:25,0,1,0
BRF:4
BRH:3
LF:63
LH:62
end_of_record
SF:D:\project\pyxis\crates\pyxis-cli\src\main.rs
FN:3,_RNvCs73RknK5kFD3_5pyxis4main
FN:3,_RNvCsjRkziaSuqXp_5pyxis4main
FN:3,_RNvCskamN23DcLqm_5pyxis4main
FNDA:0,_RNvCs73RknK5kFD3_5pyxis4main
FNDA:0,_RNvCsjRkziaSuqXp_5pyxis4main
FNDA:72,_RNvCskamN23DcLqm_5pyxis4main
FNF:1
FNH:1
DA:3,72
DA:4,72
DA:5,72
BRF:0
BRH:0
LF:3
LH:3
end_of_record
SF:D:\project\pyxis\crates\pyxis-cli\src\proj_util.rs
FN:7,_RNvNtCs73RknK5kFD3_5pyxis9proj_util17init_proj_builder
FN:7,_RNvNtCsjRkziaSuqXp_5pyxis9proj_util17init_proj_builder
FN:7,_RNvNtCskamN23DcLqm_5pyxis9proj_util17init_proj_builder
FNDA:0,_RNvNtCs73RknK5kFD3_5pyxis9proj_util17init_proj_builder
FNDA:0,_RNvNtCsjRkziaSuqXp_5pyxis9proj_util17init_proj_builder
FNDA:8,_RNvNtCskamN23DcLqm_5pyxis9proj_util17init_proj_builder
FNF:1
FNH:1
DA:7,8
DA:8,8
DA:9,8
DA:10,8
DA:11,8
DA:13,0
DA:14,0
DA:15,0
DA:16,0
DA:17,0
DA:20,0
DA:21,0
DA:22,0
DA:24,0
DA:25,0
DA:26,0
DA:27,0
DA:29,8
DA:30,8
BRDA:9,0,0,8
BRDA:9,0,1,0
BRDA:16,0,0,-
BRDA:16,0,1,-
BRF:4
BRH:1
LF:19
LH:7
end_of_record
SF:D:\project\pyxis\crates\pyxis-cuda\src\context.rs
FN:22,_RNCNvNvMs_NtCs7PVR1eCJkv9_10pyxis_cuda7contextNtB8_16PyxisCudaContext6stream6STREAM0Ba_
FN:25,_RNvMs_NtCs7PVR1eCJkv9_10pyxis_cuda7contextNtB4_16PyxisCudaContext10from_slice
FN:15,_RNvMs_NtCs7PVR1eCJkv9_10pyxis_cuda7contextNtB4_16PyxisCudaContext3new
FN:20,_RNvMs_NtCs7PVR1eCJkv9_10pyxis_cuda7contextNtB4_16PyxisCudaContext6stream
FN:9,_RNvXNtCs7PVR1eCJkv9_10pyxis_cuda7contextNtB2_16PyxisCudaContextNtNtCs8uz6Cvxmpxg_4core7default7Default7default
FNDA:1,_RNCNvNvMs_NtCs7PVR1eCJkv9_10pyxis_cuda7contextNtB8_16PyxisCudaContext6stream6STREAM0Ba_
FNDA:2,_RNvMs_NtCs7PVR1eCJkv9_10pyxis_cuda7contextNtB4_16PyxisCudaContext10from_slice
FNDA:1,_RNvMs_NtCs7PVR1eCJkv9_10pyxis_cuda7contextNtB4_16PyxisCudaContext3new
FNDA:1,_RNvMs_NtCs7PVR1eCJkv9_10pyxis_cuda7contextNtB4_16PyxisCudaContext6stream
FNDA:0,_RNvXNtCs7PVR1eCJkv9_10pyxis_cuda7contextNtB2_16PyxisCudaContextNtNtCs8uz6Cvxmpxg_4core7default7Default7default
FNF:5
FNH:4
DA:9,0
DA:10,0
DA:11,0
DA:15,1
DA:16,1
DA:17,1
DA:18,1
DA:19,1
DA:20,1
DA:22,1
DA:23,1
DA:24,1
DA:25,2
DA:26,2
DA:27,2
BRF:0
BRH:0
LF:15
LH:12
end_of_record
SF:D:\project\pyxis\crates\pyxis-cuda\src\datum_compense_cuda.rs
FN:41,_RNvNtNtCs7PVR1eCJkv9_10pyxis_cuda19datum_compense_cuda4tests_24test_datum_compense_cuda
FN:8,_RINvMNtCs7PVR1eCJkv9_10pyxis_cuda19datum_compense_cudaNtNtB5_7context16PyxisCudaContext19datum_compense_cudaINtNtCs5jFUyfTZGOi_5pyxis4misc18DatumCompenseParmsdEEB5_
FNDA:1,_RNvNtNtCs7PVR1eCJkv9_10pyxis_cuda19datum_compense_cuda4tests_24test_datum_compense_cuda
FNDA:1,_RINvMNtCs7PVR1eCJkv9_10pyxis_cuda19datum_compense_cudaNtNtB5_7context16PyxisCudaContext19datum_compense_cudaINtNtCs5jFUyfTZGOi_5pyxis4misc18DatumCompenseParmsdEEB5_
FNF:2
FNH:2
DA:8,1
DA:9,1
DA:10,1
DA:11,1
DA:12,1
DA:13,1
DA:14,1
DA:15,1
DA:16,1
DA:17,1
DA:18,1
DA:19,1
DA:20,1
DA:21,1
DA:22,1
DA:23,1
DA:24,1
DA:25,1
DA:26,1
DA:27,1
DA:28,1
DA:29,1
DA:30,1
DA:31,1
DA:32,1
DA:33,1
DA:41,1
DA:42,1
DA:43,1
DA:44,1
DA:45,1
DA:46,1
DA:47,1
DA:48,1
DA:49,1
DA:50,1
DA:51,1
DA:52,1
DA:53,1
DA:54,1
BRF:0
BRH:0
LF:40
LH:40
end_of_record
SF:D:\project\pyxis\crates\pyxis-py\src\crypto.rs
FN:18,_RNCNvNtCse5oDoa7so4d_8pyxis_py6crypto13get_crypto_fn0B5_
FN:43,_RNCNvNtCse5oDoa7so4d_8pyxis_py6crypto13get_crypto_fns0_0B5_
FN:30,_RNCNvNtCse5oDoa7so4d_8pyxis_py6crypto13get_crypto_fns_0B5_
FN:78,_RNCNvNtCse5oDoa7so4d_8pyxis_py6crypto9py_crypto0B5_
FN:7,_RNvNtCse5oDoa7so4d_8pyxis_py6crypto13get_crypto_fn
FN:60,_RNvNtCse5oDoa7so4d_8pyxis_py6crypto9py_crypto
FN:59,_RNvNvMNtCse5oDoa7so4d_8pyxis_py6cryptoNtNtB4_9py_crypto7MakeDef9__PYO3_DEF10trampoline
FN:7,_RNvNtCs7R9DD1F5i3A_8pyxis_py6crypto13get_crypto_fn
FN:60,_RNvNtCs7R9DD1F5i3A_8pyxis_py6crypto9py_crypto
FN:59,_RNvNvMNtCs7R9DD1F5i3A_8pyxis_py6cryptoNtNtB4_9py_crypto7MakeDef9__PYO3_DEF10trampoline
FN:18,_RNCNvNtCs7R9DD1F5i3A_8pyxis_py6crypto13get_crypto_fn0B5_
FN:43,_RNCNvNtCs7R9DD1F5i3A_8pyxis_py6crypto13get_crypto_fns0_0B5_
FN:30,_RNCNvNtCs7R9DD1F5i3A_8pyxis_py6crypto13get_crypto_fns_0B5_
FN:78,_RNCNvNtCs7R9DD1F5i3A_8pyxis_py6crypto9py_crypto0B5_
FNDA:0,_RNCNvNtCse5oDoa7so4d_8pyxis_py6crypto13get_crypto_fn0B5_
FNDA:0,_RNCNvNtCse5oDoa7so4d_8pyxis_py6crypto13get_crypto_fns0_0B5_
FNDA:0,_RNCNvNtCse5oDoa7so4d_8pyxis_py6crypto13get_crypto_fns_0B5_
FNDA:0,_RNCNvNtCse5oDoa7so4d_8pyxis_py6crypto9py_crypto0B5_
FNDA:0,_RNvNtCse5oDoa7so4d_8pyxis_py6crypto13get_crypto_fn
FNDA:0,_RNvNtCse5oDoa7so4d_8pyxis_py6crypto9py_crypto
FNDA:0,_RNvNvMNtCse5oDoa7so4d_8pyxis_py6cryptoNtNtB4_9py_crypto7MakeDef9__PYO3_DEF10trampoline
FNDA:0,_RNvNtCs7R9DD1F5i3A_8pyxis_py6crypto13get_crypto_fn
FNDA:0,_RNvNtCs7R9DD1F5i3A_8pyxis_py6crypto9py_crypto
FNDA:0,_RNvNvMNtCs7R9DD1F5i3A_8pyxis_py6cryptoNtNtB4_9py_crypto7MakeDef9__PYO3_DEF10trampoline
FNDA:0,_RNCNvNtCs7R9DD1F5i3A_8pyxis_py6crypto13get_crypto_fn0B5_
FNDA:0,_RNCNvNtCs7R9DD1F5i3A_8pyxis_py6crypto13get_crypto_fns0_0B5_
FNDA:0,_RNCNvNtCs7R9DD1F5i3A_8pyxis_py6crypto13get_crypto_fns_0B5_
FNDA:0,_RNCNvNtCs7R9DD1F5i3A_8pyxis_py6crypto9py_crypto0B5_
FNF:7
FNH:0
DA:7,0
DA:8,0
DA:9,0
DA:10,0
DA:11,0
DA:12,0
DA:13,0
DA:14,0
DA:15,0
DA:16,0
DA:17,0
DA:18,0
DA:19,0
DA:20,0
DA:21,0
DA:22,0
DA:23,0
DA:24,0
DA:25,0
DA:26,0
DA:27,0
DA:28,0
DA:29,0
DA:30,0
DA:31,0
DA:32,0
DA:33,0
DA:34,0
DA:35,0
DA:36,0
DA:37,0
DA:38,0
DA:39,0
DA:40,0
DA:41,0
DA:42,0
DA:43,0
DA:44,0
DA:45,0
DA:46,0
DA:47,0
DA:48,0
DA:49,0
DA:50,0
DA:51,0
DA:52,0
DA:53,0
DA:54,0
DA:55,0
DA:56,0
DA:58,0
DA:59,0
DA:60,0
DA:61,0
DA:62,0
DA:63,0
DA:64,0
DA:65,0
DA:66,0
DA:67,0
DA:68,0
DA:69,0
DA:70,0
DA:71,0
DA:73,0
DA:74,0
DA:75,0
DA:76,0
DA:77,0
DA:78,0
DA:79,0
DA:80,0
DA:81,0
DA:82,0
DA:83,0
DA:85,0
DA:86,0
DA:87,0
DA:89,0
BRDA:69,0,0,-
BRDA:69,0,1,-
BRDA:69,1,2,-
BRDA:69,1,3,-
BRDA:82,0,0,-
BRDA:82,0,1,-
BRDA:82,1,2,-
BRDA:82,1,3,-
BRF:4
BRH:0
LF:87
LH:0
end_of_record
SF:D:\project\pyxis\crates\pyxis-py\src\lib.rs
FN:7,_RNvCse5oDoa7so4d_8pyxis_py8pyxis_py
FN:6,_RNvNvMCse5oDoa7so4d_8pyxis_pyNtNtB4_8pyxis_py7MakeDef8make_def15___pyo3_pymodule
FN:6,_RNCNvNtCse5oDoa7so4d_8pyxis_py8pyxis_py11___pyo3_init0B5_
FN:6,_RNCNvNtCs7R9DD1F5i3A_8pyxis_py8pyxis_py11___pyo3_init0B5_
FN:7,_RNvCs7R9DD1F5i3A_8pyxis_py8pyxis_py
FN:6,_RNvNvMCs7R9DD1F5i3A_8pyxis_pyNtNtB4_8pyxis_py7MakeDef8make_def15___pyo3_pymodule
FNDA:0,_RNvCse5oDoa7so4d_8pyxis_py8pyxis_py
FNDA:0,_RNvNvMCse5oDoa7so4d_8pyxis_pyNtNtB4_8pyxis_py7MakeDef8make_def15___pyo3_pymodule
FNDA:0,_RNCNvNtCse5oDoa7so4d_8pyxis_py8pyxis_py11___pyo3_init0B5_
FNDA:0,_RNCNvNtCs7R9DD1F5i3A_8pyxis_py8pyxis_py11___pyo3_init0B5_
FNDA:0,_RNvCs7R9DD1F5i3A_8pyxis_py8pyxis_py
FNDA:0,_RNvNvMCs7R9DD1F5i3A_8pyxis_pyNtNtB4_8pyxis_py7MakeDef8make_def15___pyo3_pymodule
FNF:2
FNH:0
DA:6,0
DA:7,0
DA:8,0
DA:9,0
DA:12,0
DA:15,0
DA:16,0
DA:17,0
DA:19,0
DA:20,0
BRF:0
BRH:0
LF:10
LH:0
end_of_record
SF:D:\project\pyxis\crates\pyxis-py\src\misc.rs
FN:39,_RNvNtCse5oDoa7so4d_8pyxis_py4misc10py_lbh2xyz
FN:78,_RNvNtCse5oDoa7so4d_8pyxis_py4misc10py_xyz2lbh
FN:7,_RNvNtCse5oDoa7so4d_8pyxis_py4misc17py_datum_compense
FN:6,_RNvNvMNtCse5oDoa7so4d_8pyxis_py4miscNtNtB4_17py_datum_compense7MakeDef9__PYO3_DEF10trampoline
FN:77,_RNvNvMs0_NtCse5oDoa7so4d_8pyxis_py4miscNtNtB7_10py_xyz2lbh7MakeDef9__PYO3_DEF10trampoline
FN:38,_RNvNvMs_NtCse5oDoa7so4d_8pyxis_py4miscNtNtB6_10py_lbh2xyz7MakeDef9__PYO3_DEF10trampoline
FN:61,_RNCNvNtCse5oDoa7so4d_8pyxis_py4misc10py_lbh2xyz0B5_
FN:102,_RNCNvNtCse5oDoa7so4d_8pyxis_py4misc10py_xyz2lbh0B5_
FN:26,_RNCNvNtCse5oDoa7so4d_8pyxis_py4misc17py_datum_compense0B5_
FN:39,_RNvNtCs7R9DD1F5i3A_8pyxis_py4misc10py_lbh2xyz
FN:78,_RNvNtCs7R9DD1F5i3A_8pyxis_py4misc10py_xyz2lbh
FN:7,_RNvNtCs7R9DD1F5i3A_8pyxis_py4misc17py_datum_compense
FN:6,_RNvNvMNtCs7R9DD1F5i3A_8pyxis_py4miscNtNtB4_17py_datum_compense7MakeDef9__PYO3_DEF10trampoline
FN:77,_RNvNvMs0_NtCs7R9DD1F5i3A_8pyxis_py4miscNtNtB7_10py_xyz2lbh7MakeDef9__PYO3_DEF10trampoline
FN:38,_RNvNvMs_NtCs7R9DD1F5i3A_8pyxis_py4miscNtNtB6_10py_lbh2xyz7MakeDef9__PYO3_DEF10trampoline
FN:61,_RNCNvNtCs7R9DD1F5i3A_8pyxis_py4misc10py_lbh2xyz0B5_
FN:102,_RNCNvNtCs7R9DD1F5i3A_8pyxis_py4misc10py_xyz2lbh0B5_
FN:26,_RNCNvNtCs7R9DD1F5i3A_8pyxis_py4misc17py_datum_compense0B5_
FNDA:0,_RNvNtCse5oDoa7so4d_8pyxis_py4misc10py_lbh2xyz
FNDA:0,_RNvNtCse5oDoa7so4d_8pyxis_py4misc10py_xyz2lbh
FNDA:0,_RNvNtCse5oDoa7so4d_8pyxis_py4misc17py_datum_compense
FNDA:0,_RNvNvMNtCse5oDoa7so4d_8pyxis_py4miscNtNtB4_17py_datum_compense7MakeDef9__PYO3_DEF10trampoline
FNDA:0,_RNvNvMs0_NtCse5oDoa7so4d_8pyxis_py4miscNtNtB7_10py_xyz2lbh7MakeDef9__PYO3_DEF10trampoline
FNDA:0,_RNvNvMs_NtCse5oDoa7so4d_8pyxis_py4miscNtNtB6_10py_lbh2xyz7MakeDef9__PYO3_DEF10trampoline
FNDA:0,_RNCNvNtCse5oDoa7so4d_8pyxis_py4misc10py_lbh2xyz0B5_
FNDA:0,_RNCNvNtCse5oDoa7so4d_8pyxis_py4misc10py_xyz2lbh0B5_
FNDA:0,_RNCNvNtCse5oDoa7so4d_8pyxis_py4misc17py_datum_compense0B5_
FNDA:0,_RNvNtCs7R9DD1F5i3A_8pyxis_py4misc10py_lbh2xyz
FNDA:0,_RNvNtCs7R9DD1F5i3A_8pyxis_py4misc10py_xyz2lbh
FNDA:0,_RNvNtCs7R9DD1F5i3A_8pyxis_py4misc17py_datum_compense
FNDA:0,_RNvNvMNtCs7R9DD1F5i3A_8pyxis_py4miscNtNtB4_17py_datum_compense7MakeDef9__PYO3_DEF10trampoline
FNDA:0,_RNvNvMs0_NtCs7R9DD1F5i3A_8pyxis_py4miscNtNtB7_10py_xyz2lbh7MakeDef9__PYO3_DEF10trampoline
FNDA:0,_RNvNvMs_NtCs7R9DD1F5i3A_8pyxis_py4miscNtNtB6_10py_lbh2xyz7MakeDef9__PYO3_DEF10trampoline
FNDA:0,_RNCNvNtCs7R9DD1F5i3A_8pyxis_py4misc10py_lbh2xyz0B5_
FNDA:0,_RNCNvNtCs7R9DD1F5i3A_8pyxis_py4misc10py_xyz2lbh0B5_
FNDA:0,_RNCNvNtCs7R9DD1F5i3A_8pyxis_py4misc17py_datum_compense0B5_
FNF:9
FNH:0
DA:6,0
DA:7,0
DA:8,0
DA:9,0
DA:10,0
DA:11,0
DA:12,0
DA:13,0
DA:14,0
DA:15,0
DA:16,0
DA:17,0
DA:18,0
DA:19,0
DA:21,0
DA:22,0
DA:23,0
DA:24,0
DA:25,0
DA:26,0
DA:27,0
DA:28,0
DA:29,0
DA:30,0
DA:31,0
DA:33,0
DA:34,0
DA:35,0
DA:37,0
DA:38,0
DA:39,0
DA:40,0
DA:41,0
DA:42,0
DA:43,0
DA:44,0
DA:45,0
DA:46,0
DA:47,0
DA:48,0
DA:49,0
DA:50,0
DA:51,0
DA:53,0
DA:54,0
DA:55,0
DA:56,0
DA:57,0
DA:58,0
DA:59,0
DA:60,0
DA:61,0
DA:62,0
DA:63,0
DA:64,0
DA:65,0
DA:66,0
DA:67,0
DA:68,0
DA:70,0
DA:72,0
DA:73,0
DA:74,0
DA:76,0
DA:77,0
DA:78,0
DA:79,0
DA:80,0
DA:81,0
DA:82,0
DA:83,0
DA:84,0
DA:85,0
DA:86,0
DA:87,0
DA:88,0
DA:89,0
DA:90,0
DA:91,0
DA:92,0
DA:94,0
DA:95,0
DA:96,0
DA:97,0
DA:98,0
DA:99,0
DA:100,0
DA:101,0
DA:102,0
DA:103,0
DA:104,0
DA:105,0
DA:106,0
DA:107,0
DA:108,0
DA:109,0
DA:111,0
DA:113,0
DA:114,0
DA:115,0
DA:117,0
BRDA:17,0,0,-
BRDA:17,0,1,-
BRDA:17,1,2,-
BRDA:17,1,3,-
BRDA:30,0,0,-
BRDA:30,0,1,-
BRDA:30,1,2,-
BRDA:30,1,3,-
BRDA:48,0,0,-
BRDA:48,0,1,-
BRDA:48,1,2,-
BRDA:48,1,3,-
BRDA:65,0,0,-
BRDA:65,0,1,-
BRDA:65,1,2,-
BRDA:65,1,3,-
BRDA:89,0,0,-
BRDA:89,0,1,-
BRDA:89,1,2,-
BRDA:89,1,3,-
BRDA:106,0,0,-
BRDA:106,0,1,-
BRDA:106,1,2,-
BRDA:106,1,3,-
BRF:12
BRH:0
LF:107
LH:0
end_of_record
SF:D:\project\pyxis\crates\pyxis-py\src\space.rs
FN:54,_RNCNvNtCse5oDoa7so4d_8pyxis_py5space8py_space0B5_
FN:7,_RNvNtCse5oDoa7so4d_8pyxis_py5space12get_space_fn
FN:32,_RNvNtCse5oDoa7so4d_8pyxis_py5space8py_space
FN:31,_RNvNvMNtCse5oDoa7so4d_8pyxis_py5spaceNtNtB4_8py_space7MakeDef9__PYO3_DEF10trampoline
FN:54,_RNCNvNtCs7R9DD1F5i3A_8pyxis_py5space8py_space0B5_
FN:7,_RNvNtCs7R9DD1F5i3A_8pyxis_py5space12get_space_fn
FN:32,_RNvNtCs7R9DD1F5i3A_8pyxis_py5space8py_space
FN:31,_RNvNvMNtCs7R9DD1F5i3A_8pyxis_py5spaceNtNtB4_8py_space7MakeDef9__PYO3_DEF10trampoline
FNDA:0,_RNCNvNtCse5oDoa7so4d_8pyxis_py5space8py_space0B5_
FNDA:0,_RNvNtCse5oDoa7so4d_8pyxis_py5space12get_space_fn
FNDA:0,_RNvNtCse5oDoa7so4d_8pyxis_py5space8py_space
FNDA:0,_RNvNvMNtCse5oDoa7so4d_8pyxis_py5spaceNtNtB4_8py_space7MakeDef9__PYO3_DEF10trampoline
FNDA:0,_RNCNvNtCs7R9DD1F5i3A_8pyxis_py5space8py_space0B5_
FNDA:0,_RNvNtCs7R9DD1F5i3A_8pyxis_py5space12get_space_fn
FNDA:0,_RNvNtCs7R9DD1F5i3A_8pyxis_py5space8py_space
FNDA:0,_RNvNvMNtCs7R9DD1F5i3A_8pyxis_py5spaceNtNtB4_8py_space7MakeDef9__PYO3_DEF10trampoline
FNF:4
FNH:0
DA:7,0
DA:8,0
DA:9,0
DA:10,0
DA:12,0
DA:13,0
DA:15,0
DA:16,0
DA:18,0
DA:19,0
DA:21,0
DA:22,0
DA:24,0
DA:25,0
DA:28,0
DA:30,0
DA:31,0
DA:32,0
DA:33,0
DA:34,0
DA:35,0
DA:36,0
DA:37,0
DA:38,0
DA:39,0
DA:40,0
DA:41,0
DA:42,0
DA:43,0
DA:44,0
DA:46,0
DA:47,0
DA:48,0
DA:49,0
DA:50,0
DA:51,0
DA:52,0
DA:53,0
DA:54,0
DA:55,0
DA:56,0
DA:57,0
DA:58,0
DA:59,0
DA:60,0
DA:61,0
DA:63,0
DA:65,0
DA:66,0
DA:67,0
DA:69,0
BRDA:41,0,0,-
BRDA:41,0,1,-
BRDA:41,1,2,-
BRDA:41,1,3,-
BRDA:58,0,0,-
BRDA:58,0,1,-
BRDA:58,1,2,-
BRDA:58,1,3,-
BRF:4
BRH:0
LF:53
LH:0
end_of_record
SF:D:\project\pyxis\crates\pyxis\src\angle.rs
FN:12,_RNvNtCs50p3NKwfBWz_5pyxis5angle12angle_to_dms
FN:32,_RNvNtCs50p3NKwfBWz_5pyxis5angle12dms_to_angle
FN:12,_RNvNtCshjdOAmE7UUc_5pyxis5angle12angle_to_dms
FN:32,_RNvNtCshjdOAmE7UUc_5pyxis5angle12dms_to_angle
FNDA:0,_RNvNtCs50p3NKwfBWz_5pyxis5angle12angle_to_dms
FNDA:0,_RNvNtCs50p3NKwfBWz_5pyxis5angle12dms_to_angle
FNDA:0,_RNvNtCshjdOAmE7UUc_5pyxis5angle12angle_to_dms
FNDA:0,_RNvNtCshjdOAmE7UUc_5pyxis5angle12dms_to_angle
FNF:2
FNH:0
DA:12,0
DA:13,0
DA:14,0
DA:15,0
DA:16,0
DA:17,0
DA:18,0
DA:32,0
DA:33,0
DA:34,0
BRF:0
BRH:0
LF:10
LH:0
end_of_record
SF:D:\project\pyxis\crates\pyxis\src\crypto.rs
FN:325,_RINvNtCs50p3NKwfBWz_5pyxis6crypto12crypto_exactdINvB2_13bd09_to_gcj02dEINvB2_13gcj02_to_bd09dEEB4_
FN:325,_RINvNtCs50p3NKwfBWz_5pyxis6crypto12crypto_exactdINvB2_13bd09_to_wgs84dEINvB2_13wgs84_to_bd09dEEB4_
FN:325,_RINvNtCs50p3NKwfBWz_5pyxis6crypto12crypto_exactdINvB2_14gcj02_to_wgs84dEINvB2_14wgs84_to_gcj02dEEB4_
FN:109,_RINvNtCs50p3NKwfBWz_5pyxis6crypto13bd09_to_gcj02dEB4_
FN:175,_RINvNtCs50p3NKwfBWz_5pyxis6crypto13bd09_to_wgs84dEB4_
FN:205,_RINvNtCs50p3NKwfBWz_5pyxis6crypto13gcj02_to_bd09dEB4_
FN:271,_RINvNtCs50p3NKwfBWz_5pyxis6crypto13wgs84_to_bd09dEB4_
FN:145,_RINvNtCs50p3NKwfBWz_5pyxis6crypto14gcj02_to_wgs84dEB4_
FN:241,_RINvNtCs50p3NKwfBWz_5pyxis6crypto14wgs84_to_gcj02dEB4_
FN:420,_RINvNtCs50p3NKwfBWz_5pyxis6crypto18haversine_distancedEB4_
FN:68,_RINvNtCs50p3NKwfBWz_5pyxis6crypto5deltadEB4_
FN:31,_RINvNtCs50p3NKwfBWz_5pyxis6crypto9transformdEB4_
FN:452,_RNvNtNtCs50p3NKwfBWz_5pyxis6crypto4tests_10test_exact
FN:452,_RNvNtNtCshjdOAmE7UUc_5pyxis6crypto4tests_10test_exact
FN:325,_RINvNtCshjdOAmE7UUc_5pyxis6crypto12crypto_exactdINvB2_13bd09_to_gcj02dEINvB2_13gcj02_to_bd09dEEB4_
FN:325,_RINvNtCshjdOAmE7UUc_5pyxis6crypto12crypto_exactdINvB2_13bd09_to_wgs84dEINvB2_13wgs84_to_bd09dEEB4_
FN:325,_RINvNtCshjdOAmE7UUc_5pyxis6crypto12crypto_exactdINvB2_14gcj02_to_wgs84dEINvB2_14wgs84_to_gcj02dEEB4_
FN:109,_RINvNtCshjdOAmE7UUc_5pyxis6crypto13bd09_to_gcj02dEB4_
FN:175,_RINvNtCshjdOAmE7UUc_5pyxis6crypto13bd09_to_wgs84dEB4_
FN:205,_RINvNtCshjdOAmE7UUc_5pyxis6crypto13gcj02_to_bd09dEB4_
FN:271,_RINvNtCshjdOAmE7UUc_5pyxis6crypto13wgs84_to_bd09dEB4_
FN:145,_RINvNtCshjdOAmE7UUc_5pyxis6crypto14gcj02_to_wgs84dEB4_
FN:241,_RINvNtCshjdOAmE7UUc_5pyxis6crypto14wgs84_to_gcj02dEB4_
FN:420,_RINvNtCshjdOAmE7UUc_5pyxis6crypto18haversine_distancedEB4_
FN:68,_RINvNtCshjdOAmE7UUc_5pyxis6crypto5deltadEB4_
FN:31,_RINvNtCshjdOAmE7UUc_5pyxis6crypto9transformdEB4_
FN:325,_RINvNtCse8wc5VQURve_5pyxis6crypto12crypto_exactdINvB2_13bd09_to_gcj02dEINvB2_13gcj02_to_bd09dEECskamN23DcLqm_5pyxis
FN:325,_RINvNtCse8wc5VQURve_5pyxis6crypto12crypto_exactdINvB2_13bd09_to_wgs84dEINvB2_13wgs84_to_bd09dEECskamN23DcLqm_5pyxis
FN:325,_RINvNtCse8wc5VQURve_5pyxis6crypto12crypto_exactdINvB2_14gcj02_to_wgs84dEINvB2_14wgs84_to_gcj02dEECskamN23DcLqm_5pyxis
FN:109,_RINvNtCse8wc5VQURve_5pyxis6crypto13bd09_to_gcj02dECskamN23DcLqm_5pyxis
FN:175,_RINvNtCse8wc5VQURve_5pyxis6crypto13bd09_to_wgs84dECskamN23DcLqm_5pyxis
FN:205,_RINvNtCse8wc5VQURve_5pyxis6crypto13gcj02_to_bd09dECskamN23DcLqm_5pyxis
FN:271,_RINvNtCse8wc5VQURve_5pyxis6crypto13wgs84_to_bd09dECskamN23DcLqm_5pyxis
FN:145,_RINvNtCse8wc5VQURve_5pyxis6crypto14gcj02_to_wgs84dECskamN23DcLqm_5pyxis
FN:241,_RINvNtCse8wc5VQURve_5pyxis6crypto14wgs84_to_gcj02dECskamN23DcLqm_5pyxis
FN:420,_RINvNtCse8wc5VQURve_5pyxis6crypto18haversine_distancedECskamN23DcLqm_5pyxis
FN:68,_RINvNtCse8wc5VQURve_5pyxis6crypto5deltadECskamN23DcLqm_5pyxis
FN:31,_RINvNtCse8wc5VQURve_5pyxis6crypto9transformdECskamN23DcLqm_5pyxis
FN:325,_RINvNtCse8wc5VQURve_5pyxis6crypto12crypto_exactpppEB4_
FN:109,_RINvNtCse8wc5VQURve_5pyxis6crypto13bd09_to_gcj02pEB4_
FN:175,_RINvNtCse8wc5VQURve_5pyxis6crypto13bd09_to_wgs84pEB4_
FN:205,_RINvNtCse8wc5VQURve_5pyxis6crypto13gcj02_to_bd09pEB4_
FN:271,_RINvNtCse8wc5VQURve_5pyxis6crypto13wgs84_to_bd09pEB4_
FN:145,_RINvNtCse8wc5VQURve_5pyxis6crypto14gcj02_to_wgs84pEB4_
FN:241,_RINvNtCse8wc5VQURve_5pyxis6crypto14wgs84_to_gcj02pEB4_
FN:420,_RINvNtCse8wc5VQURve_5pyxis6crypto18haversine_distancepEB4_
FN:68,_RINvNtCse8wc5VQURve_5pyxis6crypto5deltapEB4_
FN:31,_RINvNtCse8wc5VQURve_5pyxis6crypto9transformpEB4_
FN:325,_RINvNtCse8wc5VQURve_5pyxis6crypto12crypto_exactdINvB2_13bd09_to_gcj02dEINvB2_13gcj02_to_bd09dEECse5oDoa7so4d_8pyxis_py
FN:325,_RINvNtCse8wc5VQURve_5pyxis6crypto12crypto_exactdINvB2_13bd09_to_wgs84dEINvB2_13wgs84_to_bd09dEECse5oDoa7so4d_8pyxis_py
FN:325,_RINvNtCse8wc5VQURve_5pyxis6crypto12crypto_exactdINvB2_14gcj02_to_wgs84dEINvB2_14wgs84_to_gcj02dEECse5oDoa7so4d_8pyxis_py
FN:109,_RINvNtCse8wc5VQURve_5pyxis6crypto13bd09_to_gcj02dECse5oDoa7so4d_8pyxis_py
FN:175,_RINvNtCse8wc5VQURve_5pyxis6crypto13bd09_to_wgs84dECse5oDoa7so4d_8pyxis_py
FN:205,_RINvNtCse8wc5VQURve_5pyxis6crypto13gcj02_to_bd09dECse5oDoa7so4d_8pyxis_py
FN:271,_RINvNtCse8wc5VQURve_5pyxis6crypto13wgs84_to_bd09dECse5oDoa7so4d_8pyxis_py
FN:145,_RINvNtCse8wc5VQURve_5pyxis6crypto14gcj02_to_wgs84dECse5oDoa7so4d_8pyxis_py
FN:241,_RINvNtCse8wc5VQURve_5pyxis6crypto14wgs84_to_gcj02dECse5oDoa7so4d_8pyxis_py
FN:420,_RINvNtCse8wc5VQURve_5pyxis6crypto18haversine_distancedECse5oDoa7so4d_8pyxis_py
FN:68,_RINvNtCse8wc5VQURve_5pyxis6crypto5deltadECse5oDoa7so4d_8pyxis_py
FN:31,_RINvNtCse8wc5VQURve_5pyxis6crypto9transformdECse5oDoa7so4d_8pyxis_py
FN:325,_RINvNtCs5jFUyfTZGOi_5pyxis6crypto12crypto_exactdINvB2_13bd09_to_gcj02dEINvB2_13gcj02_to_bd09dEECs7R9DD1F5i3A_8pyxis_py
FN:325,_RINvNtCs5jFUyfTZGOi_5pyxis6crypto12crypto_exactdINvB2_13bd09_to_wgs84dEINvB2_13wgs84_to_bd09dEECs7R9DD1F5i3A_8pyxis_py
FN:325,_RINvNtCs5jFUyfTZGOi_5pyxis6crypto12crypto_exactdINvB2_14gcj02_to_wgs84dEINvB2_14wgs84_to_gcj02dEECs7R9DD1F5i3A_8pyxis_py
FN:109,_RINvNtCs5jFUyfTZGOi_5pyxis6crypto13bd09_to_gcj02dECs7R9DD1F5i3A_8pyxis_py
FN:175,_RINvNtCs5jFUyfTZGOi_5pyxis6crypto13bd09_to_wgs84dECs7R9DD1F5i3A_8pyxis_py
FN:205,_RINvNtCs5jFUyfTZGOi_5pyxis6crypto13gcj02_to_bd09dECs7R9DD1F5i3A_8pyxis_py
FN:271,_RINvNtCs5jFUyfTZGOi_5pyxis6crypto13wgs84_to_bd09dECs7R9DD1F5i3A_8pyxis_py
FN:145,_RINvNtCs5jFUyfTZGOi_5pyxis6crypto14gcj02_to_wgs84dECs7R9DD1F5i3A_8pyxis_py
FN:241,_RINvNtCs5jFUyfTZGOi_5pyxis6crypto14wgs84_to_gcj02dECs7R9DD1F5i3A_8pyxis_py
FN:420,_RINvNtCs5jFUyfTZGOi_5pyxis6crypto18haversine_distancedECs7R9DD1F5i3A_8pyxis_py
FN:68,_RINvNtCs5jFUyfTZGOi_5pyxis6crypto5deltadECs7R9DD1F5i3A_8pyxis_py
FN:31,_RINvNtCs5jFUyfTZGOi_5pyxis6crypto9transformdECs7R9DD1F5i3A_8pyxis_py
FN:325,_RINvNtCs5jFUyfTZGOi_5pyxis6crypto12crypto_exactpppEB4_
FN:109,_RINvNtCs5jFUyfTZGOi_5pyxis6crypto13bd09_to_gcj02pEB4_
FN:175,_RINvNtCs5jFUyfTZGOi_5pyxis6crypto13bd09_to_wgs84pEB4_
FN:205,_RINvNtCs5jFUyfTZGOi_5pyxis6crypto13gcj02_to_bd09pEB4_
FN:271,_RINvNtCs5jFUyfTZGOi_5pyxis6crypto13wgs84_to_bd09pEB4_
FN:145,_RINvNtCs5jFUyfTZGOi_5pyxis6crypto14gcj02_to_wgs84pEB4_
FN:241,_RINvNtCs5jFUyfTZGOi_5pyxis6crypto14wgs84_to_gcj02pEB4_
FN:420,_RINvNtCs5jFUyfTZGOi_5pyxis6crypto18haversine_distancepEB4_
FN:68,_RINvNtCs5jFUyfTZGOi_5pyxis6crypto5deltapEB4_
FN:31,_RINvNtCs5jFUyfTZGOi_5pyxis6crypto9transformpEB4_
FNDA:20,_RINvNtCs50p3NKwfBWz_5pyxis6crypto12crypto_exactdINvB2_13bd09_to_gcj02dEINvB2_13gcj02_to_bd09dEEB4_
FNDA:20,_RINvNtCs50p3NKwfBWz_5pyxis6crypto12crypto_exactdINvB2_13bd09_to_wgs84dEINvB2_13wgs84_to_bd09dEEB4_
FNDA:20,_RINvNtCs50p3NKwfBWz_5pyxis6crypto12crypto_exactdINvB2_14gcj02_to_wgs84dEINvB2_14wgs84_to_gcj02dEEB4_
FNDA:40,_RINvNtCs50p3NKwfBWz_5pyxis6crypto13bd09_to_gcj02dEB4_
FNDA:20,_RINvNtCs50p3NKwfBWz_5pyxis6crypto13bd09_to_wgs84dEB4_
FNDA:5679,_RINvNtCs50p3NKwfBWz_5pyxis6crypto13gcj02_to_bd09dEB4_
FNDA:3013,_RINvNtCs50p3NKwfBWz_5pyxis6crypto13wgs84_to_bd09dEB4_
FNDA:40,_RINvNtCs50p3NKwfBWz_5pyxis6crypto14gcj02_to_wgs84dEB4_
FNDA:5603,_RINvNtCs50p3NKwfBWz_5pyxis6crypto14wgs84_to_gcj02dEB4_
FNDA:120,_RINvNtCs50p3NKwfBWz_5pyxis6crypto18haversine_distancedEB4_
FNDA:5643,_RINvNtCs50p3NKwfBWz_5pyxis6crypto5deltadEB4_
FNDA:5643,_RINvNtCs50p3NKwfBWz_5pyxis6crypto9transformdEB4_
FNDA:2,_RNvNtNtCs50p3NKwfBWz_5pyxis6crypto4tests_10test_exact
FNDA:1,_RNvNtNtCshjdOAmE7UUc_5pyxis6crypto4tests_10test_exact
FNDA:10000,_RINvNtCshjdOAmE7UUc_5pyxis6crypto12crypto_exactdINvB2_13bd09_to_gcj02dEINvB2_13gcj02_to_bd09dEEB4_
FNDA:10000,_RINvNtCshjdOAmE7UUc_5pyxis6crypto12crypto_exactdINvB2_13bd09_to_wgs84dEINvB2_13wgs84_to_bd09dEEB4_
FNDA:10000,_RINvNtCshjdOAmE7UUc_5pyxis6crypto12crypto_exactdINvB2_14gcj02_to_wgs84dEINvB2_14wgs84_to_gcj02dEEB4_
FNDA:20000,_RINvNtCshjdOAmE7UUc_5pyxis6crypto13bd09_to_gcj02dEB4_
FNDA:10000,_RINvNtCshjdOAmE7UUc_5pyxis6crypto13bd09_to_wgs84dEB4_
FNDA:2951317,_RINvNtCshjdOAmE7UUc_5pyxis6crypto13gcj02_to_bd09dEB4_
FNDA:1439697,_RINvNtCshjdOAmE7UUc_5pyxis6crypto13wgs84_to_bd09dEB4_
FNDA:20000,_RINvNtCshjdOAmE7UUc_5pyxis6crypto14gcj02_to_wgs84dEB4_
FNDA:3100212,_RINvNtCshjdOAmE7UUc_5pyxis6crypto14wgs84_to_gcj02dEB4_
FNDA:60000,_RINvNtCshjdOAmE7UUc_5pyxis6crypto18haversine_distancedEB4_
FNDA:3120212,_RINvNtCshjdOAmE7UUc_5pyxis6crypto5deltadEB4_
FNDA:3120212,_RINvNtCshjdOAmE7UUc_5pyxis6crypto9transformdEB4_
FNDA:2,_RINvNtCse8wc5VQURve_5pyxis6crypto12crypto_exactdINvB2_13bd09_to_gcj02dEINvB2_13gcj02_to_bd09dEECskamN23DcLqm_5pyxis
FNDA:2,_RINvNtCse8wc5VQURve_5pyxis6crypto12crypto_exactdINvB2_13bd09_to_wgs84dEINvB2_13wgs84_to_bd09dEECskamN23DcLqm_5pyxis
FNDA:2,_RINvNtCse8wc5VQURve_5pyxis6crypto12crypto_exactdINvB2_14gcj02_to_wgs84dEINvB2_14wgs84_to_gcj02dEECskamN23DcLqm_5pyxis
FNDA:4,_RINvNtCse8wc5VQURve_5pyxis6crypto13bd09_to_gcj02dECskamN23DcLqm_5pyxis
FNDA:2,_RINvNtCse8wc5VQURve_5pyxis6crypto13bd09_to_wgs84dECskamN23DcLqm_5pyxis
FNDA:266,_RINvNtCse8wc5VQURve_5pyxis6crypto13gcj02_to_bd09dECskamN23DcLqm_5pyxis
FNDA:144,_RINvNtCse8wc5VQURve_5pyxis6crypto13wgs84_to_bd09dECskamN23DcLqm_5pyxis
FNDA:4,_RINvNtCse8wc5VQURve_5pyxis6crypto14gcj02_to_wgs84dECskamN23DcLqm_5pyxis
FNDA:238,_RINvNtCse8wc5VQURve_5pyxis6crypto14wgs84_to_gcj02dECskamN23DcLqm_5pyxis
FNDA:0,_RINvNtCse8wc5VQURve_5pyxis6crypto18haversine_distancedECskamN23DcLqm_5pyxis
FNDA:242,_RINvNtCse8wc5VQURve_5pyxis6crypto5deltadECskamN23DcLqm_5pyxis
FNDA:242,_RINvNtCse8wc5VQURve_5pyxis6crypto9transformdECskamN23DcLqm_5pyxis
FNDA:0,_RINvNtCse8wc5VQURve_5pyxis6crypto12crypto_exactpppEB4_
FNDA:0,_RINvNtCse8wc5VQURve_5pyxis6crypto13bd09_to_gcj02pEB4_
FNDA:0,_RINvNtCse8wc5VQURve_5pyxis6crypto13bd09_to_wgs84pEB4_
FNDA:0,_RINvNtCse8wc5VQURve_5pyxis6crypto13gcj02_to_bd09pEB4_
FNDA:0,_RINvNtCse8wc5VQURve_5pyxis6crypto13wgs84_to_bd09pEB4_
FNDA:0,_RINvNtCse8wc5VQURve_5pyxis6crypto14gcj02_to_wgs84pEB4_
FNDA:0,_RINvNtCse8wc5VQURve_5pyxis6crypto14wgs84_to_gcj02pEB4_
FNDA:0,_RINvNtCse8wc5VQURve_5pyxis6crypto18haversine_distancepEB4_
FNDA:0,_RINvNtCse8wc5VQURve_5pyxis6crypto5deltapEB4_
FNDA:0,_RINvNtCse8wc5VQURve_5pyxis6crypto9transformpEB4_
FNDA:0,_RINvNtCse8wc5VQURve_5pyxis6crypto12crypto_exactdINvB2_13bd09_to_gcj02dEINvB2_13gcj02_to_bd09dEECse5oDoa7so4d_8pyxis_py
FNDA:0,_RINvNtCse8wc5VQURve_5pyxis6crypto12crypto_exactdINvB2_13bd09_to_wgs84dEINvB2_13wgs84_to_bd09dEECse5oDoa7so4d_8pyxis_py
FNDA:0,_RINvNtCse8wc5VQURve_5pyxis6crypto12crypto_exactdINvB2_14gcj02_to_wgs84dEINvB2_14wgs84_to_gcj02dEECse5oDoa7so4d_8pyxis_py
FNDA:0,_RINvNtCse8wc5VQURve_5pyxis6crypto13bd09_to_gcj02dECse5oDoa7so4d_8pyxis_py
FNDA:0,_RINvNtCse8wc5VQURve_5pyxis6crypto13bd09_to_wgs84dECse5oDoa7so4d_8pyxis_py
FNDA:0,_RINvNtCse8wc5VQURve_5pyxis6crypto13gcj02_to_bd09dECse5oDoa7so4d_8pyxis_py
FNDA:0,_RINvNtCse8wc5VQURve_5pyxis6crypto13wgs84_to_bd09dECse5oDoa7so4d_8pyxis_py
FNDA:0,_RINvNtCse8wc5VQURve_5pyxis6crypto14gcj02_to_wgs84dECse5oDoa7so4d_8pyxis_py
FNDA:0,_RINvNtCse8wc5VQURve_5pyxis6crypto14wgs84_to_gcj02dECse5oDoa7so4d_8pyxis_py
FNDA:0,_RINvNtCse8wc5VQURve_5pyxis6crypto18haversine_distancedECse5oDoa7so4d_8pyxis_py
FNDA:0,_RINvNtCse8wc5VQURve_5pyxis6crypto5deltadECse5oDoa7so4d_8pyxis_py
FNDA:0,_RINvNtCse8wc5VQURve_5pyxis6crypto9transformdECse5oDoa7so4d_8pyxis_py
FNDA:0,_RINvNtCs5jFUyfTZGOi_5pyxis6crypto12crypto_exactdINvB2_13bd09_to_gcj02dEINvB2_13gcj02_to_bd09dEECs7R9DD1F5i3A_8pyxis_py
FNDA:0,_RINvNtCs5jFUyfTZGOi_5pyxis6crypto12crypto_exactdINvB2_13bd09_to_wgs84dEINvB2_13wgs84_to_bd09dEECs7R9DD1F5i3A_8pyxis_py
FNDA:0,_RINvNtCs5jFUyfTZGOi_5pyxis6crypto12crypto_exactdINvB2_14gcj02_to_wgs84dEINvB2_14wgs84_to_gcj02dEECs7R9DD1F5i3A_8pyxis_py
FNDA:0,_RINvNtCs5jFUyfTZGOi_5pyxis6crypto13bd09_to_gcj02dECs7R9DD1F5i3A_8pyxis_py
FNDA:0,_RINvNtCs5jFUyfTZGOi_5pyxis6crypto13bd09_to_wgs84dECs7R9DD1F5i3A_8pyxis_py
FNDA:0,_RINvNtCs5jFUyfTZGOi_5pyxis6crypto13gcj02_to_bd09dECs7R9DD1F5i3A_8pyxis_py
FNDA:0,_RINvNtCs5jFUyfTZGOi_5pyxis6crypto13wgs84_to_bd09dECs7R9DD1F5i3A_8pyxis_py
FNDA:0,_RINvNtCs5jFUyfTZGOi_5pyxis6crypto14gcj02_to_wgs84dECs7R9DD1F5i3A_8pyxis_py
FNDA:0,_RINvNtCs5jFUyfTZGOi_5pyxis6crypto14wgs84_to_gcj02dECs7R9DD1F5i3A_8pyxis_py
FNDA:0,_RINvNtCs5jFUyfTZGOi_5pyxis6crypto18haversine_distancedECs7R9DD1F5i3A_8pyxis_py
FNDA:0,_RINvNtCs5jFUyfTZGOi_5pyxis6crypto5deltadECs7R9DD1F5i3A_8pyxis_py
FNDA:0,_RINvNtCs5jFUyfTZGOi_5pyxis6crypto9transformdECs7R9DD1F5i3A_8pyxis_py
FNDA:0,_RINvNtCs5jFUyfTZGOi_5pyxis6crypto12crypto_exactpppEB4_
FNDA:0,_RINvNtCs5jFUyfTZGOi_5pyxis6crypto13bd09_to_gcj02pEB4_
FNDA:0,_RINvNtCs5jFUyfTZGOi_5pyxis6crypto13bd09_to_wgs84pEB4_
FNDA:0,_RINvNtCs5jFUyfTZGOi_5pyxis6crypto13gcj02_to_bd09pEB4_
FNDA:0,_RINvNtCs5jFUyfTZGOi_5pyxis6crypto13wgs84_to_bd09pEB4_
FNDA:0,_RINvNtCs5jFUyfTZGOi_5pyxis6crypto14gcj02_to_wgs84pEB4_
FNDA:0,_RINvNtCs5jFUyfTZGOi_5pyxis6crypto14wgs84_to_gcj02pEB4_
FNDA:0,_RINvNtCs5jFUyfTZGOi_5pyxis6crypto18haversine_distancepEB4_
FNDA:0,_RINvNtCs5jFUyfTZGOi_5pyxis6crypto5deltapEB4_
FNDA:0,_RINvNtCs5jFUyfTZGOi_5pyxis6crypto9transformpEB4_
FNF:11
FNH:11
DA:31,3126097
DA:32,3126097
DA:33,3126097
DA:34,3126097
DA:35,3126097
DA:36,3126097
DA:37,3126097
DA:38,3126097
DA:39,3126097
DA:40,3126097
DA:41,3126097
DA:42,3126097
DA:43,3126097
DA:44,3126097
DA:45,3126097
DA:46,3126097
DA:47,3126097
DA:48,3126097
DA:49,3126097
DA:50,3126097
DA:51,3126097
DA:52,3126097
DA:53,3126097
DA:54,3126097
DA:55,3126097
DA:56,3126097
DA:57,3126097
DA:58,3126097
DA:59,3126097
DA:60,3126097
DA:61,3126097
DA:62,3126097
DA:63,3126097
DA:64,3126097
DA:65,3126097
DA:66,3126097
DA:68,3126097
DA:69,3126097
DA:70,3126097
DA:71,3126097
DA:72,3126097
DA:73,3126097
DA:74,3126097
DA:75,3126097
DA:76,3126097
DA:77,3126097
DA:78,3126097
DA:79,3126097
DA:80,3126097
DA:81,3126097
DA:82,3126097
DA:83,3126097
DA:84,3126097
DA:85,3126097
DA:109,20044
DA:110,20044
DA:111,20044
DA:112,20044
DA:113,20044
DA:114,20044
DA:115,20044
DA:116,20044
DA:117,20044
DA:118,20044
DA:119,20044
DA:120,20044
DA:121,20044
DA:145,20044
DA:146,20044
DA:147,20044
DA:148,20044
DA:149,20044
DA:150,20044
DA:151,20044
DA:175,10022
DA:176,10022
DA:177,10022
DA:178,10022
DA:179,10022
DA:180,10022
DA:181,10022
DA:205,2957262
DA:206,2957262
DA:207,2957262
DA:208,2957262
DA:209,2957262
DA:210,2957262
DA:211,2957262
DA:212,2957262
DA:213,2957262
DA:214,2957262
DA:215,2957262
DA:216,2957262
DA:241,3106053
DA:242,3106053
DA:243,3106053
DA:244,3106053
DA:245,3106053
DA:246,3106053
DA:247,3106053
DA:271,1442854
DA:272,1442854
DA:273,1442854
DA:274,1442854
DA:275,1442854
DA:276,1442854
DA:277,1442854
DA:325,30066
DA:326,30066
DA:327,30066
DA:328,30066
DA:329,30066
DA:330,30066
DA:331,30066
DA:332,30066
DA:333,30066
DA:334,30066
DA:335,30066
DA:336,30066
DA:337,30066
DA:338,30066
DA:339,30066
DA:340,30066
DA:341,30066
DA:342,30066
DA:343,30066
DA:344,30066
DA:345,30066
DA:346,30066
DA:347,30066
DA:348,30066
DA:350,4600415
DA:351,4600415
DA:352,4600415
DA:353,4600415
DA:354,4600415
DA:355,4600415
DA:356,4600415
DA:357,4600415
DA:358,4600415
DA:359,4600415
DA:360,4600415
DA:361,4600415
DA:362,4600415
DA:363,4600415
DA:364,4600415
DA:365,4600415
DA:366,0
DA:367,0
DA:369,4600415
DA:370,2129
DA:371,4598286
DA:374,0
DA:375,0
DA:376,0
DA:377,0
DA:378,0
DA:381,4600415
DA:382,27937
DA:383,27937
DA:385,4572478
DA:386,4572478
DA:387,4572478
DA:388,4572478
DA:389,648957
DA:390,2063948
DA:391,636936
DA:392,636936
DA:393,636936
DA:394,636936
DA:395,1222637
DA:396,1222637
DA:397,1222637
DA:398,1222637
DA:400,4572478
DA:401,1182358
DA:402,1726231
DA:403,651776
DA:404,651776
DA:405,651776
DA:406,651776
DA:407,1012113
DA:408,1012113
DA:409,1012113
DA:410,1012113
DA:413,4572478
DA:414,4572478
DA:417,30066
DA:418,30066
DA:420,60120
DA:421,60120
DA:422,60120
DA:423,60120
DA:424,60120
DA:425,60120
DA:426,60120
DA:427,60120
DA:428,60120
DA:429,60120
DA:430,60120
DA:431,60120
DA:432,60120
DA:433,60120
DA:434,60120
DA:435,60120
DA:436,60120
DA:437,60120
DA:452,3
DA:453,3
DA:454,3
DA:455,3
DA:456,3
DA:457,3
DA:458,3
DA:459,3
DA:460,3
DA:461,3
DA:462,3
DA:463,3
DA:464,3
DA:465,10020
DA:466,10020
DA:467,10020
DA:468,10020
DA:469,10020
DA:470,10020
DA:471,10020
DA:472,10020
DA:473,10020
DA:474,10020
DA:475,10020
DA:476,10020
DA:477,10020
DA:478,10020
DA:479,10020
DA:480,10020
DA:481,10020
DA:483,0
DA:484,0
DA:485,0
DA:486,0
DA:487,0
DA:488,0
DA:489,0
DA:490,0
DA:491,0
DA:492,0
DA:493,10020
DA:494,10020
DA:495,10020
DA:496,10020
DA:497,10020
DA:498,10020
DA:499,10020
DA:500,10020
DA:501,10020
DA:502,20
DA:503,20
DA:504,10000
DA:507,10020
DA:508,10020
DA:509,10020
DA:510,10020
DA:511,10020
DA:512,10020
DA:513,10020
DA:514,10020
DA:515,10020
DA:516,10020
DA:518,0
DA:519,0
DA:520,0
DA:521,0
DA:522,0
DA:523,0
DA:524,0
DA:525,0
DA:526,0
DA:527,0
DA:528,10020
DA:529,10020
DA:530,10020
DA:531,10020
DA:532,10020
DA:533,10020
DA:534,10020
DA:535,10020
DA:536,10020
DA:537,20
DA:538,20
DA:539,10000
DA:542,10020
DA:543,10020
DA:544,10020
DA:545,10020
DA:546,10020
DA:547,10020
DA:548,10020
DA:549,10020
DA:550,10020
DA:551,10020
DA:553,0
DA:554,0
DA:555,0
DA:556,0
DA:557,0
DA:558,0
DA:559,0
DA:560,0
DA:561,0
DA:562,0
DA:563,10020
DA:564,10020
DA:565,10020
DA:566,10020
DA:567,10020
DA:568,10020
DA:569,10020
DA:570,10020
DA:571,10020
DA:572,20
DA:573,20
DA:574,10000
DA:577,3
DA:578,3
DA:579,3
DA:580,3
DA:581,3
BRDA:369,0,0,1
BRDA:369,0,1,2665
BRDA:369,1,2,-
BRDA:369,1,3,-
BRDA:369,2,4,693
BRDA:369,2,5,1510927
BRDA:369,3,6,0
BRDA:369,3,7,120
BRDA:369,4,8,1
BRDA:369,4,9,2992
BRDA:369,5,10,-
BRDA:369,5,11,-
BRDA:369,6,12,-
BRDA:369,6,13,-
BRDA:369,7,14,501
BRDA:369,7,15,1429196
BRDA:369,8,16,1
BRDA:369,8,17,2569
BRDA:369,9,18,0
BRDA:369,9,19,92
BRDA:369,10,20,-
BRDA:369,10,21,-
BRDA:369,11,22,932
BRDA:369,11,23,1649583
BRDA:369,12,24,0
BRDA:369,12,25,142
BRDA:369,13,26,-
BRDA:369,13,27,-
BRDA:369,14,28,-
BRDA:369,14,29,-
BRDA:376,0,0,-
BRDA:376,0,1,-
BRDA:376,1,2,-
BRDA:376,1,3,-
BRDA:376,2,4,-
BRDA:376,2,5,-
BRDA:376,3,6,-
BRDA:376,3,7,-
BRDA:376,4,8,-
BRDA:376,4,9,-
BRDA:376,5,10,-
BRDA:376,5,11,-
BRDA:376,6,12,-
BRDA:376,6,13,-
BRDA:376,7,14,-
BRDA:376,7,15,-
BRDA:376,8,16,-
BRDA:376,8,17,-
BRDA:376,9,18,-
BRDA:376,9,19,-
BRDA:376,10,20,-
BRDA:376,10,21,-
BRDA:376,11,22,-
BRDA:376,11,23,-
BRDA:376,12,24,-
BRDA:376,12,25,-
BRDA:376,13,26,-
BRDA:376,13,27,-
BRDA:376,14,28,-
BRDA:376,14,29,-
BRDA:381,0,0,29
BRDA:381,0,1,2637
BRDA:381,1,2,2
BRDA:381,1,3,140
BRDA:381,2,4,281
BRDA:381,2,5,2712
BRDA:381,3,6,-
BRDA:381,3,7,-
BRDA:381,4,8,296
BRDA:381,4,9,2274
BRDA:381,5,10,173528
BRDA:381,5,11,1338092
BRDA:381,6,12,-
BRDA:381,6,13,-
BRDA:381,7,14,2
BRDA:381,7,15,118
BRDA:381,8,16,125822
BRDA:381,8,17,1303875
BRDA:381,9,18,2
BRDA:381,9,19,90
BRDA:381,10,20,-
BRDA:381,10,21,-
BRDA:381,11,22,-
BRDA:381,11,23,-
BRDA:381,12,24,265972
BRDA:381,12,25,1384543
BRDA:381,13,26,-
BRDA:381,13,27,-
BRDA:381,14,28,-
BRDA:381,14,29,-
BRDA:381,15,30,19
BRDA:381,15,31,10
BRDA:381,16,32,19
BRDA:381,16,33,262
BRDA:381,17,34,19
BRDA:381,17,35,277
BRDA:381,18,36,2
BRDA:381,18,37,0
BRDA:381,19,38,-
BRDA:381,19,39,-
BRDA:381,20,40,-
BRDA:381,20,41,-
BRDA:381,21,42,9499
BRDA:381,21,43,116323
BRDA:381,22,44,9068
BRDA:381,22,45,256904
BRDA:381,23,46,2
BRDA:381,23,47,0
BRDA:381,24,48,-
BRDA:381,24,49,-
BRDA:381,25,50,9307
BRDA:381,25,51,164221
BRDA:381,26,52,-
BRDA:381,26,53,-
BRDA:381,27,54,-
BRDA:381,27,55,-
BRDA:381,28,56,2
BRDA:381,28,57,0
BRDA:381,29,58,-
BRDA:381,29,59,-
BRDA:463,0,0,2
BRDA:463,0,1,0
BRDA:463,1,2,0
BRDA:463,1,3,1
BRDA:481,0,0,0
BRDA:481,0,1,20
BRDA:481,1,2,0
BRDA:481,1,3,10000
BRDA:481,2,4,0
BRDA:481,2,5,20
BRDA:481,3,6,0
BRDA:481,3,7,10000
BRDA:501,0,0,20
BRDA:501,0,1,0
BRDA:501,1,2,0
BRDA:501,1,3,10000
BRDA:516,0,0,0
BRDA:516,0,1,20
BRDA:516,1,2,0
BRDA:516,1,3,10000
BRDA:516,2,4,0
BRDA:516,2,5,10000
BRDA:516,3,6,0
BRDA:516,3,7,20
BRDA:536,0,0,0
BRDA:536,0,1,10000
BRDA:536,1,2,20
BRDA:536,1,3,0
BRDA:551,0,0,0
BRDA:551,0,1,10000
BRDA:551,1,2,0
BRDA:551,1,3,20
BRDA:551,2,4,0
BRDA:551,2,5,10000
BRDA:551,3,6,0
BRDA:551,3,7,20
BRDA:571,0,0,0
BRDA:571,0,1,10000
BRDA:571,1,2,20
BRDA:571,1,3,0
BRF:28
BRH:16
LF:328
LH:288
end_of_record
SF:D:\project\pyxis\crates\pyxis\src\ellipsoid.rs
FN:144,_RNvMNtCs50p3NKwfBWz_5pyxis9ellipsoidINtB2_9EllipsoiddE13eccentricity2B4_
FN:129,_RNvMNtCs50p3NKwfBWz_5pyxis9ellipsoidINtB2_9EllipsoiddE15semi_major_axisB4_
FN:59,_RNvMNtCs50p3NKwfBWz_5pyxis9ellipsoidINtB2_9EllipsoiddE24from_semi_major_and_invfB4_
FN:59,_RNvMNtCs50p3NKwfBWz_5pyxis9ellipsoidINtB2_9EllipsoidfE24from_semi_major_and_invfB4_
FN:149,_RNvMNtCs50p3NKwfBWz_5pyxis9ellipsoidINtB2_9EllipsoidpE10flatteningB4_
FN:139,_RNvMNtCs50p3NKwfBWz_5pyxis9ellipsoidINtB2_9EllipsoidpE12eccentricityB4_
FN:109,_RNvMNtCs50p3NKwfBWz_5pyxis9ellipsoidINtB2_9EllipsoidpE14from_semi_axisB4_
FN:134,_RNvMNtCs50p3NKwfBWz_5pyxis9ellipsoidINtB2_9EllipsoidpE15semi_minor_axisB4_
FN:154,_RNvMNtCs50p3NKwfBWz_5pyxis9ellipsoidINtB2_9EllipsoidpE18inverse_flatteningB4_
FN:144,_RNvMNtCshjdOAmE7UUc_5pyxis9ellipsoidINtB2_9EllipsoiddE13eccentricity2B4_
FN:129,_RNvMNtCshjdOAmE7UUc_5pyxis9ellipsoidINtB2_9EllipsoiddE15semi_major_axisB4_
FN:59,_RNvMNtCshjdOAmE7UUc_5pyxis9ellipsoidINtB2_9EllipsoiddE24from_semi_major_and_invfB4_
FN:59,_RNvMNtCshjdOAmE7UUc_5pyxis9ellipsoidINtB2_9EllipsoidfE24from_semi_major_and_invfB4_
FN:149,_RNvMNtCshjdOAmE7UUc_5pyxis9ellipsoidINtB2_9EllipsoidpE10flatteningB4_
FN:139,_RNvMNtCshjdOAmE7UUc_5pyxis9ellipsoidINtB2_9EllipsoidpE12eccentricityB4_
FN:109,_RNvMNtCshjdOAmE7UUc_5pyxis9ellipsoidINtB2_9EllipsoidpE14from_semi_axisB4_
FN:134,_RNvMNtCshjdOAmE7UUc_5pyxis9ellipsoidINtB2_9EllipsoidpE15semi_minor_axisB4_
FN:154,_RNvMNtCshjdOAmE7UUc_5pyxis9ellipsoidINtB2_9EllipsoidpE18inverse_flatteningB4_
FN:144,_RNvMNtCse8wc5VQURve_5pyxis9ellipsoidINtB2_9EllipsoiddE13eccentricity2CskamN23DcLqm_5pyxis
FN:129,_RNvMNtCse8wc5VQURve_5pyxis9ellipsoidINtB2_9EllipsoiddE15semi_major_axisCskamN23DcLqm_5pyxis
FN:59,_RNvMNtCse8wc5VQURve_5pyxis9ellipsoidINtB2_9EllipsoiddE24from_semi_major_and_invfB4_
FN:59,_RNvMNtCse8wc5VQURve_5pyxis9ellipsoidINtB2_9EllipsoidfE24from_semi_major_and_invfB4_
FN:149,_RNvMNtCse8wc5VQURve_5pyxis9ellipsoidINtB2_9EllipsoidpE10flatteningB4_
FN:139,_RNvMNtCse8wc5VQURve_5pyxis9ellipsoidINtB2_9EllipsoidpE12eccentricityB4_
FN:144,_RNvMNtCse8wc5VQURve_5pyxis9ellipsoidINtB2_9EllipsoidpE13eccentricity2B4_
FN:109,_RNvMNtCse8wc5VQURve_5pyxis9ellipsoidINtB2_9EllipsoidpE14from_semi_axisB4_
FN:129,_RNvMNtCse8wc5VQURve_5pyxis9ellipsoidINtB2_9EllipsoidpE15semi_major_axisB4_
FN:134,_RNvMNtCse8wc5VQURve_5pyxis9ellipsoidINtB2_9EllipsoidpE15semi_minor_axisB4_
FN:154,_RNvMNtCse8wc5VQURve_5pyxis9ellipsoidINtB2_9EllipsoidpE18inverse_flatteningB4_
FN:144,_RNvMNtCse8wc5VQURve_5pyxis9ellipsoidINtB2_9EllipsoiddE13eccentricity2Cse5oDoa7so4d_8pyxis_py
FN:129,_RNvMNtCse8wc5VQURve_5pyxis9ellipsoidINtB2_9EllipsoiddE15semi_major_axisCse5oDoa7so4d_8pyxis_py
FN:144,_RNvMNtCs5jFUyfTZGOi_5pyxis9ellipsoidINtB2_9EllipsoiddE13eccentricity2Cs7R9DD1F5i3A_8pyxis_py
FN:129,_RNvMNtCs5jFUyfTZGOi_5pyxis9ellipsoidINtB2_9EllipsoiddE15semi_major_axisCs7R9DD1F5i3A_8pyxis_py
FN:59,_RNvMNtCs5jFUyfTZGOi_5pyxis9ellipsoidINtB2_9EllipsoiddE24from_semi_major_and_invfB4_
FN:59,_RNvMNtCs5jFUyfTZGOi_5pyxis9ellipsoidINtB2_9EllipsoidfE24from_semi_major_and_invfB4_
FN:149,_RNvMNtCs5jFUyfTZGOi_5pyxis9ellipsoidINtB2_9EllipsoidpE10flatteningB4_
FN:139,_RNvMNtCs5jFUyfTZGOi_5pyxis9ellipsoidINtB2_9EllipsoidpE12eccentricityB4_
FN:144,_RNvMNtCs5jFUyfTZGOi_5pyxis9ellipsoidINtB2_9EllipsoidpE13eccentricity2B4_
FN:109,_RNvMNtCs5jFUyfTZGOi_5pyxis9ellipsoidINtB2_9EllipsoidpE14from_semi_axisB4_
FN:129,_RNvMNtCs5jFUyfTZGOi_5pyxis9ellipsoidINtB2_9EllipsoidpE15semi_major_axisB4_
FN:134,_RNvMNtCs5jFUyfTZGOi_5pyxis9ellipsoidINtB2_9EllipsoidpE15semi_minor_axisB4_
FN:154,_RNvMNtCs5jFUyfTZGOi_5pyxis9ellipsoidINtB2_9EllipsoidpE18inverse_flatteningB4_
FNDA:5643,_RNvMNtCs50p3NKwfBWz_5pyxis9ellipsoidINtB2_9EllipsoiddE13eccentricity2B4_
FNDA:5763,_RNvMNtCs50p3NKwfBWz_5pyxis9ellipsoidINtB2_9EllipsoiddE15semi_major_axisB4_
FNDA:4,_RNvMNtCs50p3NKwfBWz_5pyxis9ellipsoidINtB2_9EllipsoiddE24from_semi_major_and_invfB4_
FNDA:0,_RNvMNtCs50p3NKwfBWz_5pyxis9ellipsoidINtB2_9EllipsoidfE24from_semi_major_and_invfB4_
FNDA:0,_RNvMNtCs50p3NKwfBWz_5pyxis9ellipsoidINtB2_9EllipsoidpE10flatteningB4_
FNDA:0,_RNvMNtCs50p3NKwfBWz_5pyxis9ellipsoidINtB2_9EllipsoidpE12eccentricityB4_
FNDA:0,_RNvMNtCs50p3NKwfBWz_5pyxis9ellipsoidINtB2_9EllipsoidpE14from_semi_axisB4_
FNDA:0,_RNvMNtCs50p3NKwfBWz_5pyxis9ellipsoidINtB2_9EllipsoidpE15semi_minor_axisB4_
FNDA:0,_RNvMNtCs50p3NKwfBWz_5pyxis9ellipsoidINtB2_9EllipsoidpE18inverse_flatteningB4_
FNDA:3120212,_RNvMNtCshjdOAmE7UUc_5pyxis9ellipsoidINtB2_9EllipsoiddE13eccentricity2B4_
FNDA:3180212,_RNvMNtCshjdOAmE7UUc_5pyxis9ellipsoidINtB2_9EllipsoiddE15semi_major_axisB4_
FNDA:2,_RNvMNtCshjdOAmE7UUc_5pyxis9ellipsoidINtB2_9EllipsoiddE24from_semi_major_and_invfB4_
FNDA:0,_RNvMNtCshjdOAmE7UUc_5pyxis9ellipsoidINtB2_9EllipsoidfE24from_semi_major_and_invfB4_
FNDA:0,_RNvMNtCshjdOAmE7UUc_5pyxis9ellipsoidINtB2_9EllipsoidpE10flatteningB4_
FNDA:0,_RNvMNtCshjdOAmE7UUc_5pyxis9ellipsoidINtB2_9EllipsoidpE12eccentricityB4_
FNDA:0,_RNvMNtCshjdOAmE7UUc_5pyxis9ellipsoidINtB2_9EllipsoidpE14from_semi_axisB4_
FNDA:0,_RNvMNtCshjdOAmE7UUc_5pyxis9ellipsoidINtB2_9EllipsoidpE15semi_minor_axisB4_
FNDA:0,_RNvMNtCshjdOAmE7UUc_5pyxis9ellipsoidINtB2_9EllipsoidpE18inverse_flatteningB4_
FNDA:246,_RNvMNtCse8wc5VQURve_5pyxis9ellipsoidINtB2_9EllipsoiddE13eccentricity2CskamN23DcLqm_5pyxis
FNDA:246,_RNvMNtCse8wc5VQURve_5pyxis9ellipsoidINtB2_9EllipsoiddE15semi_major_axisCskamN23DcLqm_5pyxis
FNDA:36,_RNvMNtCse8wc5VQURve_5pyxis9ellipsoidINtB2_9EllipsoiddE24from_semi_major_and_invfB4_
FNDA:0,_RNvMNtCse8wc5VQURve_5pyxis9ellipsoidINtB2_9EllipsoidfE24from_semi_major_and_invfB4_
FNDA:0,_RNvMNtCse8wc5VQURve_5pyxis9ellipsoidINtB2_9EllipsoidpE10flatteningB4_
FNDA:0,_RNvMNtCse8wc5VQURve_5pyxis9ellipsoidINtB2_9EllipsoidpE12eccentricityB4_
FNDA:0,_RNvMNtCse8wc5VQURve_5pyxis9ellipsoidINtB2_9EllipsoidpE13eccentricity2B4_
FNDA:0,_RNvMNtCse8wc5VQURve_5pyxis9ellipsoidINtB2_9EllipsoidpE14from_semi_axisB4_
FNDA:0,_RNvMNtCse8wc5VQURve_5pyxis9ellipsoidINtB2_9EllipsoidpE15semi_major_axisB4_
FNDA:0,_RNvMNtCse8wc5VQURve_5pyxis9ellipsoidINtB2_9EllipsoidpE15semi_minor_axisB4_
FNDA:0,_RNvMNtCse8wc5VQURve_5pyxis9ellipsoidINtB2_9EllipsoidpE18inverse_flatteningB4_
FNDA:0,_RNvMNtCse8wc5VQURve_5pyxis9ellipsoidINtB2_9EllipsoiddE13eccentricity2Cse5oDoa7so4d_8pyxis_py
FNDA:0,_RNvMNtCse8wc5VQURve_5pyxis9ellipsoidINtB2_9EllipsoiddE15semi_major_axisCse5oDoa7so4d_8pyxis_py
FNDA:0,_RNvMNtCs5jFUyfTZGOi_5pyxis9ellipsoidINtB2_9EllipsoiddE13eccentricity2Cs7R9DD1F5i3A_8pyxis_py
FNDA:0,_RNvMNtCs5jFUyfTZGOi_5pyxis9ellipsoidINtB2_9EllipsoiddE15semi_major_axisCs7R9DD1F5i3A_8pyxis_py
FNDA:18,_RNvMNtCs5jFUyfTZGOi_5pyxis9ellipsoidINtB2_9EllipsoiddE24from_semi_major_and_invfB4_
FNDA:0,_RNvMNtCs5jFUyfTZGOi_5pyxis9ellipsoidINtB2_9EllipsoidfE24from_semi_major_and_invfB4_
FNDA:0,_RNvMNtCs5jFUyfTZGOi_5pyxis9ellipsoidINtB2_9EllipsoidpE10flatteningB4_
FNDA:0,_RNvMNtCs5jFUyfTZGOi_5pyxis9ellipsoidINtB2_9EllipsoidpE12eccentricityB4_
FNDA:0,_RNvMNtCs5jFUyfTZGOi_5pyxis9ellipsoidINtB2_9EllipsoidpE13eccentricity2B4_
FNDA:0,_RNvMNtCs5jFUyfTZGOi_5pyxis9ellipsoidINtB2_9EllipsoidpE14from_semi_axisB4_
FNDA:0,_RNvMNtCs5jFUyfTZGOi_5pyxis9ellipsoidINtB2_9EllipsoidpE15semi_major_axisB4_
FNDA:0,_RNvMNtCs5jFUyfTZGOi_5pyxis9ellipsoidINtB2_9EllipsoidpE15semi_minor_axisB4_
FNDA:0,_RNvMNtCs5jFUyfTZGOi_5pyxis9ellipsoidINtB2_9EllipsoidpE18inverse_flatteningB4_
FNF:8
FNH:3
DA:59,60
DA:60,60
DA:61,60
DA:62,60
DA:63,60
DA:64,60
DA:65,60
DA:66,60
DA:67,60
DA:68,60
DA:69,60
DA:70,60
DA:71,60
DA:72,60
DA:73,60
DA:109,0
DA:110,0
DA:111,0
DA:112,0
DA:113,0
DA:114,0
DA:115,0
DA:116,0
DA:117,0
DA:118,0
DA:119,0
DA:120,0
DA:121,0
DA:122,0
DA:123,0
DA:124,0
DA:125,0
DA:126,0
DA:127,0
DA:129,3186221
DA:130,3186221
DA:131,3186221
DA:134,0
DA:135,0
DA:136,0
DA:139,0
DA:140,0
DA:141,0
DA:144,3126101
DA:145,3126101
DA:146,3126101
DA:149,0
DA:150,0
DA:151,0
DA:154,0
DA:155,0
DA:156,0
BRF:0
BRH:0
LF:52
LH:21
end_of_record
SF:D:\project\pyxis\crates\pyxis\src\linear.rs
FN:31,_RINvNtCs50p3NKwfBWz_5pyxis6linear16rotate_matrix_2dpEB4_
FN:51,_RINvNtCs50p3NKwfBWz_5pyxis6linear9rotate_2dpEB4_
FN:31,_RINvNtCshjdOAmE7UUc_5pyxis6linear16rotate_matrix_2dpEB4_
FN:51,_RINvNtCshjdOAmE7UUc_5pyxis6linear9rotate_2dpEB4_
FN:31,_RINvNtCse8wc5VQURve_5pyxis6linear16rotate_matrix_2ddECskamN23DcLqm_5pyxis
FN:51,_RINvNtCse8wc5VQURve_5pyxis6linear9rotate_2ddECskamN23DcLqm_5pyxis
FN:31,_RINvNtCse8wc5VQURve_5pyxis6linear16rotate_matrix_2dpEB4_
FN:51,_RINvNtCse8wc5VQURve_5pyxis6linear9rotate_2dpEB4_
FN:31,_RINvNtCs5jFUyfTZGOi_5pyxis6linear16rotate_matrix_2dpEB4_
FN:51,_RINvNtCs5jFUyfTZGOi_5pyxis6linear9rotate_2dpEB4_
FNDA:0,_RINvNtCs50p3NKwfBWz_5pyxis6linear16rotate_matrix_2dpEB4_
FNDA:0,_RINvNtCs50p3NKwfBWz_5pyxis6linear9rotate_2dpEB4_
FNDA:0,_RINvNtCshjdOAmE7UUc_5pyxis6linear16rotate_matrix_2dpEB4_
FNDA:0,_RINvNtCshjdOAmE7UUc_5pyxis6linear9rotate_2dpEB4_
FNDA:28,_RINvNtCse8wc5VQURve_5pyxis6linear16rotate_matrix_2ddECskamN23DcLqm_5pyxis
FNDA:6,_RINvNtCse8wc5VQURve_5pyxis6linear9rotate_2ddECskamN23DcLqm_5pyxis
FNDA:0,_RINvNtCse8wc5VQURve_5pyxis6linear16rotate_matrix_2dpEB4_
FNDA:0,_RINvNtCse8wc5VQURve_5pyxis6linear9rotate_2dpEB4_
FNDA:0,_RINvNtCs5jFUyfTZGOi_5pyxis6linear16rotate_matrix_2dpEB4_
FNDA:0,_RINvNtCs5jFUyfTZGOi_5pyxis6linear9rotate_2dpEB4_
FNF:2
FNH:2
DA:31,28
DA:32,28
DA:33,28
DA:34,28
DA:35,28
DA:36,28
DA:37,28
DA:38,28
DA:39,28
DA:51,6
DA:52,6
DA:53,6
DA:54,6
DA:55,6
DA:56,6
DA:57,6
DA:58,6
BRF:0
BRH:0
LF:17
LH:17
end_of_record
SF:D:\project\pyxis\crates\pyxis\src\migrate.rs
FN:36,_RINvNtCs50p3NKwfBWz_5pyxis7migrate6abs_2dpEB4_
FN:11,_RINvNtCs50p3NKwfBWz_5pyxis7migrate6rel_2dpEB4_
FN:59,_RINvNtCs50p3NKwfBWz_5pyxis7migrate9origin_2dpEB4_
FN:36,_RINvNtCshjdOAmE7UUc_5pyxis7migrate6abs_2dpEB4_
FN:11,_RINvNtCshjdOAmE7UUc_5pyxis7migrate6rel_2dpEB4_
FN:59,_RINvNtCshjdOAmE7UUc_5pyxis7migrate9origin_2dpEB4_
FN:36,_RINvNtCse8wc5VQURve_5pyxis7migrate6abs_2ddECskamN23DcLqm_5pyxis
FN:11,_RINvNtCse8wc5VQURve_5pyxis7migrate6rel_2ddECskamN23DcLqm_5pyxis
FN:59,_RINvNtCse8wc5VQURve_5pyxis7migrate9origin_2ddECskamN23DcLqm_5pyxis
FN:36,_RINvNtCse8wc5VQURve_5pyxis7migrate6abs_2dpEB4_
FN:11,_RINvNtCse8wc5VQURve_5pyxis7migrate6rel_2dpEB4_
FN:59,_RINvNtCse8wc5VQURve_5pyxis7migrate9origin_2dpEB4_
FN:36,_RINvNtCs5jFUyfTZGOi_5pyxis7migrate6abs_2dpEB4_
FN:11,_RINvNtCs5jFUyfTZGOi_5pyxis7migrate6rel_2dpEB4_
FN:59,_RINvNtCs5jFUyfTZGOi_5pyxis7migrate9origin_2dpEB4_
FNDA:0,_RINvNtCs50p3NKwfBWz_5pyxis7migrate6abs_2dpEB4_
FNDA:0,_RINvNtCs50p3NKwfBWz_5pyxis7migrate6rel_2dpEB4_
FNDA:0,_RINvNtCs50p3NKwfBWz_5pyxis7migrate9origin_2dpEB4_
FNDA:0,_RINvNtCshjdOAmE7UUc_5pyxis7migrate6abs_2dpEB4_
FNDA:0,_RINvNtCshjdOAmE7UUc_5pyxis7migrate6rel_2dpEB4_
FNDA:0,_RINvNtCshjdOAmE7UUc_5pyxis7migrate9origin_2dpEB4_
FNDA:4,_RINvNtCse8wc5VQURve_5pyxis7migrate6abs_2ddECskamN23DcLqm_5pyxis
FNDA:4,_RINvNtCse8wc5VQURve_5pyxis7migrate6rel_2ddECskamN23DcLqm_5pyxis
FNDA:4,_RINvNtCse8wc5VQURve_5pyxis7migrate9origin_2ddECskamN23DcLqm_5pyxis
FNDA:0,_RINvNtCse8wc5VQURve_5pyxis7migrate6abs_2dpEB4_
FNDA:0,_RINvNtCse8wc5VQURve_5pyxis7migrate6rel_2dpEB4_
FNDA:0,_RINvNtCse8wc5VQURve_5pyxis7migrate9origin_2dpEB4_
FNDA:0,_RINvNtCs5jFUyfTZGOi_5pyxis7migrate6abs_2dpEB4_
FNDA:0,_RINvNtCs5jFUyfTZGOi_5pyxis7migrate6rel_2dpEB4_
FNDA:0,_RINvNtCs5jFUyfTZGOi_5pyxis7migrate9origin_2dpEB4_
FNF:3
FNH:3
DA:11,4
DA:12,4
DA:13,4
DA:14,4
DA:15,4
DA:16,4
DA:17,4
DA:18,4
DA:19,4
DA:20,4
DA:21,4
DA:22,4
DA:23,4
DA:24,4
DA:25,4
DA:26,4
DA:27,4
DA:36,4
DA:37,4
DA:38,4
DA:39,4
DA:40,4
DA:41,4
DA:42,4
DA:43,4
DA:44,4
DA:45,4
DA:46,4
DA:47,4
DA:48,4
DA:49,4
DA:50,4
DA:59,4
DA:60,4
DA:61,4
DA:62,4
DA:63,4
DA:64,4
DA:65,4
DA:66,4
DA:67,4
BRF:0
BRH:0
LF:41
LH:41
end_of_record
SF:D:\project\pyxis\crates\pyxis\src\misc.rs
FN:56,_RINvNtCs50p3NKwfBWz_5pyxis4misc14datum_compenseppEB4_
FN:98,_RINvNtCs50p3NKwfBWz_5pyxis4misc7lbh2xyzpEB4_
FN:157,_RINvNtCs50p3NKwfBWz_5pyxis4misc7xyz2lbhpEB4_
FN:13,_RNvMNtCs50p3NKwfBWz_5pyxis4miscINtB2_18DatumCompenseParmspE3newB4_
FN:20,_RNvXININtCs50p3NKwfBWz_5pyxis4miscs_0pEINtB5_18DatumCompenseParmspEINtB5_19IDatumCompenseParmspE2x0B7_
FN:23,_RNvXININtCs50p3NKwfBWz_5pyxis4miscs_0pEINtB5_18DatumCompenseParmspEINtB5_19IDatumCompenseParmspE2y0B7_
FN:26,_RNvXININtCs50p3NKwfBWz_5pyxis4miscs_0pEINtB5_18DatumCompenseParmspEINtB5_19IDatumCompenseParmspE6factorB7_
FN:56,_RINvNtCshjdOAmE7UUc_5pyxis4misc14datum_compenseppEB4_
FN:98,_RINvNtCshjdOAmE7UUc_5pyxis4misc7lbh2xyzpEB4_
FN:157,_RINvNtCshjdOAmE7UUc_5pyxis4misc7xyz2lbhpEB4_
FN:13,_RNvMNtCshjdOAmE7UUc_5pyxis4miscINtB2_18DatumCompenseParmspE3newB4_
FN:20,_RNvXININtCshjdOAmE7UUc_5pyxis4miscs_0pEINtB5_18DatumCompenseParmspEINtB5_19IDatumCompenseParmspE2x0B7_
FN:23,_RNvXININtCshjdOAmE7UUc_5pyxis4miscs_0pEINtB5_18DatumCompenseParmspEINtB5_19IDatumCompenseParmspE2y0B7_
FN:26,_RNvXININtCshjdOAmE7UUc_5pyxis4miscs_0pEINtB5_18DatumCompenseParmspEINtB5_19IDatumCompenseParmspE6factorB7_
FN:56,_RINvNtCse8wc5VQURve_5pyxis4misc14datum_compensedINtB2_18DatumCompenseParmsdEECskamN23DcLqm_5pyxis
FN:98,_RINvNtCse8wc5VQURve_5pyxis4misc7lbh2xyzdECskamN23DcLqm_5pyxis
FN:157,_RINvNtCse8wc5VQURve_5pyxis4misc7xyz2lbhdECskamN23DcLqm_5pyxis
FN:13,_RNvMNtCse8wc5VQURve_5pyxis4miscINtB2_18DatumCompenseParmsdE3newCskamN23DcLqm_5pyxis
FN:20,_RNvXs_NtCse8wc5VQURve_5pyxis4miscINtB4_18DatumCompenseParmsdEINtB4_19IDatumCompenseParmsdE2x0CskamN23DcLqm_5pyxis
FN:23,_RNvXs_NtCse8wc5VQURve_5pyxis4miscINtB4_18DatumCompenseParmsdEINtB4_19IDatumCompenseParmsdE2y0CskamN23DcLqm_5pyxis
FN:26,_RNvXs_NtCse8wc5VQURve_5pyxis4miscINtB4_18DatumCompenseParmsdEINtB4_19IDatumCompenseParmsdE6factorCskamN23DcLqm_5pyxis
FN:56,_RINvNtCse8wc5VQURve_5pyxis4misc14datum_compenseppEB4_
FN:98,_RINvNtCse8wc5VQURve_5pyxis4misc7lbh2xyzpEB4_
FN:157,_RINvNtCse8wc5VQURve_5pyxis4misc7xyz2lbhpEB4_
FN:13,_RNvMNtCse8wc5VQURve_5pyxis4miscINtB2_18DatumCompenseParmspE3newB4_
FN:20,_RNvXININtCse8wc5VQURve_5pyxis4miscs_0pEINtB5_18DatumCompenseParmspEINtB5_19IDatumCompenseParmspE2x0B7_
FN:23,_RNvXININtCse8wc5VQURve_5pyxis4miscs_0pEINtB5_18DatumCompenseParmspEINtB5_19IDatumCompenseParmspE2y0B7_
FN:26,_RNvXININtCse8wc5VQURve_5pyxis4miscs_0pEINtB5_18DatumCompenseParmspEINtB5_19IDatumCompenseParmspE6factorB7_
FN:13,_RNvMNtCs5jFUyfTZGOi_5pyxis4miscINtB2_18DatumCompenseParmsdE3newCs7PVR1eCJkv9_10pyxis_cuda
FN:20,_RNvXs_NtCs5jFUyfTZGOi_5pyxis4miscINtB4_18DatumCompenseParmsdEINtB4_19IDatumCompenseParmsdE2x0Cs7PVR1eCJkv9_10pyxis_cuda
FN:23,_RNvXs_NtCs5jFUyfTZGOi_5pyxis4miscINtB4_18DatumCompenseParmsdEINtB4_19IDatumCompenseParmsdE2y0Cs7PVR1eCJkv9_10pyxis_cuda
FN:26,_RNvXs_NtCs5jFUyfTZGOi_5pyxis4miscINtB4_18DatumCompenseParmsdEINtB4_19IDatumCompenseParmsdE6factorCs7PVR1eCJkv9_10pyxis_cuda
FN:56,_RINvNtCse8wc5VQURve_5pyxis4misc14datum_compensedINtB2_18DatumCompenseParmsdEECse5oDoa7so4d_8pyxis_py
FN:98,_RINvNtCse8wc5VQURve_5pyxis4misc7lbh2xyzdECse5oDoa7so4d_8pyxis_py
FN:157,_RINvNtCse8wc5VQURve_5pyxis4misc7xyz2lbhdECse5oDoa7so4d_8pyxis_py
FN:13,_RNvMNtCse8wc5VQURve_5pyxis4miscINtB2_18DatumCompenseParmsdE3newCse5oDoa7so4d_8pyxis_py
FN:20,_RNvXs_NtCse8wc5VQURve_5pyxis4miscINtB4_18DatumCompenseParmsdEINtB4_19IDatumCompenseParmsdE2x0Cse5oDoa7so4d_8pyxis_py
FN:23,_RNvXs_NtCse8wc5VQURve_5pyxis4miscINtB4_18DatumCompenseParmsdEINtB4_19IDatumCompenseParmsdE2y0Cse5oDoa7so4d_8pyxis_py
FN:26,_RNvXs_NtCse8wc5VQURve_5pyxis4miscINtB4_18DatumCompenseParmsdEINtB4_19IDatumCompenseParmsdE6factorCse5oDoa7so4d_8pyxis_py
FN:56,_RINvNtCs5jFUyfTZGOi_5pyxis4misc14datum_compensedINtB2_18DatumCompenseParmsdEECs7R9DD1F5i3A_8pyxis_py
FN:98,_RINvNtCs5jFUyfTZGOi_5pyxis4misc7lbh2xyzdECs7R9DD1F5i3A_8pyxis_py
FN:157,_RINvNtCs5jFUyfTZGOi_5pyxis4misc7xyz2lbhdECs7R9DD1F5i3A_8pyxis_py
FN:13,_RNvMNtCs5jFUyfTZGOi_5pyxis4miscINtB2_18DatumCompenseParmsdE3newCs7R9DD1F5i3A_8pyxis_py
FN:20,_RNvXs_NtCs5jFUyfTZGOi_5pyxis4miscINtB4_18DatumCompenseParmsdEINtB4_19IDatumCompenseParmsdE2x0Cs7R9DD1F5i3A_8pyxis_py
FN:23,_RNvXs_NtCs5jFUyfTZGOi_5pyxis4miscINtB4_18DatumCompenseParmsdEINtB4_19IDatumCompenseParmsdE2y0Cs7R9DD1F5i3A_8pyxis_py
FN:26,_RNvXs_NtCs5jFUyfTZGOi_5pyxis4miscINtB4_18DatumCompenseParmsdEINtB4_19IDatumCompenseParmsdE6factorCs7R9DD1F5i3A_8pyxis_py
FN:56,_RINvNtCs5jFUyfTZGOi_5pyxis4misc14datum_compenseppEB4_
FN:98,_RINvNtCs5jFUyfTZGOi_5pyxis4misc7lbh2xyzpEB4_
FN:157,_RINvNtCs5jFUyfTZGOi_5pyxis4misc7xyz2lbhpEB4_
FN:13,_RNvMNtCs5jFUyfTZGOi_5pyxis4miscINtB2_18DatumCompenseParmspE3newB4_
FN:20,_RNvXININtCs5jFUyfTZGOi_5pyxis4miscs_0pEINtB5_18DatumCompenseParmspEINtB5_19IDatumCompenseParmspE2x0B7_
FN:23,_RNvXININtCs5jFUyfTZGOi_5pyxis4miscs_0pEINtB5_18DatumCompenseParmspEINtB5_19IDatumCompenseParmspE2y0B7_
FN:26,_RNvXININtCs5jFUyfTZGOi_5pyxis4miscs_0pEINtB5_18DatumCompenseParmspEINtB5_19IDatumCompenseParmspE6factorB7_
FNDA:0,_RINvNtCs50p3NKwfBWz_5pyxis4misc14datum_compenseppEB4_
FNDA:0,_RINvNtCs50p3NKwfBWz_5pyxis4misc7lbh2xyzpEB4_
FNDA:0,_RINvNtCs50p3NKwfBWz_5pyxis4misc7xyz2lbhpEB4_
FNDA:0,_RNvMNtCs50p3NKwfBWz_5pyxis4miscINtB2_18DatumCompenseParmspE3newB4_
FNDA:0,_RNvXININtCs50p3NKwfBWz_5pyxis4miscs_0pEINtB5_18DatumCompenseParmspEINtB5_19IDatumCompenseParmspE2x0B7_
FNDA:0,_RNvXININtCs50p3NKwfBWz_5pyxis4miscs_0pEINtB5_18DatumCompenseParmspEINtB5_19IDatumCompenseParmspE2y0B7_
FNDA:0,_RNvXININtCs50p3NKwfBWz_5pyxis4miscs_0pEINtB5_18DatumCompenseParmspEINtB5_19IDatumCompenseParmspE6factorB7_
FNDA:0,_RINvNtCshjdOAmE7UUc_5pyxis4misc14datum_compenseppEB4_
FNDA:0,_RINvNtCshjdOAmE7UUc_5pyxis4misc7lbh2xyzpEB4_
FNDA:0,_RINvNtCshjdOAmE7UUc_5pyxis4misc7xyz2lbhpEB4_
FNDA:0,_RNvMNtCshjdOAmE7UUc_5pyxis4miscINtB2_18DatumCompenseParmspE3newB4_
FNDA:0,_RNvXININtCshjdOAmE7UUc_5pyxis4miscs_0pEINtB5_18DatumCompenseParmspEINtB5_19IDatumCompenseParmspE2x0B7_
FNDA:0,_RNvXININtCshjdOAmE7UUc_5pyxis4miscs_0pEINtB5_18DatumCompenseParmspEINtB5_19IDatumCompenseParmspE2y0B7_
FNDA:0,_RNvXININtCshjdOAmE7UUc_5pyxis4miscs_0pEINtB5_18DatumCompenseParmspEINtB5_19IDatumCompenseParmspE6factorB7_
FNDA:2,_RINvNtCse8wc5VQURve_5pyxis4misc14datum_compensedINtB2_18DatumCompenseParmsdEECskamN23DcLqm_5pyxis
FNDA:2,_RINvNtCse8wc5VQURve_5pyxis4misc7lbh2xyzdECskamN23DcLqm_5pyxis
FNDA:2,_RINvNtCse8wc5VQURve_5pyxis4misc7xyz2lbhdECskamN23DcLqm_5pyxis
FNDA:2,_RNvMNtCse8wc5VQURve_5pyxis4miscINtB2_18DatumCompenseParmsdE3newCskamN23DcLqm_5pyxis
FNDA:2,_RNvXs_NtCse8wc5VQURve_5pyxis4miscINtB4_18DatumCompenseParmsdEINtB4_19IDatumCompenseParmsdE2x0CskamN23DcLqm_5pyxis
FNDA:2,_RNvXs_NtCse8wc5VQURve_5pyxis4miscINtB4_18DatumCompenseParmsdEINtB4_19IDatumCompenseParmsdE2y0CskamN23DcLqm_5pyxis
FNDA:4,_RNvXs_NtCse8wc5VQURve_5pyxis4miscINtB4_18DatumCompenseParmsdEINtB4_19IDatumCompenseParmsdE6factorCskamN23DcLqm_5pyxis
FNDA:0,_RINvNtCse8wc5VQURve_5pyxis4misc14datum_compenseppEB4_
FNDA:0,_RINvNtCse8wc5VQURve_5pyxis4misc7lbh2xyzpEB4_
FNDA:0,_RINvNtCse8wc5VQURve_5pyxis4misc7xyz2lbhpEB4_
FNDA:0,_RNvMNtCse8wc5VQURve_5pyxis4miscINtB2_18DatumCompenseParmspE3newB4_
FNDA:0,_RNvXININtCse8wc5VQURve_5pyxis4miscs_0pEINtB5_18DatumCompenseParmspEINtB5_19IDatumCompenseParmspE2x0B7_
FNDA:0,_RNvXININtCse8wc5VQURve_5pyxis4miscs_0pEINtB5_18DatumCompenseParmspEINtB5_19IDatumCompenseParmspE2y0B7_
FNDA:0,_RNvXININtCse8wc5VQURve_5pyxis4miscs_0pEINtB5_18DatumCompenseParmspEINtB5_19IDatumCompenseParmspE6factorB7_
FNDA:1,_RNvMNtCs5jFUyfTZGOi_5pyxis4miscINtB2_18DatumCompenseParmsdE3newCs7PVR1eCJkv9_10pyxis_cuda
FNDA:1,_RNvXs_NtCs5jFUyfTZGOi_5pyxis4miscINtB4_18DatumCompenseParmsdEINtB4_19IDatumCompenseParmsdE2x0Cs7PVR1eCJkv9_10pyxis_cuda
FNDA:1,_RNvXs_NtCs5jFUyfTZGOi_5pyxis4miscINtB4_18DatumCompenseParmsdEINtB4_19IDatumCompenseParmsdE2y0Cs7PVR1eCJkv9_10pyxis_cuda
FNDA:1,_RNvXs_NtCs5jFUyfTZGOi_5pyxis4miscINtB4_18DatumCompenseParmsdEINtB4_19IDatumCompenseParmsdE6factorCs7PVR1eCJkv9_10pyxis_cuda
FNDA:0,_RINvNtCse8wc5VQURve_5pyxis4misc14datum_compensedINtB2_18DatumCompenseParmsdEECse5oDoa7so4d_8pyxis_py
FNDA:0,_RINvNtCse8wc5VQURve_5pyxis4misc7lbh2xyzdECse5oDoa7so4d_8pyxis_py
FNDA:0,_RINvNtCse8wc5VQURve_5pyxis4misc7xyz2lbhdECse5oDoa7so4d_8pyxis_py
FNDA:0,_RNvMNtCse8wc5VQURve_5pyxis4miscINtB2_18DatumCompenseParmsdE3newCse5oDoa7so4d_8pyxis_py
FNDA:0,_RNvXs_NtCse8wc5VQURve_5pyxis4miscINtB4_18DatumCompenseParmsdEINtB4_19IDatumCompenseParmsdE2x0Cse5oDoa7so4d_8pyxis_py
FNDA:0,_RNvXs_NtCse8wc5VQURve_5pyxis4miscINtB4_18DatumCompenseParmsdEINtB4_19IDatumCompenseParmsdE2y0Cse5oDoa7so4d_8pyxis_py
FNDA:0,_RNvXs_NtCse8wc5VQURve_5pyxis4miscINtB4_18DatumCompenseParmsdEINtB4_19IDatumCompenseParmsdE6factorCse5oDoa7so4d_8pyxis_py
FNDA:0,_RINvNtCs5jFUyfTZGOi_5pyxis4misc14datum_compensedINtB2_18DatumCompenseParmsdEECs7R9DD1F5i3A_8pyxis_py
FNDA:0,_RINvNtCs5jFUyfTZGOi_5pyxis4misc7lbh2xyzdECs7R9DD1F5i3A_8pyxis_py
FNDA:0,_RINvNtCs5jFUyfTZGOi_5pyxis4misc7xyz2lbhdECs7R9DD1F5i3A_8pyxis_py
FNDA:0,_RNvMNtCs5jFUyfTZGOi_5pyxis4miscINtB2_18DatumCompenseParmsdE3newCs7R9DD1F5i3A_8pyxis_py
FNDA:0,_RNvXs_NtCs5jFUyfTZGOi_5pyxis4miscINtB4_18DatumCompenseParmsdEINtB4_19IDatumCompenseParmsdE2x0Cs7R9DD1F5i3A_8pyxis_py
FNDA:0,_RNvXs_NtCs5jFUyfTZGOi_5pyxis4miscINtB4_18DatumCompenseParmsdEINtB4_19IDatumCompenseParmsdE2y0Cs7R9DD1F5i3A_8pyxis_py
FNDA:0,_RNvXs_NtCs5jFUyfTZGOi_5pyxis4miscINtB4_18DatumCompenseParmsdEINtB4_19IDatumCompenseParmsdE6factorCs7R9DD1F5i3A_8pyxis_py
FNDA:0,_RINvNtCs5jFUyfTZGOi_5pyxis4misc14datum_compenseppEB4_
FNDA:0,_RINvNtCs5jFUyfTZGOi_5pyxis4misc7lbh2xyzpEB4_
FNDA:0,_RINvNtCs5jFUyfTZGOi_5pyxis4misc7xyz2lbhpEB4_
FNDA:0,_RNvMNtCs5jFUyfTZGOi_5pyxis4miscINtB2_18DatumCompenseParmspE3newB4_
FNDA:0,_RNvXININtCs5jFUyfTZGOi_5pyxis4miscs_0pEINtB5_18DatumCompenseParmspEINtB5_19IDatumCompenseParmspE2x0B7_
FNDA:0,_RNvXININtCs5jFUyfTZGOi_5pyxis4miscs_0pEINtB5_18DatumCompenseParmspEINtB5_19IDatumCompenseParmspE2y0B7_
FNDA:0,_RNvXININtCs5jFUyfTZGOi_5pyxis4miscs_0pEINtB5_18DatumCompenseParmspEINtB5_19IDatumCompenseParmspE6factorB7_
FNF:7
FNH:7
DA:13,3
DA:14,3
DA:15,3
DA:16,3
DA:17,3
DA:20,3
DA:21,3
DA:22,3
DA:23,3
DA:24,3
DA:25,3
DA:26,5
DA:27,5
DA:28,5
DA:56,2
DA:57,2
DA:58,2
DA:59,2
DA:60,2
DA:61,2
DA:62,2
DA:63,2
DA:98,2
DA:99,2
DA:100,2
DA:101,2
DA:102,2
DA:103,2
DA:104,2
DA:105,2
DA:106,2
DA:107,2
DA:108,2
DA:109,2
DA:110,2
DA:111,2
DA:112,2
DA:113,2
DA:114,2
DA:115,2
DA:157,2
DA:158,2
DA:159,2
DA:160,2
DA:161,2
DA:162,2
DA:163,2
DA:164,2
DA:165,2
DA:166,2
DA:167,2
DA:168,2
DA:169,2
DA:170,2
DA:171,2
DA:172,2
DA:173,2
DA:174,2
DA:175,2
DA:176,2
DA:177,2
DA:178,2
DA:179,2
DA:182,8
DA:183,8
DA:184,8
DA:185,8
DA:186,8
DA:187,8
DA:188,8
DA:189,8
DA:190,8
DA:191,8
DA:192,8
DA:193,0
DA:194,0
DA:196,8
DA:197,0
DA:198,8
DA:200,8
DA:201,2
DA:202,6
DA:203,6
DA:207,2
DA:208,2
DA:209,2
DA:210,2
DA:211,2
BRDA:196,0,0,0
BRDA:196,0,1,8
BRDA:196,1,2,-
BRDA:196,1,3,-
BRDA:196,2,4,-
BRDA:196,2,5,-
BRDA:200,0,0,2
BRDA:200,0,1,6
BRDA:200,1,2,-
BRDA:200,1,3,-
BRDA:200,2,4,-
BRDA:200,2,5,-
BRF:4
BRH:3
LF:88
LH:85
end_of_record
SF:D:\project\pyxis\crates\pyxis\src\space.rs
FN:52,_RINvNtCs50p3NKwfBWz_5pyxis5space22cartesian_to_sphericalpEB4_
FN:137,_RINvNtCs50p3NKwfBWz_5pyxis5space22spherical_to_cartesianpEB4_
FN:24,_RINvNtCs50p3NKwfBWz_5pyxis5space24cartesian_to_cylindricalpEB4_
FN:81,_RINvNtCs50p3NKwfBWz_5pyxis5space24cylindrical_to_cartesianpEB4_
FN:109,_RINvNtCs50p3NKwfBWz_5pyxis5space24cylindrical_to_sphericalpEB4_
FN:165,_RINvNtCs50p3NKwfBWz_5pyxis5space24spherical_to_cylindricalpEB4_
FN:52,_RINvNtCshjdOAmE7UUc_5pyxis5space22cartesian_to_sphericalpEB4_
FN:137,_RINvNtCshjdOAmE7UUc_5pyxis5space22spherical_to_cartesianpEB4_
FN:24,_RINvNtCshjdOAmE7UUc_5pyxis5space24cartesian_to_cylindricalpEB4_
FN:81,_RINvNtCshjdOAmE7UUc_5pyxis5space24cylindrical_to_cartesianpEB4_
FN:109,_RINvNtCshjdOAmE7UUc_5pyxis5space24cylindrical_to_sphericalpEB4_
FN:165,_RINvNtCshjdOAmE7UUc_5pyxis5space24spherical_to_cylindricalpEB4_
FN:52,_RINvNtCse8wc5VQURve_5pyxis5space22cartesian_to_sphericaldECskamN23DcLqm_5pyxis
FN:137,_RINvNtCse8wc5VQURve_5pyxis5space22spherical_to_cartesiandECskamN23DcLqm_5pyxis
FN:24,_RINvNtCse8wc5VQURve_5pyxis5space24cartesian_to_cylindricaldECskamN23DcLqm_5pyxis
FN:81,_RINvNtCse8wc5VQURve_5pyxis5space24cylindrical_to_cartesiandECskamN23DcLqm_5pyxis
FN:109,_RINvNtCse8wc5VQURve_5pyxis5space24cylindrical_to_sphericaldECskamN23DcLqm_5pyxis
FN:165,_RINvNtCse8wc5VQURve_5pyxis5space24spherical_to_cylindricaldECskamN23DcLqm_5pyxis
FN:52,_RINvNtCse8wc5VQURve_5pyxis5space22cartesian_to_sphericalpEB4_
FN:137,_RINvNtCse8wc5VQURve_5pyxis5space22spherical_to_cartesianpEB4_
FN:24,_RINvNtCse8wc5VQURve_5pyxis5space24cartesian_to_cylindricalpEB4_
FN:81,_RINvNtCse8wc5VQURve_5pyxis5space24cylindrical_to_cartesianpEB4_
FN:109,_RINvNtCse8wc5VQURve_5pyxis5space24cylindrical_to_sphericalpEB4_
FN:165,_RINvNtCse8wc5VQURve_5pyxis5space24spherical_to_cylindricalpEB4_
FN:52,_RINvNtCse8wc5VQURve_5pyxis5space22cartesian_to_sphericaldECse5oDoa7so4d_8pyxis_py
FN:137,_RINvNtCse8wc5VQURve_5pyxis5space22spherical_to_cartesiandECse5oDoa7so4d_8pyxis_py
FN:24,_RINvNtCse8wc5VQURve_5pyxis5space24cartesian_to_cylindricaldECse5oDoa7so4d_8pyxis_py
FN:81,_RINvNtCse8wc5VQURve_5pyxis5space24cylindrical_to_cartesiandECse5oDoa7so4d_8pyxis_py
FN:109,_RINvNtCse8wc5VQURve_5pyxis5space24cylindrical_to_sphericaldECse5oDoa7so4d_8pyxis_py
FN:165,_RINvNtCse8wc5VQURve_5pyxis5space24spherical_to_cylindricaldECse5oDoa7so4d_8pyxis_py
FN:52,_RINvNtCs5jFUyfTZGOi_5pyxis5space22cartesian_to_sphericaldECs7R9DD1F5i3A_8pyxis_py
FN:137,_RINvNtCs5jFUyfTZGOi_5pyxis5space22spherical_to_cartesiandECs7R9DD1F5i3A_8pyxis_py
FN:24,_RINvNtCs5jFUyfTZGOi_5pyxis5space24cartesian_to_cylindricaldECs7R9DD1F5i3A_8pyxis_py
FN:81,_RINvNtCs5jFUyfTZGOi_5pyxis5space24cylindrical_to_cartesiandECs7R9DD1F5i3A_8pyxis_py
FN:109,_RINvNtCs5jFUyfTZGOi_5pyxis5space24cylindrical_to_sphericaldECs7R9DD1F5i3A_8pyxis_py
FN:165,_RINvNtCs5jFUyfTZGOi_5pyxis5space24spherical_to_cylindricaldECs7R9DD1F5i3A_8pyxis_py
FN:52,_RINvNtCs5jFUyfTZGOi_5pyxis5space22cartesian_to_sphericalpEB4_
FN:137,_RINvNtCs5jFUyfTZGOi_5pyxis5space22spherical_to_cartesianpEB4_
FN:24,_RINvNtCs5jFUyfTZGOi_5pyxis5space24cartesian_to_cylindricalpEB4_
FN:81,_RINvNtCs5jFUyfTZGOi_5pyxis5space24cylindrical_to_cartesianpEB4_
FN:109,_RINvNtCs5jFUyfTZGOi_5pyxis5space24cylindrical_to_sphericalpEB4_
FN:165,_RINvNtCs5jFUyfTZGOi_5pyxis5space24spherical_to_cylindricalpEB4_
FNDA:0,_RINvNtCs50p3NKwfBWz_5pyxis5space22cartesian_to_sphericalpEB4_
FNDA:0,_RINvNtCs50p3NKwfBWz_5pyxis5space22spherical_to_cartesianpEB4_
FNDA:0,_RINvNtCs50p3NKwfBWz_5pyxis5space24cartesian_to_cylindricalpEB4_
FNDA:0,_RINvNtCs50p3NKwfBWz_5pyxis5space24cylindrical_to_cartesianpEB4_
FNDA:0,_RINvNtCs50p3NKwfBWz_5pyxis5space24cylindrical_to_sphericalpEB4_
FNDA:0,_RINvNtCs50p3NKwfBWz_5pyxis5space24spherical_to_cylindricalpEB4_
FNDA:0,_RINvNtCshjdOAmE7UUc_5pyxis5space22cartesian_to_sphericalpEB4_
FNDA:0,_RINvNtCshjdOAmE7UUc_5pyxis5space22spherical_to_cartesianpEB4_
FNDA:0,_RINvNtCshjdOAmE7UUc_5pyxis5space24cartesian_to_cylindricalpEB4_
FNDA:0,_RINvNtCshjdOAmE7UUc_5pyxis5space24cylindrical_to_cartesianpEB4_
FNDA:0,_RINvNtCshjdOAmE7UUc_5pyxis5space24cylindrical_to_sphericalpEB4_
FNDA:0,_RINvNtCshjdOAmE7UUc_5pyxis5space24spherical_to_cylindricalpEB4_
FNDA:2,_RINvNtCse8wc5VQURve_5pyxis5space22cartesian_to_sphericaldECskamN23DcLqm_5pyxis
FNDA:2,_RINvNtCse8wc5VQURve_5pyxis5space22spherical_to_cartesiandECskamN23DcLqm_5pyxis
FNDA:2,_RINvNtCse8wc5VQURve_5pyxis5space24cartesian_to_cylindricaldECskamN23DcLqm_5pyxis
FNDA:2,_RINvNtCse8wc5VQURve_5pyxis5space24cylindrical_to_cartesiandECskamN23DcLqm_5pyxis
FNDA:2,_RINvNtCse8wc5VQURve_5pyxis5space24cylindrical_to_sphericaldECskamN23DcLqm_5pyxis
FNDA:2,_RINvNtCse8wc5VQURve_5pyxis5space24spherical_to_cylindricaldECskamN23DcLqm_5pyxis
FNDA:0,_RINvNtCse8wc5VQURve_5pyxis5space22cartesian_to_sphericalpEB4_
FNDA:0,_RINvNtCse8wc5VQURve_5pyxis5space22spherical_to_cartesianpEB4_
FNDA:0,_RINvNtCse8wc5VQURve_5pyxis5space24cartesian_to_cylindricalpEB4_
FNDA:0,_RINvNtCse8wc5VQURve_5pyxis5space24cylindrical_to_cartesianpEB4_
FNDA:0,_RINvNtCse8wc5VQURve_5pyxis5space24cylindrical_to_sphericalpEB4_
FNDA:0,_RINvNtCse8wc5VQURve_5pyxis5space24spherical_to_cylindricalpEB4_
FNDA:0,_RINvNtCse8wc5VQURve_5pyxis5space22cartesian_to_sphericaldECse5oDoa7so4d_8pyxis_py
FNDA:0,_RINvNtCse8wc5VQURve_5pyxis5space22spherical_to_cartesiandECse5oDoa7so4d_8pyxis_py
FNDA:0,_RINvNtCse8wc5VQURve_5pyxis5space24cartesian_to_cylindricaldECse5oDoa7so4d_8pyxis_py
FNDA:0,_RINvNtCse8wc5VQURve_5pyxis5space24cylindrical_to_cartesiandECse5oDoa7so4d_8pyxis_py
FNDA:0,_RINvNtCse8wc5VQURve_5pyxis5space24cylindrical_to_sphericaldECse5oDoa7so4d_8pyxis_py
FNDA:0,_RINvNtCse8wc5VQURve_5pyxis5space24spherical_to_cylindricaldECse5oDoa7so4d_8pyxis_py
FNDA:0,_RINvNtCs5jFUyfTZGOi_5pyxis5space22cartesian_to_sphericaldECs7R9DD1F5i3A_8pyxis_py
FNDA:0,_RINvNtCs5jFUyfTZGOi_5pyxis5space22spherical_to_cartesiandECs7R9DD1F5i3A_8pyxis_py
FNDA:0,_RINvNtCs5jFUyfTZGOi_5pyxis5space24cartesian_to_cylindricaldECs7R9DD1F5i3A_8pyxis_py
FNDA:0,_RINvNtCs5jFUyfTZGOi_5pyxis5space24cylindrical_to_cartesiandECs7R9DD1F5i3A_8pyxis_py
FNDA:0,_RINvNtCs5jFUyfTZGOi_5pyxis5space24cylindrical_to_sphericaldECs7R9DD1F5i3A_8pyxis_py
FNDA:0,_RINvNtCs5jFUyfTZGOi_5pyxis5space24spherical_to_cylindricaldECs7R9DD1F5i3A_8pyxis_py
FNDA:0,_RINvNtCs5jFUyfTZGOi_5pyxis5space22cartesian_to_sphericalpEB4_
FNDA:0,_RINvNtCs5jFUyfTZGOi_5pyxis5space22spherical_to_cartesianpEB4_
FNDA:0,_RINvNtCs5jFUyfTZGOi_5pyxis5space24cartesian_to_cylindricalpEB4_
FNDA:0,_RINvNtCs5jFUyfTZGOi_5pyxis5space24cylindrical_to_cartesianpEB4_
FNDA:0,_RINvNtCs5jFUyfTZGOi_5pyxis5space24cylindrical_to_sphericalpEB4_
FNDA:0,_RINvNtCs5jFUyfTZGOi_5pyxis5space24spherical_to_cylindricalpEB4_
FNF:6
FNH:6
DA:24,2
DA:25,2
DA:26,2
DA:27,2
DA:28,2
DA:29,2
DA:52,2
DA:53,2
DA:54,2
DA:55,2
DA:56,2
DA:57,2
DA:58,2
DA:81,2
DA:82,2
DA:83,2
DA:84,2
DA:85,2
DA:86,2
DA:109,2
DA:110,2
DA:111,2
DA:112,2
DA:113,2
DA:114,2
DA:137,2
DA:138,2
DA:139,2
DA:140,2
DA:141,2
DA:142,2
DA:165,2
DA:166,2
DA:167,2
DA:168,2
DA:169,2
DA:170,2
BRF:0
BRH:0
LF:37
LH:37
end_of_record
SF:D:\project\pyxis\crates\pyxis\src\types.rs
FN:80,_RNvXs1_NtCs50p3NKwfBWz_5pyxis5typesdINtB5_14ConstEllipsoiddE13krasovsky1940
FN:83,_RNvXs1_NtCs50p3NKwfBWz_5pyxis5typesdINtB5_14ConstEllipsoiddE5wgs84
FN:37,_RNCNvNtCs50p3NKwfBWz_5pyxis5types11GRS1980_F320B5_
FN:63,_RNCNvNtCs50p3NKwfBWz_5pyxis5types11GRS1980_F640B5_
FN:39,_RNCNvNtCs50p3NKwfBWz_5pyxis5types11IAG1975_F320B5_
FN:65,_RNCNvNtCs50p3NKwfBWz_5pyxis5types11IAG1975_F640B5_
FN:41,_RNCNvNtCs50p3NKwfBWz_5pyxis5types17KRASOVSKY1940_F320B5_
FN:67,_RNCNvNtCs50p3NKwfBWz_5pyxis5types17KRASOVSKY1940_F640B5_
FN:43,_RNCNvNtCs50p3NKwfBWz_5pyxis5types9WGS84_F320B5_
FN:69,_RNCNvNtCs50p3NKwfBWz_5pyxis5types9WGS84_F640B5_
FN:54,_RNvXs0_NtCs50p3NKwfBWz_5pyxis5typesfINtB5_14ConstEllipsoidfE13krasovsky1940
FN:57,_RNvXs0_NtCs50p3NKwfBWz_5pyxis5typesfINtB5_14ConstEllipsoidfE5wgs84
FN:51,_RNvXs0_NtCs50p3NKwfBWz_5pyxis5typesfINtB5_14ConstEllipsoidfE7grs1980
FN:48,_RNvXs0_NtCs50p3NKwfBWz_5pyxis5typesfINtB5_14ConstEllipsoidfE7iag1975
FN:45,_RNvXs0_NtCs50p3NKwfBWz_5pyxis5typesfINtB5_14ConstEllipsoidfE8cgcs2000
FN:77,_RNvXs1_NtCs50p3NKwfBWz_5pyxis5typesdINtB5_14ConstEllipsoiddE7grs1980
FN:74,_RNvXs1_NtCs50p3NKwfBWz_5pyxis5typesdINtB5_14ConstEllipsoiddE7iag1975
FN:71,_RNvXs1_NtCs50p3NKwfBWz_5pyxis5typesdINtB5_14ConstEllipsoiddE8cgcs2000
FN:80,_RNvXs1_NtCshjdOAmE7UUc_5pyxis5typesdINtB5_14ConstEllipsoiddE13krasovsky1940
FN:83,_RNvXs1_NtCshjdOAmE7UUc_5pyxis5typesdINtB5_14ConstEllipsoiddE5wgs84
FN:37,_RNCNvNtCshjdOAmE7UUc_5pyxis5types11GRS1980_F320B5_
FN:63,_RNCNvNtCshjdOAmE7UUc_5pyxis5types11GRS1980_F640B5_
FN:39,_RNCNvNtCshjdOAmE7UUc_5pyxis5types11IAG1975_F320B5_
FN:65,_RNCNvNtCshjdOAmE7UUc_5pyxis5types11IAG1975_F640B5_
FN:41,_RNCNvNtCshjdOAmE7UUc_5pyxis5types17KRASOVSKY1940_F320B5_
FN:67,_RNCNvNtCshjdOAmE7UUc_5pyxis5types17KRASOVSKY1940_F640B5_
FN:43,_RNCNvNtCshjdOAmE7UUc_5pyxis5types9WGS84_F320B5_
FN:69,_RNCNvNtCshjdOAmE7UUc_5pyxis5types9WGS84_F640B5_
FN:54,_RNvXs0_NtCshjdOAmE7UUc_5pyxis5typesfINtB5_14ConstEllipsoidfE13krasovsky1940
FN:57,_RNvXs0_NtCshjdOAmE7UUc_5pyxis5typesfINtB5_14ConstEllipsoidfE5wgs84
FN:51,_RNvXs0_NtCshjdOAmE7UUc_5pyxis5typesfINtB5_14ConstEllipsoidfE7grs1980
FN:48,_RNvXs0_NtCshjdOAmE7UUc_5pyxis5typesfINtB5_14ConstEllipsoidfE7iag1975
FN:45,_RNvXs0_NtCshjdOAmE7UUc_5pyxis5typesfINtB5_14ConstEllipsoidfE8cgcs2000
FN:77,_RNvXs1_NtCshjdOAmE7UUc_5pyxis5typesdINtB5_14ConstEllipsoiddE7grs1980
FN:74,_RNvXs1_NtCshjdOAmE7UUc_5pyxis5typesdINtB5_14ConstEllipsoiddE7iag1975
FN:71,_RNvXs1_NtCshjdOAmE7UUc_5pyxis5typesdINtB5_14ConstEllipsoiddE8cgcs2000
FN:54,_RNvXs0_NtCse8wc5VQURve_5pyxis5typesfINtB5_14ConstEllipsoidfE13krasovsky1940
FN:57,_RNvXs0_NtCse8wc5VQURve_5pyxis5typesfINtB5_14ConstEllipsoidfE5wgs84
FN:51,_RNvXs0_NtCse8wc5VQURve_5pyxis5typesfINtB5_14ConstEllipsoidfE7grs1980
FN:48,_RNvXs0_NtCse8wc5VQURve_5pyxis5typesfINtB5_14ConstEllipsoidfE7iag1975
FN:45,_RNvXs0_NtCse8wc5VQURve_5pyxis5typesfINtB5_14ConstEllipsoidfE8cgcs2000
FN:80,_RNvXs1_NtCse8wc5VQURve_5pyxis5typesdINtB5_14ConstEllipsoiddE13krasovsky1940
FN:83,_RNvXs1_NtCse8wc5VQURve_5pyxis5typesdINtB5_14ConstEllipsoiddE5wgs84
FN:77,_RNvXs1_NtCse8wc5VQURve_5pyxis5typesdINtB5_14ConstEllipsoiddE7grs1980
FN:74,_RNvXs1_NtCse8wc5VQURve_5pyxis5typesdINtB5_14ConstEllipsoiddE7iag1975
FN:71,_RNvXs1_NtCse8wc5VQURve_5pyxis5typesdINtB5_14ConstEllipsoiddE8cgcs2000
FN:37,_RNCNvNtCse8wc5VQURve_5pyxis5types11GRS1980_F320B5_
FN:63,_RNCNvNtCse8wc5VQURve_5pyxis5types11GRS1980_F640B5_
FN:39,_RNCNvNtCse8wc5VQURve_5pyxis5types11IAG1975_F320B5_
FN:65,_RNCNvNtCse8wc5VQURve_5pyxis5types11IAG1975_F640B5_
FN:41,_RNCNvNtCse8wc5VQURve_5pyxis5types17KRASOVSKY1940_F320B5_
FN:67,_RNCNvNtCse8wc5VQURve_5pyxis5types17KRASOVSKY1940_F640B5_
FN:43,_RNCNvNtCse8wc5VQURve_5pyxis5types9WGS84_F320B5_
FN:69,_RNCNvNtCse8wc5VQURve_5pyxis5types9WGS84_F640B5_
FN:54,_RNvXs0_NtCs5jFUyfTZGOi_5pyxis5typesfINtB5_14ConstEllipsoidfE13krasovsky1940
FN:57,_RNvXs0_NtCs5jFUyfTZGOi_5pyxis5typesfINtB5_14ConstEllipsoidfE5wgs84
FN:51,_RNvXs0_NtCs5jFUyfTZGOi_5pyxis5typesfINtB5_14ConstEllipsoidfE7grs1980
FN:48,_RNvXs0_NtCs5jFUyfTZGOi_5pyxis5typesfINtB5_14ConstEllipsoidfE7iag1975
FN:45,_RNvXs0_NtCs5jFUyfTZGOi_5pyxis5typesfINtB5_14ConstEllipsoidfE8cgcs2000
FN:80,_RNvXs1_NtCs5jFUyfTZGOi_5pyxis5typesdINtB5_14ConstEllipsoiddE13krasovsky1940
FN:83,_RNvXs1_NtCs5jFUyfTZGOi_5pyxis5typesdINtB5_14ConstEllipsoiddE5wgs84
FN:77,_RNvXs1_NtCs5jFUyfTZGOi_5pyxis5typesdINtB5_14ConstEllipsoiddE7grs1980
FN:74,_RNvXs1_NtCs5jFUyfTZGOi_5pyxis5typesdINtB5_14ConstEllipsoiddE7iag1975
FN:71,_RNvXs1_NtCs5jFUyfTZGOi_5pyxis5typesdINtB5_14ConstEllipsoiddE8cgcs2000
FN:37,_RNCNvNtCs5jFUyfTZGOi_5pyxis5types11GRS1980_F320B5_
FN:63,_RNCNvNtCs5jFUyfTZGOi_5pyxis5types11GRS1980_F640B5_
FN:39,_RNCNvNtCs5jFUyfTZGOi_5pyxis5types11IAG1975_F320B5_
FN:65,_RNCNvNtCs5jFUyfTZGOi_5pyxis5types11IAG1975_F640B5_
FN:41,_RNCNvNtCs5jFUyfTZGOi_5pyxis5types17KRASOVSKY1940_F320B5_
FN:67,_RNCNvNtCs5jFUyfTZGOi_5pyxis5types17KRASOVSKY1940_F640B5_
FN:43,_RNCNvNtCs5jFUyfTZGOi_5pyxis5types9WGS84_F320B5_
FN:69,_RNCNvNtCs5jFUyfTZGOi_5pyxis5types9WGS84_F640B5_
FNDA:11286,_RNvXs1_NtCs50p3NKwfBWz_5pyxis5typesdINtB5_14ConstEllipsoiddE13krasovsky1940
FNDA:120,_RNvXs1_NtCs50p3NKwfBWz_5pyxis5typesdINtB5_14ConstEllipsoiddE5wgs84
FNDA:0,_RNCNvNtCs50p3NKwfBWz_5pyxis5types11GRS1980_F320B5_
FNDA:0,_RNCNvNtCs50p3NKwfBWz_5pyxis5types11GRS1980_F640B5_
FNDA:0,_RNCNvNtCs50p3NKwfBWz_5pyxis5types11IAG1975_F320B5_
FNDA:0,_RNCNvNtCs50p3NKwfBWz_5pyxis5types11IAG1975_F640B5_
FNDA:0,_RNCNvNtCs50p3NKwfBWz_5pyxis5types17KRASOVSKY1940_F320B5_
FNDA:2,_RNCNvNtCs50p3NKwfBWz_5pyxis5types17KRASOVSKY1940_F640B5_
FNDA:0,_RNCNvNtCs50p3NKwfBWz_5pyxis5types9WGS84_F320B5_
FNDA:2,_RNCNvNtCs50p3NKwfBWz_5pyxis5types9WGS84_F640B5_
FNDA:0,_RNvXs0_NtCs50p3NKwfBWz_5pyxis5typesfINtB5_14ConstEllipsoidfE13krasovsky1940
FNDA:0,_RNvXs0_NtCs50p3NKwfBWz_5pyxis5typesfINtB5_14ConstEllipsoidfE5wgs84
FNDA:0,_RNvXs0_NtCs50p3NKwfBWz_5pyxis5typesfINtB5_14ConstEllipsoidfE7grs1980
FNDA:0,_RNvXs0_NtCs50p3NKwfBWz_5pyxis5typesfINtB5_14ConstEllipsoidfE7iag1975
FNDA:0,_RNvXs0_NtCs50p3NKwfBWz_5pyxis5typesfINtB5_14ConstEllipsoidfE8cgcs2000
FNDA:0,_RNvXs1_NtCs50p3NKwfBWz_5pyxis5typesdINtB5_14ConstEllipsoiddE7grs1980
FNDA:0,_RNvXs1_NtCs50p3NKwfBWz_5pyxis5typesdINtB5_14ConstEllipsoiddE7iag1975
FNDA:0,_RNvXs1_NtCs50p3NKwfBWz_5pyxis5typesdINtB5_14ConstEllipsoiddE8cgcs2000
FNDA:6240424,_RNvXs1_NtCshjdOAmE7UUc_5pyxis5typesdINtB5_14ConstEllipsoiddE13krasovsky1940
FNDA:60000,_RNvXs1_NtCshjdOAmE7UUc_5pyxis5typesdINtB5_14ConstEllipsoiddE5wgs84
FNDA:0,_RNCNvNtCshjdOAmE7UUc_5pyxis5types11GRS1980_F320B5_
FNDA:0,_RNCNvNtCshjdOAmE7UUc_5pyxis5types11GRS1980_F640B5_
FNDA:0,_RNCNvNtCshjdOAmE7UUc_5pyxis5types11IAG1975_F320B5_
FNDA:0,_RNCNvNtCshjdOAmE7UUc_5pyxis5types11IAG1975_F640B5_
FNDA:0,_RNCNvNtCshjdOAmE7UUc_5pyxis5types17KRASOVSKY1940_F320B5_
FNDA:1,_RNCNvNtCshjdOAmE7UUc_5pyxis5types17KRASOVSKY1940_F640B5_
FNDA:0,_RNCNvNtCshjdOAmE7UUc_5pyxis5types9WGS84_F320B5_
FNDA:1,_RNCNvNtCshjdOAmE7UUc_5pyxis5types9WGS84_F640B5_
FNDA:0,_RNvXs0_NtCshjdOAmE7UUc_5pyxis5typesfINtB5_14ConstEllipsoidfE13krasovsky1940
FNDA:0,_RNvXs0_NtCshjdOAmE7UUc_5pyxis5typesfINtB5_14ConstEllipsoidfE5wgs84
FNDA:0,_RNvXs0_NtCshjdOAmE7UUc_5pyxis5typesfINtB5_14ConstEllipsoidfE7grs1980
FNDA:0,_RNvXs0_NtCshjdOAmE7UUc_5pyxis5typesfINtB5_14ConstEllipsoidfE7iag1975
FNDA:0,_RNvXs0_NtCshjdOAmE7UUc_5pyxis5typesfINtB5_14ConstEllipsoidfE8cgcs2000
FNDA:0,_RNvXs1_NtCshjdOAmE7UUc_5pyxis5typesdINtB5_14ConstEllipsoiddE7grs1980
FNDA:0,_RNvXs1_NtCshjdOAmE7UUc_5pyxis5typesdINtB5_14ConstEllipsoiddE7iag1975
FNDA:0,_RNvXs1_NtCshjdOAmE7UUc_5pyxis5typesdINtB5_14ConstEllipsoiddE8cgcs2000
FNDA:0,_RNvXs0_NtCse8wc5VQURve_5pyxis5typesfINtB5_14ConstEllipsoidfE13krasovsky1940
FNDA:0,_RNvXs0_NtCse8wc5VQURve_5pyxis5typesfINtB5_14ConstEllipsoidfE5wgs84
FNDA:0,_RNvXs0_NtCse8wc5VQURve_5pyxis5typesfINtB5_14ConstEllipsoidfE7grs1980
FNDA:0,_RNvXs0_NtCse8wc5VQURve_5pyxis5typesfINtB5_14ConstEllipsoidfE7iag1975
FNDA:0,_RNvXs0_NtCse8wc5VQURve_5pyxis5typesfINtB5_14ConstEllipsoidfE8cgcs2000
FNDA:968,_RNvXs1_NtCse8wc5VQURve_5pyxis5typesdINtB5_14ConstEllipsoiddE13krasovsky1940
FNDA:318,_RNvXs1_NtCse8wc5VQURve_5pyxis5typesdINtB5_14ConstEllipsoiddE5wgs84
FNDA:0,_RNvXs1_NtCse8wc5VQURve_5pyxis5typesdINtB5_14ConstEllipsoiddE7grs1980
FNDA:0,_RNvXs1_NtCse8wc5VQURve_5pyxis5typesdINtB5_14ConstEllipsoiddE7iag1975
FNDA:0,_RNvXs1_NtCse8wc5VQURve_5pyxis5typesdINtB5_14ConstEllipsoiddE8cgcs2000
FNDA:0,_RNCNvNtCse8wc5VQURve_5pyxis5types11GRS1980_F320B5_
FNDA:0,_RNCNvNtCse8wc5VQURve_5pyxis5types11GRS1980_F640B5_
FNDA:0,_RNCNvNtCse8wc5VQURve_5pyxis5types11IAG1975_F320B5_
FNDA:0,_RNCNvNtCse8wc5VQURve_5pyxis5types11IAG1975_F640B5_
FNDA:0,_RNCNvNtCse8wc5VQURve_5pyxis5types17KRASOVSKY1940_F320B5_
FNDA:20,_RNCNvNtCse8wc5VQURve_5pyxis5types17KRASOVSKY1940_F640B5_
FNDA:0,_RNCNvNtCse8wc5VQURve_5pyxis5types9WGS84_F320B5_
FNDA:4,_RNCNvNtCse8wc5VQURve_5pyxis5types9WGS84_F640B5_
FNDA:0,_RNvXs0_NtCs5jFUyfTZGOi_5pyxis5typesfINtB5_14ConstEllipsoidfE13krasovsky1940
FNDA:0,_RNvXs0_NtCs5jFUyfTZGOi_5pyxis5typesfINtB5_14ConstEllipsoidfE5wgs84
FNDA:0,_RNvXs0_NtCs5jFUyfTZGOi_5pyxis5typesfINtB5_14ConstEllipsoidfE7grs1980
FNDA:0,_RNvXs0_NtCs5jFUyfTZGOi_5pyxis5typesfINtB5_14ConstEllipsoidfE7iag1975
FNDA:0,_RNvXs0_NtCs5jFUyfTZGOi_5pyxis5typesfINtB5_14ConstEllipsoidfE8cgcs2000
FNDA:484,_RNvXs1_NtCs5jFUyfTZGOi_5pyxis5typesdINtB5_14ConstEllipsoiddE13krasovsky1940
FNDA:159,_RNvXs1_NtCs5jFUyfTZGOi_5pyxis5typesdINtB5_14ConstEllipsoiddE5wgs84
FNDA:0,_RNvXs1_NtCs5jFUyfTZGOi_5pyxis5typesdINtB5_14ConstEllipsoiddE7grs1980
FNDA:0,_RNvXs1_NtCs5jFUyfTZGOi_5pyxis5typesdINtB5_14ConstEllipsoiddE7iag1975
FNDA:0,_RNvXs1_NtCs5jFUyfTZGOi_5pyxis5typesdINtB5_14ConstEllipsoiddE8cgcs2000
FNDA:0,_RNCNvNtCs5jFUyfTZGOi_5pyxis5types11GRS1980_F320B5_
FNDA:0,_RNCNvNtCs5jFUyfTZGOi_5pyxis5types11GRS1980_F640B5_
FNDA:0,_RNCNvNtCs5jFUyfTZGOi_5pyxis5types11IAG1975_F320B5_
FNDA:0,_RNCNvNtCs5jFUyfTZGOi_5pyxis5types11IAG1975_F640B5_
FNDA:0,_RNCNvNtCs5jFUyfTZGOi_5pyxis5types17KRASOVSKY1940_F320B5_
FNDA:10,_RNCNvNtCs5jFUyfTZGOi_5pyxis5types17KRASOVSKY1940_F640B5_
FNDA:0,_RNCNvNtCs5jFUyfTZGOi_5pyxis5types9WGS84_F320B5_
FNDA:2,_RNCNvNtCs5jFUyfTZGOi_5pyxis5types9WGS84_F640B5_
FNF:18
FNH:4
DA:37,0
DA:39,0
DA:41,0
DA:43,0
DA:45,0
DA:46,0
DA:47,0
DA:48,0
DA:49,0
DA:50,0
DA:51,0
DA:52,0
DA:53,0
DA:54,0
DA:55,0
DA:56,0
DA:57,0
DA:58,0
DA:59,0
DA:63,0
DA:65,0
DA:67,33
DA:69,9
DA:71,0
DA:72,0
DA:73,0
DA:74,0
DA:75,0
DA:76,0
DA:77,0
DA:78,0
DA:79,0
DA:80,6253162
DA:81,6253162
DA:82,6253162
DA:83,60597
DA:84,60597
DA:85,60597
BRF:0
BRH:0
LF:38
LH:8
end_of_record