SF:D:\project\pyxis\rust-cuda\src\context.rs
FN:128,_RNvMs0_NtCshUcEzcJvfk5_10pyxis_cuda7contextNtB5_16PyxisCudaContext14set_block_size
FN:47,_RNvMs_NtCshUcEzcJvfk5_10pyxis_cuda7contextNtB4_16PyxisCudaContext14set_size_limit
FN:53,_RNvMs_NtCshUcEzcJvfk5_10pyxis_cuda7contextNtB4_16PyxisCudaContext15set_count_limit
FN:153,_RINvMs1_NtCshUcEzcJvfk5_10pyxis_cuda7contextNtB6_16PyxisCudaContext12get_functiondEB8_
FN:29,_RNvMNtCshUcEzcJvfk5_10pyxis_cuda7contextNtB2_16PyxisCudaContext3new
FN:138,_RNvMs0_NtCshUcEzcJvfk5_10pyxis_cuda7contextNtB5_16PyxisCudaContext14get_grid_block
FN:166,_RNvMs1_NtCshUcEzcJvfk5_10pyxis_cuda7contextNtB5_16PyxisCudaContext24device_buffer_from_slice
FN:77,_RNvMs_NtCshUcEzcJvfk5_10pyxis_cuda7contextNtB4_16PyxisCudaContext10add_module
FN:59,_RNvMs_NtCshUcEzcJvfk5_10pyxis_cuda7contextNtB4_16PyxisCudaContext10get_module
FN:115,_RNvMs_NtCshUcEzcJvfk5_10pyxis_cuda7contextNtB4_16PyxisCudaContext18remove_last_module
FN:29,_RNvMNtCsXXU5VAuCCX_10pyxis_cuda7contextNtB2_16PyxisCudaContext3new
FN:138,_RNvMs0_NtCsXXU5VAuCCX_10pyxis_cuda7contextNtB5_16PyxisCudaContext14get_grid_block
FN:166,_RNvMs1_NtCsXXU5VAuCCX_10pyxis_cuda7contextNtB5_16PyxisCudaContext24device_buffer_from_slice
FN:77,_RNvMs_NtCsXXU5VAuCCX_10pyxis_cuda7contextNtB4_16PyxisCudaContext10add_module
FN:59,_RNvMs_NtCsXXU5VAuCCX_10pyxis_cuda7contextNtB4_16PyxisCudaContext10get_module
FN:115,_RNvMs_NtCsXXU5VAuCCX_10pyxis_cuda7contextNtB4_16PyxisCudaContext18remove_last_module
FN:153,_RINvMs1_NtCsXXU5VAuCCX_10pyxis_cuda7contextNtB6_16PyxisCudaContext12get_functiondEB8_
FN:128,_RNvMs0_NtCsXXU5VAuCCX_10pyxis_cuda7contextNtB5_16PyxisCudaContext14set_block_size
FN:47,_RNvMs_NtCsXXU5VAuCCX_10pyxis_cuda7contextNtB4_16PyxisCudaContext14set_size_limit
FN:53,_RNvMs_NtCsXXU5VAuCCX_10pyxis_cuda7contextNtB4_16PyxisCudaContext15set_count_limit
FNDA:0,_RNvMs0_NtCshUcEzcJvfk5_10pyxis_cuda7contextNtB5_16PyxisCudaContext14set_block_size
FNDA:0,_RNvMs_NtCshUcEzcJvfk5_10pyxis_cuda7contextNtB4_16PyxisCudaContext14set_size_limit
FNDA:0,_RNvMs_NtCshUcEzcJvfk5_10pyxis_cuda7contextNtB4_16PyxisCudaContext15set_count_limit
FNDA:65,_RINvMs1_NtCshUcEzcJvfk5_10pyxis_cuda7contextNtB6_16PyxisCudaContext12get_functiondEB8_
FNDA:55,_RNvMNtCshUcEzcJvfk5_10pyxis_cuda7contextNtB2_16PyxisCudaContext3new
FNDA:65,_RNvMs0_NtCshUcEzcJvfk5_10pyxis_cuda7contextNtB5_16PyxisCudaContext14get_grid_block
FNDA:130,_RNvMs1_NtCshUcEzcJvfk5_10pyxis_cuda7contextNtB5_16PyxisCudaContext24device_buffer_from_slice
FNDA:55,_RNvMs_NtCshUcEzcJvfk5_10pyxis_cuda7contextNtB4_16PyxisCudaContext10add_module
FNDA:65,_RNvMs_NtCshUcEzcJvfk5_10pyxis_cuda7contextNtB4_16PyxisCudaContext10get_module
FNDA:0,_RNvMs_NtCshUcEzcJvfk5_10pyxis_cuda7contextNtB4_16PyxisCudaContext18remove_last_module
FNDA:11,_RNvMNtCsXXU5VAuCCX_10pyxis_cuda7contextNtB2_16PyxisCudaContext3new
FNDA:13,_RNvMs0_NtCsXXU5VAuCCX_10pyxis_cuda7contextNtB5_16PyxisCudaContext14get_grid_block
FNDA:26,_RNvMs1_NtCsXXU5VAuCCX_10pyxis_cuda7contextNtB5_16PyxisCudaContext24device_buffer_from_slice
FNDA:11,_RNvMs_NtCsXXU5VAuCCX_10pyxis_cuda7contextNtB4_16PyxisCudaContext10add_module
FNDA:13,_RNvMs_NtCsXXU5VAuCCX_10pyxis_cuda7contextNtB4_16PyxisCudaContext10get_module
FNDA:0,_RNvMs_NtCsXXU5VAuCCX_10pyxis_cuda7contextNtB4_16PyxisCudaContext18remove_last_module
FNDA:13,_RINvMs1_NtCsXXU5VAuCCX_10pyxis_cuda7contextNtB6_16PyxisCudaContext12get_functiondEB8_
FNDA:0,_RNvMs0_NtCsXXU5VAuCCX_10pyxis_cuda7contextNtB5_16PyxisCudaContext14set_block_size
FNDA:0,_RNvMs_NtCsXXU5VAuCCX_10pyxis_cuda7contextNtB4_16PyxisCudaContext14set_size_limit
FNDA:0,_RNvMs_NtCsXXU5VAuCCX_10pyxis_cuda7contextNtB4_16PyxisCudaContext15set_count_limit
FNF:10
FNH:6
DA:29,66
DA:30,66
DA:31,66
DA:32,66
DA:33,66
DA:34,66
DA:35,66
DA:36,66
DA:37,66
DA:38,66
DA:39,66
DA:40,66
DA:41,66
DA:42,66
DA:47,0
DA:48,0
DA:49,0
DA:50,0
DA:51,0
DA:53,0
DA:54,0
DA:55,0
DA:56,0
DA:57,0
DA:59,78
DA:61,78
DA:62,78
DA:63,66
DA:64,66
DA:65,12
DA:68,78
DA:69,78
DA:70,78
DA:71,78
DA:72,78
DA:73,78
DA:74,78
DA:75,78
DA:76,78
DA:77,66
DA:79,66
DA:80,0
DA:82,0
DA:83,0
DA:84,0
DA:85,0
DA:87,66
DA:88,0
DA:90,0
DA:91,0
DA:92,66
DA:94,66
DA:95,66
DA:97,0
DA:98,0
DA:100,0
DA:102,0
DA:105,66
DA:106,66
DA:107,66
DA:108,66
DA:109,66
DA:110,66
DA:111,66
DA:112,66
DA:113,66
DA:114,66
DA:115,0
DA:116,0
DA:117,0
DA:118,0
DA:119,0
DA:120,0
DA:121,0
DA:122,0
DA:123,0
DA:128,0
DA:129,0
DA:130,0
DA:131,0
DA:132,0
DA:138,78
DA:139,78
DA:140,78
DA:141,78
DA:142,78
DA:143,0
DA:145,0
DA:148,78
DA:149,78
DA:153,78
DA:154,78
DA:155,78
DA:156,78
DA:157,78
DA:160,78
DA:161,78
DA:162,78
DA:163,0
DA:165,78
DA:166,156
DA:167,156
DA:168,156
BRDA:62,0,0,55
BRDA:62,0,1,10
BRDA:62,1,2,11
BRDA:62,1,3,2
BRDA:87,0,0,0
BRDA:87,0,1,55
BRDA:87,1,2,0
BRDA:87,1,3,11
BRDA:88,0,0,-
BRDA:88,0,1,-
BRDA:88,1,2,-
BRDA:88,1,3,-
BRDA:94,0,0,55
BRDA:94,0,1,0
BRDA:94,1,2,11
BRDA:94,1,3,0
BRDA:95,0,0,0
BRDA:95,0,1,55
BRDA:95,1,2,0
BRDA:95,1,3,11
BRDA:116,0,0,-
BRDA:116,0,1,-
BRDA:116,1,2,-
BRDA:116,1,3,-
BRDA:117,0,0,-
BRDA:117,0,1,-
BRDA:117,1,2,-
BRDA:117,1,3,-
BRDA:161,0,0,0
BRDA:161,0,1,65
BRDA:161,1,2,0
BRDA:161,1,3,13
BRDA:162,0,0,65
BRDA:162,0,1,0
BRDA:162,1,2,13
BRDA:162,1,3,0
BRF:18
BRH:7
LF:103
LH:64
end_of_record
SF:D:\project\pyxis\rust-cuda\src\crypto_cuda.rs
FN:408,_RNCNvNtNtCshUcEzcJvfk5_10pyxis_cuda11crypto_cuda4tests_15test_exact_cuda0B7_
FN:416,_RNCNvNtNtCshUcEzcJvfk5_10pyxis_cuda11crypto_cuda4tests_15test_exact_cudas0_0B7_
FN:421,_RNCNvNtNtCshUcEzcJvfk5_10pyxis_cuda11crypto_cuda4tests_15test_exact_cudas1_0B7_
FN:426,_RNCNvNtNtCshUcEzcJvfk5_10pyxis_cuda11crypto_cuda4tests_15test_exact_cudas2_0B7_
FN:431,_RNCNvNtNtCshUcEzcJvfk5_10pyxis_cuda11crypto_cuda4tests_15test_exact_cudas3_0B7_
FN:458,_RNCNvNtNtCshUcEzcJvfk5_10pyxis_cuda11crypto_cuda4tests_15test_exact_cudas4_0B7_
FN:495,_RNCNvNtNtCshUcEzcJvfk5_10pyxis_cuda11crypto_cuda4tests_15test_exact_cudas5_0B7_
FN:532,_RNCNvNtNtCshUcEzcJvfk5_10pyxis_cuda11crypto_cuda4tests_15test_exact_cudas6_0B7_
FN:411,_RNCNvNtNtCshUcEzcJvfk5_10pyxis_cuda11crypto_cuda4tests_15test_exact_cudas_0B7_
FN:403,_RNvNtNtCshUcEzcJvfk5_10pyxis_cuda11crypto_cuda4tests_15test_exact_cuda
FN:221,_RNvNtNtCshUcEzcJvfk5_10pyxis_cuda11crypto_cuda4tests_23test_bd09_to_gcj02_cuda
FN:307,_RNvNtNtCshUcEzcJvfk5_10pyxis_cuda11crypto_cuda4tests_23test_bd09_to_wgs84_cuda
FN:239,_RNvNtNtCshUcEzcJvfk5_10pyxis_cuda11crypto_cuda4tests_23test_gcj02_to_bd09_cuda
FN:291,_RNvNtNtCshUcEzcJvfk5_10pyxis_cuda11crypto_cuda4tests_23test_wgs84_to_bd09_cuda
FN:256,_RNvNtNtCshUcEzcJvfk5_10pyxis_cuda11crypto_cuda4tests_24test_gcj02_to_wgs84_cuda
FN:274,_RNvNtNtCshUcEzcJvfk5_10pyxis_cuda11crypto_cuda4tests_24test_wgs84_to_gcj02_cuda
FN:351,_RNvNtNtCshUcEzcJvfk5_10pyxis_cuda11crypto_cuda4tests_29test_bd09_to_gcj02_exact_cuda
FN:325,_RNvNtNtCshUcEzcJvfk5_10pyxis_cuda11crypto_cuda4tests_29test_bd09_to_wgs84_exact_cuda
FN:377,_RNvNtNtCshUcEzcJvfk5_10pyxis_cuda11crypto_cuda4tests_30test_gcj02_to_wgs84_exact_cuda
FN:164,_RINvMNtCshUcEzcJvfk5_10pyxis_cuda11crypto_cudaNtNtB5_7context16PyxisCudaContext17crypto_exact_cudadEB5_
FN:15,_RINvMNtCshUcEzcJvfk5_10pyxis_cuda11crypto_cudaNtNtB5_7context16PyxisCudaContext18bd09_to_gcj02_cudadEB5_
FN:139,_RINvMNtCshUcEzcJvfk5_10pyxis_cuda11crypto_cudaNtNtB5_7context16PyxisCudaContext18bd09_to_wgs84_cudadEB5_
FN:39,_RINvMNtCshUcEzcJvfk5_10pyxis_cuda11crypto_cudaNtNtB5_7context16PyxisCudaContext18gcj02_to_bd09_cudadEB5_
FN:114,_RINvMNtCshUcEzcJvfk5_10pyxis_cuda11crypto_cudaNtNtB5_7context16PyxisCudaContext18wgs84_to_bd09_cudadEB5_
FN:64,_RINvMNtCshUcEzcJvfk5_10pyxis_cuda11crypto_cudaNtNtB5_7context16PyxisCudaContext19gcj02_to_wgs84_cudadEB5_
FN:89,_RINvMNtCshUcEzcJvfk5_10pyxis_cuda11crypto_cudaNtNtB5_7context16PyxisCudaContext19wgs84_to_gcj02_cudadEB5_
FN:408,_RNCNvNtNtCsXXU5VAuCCX_10pyxis_cuda11crypto_cuda4tests_15test_exact_cuda0B7_
FN:416,_RNCNvNtNtCsXXU5VAuCCX_10pyxis_cuda11crypto_cuda4tests_15test_exact_cudas0_0B7_
FN:421,_RNCNvNtNtCsXXU5VAuCCX_10pyxis_cuda11crypto_cuda4tests_15test_exact_cudas1_0B7_
FN:426,_RNCNvNtNtCsXXU5VAuCCX_10pyxis_cuda11crypto_cuda4tests_15test_exact_cudas2_0B7_
FN:431,_RNCNvNtNtCsXXU5VAuCCX_10pyxis_cuda11crypto_cuda4tests_15test_exact_cudas3_0B7_
FN:458,_RNCNvNtNtCsXXU5VAuCCX_10pyxis_cuda11crypto_cuda4tests_15test_exact_cudas4_0B7_
FN:495,_RNCNvNtNtCsXXU5VAuCCX_10pyxis_cuda11crypto_cuda4tests_15test_exact_cudas5_0B7_
FN:532,_RNCNvNtNtCsXXU5VAuCCX_10pyxis_cuda11crypto_cuda4tests_15test_exact_cudas6_0B7_
FN:411,_RNCNvNtNtCsXXU5VAuCCX_10pyxis_cuda11crypto_cuda4tests_15test_exact_cudas_0B7_
FN:164,_RINvMNtCsXXU5VAuCCX_10pyxis_cuda11crypto_cudaNtNtB5_7context16PyxisCudaContext17crypto_exact_cudadEB5_
FN:15,_RINvMNtCsXXU5VAuCCX_10pyxis_cuda11crypto_cudaNtNtB5_7context16PyxisCudaContext18bd09_to_gcj02_cudadEB5_
FN:139,_RINvMNtCsXXU5VAuCCX_10pyxis_cuda11crypto_cudaNtNtB5_7context16PyxisCudaContext18bd09_to_wgs84_cudadEB5_
FN:39,_RINvMNtCsXXU5VAuCCX_10pyxis_cuda11crypto_cudaNtNtB5_7context16PyxisCudaContext18gcj02_to_bd09_cudadEB5_
FN:114,_RINvMNtCsXXU5VAuCCX_10pyxis_cuda11crypto_cudaNtNtB5_7context16PyxisCudaContext18wgs84_to_bd09_cudadEB5_
FN:64,_RINvMNtCsXXU5VAuCCX_10pyxis_cuda11crypto_cudaNtNtB5_7context16PyxisCudaContext19gcj02_to_wgs84_cudadEB5_
FN:89,_RINvMNtCsXXU5VAuCCX_10pyxis_cuda11crypto_cudaNtNtB5_7context16PyxisCudaContext19wgs84_to_gcj02_cudadEB5_
FN:403,_RNvNtNtCsXXU5VAuCCX_10pyxis_cuda11crypto_cuda4tests_15test_exact_cuda
FN:221,_RNvNtNtCsXXU5VAuCCX_10pyxis_cuda11crypto_cuda4tests_23test_bd09_to_gcj02_cuda
FN:307,_RNvNtNtCsXXU5VAuCCX_10pyxis_cuda11crypto_cuda4tests_23test_bd09_to_wgs84_cuda
FN:239,_RNvNtNtCsXXU5VAuCCX_10pyxis_cuda11crypto_cuda4tests_23test_gcj02_to_bd09_cuda
FN:291,_RNvNtNtCsXXU5VAuCCX_10pyxis_cuda11crypto_cuda4tests_23test_wgs84_to_bd09_cuda
FN:256,_RNvNtNtCsXXU5VAuCCX_10pyxis_cuda11crypto_cuda4tests_24test_gcj02_to_wgs84_cuda
FN:274,_RNvNtNtCsXXU5VAuCCX_10pyxis_cuda11crypto_cuda4tests_24test_wgs84_to_gcj02_cuda
FN:351,_RNvNtNtCsXXU5VAuCCX_10pyxis_cuda11crypto_cuda4tests_29test_bd09_to_gcj02_exact_cuda
FN:325,_RNvNtNtCsXXU5VAuCCX_10pyxis_cuda11crypto_cuda4tests_29test_bd09_to_wgs84_exact_cuda
FN:377,_RNvNtNtCsXXU5VAuCCX_10pyxis_cuda11crypto_cuda4tests_30test_gcj02_to_wgs84_exact_cuda
FNDA:150040,_RNCNvNtNtCshUcEzcJvfk5_10pyxis_cuda11crypto_cuda4tests_15test_exact_cuda0B7_
FNDA:150040,_RNCNvNtNtCshUcEzcJvfk5_10pyxis_cuda11crypto_cuda4tests_15test_exact_cudas0_0B7_
FNDA:150040,_RNCNvNtNtCshUcEzcJvfk5_10pyxis_cuda11crypto_cuda4tests_15test_exact_cudas1_0B7_
FNDA:150040,_RNCNvNtNtCshUcEzcJvfk5_10pyxis_cuda11crypto_cuda4tests_15test_exact_cudas2_0B7_
FNDA:150040,_RNCNvNtNtCshUcEzcJvfk5_10pyxis_cuda11crypto_cuda4tests_15test_exact_cudas3_0B7_
FNDA:150040,_RNCNvNtNtCshUcEzcJvfk5_10pyxis_cuda11crypto_cuda4tests_15test_exact_cudas4_0B7_
FNDA:150040,_RNCNvNtNtCshUcEzcJvfk5_10pyxis_cuda11crypto_cuda4tests_15test_exact_cudas5_0B7_
FNDA:150040,_RNCNvNtNtCshUcEzcJvfk5_10pyxis_cuda11crypto_cuda4tests_15test_exact_cudas6_0B7_
FNDA:150040,_RNCNvNtNtCshUcEzcJvfk5_10pyxis_cuda11crypto_cuda4tests_15test_exact_cudas_0B7_
FNDA:5,_RNvNtNtCshUcEzcJvfk5_10pyxis_cuda11crypto_cuda4tests_15test_exact_cuda
FNDA:5,_RNvNtNtCshUcEzcJvfk5_10pyxis_cuda11crypto_cuda4tests_23test_bd09_to_gcj02_cuda
FNDA:5,_RNvNtNtCshUcEzcJvfk5_10pyxis_cuda11crypto_cuda4tests_23test_bd09_to_wgs84_cuda
FNDA:5,_RNvNtNtCshUcEzcJvfk5_10pyxis_cuda11crypto_cuda4tests_23test_gcj02_to_bd09_cuda
FNDA:5,_RNvNtNtCshUcEzcJvfk5_10pyxis_cuda11crypto_cuda4tests_23test_wgs84_to_bd09_cuda
FNDA:5,_RNvNtNtCshUcEzcJvfk5_10pyxis_cuda11crypto_cuda4tests_24test_gcj02_to_wgs84_cuda
FNDA:5,_RNvNtNtCshUcEzcJvfk5_10pyxis_cuda11crypto_cuda4tests_24test_wgs84_to_gcj02_cuda
FNDA:5,_RNvNtNtCshUcEzcJvfk5_10pyxis_cuda11crypto_cuda4tests_29test_bd09_to_gcj02_exact_cuda
FNDA:5,_RNvNtNtCshUcEzcJvfk5_10pyxis_cuda11crypto_cuda4tests_29test_bd09_to_wgs84_exact_cuda
FNDA:5,_RNvNtNtCshUcEzcJvfk5_10pyxis_cuda11crypto_cuda4tests_30test_gcj02_to_wgs84_exact_cuda
FNDA:30,_RINvMNtCshUcEzcJvfk5_10pyxis_cuda11crypto_cudaNtNtB5_7context16PyxisCudaContext17crypto_exact_cudadEB5_
FNDA:5,_RINvMNtCshUcEzcJvfk5_10pyxis_cuda11crypto_cudaNtNtB5_7context16PyxisCudaContext18bd09_to_gcj02_cudadEB5_
FNDA:5,_RINvMNtCshUcEzcJvfk5_10pyxis_cuda11crypto_cudaNtNtB5_7context16PyxisCudaContext18bd09_to_wgs84_cudadEB5_
FNDA:5,_RINvMNtCshUcEzcJvfk5_10pyxis_cuda11crypto_cudaNtNtB5_7context16PyxisCudaContext18gcj02_to_bd09_cudadEB5_
FNDA:5,_RINvMNtCshUcEzcJvfk5_10pyxis_cuda11crypto_cudaNtNtB5_7context16PyxisCudaContext18wgs84_to_bd09_cudadEB5_
FNDA:5,_RINvMNtCshUcEzcJvfk5_10pyxis_cuda11crypto_cudaNtNtB5_7context16PyxisCudaContext19gcj02_to_wgs84_cudadEB5_
FNDA:5,_RINvMNtCshUcEzcJvfk5_10pyxis_cuda11crypto_cudaNtNtB5_7context16PyxisCudaContext19wgs84_to_gcj02_cudadEB5_
FNDA:10,_RNCNvNtNtCsXXU5VAuCCX_10pyxis_cuda11crypto_cuda4tests_15test_exact_cuda0B7_
FNDA:10,_RNCNvNtNtCsXXU5VAuCCX_10pyxis_cuda11crypto_cuda4tests_15test_exact_cudas0_0B7_
FNDA:10,_RNCNvNtNtCsXXU5VAuCCX_10pyxis_cuda11crypto_cuda4tests_15test_exact_cudas1_0B7_
FNDA:10,_RNCNvNtNtCsXXU5VAuCCX_10pyxis_cuda11crypto_cuda4tests_15test_exact_cudas2_0B7_
FNDA:10,_RNCNvNtNtCsXXU5VAuCCX_10pyxis_cuda11crypto_cuda4tests_15test_exact_cudas3_0B7_
FNDA:10,_RNCNvNtNtCsXXU5VAuCCX_10pyxis_cuda11crypto_cuda4tests_15test_exact_cudas4_0B7_
FNDA:10,_RNCNvNtNtCsXXU5VAuCCX_10pyxis_cuda11crypto_cuda4tests_15test_exact_cudas5_0B7_
FNDA:10,_RNCNvNtNtCsXXU5VAuCCX_10pyxis_cuda11crypto_cuda4tests_15test_exact_cudas6_0B7_
FNDA:10,_RNCNvNtNtCsXXU5VAuCCX_10pyxis_cuda11crypto_cuda4tests_15test_exact_cudas_0B7_
FNDA:6,_RINvMNtCsXXU5VAuCCX_10pyxis_cuda11crypto_cudaNtNtB5_7context16PyxisCudaContext17crypto_exact_cudadEB5_
FNDA:1,_RINvMNtCsXXU5VAuCCX_10pyxis_cuda11crypto_cudaNtNtB5_7context16PyxisCudaContext18bd09_to_gcj02_cudadEB5_
FNDA:1,_RINvMNtCsXXU5VAuCCX_10pyxis_cuda11crypto_cudaNtNtB5_7context16PyxisCudaContext18bd09_to_wgs84_cudadEB5_
FNDA:1,_RINvMNtCsXXU5VAuCCX_10pyxis_cuda11crypto_cudaNtNtB5_7context16PyxisCudaContext18gcj02_to_bd09_cudadEB5_
FNDA:1,_RINvMNtCsXXU5VAuCCX_10pyxis_cuda11crypto_cudaNtNtB5_7context16PyxisCudaContext18wgs84_to_bd09_cudadEB5_
FNDA:1,_RINvMNtCsXXU5VAuCCX_10pyxis_cuda11crypto_cudaNtNtB5_7context16PyxisCudaContext19gcj02_to_wgs84_cudadEB5_
FNDA:1,_RINvMNtCsXXU5VAuCCX_10pyxis_cuda11crypto_cudaNtNtB5_7context16PyxisCudaContext19wgs84_to_gcj02_cudadEB5_
FNDA:1,_RNvNtNtCsXXU5VAuCCX_10pyxis_cuda11crypto_cuda4tests_15test_exact_cuda
FNDA:1,_RNvNtNtCsXXU5VAuCCX_10pyxis_cuda11crypto_cuda4tests_23test_bd09_to_gcj02_cuda
FNDA:1,_RNvNtNtCsXXU5VAuCCX_10pyxis_cuda11crypto_cuda4tests_23test_bd09_to_wgs84_cuda
FNDA:1,_RNvNtNtCsXXU5VAuCCX_10pyxis_cuda11crypto_cuda4tests_23test_gcj02_to_bd09_cuda
FNDA:1,_RNvNtNtCsXXU5VAuCCX_10pyxis_cuda11crypto_cuda4tests_23test_wgs84_to_bd09_cuda
FNDA:1,_RNvNtNtCsXXU5VAuCCX_10pyxis_cuda11crypto_cuda4tests_24test_gcj02_to_wgs84_cuda
FNDA:1,_RNvNtNtCsXXU5VAuCCX_10pyxis_cuda11crypto_cuda4tests_24test_wgs84_to_gcj02_cuda
FNDA:1,_RNvNtNtCsXXU5VAuCCX_10pyxis_cuda11crypto_cuda4tests_29test_bd09_to_gcj02_exact_cuda
FNDA:1,_RNvNtNtCsXXU5VAuCCX_10pyxis_cuda11crypto_cuda4tests_29test_bd09_to_wgs84_exact_cuda
FNDA:1,_RNvNtNtCsXXU5VAuCCX_10pyxis_cuda11crypto_cuda4tests_30test_gcj02_to_wgs84_exact_cuda
FNF:26
FNH:26
DA:15,6
DA:16,6
DA:17,6
DA:18,6
DA:19,6
DA:20,6
DA:21,6
DA:22,6
DA:23,6
DA:24,6
DA:25,6
DA:27,6
DA:28,6
DA:29,6
DA:30,6
DA:31,6
DA:32,6
DA:35,6
DA:37,6
DA:38,6
DA:39,6
DA:40,6
DA:41,6
DA:42,6
DA:43,6
DA:44,6
DA:45,6
DA:46,6
DA:47,6
DA:48,6
DA:49,6
DA:52,6
DA:53,6
DA:54,6
DA:55,6
DA:56,6
DA:57,6
DA:60,6
DA:62,6
DA:63,6
DA:64,6
DA:65,6
DA:66,6
DA:67,6
DA:68,6
DA:69,6
DA:70,6
DA:71,6
DA:72,6
DA:73,6
DA:74,6
DA:77,6
DA:78,6
DA:79,6
DA:80,6
DA:81,6
DA:82,6
DA:85,6
DA:87,6
DA:88,6
DA:89,6
DA:90,6
DA:91,6
DA:92,6
DA:93,6
DA:94,6
DA:95,6
DA:96,6
DA:97,6
DA:98,6
DA:99,6
DA:102,6
DA:103,6
DA:104,6
DA:105,6
DA:106,6
DA:107,6
DA:110,6
DA:112,6
DA:113,6
DA:114,6
DA:115,6
DA:116,6
DA:117,6
DA:118,6
DA:119,6
DA:120,6
DA:121,6
DA:122,6
DA:123,6
DA:124,6
DA:127,6
DA:128,6
DA:129,6
DA:130,6
DA:131,6
DA:132,6
DA:135,6
DA:137,6
DA:138,6
DA:139,6
DA:140,6
DA:141,6
DA:142,6
DA:143,6
DA:144,6
DA:145,6
DA:146,6
DA:147,6
DA:148,6
DA:149,6
DA:152,6
DA:153,6
DA:154,6
DA:155,6
DA:156,6
DA:157,6
DA:160,6
DA:162,6
DA:163,6
DA:164,36
DA:165,36
DA:166,36
DA:167,36
DA:168,36
DA:169,36
DA:170,36
DA:171,36
DA:172,36
DA:173,36
DA:174,36
DA:175,36
DA:176,36
DA:177,36
DA:179,12
DA:182,12
DA:185,12
DA:187,0
DA:189,36
DA:190,0
DA:191,36
DA:193,36
DA:194,36
DA:196,36
DA:197,36
DA:198,36
DA:199,36
DA:200,0
DA:201,0
DA:202,0
DA:203,36
DA:204,36
DA:207,36
DA:209,36
DA:210,36
DA:221,6
DA:222,6
DA:223,6
DA:224,6
DA:225,6
DA:226,6
DA:227,6
DA:228,6
DA:229,6
DA:230,6
DA:232,6
DA:233,6
DA:235,6
DA:236,6
DA:237,6
DA:239,6
DA:240,6
DA:241,6
DA:242,6
DA:243,6
DA:244,6
DA:245,6
DA:246,6
DA:247,6
DA:248,6
DA:249,6
DA:250,6
DA:251,6
DA:252,6
DA:253,6
DA:254,6
DA:256,6
DA:257,6
DA:258,6
DA:259,6
DA:260,6
DA:261,6
DA:262,6
DA:263,6
DA:264,6
DA:265,6
DA:267,6
DA:268,6
DA:270,6
DA:271,6
DA:272,6
DA:274,6
DA:275,6
DA:276,6
DA:277,6
DA:278,6
DA:279,6
DA:280,6
DA:281,6
DA:282,6
DA:283,6
DA:284,6
DA:285,6
DA:286,6
DA:287,6
DA:288,6
DA:289,6
DA:291,6
DA:292,6
DA:293,6
DA:294,6
DA:295,6
DA:296,6
DA:297,6
DA:298,6
DA:299,6
DA:301,6
DA:302,6
DA:303,6
DA:304,6
DA:305,6
DA:307,6
DA:308,6
DA:309,6
DA:310,6
DA:311,6
DA:312,6
DA:313,6
DA:314,6
DA:315,6
DA:316,6
DA:318,6
DA:319,6
DA:321,6
DA:322,6
DA:323,6
DA:325,6
DA:326,6
DA:327,6
DA:328,6
DA:329,6
DA:330,6
DA:331,6
DA:332,6
DA:333,6
DA:334,6
DA:335,6
DA:336,6
DA:337,6
DA:338,6
DA:339,6
DA:340,6
DA:341,6
DA:343,6
DA:344,6
DA:345,6
DA:346,6
DA:347,6
DA:348,6
DA:349,6
DA:351,6
DA:352,6
DA:353,6
DA:354,6
DA:355,6
DA:356,6
DA:357,6
DA:358,6
DA:359,6
DA:360,6
DA:361,6
DA:362,6
DA:363,6
DA:364,6
DA:365,6
DA:366,6
DA:367,6
DA:369,6
DA:370,6
DA:371,6
DA:372,6
DA:373,6
DA:374,6
DA:375,6
DA:377,6
DA:378,6
DA:379,6
DA:380,6
DA:381,6
DA:382,6
DA:383,6
DA:384,6
DA:385,6
DA:386,6
DA:387,6
DA:388,6
DA:389,6
DA:390,6
DA:391,6
DA:392,6
DA:393,6
DA:395,6
DA:396,6
DA:397,6
DA:398,6
DA:399,6
DA:400,6
DA:401,6
DA:403,6
DA:404,6
DA:405,6
DA:406,6
DA:407,6
DA:408,150050
DA:409,6
DA:410,6
DA:411,150050
DA:412,6
DA:413,6
DA:414,6
DA:415,6
DA:416,150050
DA:417,6
DA:418,6
DA:419,6
DA:420,6
DA:421,150050
DA:422,6
DA:423,6
DA:424,6
DA:425,6
DA:426,150050
DA:427,6
DA:428,6
DA:429,6
DA:430,6
DA:431,150050
DA:432,6
DA:434,6
DA:435,6
DA:436,6
DA:437,6
DA:438,6
DA:439,6
DA:440,6
DA:441,6
DA:442,6
DA:443,6
DA:444,6
DA:445,6
DA:446,6
DA:447,6
DA:448,6
DA:449,6
DA:450,6
DA:451,6
DA:452,6
DA:453,6
DA:454,6
DA:455,6
DA:456,6
DA:457,6
DA:458,150050
DA:459,150050
DA:460,150050
DA:461,150050
DA:462,150050
DA:463,150050
DA:464,6
DA:465,6
DA:466,6
DA:467,6
DA:468,6
DA:471,6
DA:472,6
DA:473,6
DA:474,6
DA:475,6
DA:476,6
DA:477,6
DA:478,6
DA:479,6
DA:480,6
DA:481,6
DA:482,6
DA:483,6
DA:484,6
DA:485,6
DA:486,6
DA:487,6
DA:488,6
DA:489,6
DA:490,6
DA:491,6
DA:492,6
DA:493,6
DA:494,6
DA:495,150050
DA:496,150050
DA:497,150050
DA:498,150050
DA:499,150050
DA:500,150050
DA:501,6
DA:502,6
DA:503,6
DA:504,6
DA:505,6
DA:508,6
DA:509,6
DA:510,6
DA:511,6
DA:512,6
DA:513,6
DA:514,6
DA:515,6
DA:516,6
DA:517,6
DA:518,6
DA:519,6
DA:520,6
DA:521,6
DA:522,6
DA:523,6
DA:524,6
DA:525,6
DA:526,6
DA:527,6
DA:528,6
DA:529,6
DA:530,6
DA:531,6
DA:532,150050
DA:533,150050
DA:534,150050
DA:535,150050
DA:536,150050
DA:537,150050
DA:538,6
DA:539,6
DA:540,6
DA:541,6
DA:542,6
DA:544,6
BRDA:406,0,0,4
BRDA:406,0,1,1
BRDA:406,1,2,1
BRDA:406,1,3,0
BRF:2
BRH:2
LF:463
LH:458
end_of_record
SF:D:\project\pyxis\rust-cuda\src\datum_compensate_cuda.rs
FN:57,_RNvNtNtCshUcEzcJvfk5_10pyxis_cuda21datum_compensate_cuda4tests_26test_datum_compensate_cuda
FN:14,_RINvMNtCshUcEzcJvfk5_10pyxis_cuda21datum_compensate_cudaNtNtB5_7context16PyxisCudaContext21datum_compensate_cudadEB5_
FN:57,_RNvNtNtCsXXU5VAuCCX_10pyxis_cuda21datum_compensate_cuda4tests_26test_datum_compensate_cuda
FN:14,_RINvMNtCsXXU5VAuCCX_10pyxis_cuda21datum_compensate_cudaNtNtB5_7context16PyxisCudaContext21datum_compensate_cudadEB5_
FNDA:5,_RNvNtNtCshUcEzcJvfk5_10pyxis_cuda21datum_compensate_cuda4tests_26test_datum_compensate_cuda
FNDA:5,_RINvMNtCshUcEzcJvfk5_10pyxis_cuda21datum_compensate_cudaNtNtB5_7context16PyxisCudaContext21datum_compensate_cudadEB5_
FNDA:1,_RNvNtNtCsXXU5VAuCCX_10pyxis_cuda21datum_compensate_cuda4tests_26test_datum_compensate_cuda
FNDA:1,_RINvMNtCsXXU5VAuCCX_10pyxis_cuda21datum_compensate_cudaNtNtB5_7context16PyxisCudaContext21datum_compensate_cudadEB5_
FNF:2
FNH:2
DA:14,6
DA:15,6
DA:16,6
DA:17,6
DA:18,6
DA:19,6
DA:20,6
DA:21,6
DA:22,6
DA:23,6
DA:24,6
DA:25,6
DA:27,6
DA:28,6
DA:29,6
DA:31,6
DA:32,6
DA:35,6
DA:36,6
DA:37,6
DA:38,6
DA:39,0
DA:40,0
DA:41,0
DA:42,6
DA:43,6
DA:46,6
DA:48,6
DA:49,6
DA:57,6
DA:58,6
DA:59,6
DA:60,6
DA:61,6
DA:62,6
DA:63,6
DA:64,6
DA:65,6
DA:67,6
DA:68,6
DA:69,6
BRF:0
BRH:0
LF:41
LH:38
end_of_record
SF:D:\project\pyxis\rust\crates\pyxis\src\crypto.rs
FN:153,_RINvNtCscRU1HMiE6sD_5pyxis6crypto13bd09_to_gcj02dECshUcEzcJvfk5_10pyxis_cuda
FN:221,_RINvNtCscRU1HMiE6sD_5pyxis6crypto13bd09_to_wgs84dECshUcEzcJvfk5_10pyxis_cuda
FN:252,_RINvNtCscRU1HMiE6sD_5pyxis6crypto13gcj02_to_bd09dECshUcEzcJvfk5_10pyxis_cuda
FN:321,_RINvNtCscRU1HMiE6sD_5pyxis6crypto13wgs84_to_bd09dECshUcEzcJvfk5_10pyxis_cuda
FN:190,_RINvNtCscRU1HMiE6sD_5pyxis6crypto14gcj02_to_wgs84dECshUcEzcJvfk5_10pyxis_cuda
FN:289,_RINvNtCscRU1HMiE6sD_5pyxis6crypto14wgs84_to_gcj02dECshUcEzcJvfk5_10pyxis_cuda
FN:425,_RINvNtCscRU1HMiE6sD_5pyxis6crypto18haversine_distancedECshUcEzcJvfk5_10pyxis_cuda
FN:113,_RINvNtCscRU1HMiE6sD_5pyxis6crypto5deltadECshUcEzcJvfk5_10pyxis_cuda
FN:76,_RINvNtCscRU1HMiE6sD_5pyxis6crypto9transformdECshUcEzcJvfk5_10pyxis_cuda
FN:375,_RINvNtCscRU1HMiE6sD_5pyxis6crypto12crypto_exactpppEB4_
FN:153,_RINvNtCscRU1HMiE6sD_5pyxis6crypto13bd09_to_gcj02pEB4_
FN:221,_RINvNtCscRU1HMiE6sD_5pyxis6crypto13bd09_to_wgs84pEB4_
FN:252,_RINvNtCscRU1HMiE6sD_5pyxis6crypto13gcj02_to_bd09pEB4_
FN:321,_RINvNtCscRU1HMiE6sD_5pyxis6crypto13wgs84_to_bd09pEB4_
FN:190,_RINvNtCscRU1HMiE6sD_5pyxis6crypto14gcj02_to_wgs84pEB4_
FN:289,_RINvNtCscRU1HMiE6sD_5pyxis6crypto14wgs84_to_gcj02pEB4_
FN:425,_RINvNtCscRU1HMiE6sD_5pyxis6crypto18haversine_distancepEB4_
FN:113,_RINvNtCscRU1HMiE6sD_5pyxis6crypto5deltapEB4_
FN:76,_RINvNtCscRU1HMiE6sD_5pyxis6crypto9transformpEB4_
FN:153,_RINvNtCs6n8OALiYxrc_5pyxis6crypto13bd09_to_gcj02dECsXXU5VAuCCX_10pyxis_cuda
FN:221,_RINvNtCs6n8OALiYxrc_5pyxis6crypto13bd09_to_wgs84dECsXXU5VAuCCX_10pyxis_cuda
FN:252,_RINvNtCs6n8OALiYxrc_5pyxis6crypto13gcj02_to_bd09dECsXXU5VAuCCX_10pyxis_cuda
FN:321,_RINvNtCs6n8OALiYxrc_5pyxis6crypto13wgs84_to_bd09dECsXXU5VAuCCX_10pyxis_cuda
FN:190,_RINvNtCs6n8OALiYxrc_5pyxis6crypto14gcj02_to_wgs84dECsXXU5VAuCCX_10pyxis_cuda
FN:289,_RINvNtCs6n8OALiYxrc_5pyxis6crypto14wgs84_to_gcj02dECsXXU5VAuCCX_10pyxis_cuda
FN:425,_RINvNtCs6n8OALiYxrc_5pyxis6crypto18haversine_distancedECsXXU5VAuCCX_10pyxis_cuda
FN:113,_RINvNtCs6n8OALiYxrc_5pyxis6crypto5deltadECsXXU5VAuCCX_10pyxis_cuda
FN:76,_RINvNtCs6n8OALiYxrc_5pyxis6crypto9transformdECsXXU5VAuCCX_10pyxis_cuda
FN:375,_RINvNtCs6n8OALiYxrc_5pyxis6crypto12crypto_exactpppEB4_
FN:153,_RINvNtCs6n8OALiYxrc_5pyxis6crypto13bd09_to_gcj02pEB4_
FN:221,_RINvNtCs6n8OALiYxrc_5pyxis6crypto13bd09_to_wgs84pEB4_
FN:252,_RINvNtCs6n8OALiYxrc_5pyxis6crypto13gcj02_to_bd09pEB4_
FN:321,_RINvNtCs6n8OALiYxrc_5pyxis6crypto13wgs84_to_bd09pEB4_
FN:190,_RINvNtCs6n8OALiYxrc_5pyxis6crypto14gcj02_to_wgs84pEB4_
FN:289,_RINvNtCs6n8OALiYxrc_5pyxis6crypto14wgs84_to_gcj02pEB4_
FN:425,_RINvNtCs6n8OALiYxrc_5pyxis6crypto18haversine_distancepEB4_
FN:113,_RINvNtCs6n8OALiYxrc_5pyxis6crypto5deltapEB4_
FN:76,_RINvNtCs6n8OALiYxrc_5pyxis6crypto9transformpEB4_
FNDA:10,_RINvNtCscRU1HMiE6sD_5pyxis6crypto13bd09_to_gcj02dECshUcEzcJvfk5_10pyxis_cuda
FNDA:5,_RINvNtCscRU1HMiE6sD_5pyxis6crypto13bd09_to_wgs84dECshUcEzcJvfk5_10pyxis_cuda
FNDA:300080,_RINvNtCscRU1HMiE6sD_5pyxis6crypto13gcj02_to_bd09dECshUcEzcJvfk5_10pyxis_cuda
FNDA:300080,_RINvNtCscRU1HMiE6sD_5pyxis6crypto13wgs84_to_bd09dECshUcEzcJvfk5_10pyxis_cuda
FNDA:10,_RINvNtCscRU1HMiE6sD_5pyxis6crypto14gcj02_to_wgs84dECshUcEzcJvfk5_10pyxis_cuda
FNDA:600160,_RINvNtCscRU1HMiE6sD_5pyxis6crypto14wgs84_to_gcj02dECshUcEzcJvfk5_10pyxis_cuda
FNDA:900240,_RINvNtCscRU1HMiE6sD_5pyxis6crypto18haversine_distancedECshUcEzcJvfk5_10pyxis_cuda
FNDA:600170,_RINvNtCscRU1HMiE6sD_5pyxis6crypto5deltadECshUcEzcJvfk5_10pyxis_cuda
FNDA:600170,_RINvNtCscRU1HMiE6sD_5pyxis6crypto9transformdECshUcEzcJvfk5_10pyxis_cuda
FNDA:0,_RINvNtCscRU1HMiE6sD_5pyxis6crypto12crypto_exactpppEB4_
FNDA:0,_RINvNtCscRU1HMiE6sD_5pyxis6crypto13bd09_to_gcj02pEB4_
FNDA:0,_RINvNtCscRU1HMiE6sD_5pyxis6crypto13bd09_to_wgs84pEB4_
FNDA:0,_RINvNtCscRU1HMiE6sD_5pyxis6crypto13gcj02_to_bd09pEB4_
FNDA:0,_RINvNtCscRU1HMiE6sD_5pyxis6crypto13wgs84_to_bd09pEB4_
FNDA:0,_RINvNtCscRU1HMiE6sD_5pyxis6crypto14gcj02_to_wgs84pEB4_
FNDA:0,_RINvNtCscRU1HMiE6sD_5pyxis6crypto14wgs84_to_gcj02pEB4_
FNDA:0,_RINvNtCscRU1HMiE6sD_5pyxis6crypto18haversine_distancepEB4_
FNDA:0,_RINvNtCscRU1HMiE6sD_5pyxis6crypto5deltapEB4_
FNDA:0,_RINvNtCscRU1HMiE6sD_5pyxis6crypto9transformpEB4_
FNDA:2,_RINvNtCs6n8OALiYxrc_5pyxis6crypto13bd09_to_gcj02dECsXXU5VAuCCX_10pyxis_cuda
FNDA:1,_RINvNtCs6n8OALiYxrc_5pyxis6crypto13bd09_to_wgs84dECsXXU5VAuCCX_10pyxis_cuda
FNDA:20,_RINvNtCs6n8OALiYxrc_5pyxis6crypto13gcj02_to_bd09dECsXXU5VAuCCX_10pyxis_cuda
FNDA:20,_RINvNtCs6n8OALiYxrc_5pyxis6crypto13wgs84_to_bd09dECsXXU5VAuCCX_10pyxis_cuda
FNDA:2,_RINvNtCs6n8OALiYxrc_5pyxis6crypto14gcj02_to_wgs84dECsXXU5VAuCCX_10pyxis_cuda
FNDA:40,_RINvNtCs6n8OALiYxrc_5pyxis6crypto14wgs84_to_gcj02dECsXXU5VAuCCX_10pyxis_cuda
FNDA:60,_RINvNtCs6n8OALiYxrc_5pyxis6crypto18haversine_distancedECsXXU5VAuCCX_10pyxis_cuda
FNDA:42,_RINvNtCs6n8OALiYxrc_5pyxis6crypto5deltadECsXXU5VAuCCX_10pyxis_cuda
FNDA:42,_RINvNtCs6n8OALiYxrc_5pyxis6crypto9transformdECsXXU5VAuCCX_10pyxis_cuda
FNDA:0,_RINvNtCs6n8OALiYxrc_5pyxis6crypto12crypto_exactpppEB4_
FNDA:0,_RINvNtCs6n8OALiYxrc_5pyxis6crypto13bd09_to_gcj02pEB4_
FNDA:0,_RINvNtCs6n8OALiYxrc_5pyxis6crypto13bd09_to_wgs84pEB4_
FNDA:0,_RINvNtCs6n8OALiYxrc_5pyxis6crypto13gcj02_to_bd09pEB4_
FNDA:0,_RINvNtCs6n8OALiYxrc_5pyxis6crypto13wgs84_to_bd09pEB4_
FNDA:0,_RINvNtCs6n8OALiYxrc_5pyxis6crypto14gcj02_to_wgs84pEB4_
FNDA:0,_RINvNtCs6n8OALiYxrc_5pyxis6crypto14wgs84_to_gcj02pEB4_
FNDA:0,_RINvNtCs6n8OALiYxrc_5pyxis6crypto18haversine_distancepEB4_
FNDA:0,_RINvNtCs6n8OALiYxrc_5pyxis6crypto5deltapEB4_
FNDA:0,_RINvNtCs6n8OALiYxrc_5pyxis6crypto9transformpEB4_
FNF:10
FNH:9
DA:76,600212
DA:77,600212
DA:78,600212
DA:80,600212
DA:81,600212
DA:82,600212
DA:83,600212
DA:84,600212
DA:86,600212
DA:87,600212
DA:89,600212
DA:90,600212
DA:91,600212
DA:92,600212
DA:93,600212
DA:94,600212
DA:95,600212
DA:96,600212
DA:98,600212
DA:99,600212
DA:101,600212
DA:102,600212
DA:103,600212
DA:104,600212
DA:105,600212
DA:106,600212
DA:107,600212
DA:108,600212
DA:110,600212
DA:111,600212
DA:113,600212
DA:114,600212
DA:115,600212
DA:117,600212
DA:118,600212
DA:119,600212
DA:120,600212
DA:121,600212
DA:123,600212
DA:124,600212
DA:125,600212
DA:126,600212
DA:127,600212
DA:128,600212
DA:153,12
DA:154,12
DA:155,12
DA:157,12
DA:158,12
DA:159,12
DA:160,12
DA:161,12
DA:162,12
DA:163,12
DA:164,12
DA:165,12
DA:190,12
DA:191,12
DA:192,12
DA:194,12
DA:195,12
DA:196,12
DA:221,6
DA:222,6
DA:223,6
DA:225,6
DA:226,6
DA:227,6
DA:252,300100
DA:253,300100
DA:254,300100
DA:256,300100
DA:257,300100
DA:258,300100
DA:259,300100
DA:260,300100
DA:261,300100
DA:262,300100
DA:263,300100
DA:289,600200
DA:290,600200
DA:291,600200
DA:293,600200
DA:294,600200
DA:295,600200
DA:321,300100
DA:322,300100
DA:323,300100
DA:325,300100
DA:326,300100
DA:327,300100
DA:375,0
DA:376,0
DA:377,0
DA:378,0
DA:379,0
DA:380,0
DA:381,0
DA:382,0
DA:383,0
DA:384,0
DA:385,0
DA:387,0
DA:388,0
DA:389,0
DA:390,0
DA:392,0
DA:393,0
DA:395,0
DA:396,0
DA:397,0
DA:398,0
DA:399,0
DA:400,0
DA:402,0
DA:403,0
DA:404,0
DA:406,0
DA:408,0
DA:410,0
DA:413,0
DA:415,0
DA:417,0
DA:419,0
DA:421,0
DA:422,0
DA:425,900300
DA:426,900300
DA:427,900300
DA:429,900300
DA:430,900300
DA:431,900300
DA:432,900300
DA:434,900300
DA:435,900300
DA:437,900300
DA:438,900300
DA:439,900300
DA:441,900300
DA:442,900300
BRF:0
BRH:0
LF:140
LH:105
end_of_record
SF:D:\project\pyxis\rust\crates\pyxis\src\datum_compensate.rs
FN:36,_RNvMNtCscRU1HMiE6sD_5pyxis16datum_compensateINtB2_15DatumCompensatepE3newB4_
FN:42,_RNvMNtCscRU1HMiE6sD_5pyxis16datum_compensateINtB2_15DatumCompensatepE9transformB4_
FN:36,_RNvMNtCs6n8OALiYxrc_5pyxis16datum_compensateINtB2_15DatumCompensatepE3newB4_
FN:42,_RNvMNtCs6n8OALiYxrc_5pyxis16datum_compensateINtB2_15DatumCompensatepE9transformB4_
FNDA:0,_RNvMNtCscRU1HMiE6sD_5pyxis16datum_compensateINtB2_15DatumCompensatepE3newB4_
FNDA:0,_RNvMNtCscRU1HMiE6sD_5pyxis16datum_compensateINtB2_15DatumCompensatepE9transformB4_
FNDA:0,_RNvMNtCs6n8OALiYxrc_5pyxis16datum_compensateINtB2_15DatumCompensatepE3newB4_
FNDA:0,_RNvMNtCs6n8OALiYxrc_5pyxis16datum_compensateINtB2_15DatumCompensatepE9transformB4_
FNF:2
FNH:0
DA:36,0
DA:37,0
DA:38,0
DA:39,0
DA:40,0
DA:42,0
DA:43,0
DA:44,0
DA:46,0
DA:47,0
DA:48,0
DA:49,0
BRF:0
BRH:0
LF:12
LH:0
end_of_record
SF:D:\project\pyxis\rust\crates\pyxis\src\ellipsoid.rs
FN:175,_RNvMNtCscRU1HMiE6sD_5pyxis9ellipsoidINtB2_9EllipsoiddE13eccentricity2CshUcEzcJvfk5_10pyxis_cuda
FN:166,_RNvMNtCscRU1HMiE6sD_5pyxis9ellipsoidINtB2_9EllipsoiddE15semi_major_axisCshUcEzcJvfk5_10pyxis_cuda
FN:81,_RNvMNtCscRU1HMiE6sD_5pyxis9ellipsoidINtB2_9EllipsoiddE24from_semi_major_and_invfB4_
FN:81,_RNvMNtCscRU1HMiE6sD_5pyxis9ellipsoidINtB2_9EllipsoidfE24from_semi_major_and_invfB4_
FN:178,_RNvMNtCscRU1HMiE6sD_5pyxis9ellipsoidINtB2_9EllipsoidpE10flatteningB4_
FN:172,_RNvMNtCscRU1HMiE6sD_5pyxis9ellipsoidINtB2_9EllipsoidpE12eccentricityB4_
FN:175,_RNvMNtCscRU1HMiE6sD_5pyxis9ellipsoidINtB2_9EllipsoidpE13eccentricity2B4_
FN:146,_RNvMNtCscRU1HMiE6sD_5pyxis9ellipsoidINtB2_9EllipsoidpE14from_semi_axisB4_
FN:166,_RNvMNtCscRU1HMiE6sD_5pyxis9ellipsoidINtB2_9EllipsoidpE15semi_major_axisB4_
FN:169,_RNvMNtCscRU1HMiE6sD_5pyxis9ellipsoidINtB2_9EllipsoidpE15semi_minor_axisB4_
FN:181,_RNvMNtCscRU1HMiE6sD_5pyxis9ellipsoidINtB2_9EllipsoidpE18inverse_flatteningB4_
FN:175,_RNvMNtCs6n8OALiYxrc_5pyxis9ellipsoidINtB2_9EllipsoiddE13eccentricity2CsXXU5VAuCCX_10pyxis_cuda
FN:166,_RNvMNtCs6n8OALiYxrc_5pyxis9ellipsoidINtB2_9EllipsoiddE15semi_major_axisCsXXU5VAuCCX_10pyxis_cuda
FN:81,_RNvMNtCs6n8OALiYxrc_5pyxis9ellipsoidINtB2_9EllipsoiddE24from_semi_major_and_invfB4_
FN:81,_RNvMNtCs6n8OALiYxrc_5pyxis9ellipsoidINtB2_9EllipsoidfE24from_semi_major_and_invfB4_
FN:178,_RNvMNtCs6n8OALiYxrc_5pyxis9ellipsoidINtB2_9EllipsoidpE10flatteningB4_
FN:172,_RNvMNtCs6n8OALiYxrc_5pyxis9ellipsoidINtB2_9EllipsoidpE12eccentricityB4_
FN:175,_RNvMNtCs6n8OALiYxrc_5pyxis9ellipsoidINtB2_9EllipsoidpE13eccentricity2B4_
FN:146,_RNvMNtCs6n8OALiYxrc_5pyxis9ellipsoidINtB2_9EllipsoidpE14from_semi_axisB4_
FN:166,_RNvMNtCs6n8OALiYxrc_5pyxis9ellipsoidINtB2_9EllipsoidpE15semi_major_axisB4_
FN:169,_RNvMNtCs6n8OALiYxrc_5pyxis9ellipsoidINtB2_9EllipsoidpE15semi_minor_axisB4_
FN:181,_RNvMNtCs6n8OALiYxrc_5pyxis9ellipsoidINtB2_9EllipsoidpE18inverse_flatteningB4_
FNDA:600170,_RNvMNtCscRU1HMiE6sD_5pyxis9ellipsoidINtB2_9EllipsoiddE13eccentricity2CshUcEzcJvfk5_10pyxis_cuda
FNDA:1500410,_RNvMNtCscRU1HMiE6sD_5pyxis9ellipsoidINtB2_9EllipsoiddE15semi_major_axisCshUcEzcJvfk5_10pyxis_cuda
FNDA:20,_RNvMNtCscRU1HMiE6sD_5pyxis9ellipsoidINtB2_9EllipsoiddE24from_semi_major_and_invfB4_
FNDA:0,_RNvMNtCscRU1HMiE6sD_5pyxis9ellipsoidINtB2_9EllipsoidfE24from_semi_major_and_invfB4_
FNDA:0,_RNvMNtCscRU1HMiE6sD_5pyxis9ellipsoidINtB2_9EllipsoidpE10flatteningB4_
FNDA:0,_RNvMNtCscRU1HMiE6sD_5pyxis9ellipsoidINtB2_9EllipsoidpE12eccentricityB4_
FNDA:0,_RNvMNtCscRU1HMiE6sD_5pyxis9ellipsoidINtB2_9EllipsoidpE13eccentricity2B4_
FNDA:0,_RNvMNtCscRU1HMiE6sD_5pyxis9ellipsoidINtB2_9EllipsoidpE14from_semi_axisB4_
FNDA:0,_RNvMNtCscRU1HMiE6sD_5pyxis9ellipsoidINtB2_9EllipsoidpE15semi_major_axisB4_
FNDA:0,_RNvMNtCscRU1HMiE6sD_5pyxis9ellipsoidINtB2_9EllipsoidpE15semi_minor_axisB4_
FNDA:0,_RNvMNtCscRU1HMiE6sD_5pyxis9ellipsoidINtB2_9EllipsoidpE18inverse_flatteningB4_
FNDA:42,_RNvMNtCs6n8OALiYxrc_5pyxis9ellipsoidINtB2_9EllipsoiddE13eccentricity2CsXXU5VAuCCX_10pyxis_cuda
FNDA:102,_RNvMNtCs6n8OALiYxrc_5pyxis9ellipsoidINtB2_9EllipsoiddE15semi_major_axisCsXXU5VAuCCX_10pyxis_cuda
FNDA:4,_RNvMNtCs6n8OALiYxrc_5pyxis9ellipsoidINtB2_9EllipsoiddE24from_semi_major_and_invfB4_
FNDA:0,_RNvMNtCs6n8OALiYxrc_5pyxis9ellipsoidINtB2_9EllipsoidfE24from_semi_major_and_invfB4_
FNDA:0,_RNvMNtCs6n8OALiYxrc_5pyxis9ellipsoidINtB2_9EllipsoidpE10flatteningB4_
FNDA:0,_RNvMNtCs6n8OALiYxrc_5pyxis9ellipsoidINtB2_9EllipsoidpE12eccentricityB4_
FNDA:0,_RNvMNtCs6n8OALiYxrc_5pyxis9ellipsoidINtB2_9EllipsoidpE13eccentricity2B4_
FNDA:0,_RNvMNtCs6n8OALiYxrc_5pyxis9ellipsoidINtB2_9EllipsoidpE14from_semi_axisB4_
FNDA:0,_RNvMNtCs6n8OALiYxrc_5pyxis9ellipsoidINtB2_9EllipsoidpE15semi_major_axisB4_
FNDA:0,_RNvMNtCs6n8OALiYxrc_5pyxis9ellipsoidINtB2_9EllipsoidpE15semi_minor_axisB4_
FNDA:0,_RNvMNtCs6n8OALiYxrc_5pyxis9ellipsoidINtB2_9EllipsoidpE18inverse_flatteningB4_
FNF:8
FNH:3
DA:81,24
DA:82,24
DA:83,24
DA:84,24
DA:85,24
DA:87,24
DA:88,24
DA:89,24
DA:90,24
DA:91,24
DA:92,24
DA:93,24
DA:94,24
DA:95,24
DA:146,0
DA:148,0
DA:150,0
DA:152,0
DA:154,0
DA:156,0
DA:157,0
DA:158,0
DA:159,0
DA:160,0
DA:161,0
DA:162,0
DA:163,0
DA:164,0
DA:166,1500512
DA:169,0
DA:172,0
DA:175,600212
DA:178,0
DA:181,0
BRF:0
BRH:0
LF:34
LH:16
end_of_record
SF:D:\project\pyxis\rust\crates\pyxis\src\linear.rs
FN:31,_RINvNtCscRU1HMiE6sD_5pyxis6linear16rotate_matrix_2dpEB4_
FN:61,_RINvNtCscRU1HMiE6sD_5pyxis6linear9rotate_2dpEB4_
FN:31,_RINvNtCs6n8OALiYxrc_5pyxis6linear16rotate_matrix_2dpEB4_
FN:61,_RINvNtCs6n8OALiYxrc_5pyxis6linear9rotate_2dpEB4_
FNDA:0,_RINvNtCscRU1HMiE6sD_5pyxis6linear16rotate_matrix_2dpEB4_
FNDA:0,_RINvNtCscRU1HMiE6sD_5pyxis6linear9rotate_2dpEB4_
FNDA:0,_RINvNtCs6n8OALiYxrc_5pyxis6linear16rotate_matrix_2dpEB4_
FNDA:0,_RINvNtCs6n8OALiYxrc_5pyxis6linear9rotate_2dpEB4_
FNF:2
FNH:0
DA:31,0
DA:32,0
DA:33,0
DA:35,0
DA:36,0
DA:37,0
DA:38,0
DA:39,0
DA:61,0
DA:62,0
DA:63,0
DA:65,0
DA:66,0
DA:67,0
DA:68,0
BRF:0
BRH:0
LF:15
LH:0
end_of_record
SF:D:\project\pyxis\rust\crates\pyxis\src\migrate.rs
FN:36,_RINvNtCscRU1HMiE6sD_5pyxis7migrate6abs_2dpEB4_
FN:11,_RINvNtCscRU1HMiE6sD_5pyxis7migrate6rel_2dpEB4_
FN:59,_RINvNtCscRU1HMiE6sD_5pyxis7migrate9origin_2dpEB4_
FN:36,_RINvNtCs6n8OALiYxrc_5pyxis7migrate6abs_2dpEB4_
FN:11,_RINvNtCs6n8OALiYxrc_5pyxis7migrate6rel_2dpEB4_
FN:59,_RINvNtCs6n8OALiYxrc_5pyxis7migrate9origin_2dpEB4_
FNDA:0,_RINvNtCscRU1HMiE6sD_5pyxis7migrate6abs_2dpEB4_
FNDA:0,_RINvNtCscRU1HMiE6sD_5pyxis7migrate6rel_2dpEB4_
FNDA:0,_RINvNtCscRU1HMiE6sD_5pyxis7migrate9origin_2dpEB4_
FNDA:0,_RINvNtCs6n8OALiYxrc_5pyxis7migrate6abs_2dpEB4_
FNDA:0,_RINvNtCs6n8OALiYxrc_5pyxis7migrate6rel_2dpEB4_
FNDA:0,_RINvNtCs6n8OALiYxrc_5pyxis7migrate9origin_2dpEB4_
FNF:3
FNH:0
DA:11,0
DA:12,0
DA:13,0
DA:14,0
DA:15,0
DA:16,0
DA:17,0
DA:18,0
DA:19,0
DA:21,0
DA:22,0
DA:23,0
DA:24,0
DA:25,0
DA:26,0
DA:27,0
DA:36,0
DA:37,0
DA:38,0
DA:39,0
DA:40,0
DA:41,0
DA:42,0
DA:43,0
DA:44,0
DA:46,0
DA:47,0
DA:48,0
DA:49,0
DA:50,0
DA:59,0
DA:60,0
DA:61,0
DA:63,0
DA:64,0
DA:65,0
DA:66,0
DA:67,0
BRF:0
BRH:0
LF:38
LH:0
end_of_record
SF:D:\project\pyxis\rust\crates\pyxis\src\space.rs
FN:44,_RINvNtCscRU1HMiE6sD_5pyxis5space18cartesian_to_polarpEB4_
FN:20,_RINvNtCscRU1HMiE6sD_5pyxis5space18polar_to_cartesianpEB4_
FN:101,_RINvNtCscRU1HMiE6sD_5pyxis5space22cartesian_to_sphericalpEB4_
FN:191,_RINvNtCscRU1HMiE6sD_5pyxis5space22spherical_to_cartesianpEB4_
FN:73,_RINvNtCscRU1HMiE6sD_5pyxis5space24cartesian_to_cylindricalpEB4_
FN:132,_RINvNtCscRU1HMiE6sD_5pyxis5space24cylindrical_to_cartesianpEB4_
FN:162,_RINvNtCscRU1HMiE6sD_5pyxis5space24cylindrical_to_sphericalpEB4_
FN:221,_RINvNtCscRU1HMiE6sD_5pyxis5space24spherical_to_cylindricalpEB4_
FN:44,_RINvNtCs6n8OALiYxrc_5pyxis5space18cartesian_to_polarpEB4_
FN:20,_RINvNtCs6n8OALiYxrc_5pyxis5space18polar_to_cartesianpEB4_
FN:101,_RINvNtCs6n8OALiYxrc_5pyxis5space22cartesian_to_sphericalpEB4_
FN:191,_RINvNtCs6n8OALiYxrc_5pyxis5space22spherical_to_cartesianpEB4_
FN:73,_RINvNtCs6n8OALiYxrc_5pyxis5space24cartesian_to_cylindricalpEB4_
FN:132,_RINvNtCs6n8OALiYxrc_5pyxis5space24cylindrical_to_cartesianpEB4_
FN:162,_RINvNtCs6n8OALiYxrc_5pyxis5space24cylindrical_to_sphericalpEB4_
FN:221,_RINvNtCs6n8OALiYxrc_5pyxis5space24spherical_to_cylindricalpEB4_
FNDA:0,_RINvNtCscRU1HMiE6sD_5pyxis5space18cartesian_to_polarpEB4_
FNDA:0,_RINvNtCscRU1HMiE6sD_5pyxis5space18polar_to_cartesianpEB4_
FNDA:0,_RINvNtCscRU1HMiE6sD_5pyxis5space22cartesian_to_sphericalpEB4_
FNDA:0,_RINvNtCscRU1HMiE6sD_5pyxis5space22spherical_to_cartesianpEB4_
FNDA:0,_RINvNtCscRU1HMiE6sD_5pyxis5space24cartesian_to_cylindricalpEB4_
FNDA:0,_RINvNtCscRU1HMiE6sD_5pyxis5space24cylindrical_to_cartesianpEB4_
FNDA:0,_RINvNtCscRU1HMiE6sD_5pyxis5space24cylindrical_to_sphericalpEB4_
FNDA:0,_RINvNtCscRU1HMiE6sD_5pyxis5space24spherical_to_cylindricalpEB4_
FNDA:0,_RINvNtCs6n8OALiYxrc_5pyxis5space18cartesian_to_polarpEB4_
FNDA:0,_RINvNtCs6n8OALiYxrc_5pyxis5space18polar_to_cartesianpEB4_
FNDA:0,_RINvNtCs6n8OALiYxrc_5pyxis5space22cartesian_to_sphericalpEB4_
FNDA:0,_RINvNtCs6n8OALiYxrc_5pyxis5space22spherical_to_cartesianpEB4_
FNDA:0,_RINvNtCs6n8OALiYxrc_5pyxis5space24cartesian_to_cylindricalpEB4_
FNDA:0,_RINvNtCs6n8OALiYxrc_5pyxis5space24cylindrical_to_cartesianpEB4_
FNDA:0,_RINvNtCs6n8OALiYxrc_5pyxis5space24cylindrical_to_sphericalpEB4_
FNDA:0,_RINvNtCs6n8OALiYxrc_5pyxis5space24spherical_to_cylindricalpEB4_
FNF:8
FNH:0
DA:20,0
DA:21,0
DA:22,0
DA:24,0
DA:25,0
DA:44,0
DA:45,0
DA:46,0
DA:48,0
DA:49,0
DA:73,0
DA:74,0
DA:75,0
DA:77,0
DA:78,0
DA:101,0
DA:102,0
DA:103,0
DA:105,0
DA:106,0
DA:107,0
DA:132,0
DA:133,0
DA:134,0
DA:136,0
DA:137,0
DA:162,0
DA:163,0
DA:164,0
DA:166,0
DA:167,0
DA:191,0
DA:192,0
DA:193,0
DA:195,0
DA:196,0
DA:221,0
DA:222,0
DA:223,0
DA:225,0
DA:226,0
BRF:0
BRH:0
LF:41
LH:0
end_of_record
SF:D:\project\pyxis\rust\crates\pyxis\src\types.rs
FN:48,_RNvXs0_NtCscRU1HMiE6sD_5pyxis5typesfINtB5_14ConstEllipsoidfE13krasovsky1940
FN:49,_RNvXs0_NtCscRU1HMiE6sD_5pyxis5typesfINtB5_14ConstEllipsoidfE5wgs84
FN:47,_RNvXs0_NtCscRU1HMiE6sD_5pyxis5typesfINtB5_14ConstEllipsoidfE7grs1980
FN:46,_RNvXs0_NtCscRU1HMiE6sD_5pyxis5typesfINtB5_14ConstEllipsoidfE7iag1975
FN:45,_RNvXs0_NtCscRU1HMiE6sD_5pyxis5typesfINtB5_14ConstEllipsoidfE8cgcs2000
FN:64,_RNvXs1_NtCscRU1HMiE6sD_5pyxis5typesdINtB5_14ConstEllipsoiddE13krasovsky1940
FN:65,_RNvXs1_NtCscRU1HMiE6sD_5pyxis5typesdINtB5_14ConstEllipsoiddE5wgs84
FN:63,_RNvXs1_NtCscRU1HMiE6sD_5pyxis5typesdINtB5_14ConstEllipsoiddE7grs1980
FN:62,_RNvXs1_NtCscRU1HMiE6sD_5pyxis5typesdINtB5_14ConstEllipsoiddE7iag1975
FN:61,_RNvXs1_NtCscRU1HMiE6sD_5pyxis5typesdINtB5_14ConstEllipsoiddE8cgcs2000
FN:37,_RNCNvNtCscRU1HMiE6sD_5pyxis5types11GRS1980_F320B5_
FN:53,_RNCNvNtCscRU1HMiE6sD_5pyxis5types11GRS1980_F640B5_
FN:39,_RNCNvNtCscRU1HMiE6sD_5pyxis5types11IAG1975_F320B5_
FN:55,_RNCNvNtCscRU1HMiE6sD_5pyxis5types11IAG1975_F640B5_
FN:41,_RNCNvNtCscRU1HMiE6sD_5pyxis5types17KRASOVSKY1940_F320B5_
FN:57,_RNCNvNtCscRU1HMiE6sD_5pyxis5types17KRASOVSKY1940_F640B5_
FN:43,_RNCNvNtCscRU1HMiE6sD_5pyxis5types9WGS84_F320B5_
FN:59,_RNCNvNtCscRU1HMiE6sD_5pyxis5types9WGS84_F640B5_
FN:48,_RNvXs0_NtCs6n8OALiYxrc_5pyxis5typesfINtB5_14ConstEllipsoidfE13krasovsky1940
FN:49,_RNvXs0_NtCs6n8OALiYxrc_5pyxis5typesfINtB5_14ConstEllipsoidfE5wgs84
FN:47,_RNvXs0_NtCs6n8OALiYxrc_5pyxis5typesfINtB5_14ConstEllipsoidfE7grs1980
FN:46,_RNvXs0_NtCs6n8OALiYxrc_5pyxis5typesfINtB5_14ConstEllipsoidfE7iag1975
FN:45,_RNvXs0_NtCs6n8OALiYxrc_5pyxis5typesfINtB5_14ConstEllipsoidfE8cgcs2000
FN:64,_RNvXs1_NtCs6n8OALiYxrc_5pyxis5typesdINtB5_14ConstEllipsoiddE13krasovsky1940
FN:65,_RNvXs1_NtCs6n8OALiYxrc_5pyxis5typesdINtB5_14ConstEllipsoiddE5wgs84
FN:63,_RNvXs1_NtCs6n8OALiYxrc_5pyxis5typesdINtB5_14ConstEllipsoiddE7grs1980
FN:62,_RNvXs1_NtCs6n8OALiYxrc_5pyxis5typesdINtB5_14ConstEllipsoiddE7iag1975
FN:61,_RNvXs1_NtCs6n8OALiYxrc_5pyxis5typesdINtB5_14ConstEllipsoiddE8cgcs2000
FN:37,_RNCNvNtCs6n8OALiYxrc_5pyxis5types11GRS1980_F320B5_
FN:53,_RNCNvNtCs6n8OALiYxrc_5pyxis5types11GRS1980_F640B5_
FN:39,_RNCNvNtCs6n8OALiYxrc_5pyxis5types11IAG1975_F320B5_
FN:55,_RNCNvNtCs6n8OALiYxrc_5pyxis5types11IAG1975_F640B5_
FN:41,_RNCNvNtCs6n8OALiYxrc_5pyxis5types17KRASOVSKY1940_F320B5_
FN:57,_RNCNvNtCs6n8OALiYxrc_5pyxis5types17KRASOVSKY1940_F640B5_
FN:43,_RNCNvNtCs6n8OALiYxrc_5pyxis5types9WGS84_F320B5_
FN:59,_RNCNvNtCs6n8OALiYxrc_5pyxis5types9WGS84_F640B5_
FNDA:0,_RNvXs0_NtCscRU1HMiE6sD_5pyxis5typesfINtB5_14ConstEllipsoidfE13krasovsky1940
FNDA:0,_RNvXs0_NtCscRU1HMiE6sD_5pyxis5typesfINtB5_14ConstEllipsoidfE5wgs84
FNDA:0,_RNvXs0_NtCscRU1HMiE6sD_5pyxis5typesfINtB5_14ConstEllipsoidfE7grs1980
FNDA:0,_RNvXs0_NtCscRU1HMiE6sD_5pyxis5typesfINtB5_14ConstEllipsoidfE7iag1975
FNDA:0,_RNvXs0_NtCscRU1HMiE6sD_5pyxis5typesfINtB5_14ConstEllipsoidfE8cgcs2000
FNDA:1200340,_RNvXs1_NtCscRU1HMiE6sD_5pyxis5typesdINtB5_14ConstEllipsoiddE13krasovsky1940
FNDA:900240,_RNvXs1_NtCscRU1HMiE6sD_5pyxis5typesdINtB5_14ConstEllipsoiddE5wgs84
FNDA:0,_RNvXs1_NtCscRU1HMiE6sD_5pyxis5typesdINtB5_14ConstEllipsoiddE7grs1980
FNDA:0,_RNvXs1_NtCscRU1HMiE6sD_5pyxis5typesdINtB5_14ConstEllipsoiddE7iag1975
FNDA:0,_RNvXs1_NtCscRU1HMiE6sD_5pyxis5typesdINtB5_14ConstEllipsoiddE8cgcs2000
FNDA:0,_RNCNvNtCscRU1HMiE6sD_5pyxis5types11GRS1980_F320B5_
FNDA:0,_RNCNvNtCscRU1HMiE6sD_5pyxis5types11GRS1980_F640B5_
FNDA:0,_RNCNvNtCscRU1HMiE6sD_5pyxis5types11IAG1975_F320B5_
FNDA:0,_RNCNvNtCscRU1HMiE6sD_5pyxis5types11IAG1975_F640B5_
FNDA:0,_RNCNvNtCscRU1HMiE6sD_5pyxis5types17KRASOVSKY1940_F320B5_
FNDA:15,_RNCNvNtCscRU1HMiE6sD_5pyxis5types17KRASOVSKY1940_F640B5_
FNDA:0,_RNCNvNtCscRU1HMiE6sD_5pyxis5types9WGS84_F320B5_
FNDA:5,_RNCNvNtCscRU1HMiE6sD_5pyxis5types9WGS84_F640B5_
FNDA:0,_RNvXs0_NtCs6n8OALiYxrc_5pyxis5typesfINtB5_14ConstEllipsoidfE13krasovsky1940
FNDA:0,_RNvXs0_NtCs6n8OALiYxrc_5pyxis5typesfINtB5_14ConstEllipsoidfE5wgs84
FNDA:0,_RNvXs0_NtCs6n8OALiYxrc_5pyxis5typesfINtB5_14ConstEllipsoidfE7grs1980
FNDA:0,_RNvXs0_NtCs6n8OALiYxrc_5pyxis5typesfINtB5_14ConstEllipsoidfE7iag1975
FNDA:0,_RNvXs0_NtCs6n8OALiYxrc_5pyxis5typesfINtB5_14ConstEllipsoidfE8cgcs2000
FNDA:84,_RNvXs1_NtCs6n8OALiYxrc_5pyxis5typesdINtB5_14ConstEllipsoiddE13krasovsky1940
FNDA:60,_RNvXs1_NtCs6n8OALiYxrc_5pyxis5typesdINtB5_14ConstEllipsoiddE5wgs84
FNDA:0,_RNvXs1_NtCs6n8OALiYxrc_5pyxis5typesdINtB5_14ConstEllipsoiddE7grs1980
FNDA:0,_RNvXs1_NtCs6n8OALiYxrc_5pyxis5typesdINtB5_14ConstEllipsoiddE7iag1975
FNDA:0,_RNvXs1_NtCs6n8OALiYxrc_5pyxis5typesdINtB5_14ConstEllipsoiddE8cgcs2000
FNDA:0,_RNCNvNtCs6n8OALiYxrc_5pyxis5types11GRS1980_F320B5_
FNDA:0,_RNCNvNtCs6n8OALiYxrc_5pyxis5types11GRS1980_F640B5_
FNDA:0,_RNCNvNtCs6n8OALiYxrc_5pyxis5types11IAG1975_F320B5_
FNDA:0,_RNCNvNtCs6n8OALiYxrc_5pyxis5types11IAG1975_F640B5_
FNDA:0,_RNCNvNtCs6n8OALiYxrc_5pyxis5types17KRASOVSKY1940_F320B5_
FNDA:3,_RNCNvNtCs6n8OALiYxrc_5pyxis5types17KRASOVSKY1940_F640B5_
FNDA:0,_RNCNvNtCs6n8OALiYxrc_5pyxis5types9WGS84_F320B5_
FNDA:1,_RNCNvNtCs6n8OALiYxrc_5pyxis5types9WGS84_F640B5_
FNF:18
FNH:4
DA:37,0
DA:39,0
DA:41,0
DA:43,0
DA:45,0
DA:46,0
DA:47,0
DA:48,0
DA:49,0
DA:53,0
DA:55,0
DA:57,18
DA:59,6
DA:61,0
DA:62,0
DA:63,0
DA:64,1200424
DA:65,900300
BRF:0
BRH:0
LF:18
LH:4
end_of_record