SF:D:\project\pyxis\rust-cuda\src\context.rs
FN:29,_RNvMNtCsbRh8zr4mWo7_10pyxis_cuda7contextNtB2_16PyxisCudaContext3new
FN:138,_RNvMs0_NtCsbRh8zr4mWo7_10pyxis_cuda7contextNtB5_16PyxisCudaContext14get_grid_block
FN:166,_RNvMs1_NtCsbRh8zr4mWo7_10pyxis_cuda7contextNtB5_16PyxisCudaContext24device_buffer_from_slice
FN:77,_RNvMs_NtCsbRh8zr4mWo7_10pyxis_cuda7contextNtB4_16PyxisCudaContext10add_module
FN:59,_RNvMs_NtCsbRh8zr4mWo7_10pyxis_cuda7contextNtB4_16PyxisCudaContext10get_module
FN:115,_RNvMs_NtCsbRh8zr4mWo7_10pyxis_cuda7contextNtB4_16PyxisCudaContext18remove_last_module
FN:153,_RINvMs1_NtCsbRh8zr4mWo7_10pyxis_cuda7contextNtB6_16PyxisCudaContext12get_functiondEB8_
FN:128,_RNvMs0_NtCsbRh8zr4mWo7_10pyxis_cuda7contextNtB5_16PyxisCudaContext14set_block_size
FN:47,_RNvMs_NtCsbRh8zr4mWo7_10pyxis_cuda7contextNtB4_16PyxisCudaContext14set_size_limit
FN:53,_RNvMs_NtCsbRh8zr4mWo7_10pyxis_cuda7contextNtB4_16PyxisCudaContext15set_count_limit
FNDA:19,_RNvMNtCsbRh8zr4mWo7_10pyxis_cuda7contextNtB2_16PyxisCudaContext3new
FNDA:21,_RNvMs0_NtCsbRh8zr4mWo7_10pyxis_cuda7contextNtB5_16PyxisCudaContext14get_grid_block
FNDA:42,_RNvMs1_NtCsbRh8zr4mWo7_10pyxis_cuda7contextNtB5_16PyxisCudaContext24device_buffer_from_slice
FNDA:19,_RNvMs_NtCsbRh8zr4mWo7_10pyxis_cuda7contextNtB4_16PyxisCudaContext10add_module
FNDA:21,_RNvMs_NtCsbRh8zr4mWo7_10pyxis_cuda7contextNtB4_16PyxisCudaContext10get_module
FNDA:0,_RNvMs_NtCsbRh8zr4mWo7_10pyxis_cuda7contextNtB4_16PyxisCudaContext18remove_last_module
FNDA:21,_RINvMs1_NtCsbRh8zr4mWo7_10pyxis_cuda7contextNtB6_16PyxisCudaContext12get_functiondEB8_
FNDA:0,_RNvMs0_NtCsbRh8zr4mWo7_10pyxis_cuda7contextNtB5_16PyxisCudaContext14set_block_size
FNDA:0,_RNvMs_NtCsbRh8zr4mWo7_10pyxis_cuda7contextNtB4_16PyxisCudaContext14set_size_limit
FNDA:0,_RNvMs_NtCsbRh8zr4mWo7_10pyxis_cuda7contextNtB4_16PyxisCudaContext15set_count_limit
FNF:10
FNH:6
DA:29,19
DA:31,19
DA:32,19
DA:33,19
DA:34,19
DA:35,19
DA:36,19
DA:37,19
DA:38,19
DA:39,19
DA:40,19
DA:41,19
DA:42,19
DA:47,0
DA:48,0
DA:50,0
DA:51,0
DA:53,0
DA:54,0
DA:56,0
DA:57,0
DA:59,21
DA:62,21
DA:63,19
DA:64,19
DA:65,19
DA:68,21
DA:69,21
DA:70,21
DA:71,21
DA:72,21
DA:73,21
DA:74,21
DA:75,21
DA:76,21
DA:77,19
DA:87,19
DA:88,0
DA:89,0
DA:90,0
DA:91,0
DA:92,19
DA:94,19
DA:95,19
DA:96,0
DA:97,0
DA:98,0
DA:99,0
DA:100,0
DA:101,0
DA:102,0
DA:103,0
DA:105,19
DA:106,19
DA:107,19
DA:108,19
DA:109,19
DA:110,19
DA:111,19
DA:112,19
DA:113,19
DA:114,19
DA:115,0
DA:116,0
DA:117,0
DA:118,0
DA:119,0
DA:120,0
DA:121,0
DA:122,0
DA:123,0
DA:128,0
DA:129,0
DA:131,0
DA:132,0
DA:138,21
DA:139,21
DA:140,21
DA:141,21
DA:148,21
DA:149,21
DA:153,21
DA:154,21
DA:155,21
DA:156,21
DA:157,21
DA:160,21
DA:161,21
DA:162,21
DA:163,0
DA:165,21
DA:166,42
DA:167,42
DA:168,42
BRDA:62,0,0,19
BRDA:62,0,1,2
BRDA:87,0,0,0
BRDA:87,0,1,19
BRDA:88,0,0,-
BRDA:88,0,1,-
BRDA:94,0,0,19
BRDA:94,0,1,0
BRDA:95,0,0,0
BRDA:95,0,1,19
BRDA:116,0,0,-
BRDA:116,0,1,-
BRDA:117,0,0,-
BRDA:117,0,1,-
BRDA:161,0,0,0
BRDA:161,0,1,21
BRDA:162,0,0,21
BRDA:162,0,1,0
BRF:18
BRH:7
LF:94
LH:60
end_of_record
SF:D:\project\pyxis\rust-cuda\src\crypto_cuda.rs
FN:164,_RINvMNtCsbRh8zr4mWo7_10pyxis_cuda11crypto_cudaNtNtB5_7context16PyxisCudaContext17crypto_exact_cudadEB5_
FN:15,_RINvMNtCsbRh8zr4mWo7_10pyxis_cuda11crypto_cudaNtNtB5_7context16PyxisCudaContext18bd09_to_gcj02_cudadEB5_
FN:139,_RINvMNtCsbRh8zr4mWo7_10pyxis_cuda11crypto_cudaNtNtB5_7context16PyxisCudaContext18bd09_to_wgs84_cudadEB5_
FN:39,_RINvMNtCsbRh8zr4mWo7_10pyxis_cuda11crypto_cudaNtNtB5_7context16PyxisCudaContext18gcj02_to_bd09_cudadEB5_
FN:114,_RINvMNtCsbRh8zr4mWo7_10pyxis_cuda11crypto_cudaNtNtB5_7context16PyxisCudaContext18wgs84_to_bd09_cudadEB5_
FN:64,_RINvMNtCsbRh8zr4mWo7_10pyxis_cuda11crypto_cudaNtNtB5_7context16PyxisCudaContext19gcj02_to_wgs84_cudadEB5_
FN:89,_RINvMNtCsbRh8zr4mWo7_10pyxis_cuda11crypto_cudaNtNtB5_7context16PyxisCudaContext19wgs84_to_gcj02_cudadEB5_
FN:408,_RNCNvNtNtCsbRh8zr4mWo7_10pyxis_cuda11crypto_cuda4tests_15test_exact_cuda0B7_
FN:416,_RNCNvNtNtCsbRh8zr4mWo7_10pyxis_cuda11crypto_cuda4tests_15test_exact_cudas0_0B7_
FN:421,_RNCNvNtNtCsbRh8zr4mWo7_10pyxis_cuda11crypto_cuda4tests_15test_exact_cudas1_0B7_
FN:426,_RNCNvNtNtCsbRh8zr4mWo7_10pyxis_cuda11crypto_cuda4tests_15test_exact_cudas2_0B7_
FN:431,_RNCNvNtNtCsbRh8zr4mWo7_10pyxis_cuda11crypto_cuda4tests_15test_exact_cudas3_0B7_
FN:458,_RNCNvNtNtCsbRh8zr4mWo7_10pyxis_cuda11crypto_cuda4tests_15test_exact_cudas4_0B7_
FN:495,_RNCNvNtNtCsbRh8zr4mWo7_10pyxis_cuda11crypto_cuda4tests_15test_exact_cudas5_0B7_
FN:532,_RNCNvNtNtCsbRh8zr4mWo7_10pyxis_cuda11crypto_cuda4tests_15test_exact_cudas6_0B7_
FN:411,_RNCNvNtNtCsbRh8zr4mWo7_10pyxis_cuda11crypto_cuda4tests_15test_exact_cudas_0B7_
FN:403,_RNvNtNtCsbRh8zr4mWo7_10pyxis_cuda11crypto_cuda4tests_15test_exact_cuda
FN:221,_RNvNtNtCsbRh8zr4mWo7_10pyxis_cuda11crypto_cuda4tests_23test_bd09_to_gcj02_cuda
FN:307,_RNvNtNtCsbRh8zr4mWo7_10pyxis_cuda11crypto_cuda4tests_23test_bd09_to_wgs84_cuda
FN:239,_RNvNtNtCsbRh8zr4mWo7_10pyxis_cuda11crypto_cuda4tests_23test_gcj02_to_bd09_cuda
FN:291,_RNvNtNtCsbRh8zr4mWo7_10pyxis_cuda11crypto_cuda4tests_23test_wgs84_to_bd09_cuda
FN:256,_RNvNtNtCsbRh8zr4mWo7_10pyxis_cuda11crypto_cuda4tests_24test_gcj02_to_wgs84_cuda
FN:274,_RNvNtNtCsbRh8zr4mWo7_10pyxis_cuda11crypto_cuda4tests_24test_wgs84_to_gcj02_cuda
FN:351,_RNvNtNtCsbRh8zr4mWo7_10pyxis_cuda11crypto_cuda4tests_29test_bd09_to_gcj02_exact_cuda
FN:325,_RNvNtNtCsbRh8zr4mWo7_10pyxis_cuda11crypto_cuda4tests_29test_bd09_to_wgs84_exact_cuda
FN:377,_RNvNtNtCsbRh8zr4mWo7_10pyxis_cuda11crypto_cuda4tests_30test_gcj02_to_wgs84_exact_cuda
FNDA:6,_RINvMNtCsbRh8zr4mWo7_10pyxis_cuda11crypto_cudaNtNtB5_7context16PyxisCudaContext17crypto_exact_cudadEB5_
FNDA:1,_RINvMNtCsbRh8zr4mWo7_10pyxis_cuda11crypto_cudaNtNtB5_7context16PyxisCudaContext18bd09_to_gcj02_cudadEB5_
FNDA:1,_RINvMNtCsbRh8zr4mWo7_10pyxis_cuda11crypto_cudaNtNtB5_7context16PyxisCudaContext18bd09_to_wgs84_cudadEB5_
FNDA:1,_RINvMNtCsbRh8zr4mWo7_10pyxis_cuda11crypto_cudaNtNtB5_7context16PyxisCudaContext18gcj02_to_bd09_cudadEB5_
FNDA:1,_RINvMNtCsbRh8zr4mWo7_10pyxis_cuda11crypto_cudaNtNtB5_7context16PyxisCudaContext18wgs84_to_bd09_cudadEB5_
FNDA:1,_RINvMNtCsbRh8zr4mWo7_10pyxis_cuda11crypto_cudaNtNtB5_7context16PyxisCudaContext19gcj02_to_wgs84_cudadEB5_
FNDA:1,_RINvMNtCsbRh8zr4mWo7_10pyxis_cuda11crypto_cudaNtNtB5_7context16PyxisCudaContext19wgs84_to_gcj02_cudadEB5_
FNDA:150000,_RNCNvNtNtCsbRh8zr4mWo7_10pyxis_cuda11crypto_cuda4tests_15test_exact_cuda0B7_
FNDA:150000,_RNCNvNtNtCsbRh8zr4mWo7_10pyxis_cuda11crypto_cuda4tests_15test_exact_cudas0_0B7_
FNDA:150000,_RNCNvNtNtCsbRh8zr4mWo7_10pyxis_cuda11crypto_cuda4tests_15test_exact_cudas1_0B7_
FNDA:150000,_RNCNvNtNtCsbRh8zr4mWo7_10pyxis_cuda11crypto_cuda4tests_15test_exact_cudas2_0B7_
FNDA:150000,_RNCNvNtNtCsbRh8zr4mWo7_10pyxis_cuda11crypto_cuda4tests_15test_exact_cudas3_0B7_
FNDA:150000,_RNCNvNtNtCsbRh8zr4mWo7_10pyxis_cuda11crypto_cuda4tests_15test_exact_cudas4_0B7_
FNDA:150000,_RNCNvNtNtCsbRh8zr4mWo7_10pyxis_cuda11crypto_cuda4tests_15test_exact_cudas5_0B7_
FNDA:150000,_RNCNvNtNtCsbRh8zr4mWo7_10pyxis_cuda11crypto_cuda4tests_15test_exact_cudas6_0B7_
FNDA:150000,_RNCNvNtNtCsbRh8zr4mWo7_10pyxis_cuda11crypto_cuda4tests_15test_exact_cudas_0B7_
FNDA:1,_RNvNtNtCsbRh8zr4mWo7_10pyxis_cuda11crypto_cuda4tests_15test_exact_cuda
FNDA:1,_RNvNtNtCsbRh8zr4mWo7_10pyxis_cuda11crypto_cuda4tests_23test_bd09_to_gcj02_cuda
FNDA:1,_RNvNtNtCsbRh8zr4mWo7_10pyxis_cuda11crypto_cuda4tests_23test_bd09_to_wgs84_cuda
FNDA:1,_RNvNtNtCsbRh8zr4mWo7_10pyxis_cuda11crypto_cuda4tests_23test_gcj02_to_bd09_cuda
FNDA:1,_RNvNtNtCsbRh8zr4mWo7_10pyxis_cuda11crypto_cuda4tests_23test_wgs84_to_bd09_cuda
FNDA:1,_RNvNtNtCsbRh8zr4mWo7_10pyxis_cuda11crypto_cuda4tests_24test_gcj02_to_wgs84_cuda
FNDA:1,_RNvNtNtCsbRh8zr4mWo7_10pyxis_cuda11crypto_cuda4tests_24test_wgs84_to_gcj02_cuda
FNDA:1,_RNvNtNtCsbRh8zr4mWo7_10pyxis_cuda11crypto_cuda4tests_29test_bd09_to_gcj02_exact_cuda
FNDA:1,_RNvNtNtCsbRh8zr4mWo7_10pyxis_cuda11crypto_cuda4tests_29test_bd09_to_wgs84_exact_cuda
FNDA:1,_RNvNtNtCsbRh8zr4mWo7_10pyxis_cuda11crypto_cuda4tests_30test_gcj02_to_wgs84_exact_cuda
FNF:26
FNH:26
DA:15,1
DA:16,1
DA:17,1
DA:18,1
DA:19,1
DA:20,1
DA:21,1
DA:22,1
DA:23,1
DA:24,1
DA:25,1
DA:27,1
DA:28,1
DA:29,1
DA:30,1
DA:31,1
DA:32,1
DA:35,1
DA:37,1
DA:38,1
DA:39,1
DA:40,1
DA:41,1
DA:42,1
DA:43,1
DA:44,1
DA:45,1
DA:46,1
DA:47,1
DA:48,1
DA:49,1
DA:52,1
DA:53,1
DA:54,1
DA:55,1
DA:56,1
DA:57,1
DA:60,1
DA:62,1
DA:63,1
DA:64,1
DA:65,1
DA:66,1
DA:67,1
DA:68,1
DA:69,1
DA:70,1
DA:71,1
DA:72,1
DA:73,1
DA:74,1
DA:77,1
DA:78,1
DA:79,1
DA:80,1
DA:81,1
DA:82,1
DA:85,1
DA:87,1
DA:88,1
DA:89,1
DA:90,1
DA:91,1
DA:92,1
DA:93,1
DA:94,1
DA:95,1
DA:96,1
DA:97,1
DA:98,1
DA:99,1
DA:102,1
DA:103,1
DA:104,1
DA:105,1
DA:106,1
DA:107,1
DA:110,1
DA:112,1
DA:113,1
DA:114,1
DA:115,1
DA:116,1
DA:117,1
DA:118,1
DA:119,1
DA:120,1
DA:121,1
DA:122,1
DA:123,1
DA:124,1
DA:127,1
DA:128,1
DA:129,1
DA:130,1
DA:131,1
DA:132,1
DA:135,1
DA:137,1
DA:138,1
DA:139,1
DA:140,1
DA:141,1
DA:142,1
DA:143,1
DA:144,1
DA:145,1
DA:146,1
DA:147,1
DA:148,1
DA:149,1
DA:152,1
DA:153,1
DA:154,1
DA:155,1
DA:156,1
DA:157,1
DA:160,1
DA:162,1
DA:163,1
DA:164,6
DA:165,6
DA:166,6
DA:167,6
DA:168,6
DA:169,6
DA:170,6
DA:171,6
DA:172,6
DA:173,6
DA:174,6
DA:175,6
DA:176,6
DA:177,6
DA:179,2
DA:182,2
DA:185,2
DA:187,0
DA:189,6
DA:190,0
DA:191,6
DA:193,6
DA:194,6
DA:196,6
DA:197,6
DA:198,6
DA:199,6
DA:200,0
DA:201,0
DA:202,0
DA:203,6
DA:204,6
DA:207,6
DA:209,6
DA:210,6
DA:221,1
DA:222,1
DA:223,1
DA:224,1
DA:225,1
DA:226,1
DA:227,1
DA:228,1
DA:229,1
DA:230,1
DA:232,1
DA:233,1
DA:235,1
DA:236,1
DA:237,1
DA:239,1
DA:240,1
DA:241,1
DA:242,1
DA:243,1
DA:244,1
DA:245,1
DA:246,1
DA:247,1
DA:248,1
DA:249,1
DA:250,1
DA:251,1
DA:252,1
DA:253,1
DA:254,1
DA:256,1
DA:257,1
DA:258,1
DA:259,1
DA:260,1
DA:261,1
DA:262,1
DA:263,1
DA:264,1
DA:265,1
DA:267,1
DA:268,1
DA:270,1
DA:271,1
DA:272,1
DA:274,1
DA:275,1
DA:276,1
DA:277,1
DA:278,1
DA:279,1
DA:280,1
DA:281,1
DA:282,1
DA:283,1
DA:284,1
DA:285,1
DA:286,1
DA:287,1
DA:288,1
DA:289,1
DA:291,1
DA:292,1
DA:293,1
DA:294,1
DA:295,1
DA:296,1
DA:297,1
DA:298,1
DA:299,1
DA:301,1
DA:302,1
DA:303,1
DA:304,1
DA:305,1
DA:307,1
DA:308,1
DA:309,1
DA:310,1
DA:311,1
DA:312,1
DA:313,1
DA:314,1
DA:315,1
DA:316,1
DA:318,1
DA:319,1
DA:321,1
DA:322,1
DA:323,1
DA:325,1
DA:326,1
DA:327,1
DA:328,1
DA:329,1
DA:330,1
DA:331,1
DA:332,1
DA:333,1
DA:334,1
DA:335,1
DA:336,1
DA:337,1
DA:338,1
DA:339,1
DA:340,1
DA:341,1
DA:343,1
DA:344,1
DA:345,1
DA:346,1
DA:347,1
DA:348,1
DA:349,1
DA:351,1
DA:352,1
DA:353,1
DA:354,1
DA:355,1
DA:356,1
DA:357,1
DA:358,1
DA:359,1
DA:360,1
DA:361,1
DA:362,1
DA:363,1
DA:364,1
DA:365,1
DA:366,1
DA:367,1
DA:369,1
DA:370,1
DA:371,1
DA:372,1
DA:373,1
DA:374,1
DA:375,1
DA:377,1
DA:378,1
DA:379,1
DA:380,1
DA:381,1
DA:382,1
DA:383,1
DA:384,1
DA:385,1
DA:386,1
DA:387,1
DA:388,1
DA:389,1
DA:390,1
DA:391,1
DA:392,1
DA:393,1
DA:395,1
DA:396,1
DA:397,1
DA:398,1
DA:399,1
DA:400,1
DA:401,1
DA:403,1
DA:404,1
DA:405,1
DA:406,1
DA:407,1
DA:408,150000
DA:409,1
DA:410,1
DA:411,150000
DA:412,1
DA:413,1
DA:414,1
DA:415,1
DA:416,150000
DA:417,1
DA:418,1
DA:419,1
DA:420,1
DA:421,150000
DA:422,1
DA:423,1
DA:424,1
DA:425,1
DA:426,150000
DA:427,1
DA:428,1
DA:429,1
DA:430,1
DA:431,150000
DA:432,1
DA:434,1
DA:435,1
DA:436,1
DA:437,1
DA:438,1
DA:439,1
DA:440,1
DA:441,1
DA:442,1
DA:443,1
DA:444,1
DA:445,1
DA:446,1
DA:447,1
DA:448,1
DA:449,1
DA:450,1
DA:451,1
DA:452,1
DA:453,1
DA:454,1
DA:455,1
DA:456,1
DA:457,1
DA:458,150000
DA:459,150000
DA:460,150000
DA:461,150000
DA:462,150000
DA:463,150000
DA:464,1
DA:465,1
DA:466,1
DA:467,1
DA:468,1
DA:471,1
DA:472,1
DA:473,1
DA:474,1
DA:475,1
DA:476,1
DA:477,1
DA:478,1
DA:479,1
DA:480,1
DA:481,1
DA:482,1
DA:483,1
DA:484,1
DA:485,1
DA:486,1
DA:487,1
DA:488,1
DA:489,1
DA:490,1
DA:491,1
DA:492,1
DA:493,1
DA:494,1
DA:495,150000
DA:496,150000
DA:497,150000
DA:498,150000
DA:499,150000
DA:500,150000
DA:501,1
DA:502,1
DA:503,1
DA:504,1
DA:505,1
DA:508,1
DA:509,1
DA:510,1
DA:511,1
DA:512,1
DA:513,1
DA:514,1
DA:515,1
DA:516,1
DA:517,1
DA:518,1
DA:519,1
DA:520,1
DA:521,1
DA:522,1
DA:523,1
DA:524,1
DA:525,1
DA:526,1
DA:527,1
DA:528,1
DA:529,1
DA:530,1
DA:531,1
DA:532,150000
DA:533,150000
DA:534,150000
DA:535,150000
DA:536,150000
DA:537,150000
DA:538,1
DA:539,1
DA:540,1
DA:541,1
DA:542,1
DA:544,1
BRDA:406,0,0,0
BRDA:406,0,1,1
BRF:2
BRH:1
LF:463
LH:458
end_of_record
SF:D:\project\pyxis\rust-cuda\src\datum_compensate_cuda.rs
FN:14,_RINvMNtCsbRh8zr4mWo7_10pyxis_cuda21datum_compensate_cudaNtNtB5_7context16PyxisCudaContext21datum_compensate_cudadINtNtCs56veb4ygb0R_5pyxis16datum_compensate21DatumCompensateParamsdEEB5_
FN:51,_RNvNtNtCsbRh8zr4mWo7_10pyxis_cuda21datum_compensate_cuda4tests_26test_datum_compensate_cuda
FNDA:9,_RINvMNtCsbRh8zr4mWo7_10pyxis_cuda21datum_compensate_cudaNtNtB5_7context16PyxisCudaContext21datum_compensate_cudadINtNtCs56veb4ygb0R_5pyxis16datum_compensate21DatumCompensateParamsdEEB5_
FNDA:9,_RNvNtNtCsbRh8zr4mWo7_10pyxis_cuda21datum_compensate_cuda4tests_26test_datum_compensate_cuda
FNF:2
FNH:2
DA:14,9
DA:15,9
DA:16,9
DA:17,9
DA:18,9
DA:19,9
DA:20,9
DA:21,9
DA:22,9
DA:24,9
DA:25,9
DA:26,9
DA:29,9
DA:30,9
DA:31,9
DA:32,9
DA:33,9
DA:34,9
DA:35,9
DA:36,9
DA:37,9
DA:40,9
DA:42,9
DA:43,9
DA:51,9
DA:52,9
DA:53,9
DA:54,9
DA:55,9
DA:56,9
DA:57,9
DA:58,9
DA:59,9
DA:60,9
DA:62,9
DA:63,9
DA:64,9
BRF:0
BRH:0
LF:37
LH:37
end_of_record
SF:D:\project\pyxis\rust\crates\pyxis\src\crypto.rs
FN:153,_RINvNtCs56veb4ygb0R_5pyxis6crypto13bd09_to_gcj02dECsbRh8zr4mWo7_10pyxis_cuda
FN:221,_RINvNtCs56veb4ygb0R_5pyxis6crypto13bd09_to_wgs84dECsbRh8zr4mWo7_10pyxis_cuda
FN:252,_RINvNtCs56veb4ygb0R_5pyxis6crypto13gcj02_to_bd09dECsbRh8zr4mWo7_10pyxis_cuda
FN:321,_RINvNtCs56veb4ygb0R_5pyxis6crypto13wgs84_to_bd09dECsbRh8zr4mWo7_10pyxis_cuda
FN:190,_RINvNtCs56veb4ygb0R_5pyxis6crypto14gcj02_to_wgs84dECsbRh8zr4mWo7_10pyxis_cuda
FN:289,_RINvNtCs56veb4ygb0R_5pyxis6crypto14wgs84_to_gcj02dECsbRh8zr4mWo7_10pyxis_cuda
FN:425,_RINvNtCs56veb4ygb0R_5pyxis6crypto18haversine_distancedECsbRh8zr4mWo7_10pyxis_cuda
FN:113,_RINvNtCs56veb4ygb0R_5pyxis6crypto5deltadECsbRh8zr4mWo7_10pyxis_cuda
FN:76,_RINvNtCs56veb4ygb0R_5pyxis6crypto9transformdECsbRh8zr4mWo7_10pyxis_cuda
FN:375,_RINvNtCs56veb4ygb0R_5pyxis6crypto12crypto_exactpppEB4_
FN:153,_RINvNtCs56veb4ygb0R_5pyxis6crypto13bd09_to_gcj02pEB4_
FN:221,_RINvNtCs56veb4ygb0R_5pyxis6crypto13bd09_to_wgs84pEB4_
FN:252,_RINvNtCs56veb4ygb0R_5pyxis6crypto13gcj02_to_bd09pEB4_
FN:321,_RINvNtCs56veb4ygb0R_5pyxis6crypto13wgs84_to_bd09pEB4_
FN:190,_RINvNtCs56veb4ygb0R_5pyxis6crypto14gcj02_to_wgs84pEB4_
FN:289,_RINvNtCs56veb4ygb0R_5pyxis6crypto14wgs84_to_gcj02pEB4_
FN:425,_RINvNtCs56veb4ygb0R_5pyxis6crypto18haversine_distancepEB4_
FN:113,_RINvNtCs56veb4ygb0R_5pyxis6crypto5deltapEB4_
FN:76,_RINvNtCs56veb4ygb0R_5pyxis6crypto9transformpEB4_
FNDA:2,_RINvNtCs56veb4ygb0R_5pyxis6crypto13bd09_to_gcj02dECsbRh8zr4mWo7_10pyxis_cuda
FNDA:1,_RINvNtCs56veb4ygb0R_5pyxis6crypto13bd09_to_wgs84dECsbRh8zr4mWo7_10pyxis_cuda
FNDA:300000,_RINvNtCs56veb4ygb0R_5pyxis6crypto13gcj02_to_bd09dECsbRh8zr4mWo7_10pyxis_cuda
FNDA:300000,_RINvNtCs56veb4ygb0R_5pyxis6crypto13wgs84_to_bd09dECsbRh8zr4mWo7_10pyxis_cuda
FNDA:2,_RINvNtCs56veb4ygb0R_5pyxis6crypto14gcj02_to_wgs84dECsbRh8zr4mWo7_10pyxis_cuda
FNDA:600000,_RINvNtCs56veb4ygb0R_5pyxis6crypto14wgs84_to_gcj02dECsbRh8zr4mWo7_10pyxis_cuda
FNDA:900000,_RINvNtCs56veb4ygb0R_5pyxis6crypto18haversine_distancedECsbRh8zr4mWo7_10pyxis_cuda
FNDA:600002,_RINvNtCs56veb4ygb0R_5pyxis6crypto5deltadECsbRh8zr4mWo7_10pyxis_cuda
FNDA:600002,_RINvNtCs56veb4ygb0R_5pyxis6crypto9transformdECsbRh8zr4mWo7_10pyxis_cuda
FNDA:0,_RINvNtCs56veb4ygb0R_5pyxis6crypto12crypto_exactpppEB4_
FNDA:0,_RINvNtCs56veb4ygb0R_5pyxis6crypto13bd09_to_gcj02pEB4_
FNDA:0,_RINvNtCs56veb4ygb0R_5pyxis6crypto13bd09_to_wgs84pEB4_
FNDA:0,_RINvNtCs56veb4ygb0R_5pyxis6crypto13gcj02_to_bd09pEB4_
FNDA:0,_RINvNtCs56veb4ygb0R_5pyxis6crypto13wgs84_to_bd09pEB4_
FNDA:0,_RINvNtCs56veb4ygb0R_5pyxis6crypto14gcj02_to_wgs84pEB4_
FNDA:0,_RINvNtCs56veb4ygb0R_5pyxis6crypto14wgs84_to_gcj02pEB4_
FNDA:0,_RINvNtCs56veb4ygb0R_5pyxis6crypto18haversine_distancepEB4_
FNDA:0,_RINvNtCs56veb4ygb0R_5pyxis6crypto5deltapEB4_
FNDA:0,_RINvNtCs56veb4ygb0R_5pyxis6crypto9transformpEB4_
FNF:10
FNH:9
DA:76,600002
DA:77,600002
DA:78,600002
DA:80,600002
DA:81,600002
DA:82,600002
DA:83,600002
DA:84,600002
DA:86,600002
DA:87,600002
DA:89,600002
DA:90,600002
DA:91,600002
DA:92,600002
DA:93,600002
DA:94,600002
DA:95,600002
DA:96,600002
DA:98,600002
DA:99,600002
DA:101,600002
DA:102,600002
DA:103,600002
DA:104,600002
DA:105,600002
DA:106,600002
DA:107,600002
DA:108,600002
DA:110,600002
DA:111,600002
DA:113,600002
DA:114,600002
DA:115,600002
DA:117,600002
DA:118,600002
DA:119,600002
DA:120,600002
DA:121,600002
DA:123,600002
DA:124,600002
DA:125,600002
DA:126,600002
DA:127,600002
DA:128,600002
DA:153,2
DA:154,2
DA:155,2
DA:157,2
DA:158,2
DA:159,2
DA:160,2
DA:161,2
DA:162,2
DA:163,2
DA:164,2
DA:165,2
DA:190,2
DA:191,2
DA:192,2
DA:194,2
DA:195,2
DA:196,2
DA:221,1
DA:222,1
DA:223,1
DA:225,1
DA:226,1
DA:227,1
DA:252,300000
DA:253,300000
DA:254,300000
DA:256,300000
DA:257,300000
DA:258,300000
DA:259,300000
DA:260,300000
DA:261,300000
DA:262,300000
DA:263,300000
DA:289,600000
DA:290,600000
DA:291,600000
DA:293,600000
DA:294,600000
DA:295,600000
DA:321,300000
DA:322,300000
DA:323,300000
DA:325,300000
DA:326,300000
DA:327,300000
DA:375,0
DA:376,0
DA:377,0
DA:378,0
DA:379,0
DA:380,0
DA:381,0
DA:382,0
DA:383,0
DA:384,0
DA:385,0
DA:387,0
DA:388,0
DA:389,0
DA:390,0
DA:392,0
DA:393,0
DA:402,0
DA:403,0
DA:404,0
DA:406,0
DA:408,0
DA:410,0
DA:413,0
DA:415,0
DA:417,0
DA:419,0
DA:421,0
DA:422,0
DA:425,900000
DA:426,900000
DA:427,900000
DA:429,900000
DA:430,900000
DA:431,900000
DA:432,900000
DA:434,900000
DA:435,900000
DA:437,900000
DA:438,900000
DA:439,900000
DA:441,900000
DA:442,900000
BRF:0
BRH:0
LF:134
LH:105
end_of_record
SF:D:\project\pyxis\rust\crates\pyxis\src\datum_compensate.rs
FN:13,_RNvMNtCs56veb4ygb0R_5pyxis16datum_compensateINtB2_21DatumCompensateParamsdE3newCsbRh8zr4mWo7_10pyxis_cuda
FN:20,_RNvXs_NtCs56veb4ygb0R_5pyxis16datum_compensateINtB4_21DatumCompensateParamsdEINtB4_22IDatumCompensateParamsdE2x0CsbRh8zr4mWo7_10pyxis_cuda
FN:21,_RNvXs_NtCs56veb4ygb0R_5pyxis16datum_compensateINtB4_21DatumCompensateParamsdEINtB4_22IDatumCompensateParamsdE2y0CsbRh8zr4mWo7_10pyxis_cuda
FN:22,_RNvXs_NtCs56veb4ygb0R_5pyxis16datum_compensateINtB4_21DatumCompensateParamsdEINtB4_22IDatumCompensateParamsdE6factorCsbRh8zr4mWo7_10pyxis_cuda
FN:52,_RINvNtCs56veb4ygb0R_5pyxis16datum_compensate16datum_compensateppEB4_
FN:13,_RNvMNtCs56veb4ygb0R_5pyxis16datum_compensateINtB2_21DatumCompensateParamspE3newB4_
FN:20,_RNvXININtCs56veb4ygb0R_5pyxis16datum_compensates_0pEINtB5_21DatumCompensateParamspEINtB5_22IDatumCompensateParamspE2x0B7_
FN:21,_RNvXININtCs56veb4ygb0R_5pyxis16datum_compensates_0pEINtB5_21DatumCompensateParamspEINtB5_22IDatumCompensateParamspE2y0B7_
FN:22,_RNvXININtCs56veb4ygb0R_5pyxis16datum_compensates_0pEINtB5_21DatumCompensateParamspEINtB5_22IDatumCompensateParamspE6factorB7_
FNDA:9,_RNvMNtCs56veb4ygb0R_5pyxis16datum_compensateINtB2_21DatumCompensateParamsdE3newCsbRh8zr4mWo7_10pyxis_cuda
FNDA:9,_RNvXs_NtCs56veb4ygb0R_5pyxis16datum_compensateINtB4_21DatumCompensateParamsdEINtB4_22IDatumCompensateParamsdE2x0CsbRh8zr4mWo7_10pyxis_cuda
FNDA:9,_RNvXs_NtCs56veb4ygb0R_5pyxis16datum_compensateINtB4_21DatumCompensateParamsdEINtB4_22IDatumCompensateParamsdE2y0CsbRh8zr4mWo7_10pyxis_cuda
FNDA:9,_RNvXs_NtCs56veb4ygb0R_5pyxis16datum_compensateINtB4_21DatumCompensateParamsdEINtB4_22IDatumCompensateParamsdE6factorCsbRh8zr4mWo7_10pyxis_cuda
FNDA:0,_RINvNtCs56veb4ygb0R_5pyxis16datum_compensate16datum_compensateppEB4_
FNDA:0,_RNvMNtCs56veb4ygb0R_5pyxis16datum_compensateINtB2_21DatumCompensateParamspE3newB4_
FNDA:0,_RNvXININtCs56veb4ygb0R_5pyxis16datum_compensates_0pEINtB5_21DatumCompensateParamspEINtB5_22IDatumCompensateParamspE2x0B7_
FNDA:0,_RNvXININtCs56veb4ygb0R_5pyxis16datum_compensates_0pEINtB5_21DatumCompensateParamspEINtB5_22IDatumCompensateParamspE2y0B7_
FNDA:0,_RNvXININtCs56veb4ygb0R_5pyxis16datum_compensates_0pEINtB5_21DatumCompensateParamspEINtB5_22IDatumCompensateParamspE6factorB7_
FNF:5
FNH:4
DA:13,9
DA:14,9
DA:15,9
DA:16,9
DA:17,9
DA:20,9
DA:21,9
DA:22,9
DA:52,0
DA:53,0
DA:54,0
DA:56,0
DA:57,0
DA:58,0
DA:59,0
BRF:0
BRH:0
LF:15
LH:8
end_of_record
SF:D:\project\pyxis\rust\crates\pyxis\src\ellipsoid.rs
FN:175,_RNvMNtCs56veb4ygb0R_5pyxis9ellipsoidINtB2_9EllipsoiddE13eccentricity2CsbRh8zr4mWo7_10pyxis_cuda
FN:166,_RNvMNtCs56veb4ygb0R_5pyxis9ellipsoidINtB2_9EllipsoiddE15semi_major_axisCsbRh8zr4mWo7_10pyxis_cuda
FN:81,_RNvMNtCs56veb4ygb0R_5pyxis9ellipsoidINtB2_9EllipsoiddE24from_semi_major_and_invfB4_
FN:81,_RNvMNtCs56veb4ygb0R_5pyxis9ellipsoidINtB2_9EllipsoidfE24from_semi_major_and_invfB4_
FN:178,_RNvMNtCs56veb4ygb0R_5pyxis9ellipsoidINtB2_9EllipsoidpE10flatteningB4_
FN:172,_RNvMNtCs56veb4ygb0R_5pyxis9ellipsoidINtB2_9EllipsoidpE12eccentricityB4_
FN:175,_RNvMNtCs56veb4ygb0R_5pyxis9ellipsoidINtB2_9EllipsoidpE13eccentricity2B4_
FN:146,_RNvMNtCs56veb4ygb0R_5pyxis9ellipsoidINtB2_9EllipsoidpE14from_semi_axisB4_
FN:166,_RNvMNtCs56veb4ygb0R_5pyxis9ellipsoidINtB2_9EllipsoidpE15semi_major_axisB4_
FN:169,_RNvMNtCs56veb4ygb0R_5pyxis9ellipsoidINtB2_9EllipsoidpE15semi_minor_axisB4_
FN:181,_RNvMNtCs56veb4ygb0R_5pyxis9ellipsoidINtB2_9EllipsoidpE18inverse_flatteningB4_
FNDA:600002,_RNvMNtCs56veb4ygb0R_5pyxis9ellipsoidINtB2_9EllipsoiddE13eccentricity2CsbRh8zr4mWo7_10pyxis_cuda
FNDA:1500002,_RNvMNtCs56veb4ygb0R_5pyxis9ellipsoidINtB2_9EllipsoiddE15semi_major_axisCsbRh8zr4mWo7_10pyxis_cuda
FNDA:4,_RNvMNtCs56veb4ygb0R_5pyxis9ellipsoidINtB2_9EllipsoiddE24from_semi_major_and_invfB4_
FNDA:0,_RNvMNtCs56veb4ygb0R_5pyxis9ellipsoidINtB2_9EllipsoidfE24from_semi_major_and_invfB4_
FNDA:0,_RNvMNtCs56veb4ygb0R_5pyxis9ellipsoidINtB2_9EllipsoidpE10flatteningB4_
FNDA:0,_RNvMNtCs56veb4ygb0R_5pyxis9ellipsoidINtB2_9EllipsoidpE12eccentricityB4_
FNDA:0,_RNvMNtCs56veb4ygb0R_5pyxis9ellipsoidINtB2_9EllipsoidpE13eccentricity2B4_
FNDA:0,_RNvMNtCs56veb4ygb0R_5pyxis9ellipsoidINtB2_9EllipsoidpE14from_semi_axisB4_
FNDA:0,_RNvMNtCs56veb4ygb0R_5pyxis9ellipsoidINtB2_9EllipsoidpE15semi_major_axisB4_
FNDA:0,_RNvMNtCs56veb4ygb0R_5pyxis9ellipsoidINtB2_9EllipsoidpE15semi_minor_axisB4_
FNDA:0,_RNvMNtCs56veb4ygb0R_5pyxis9ellipsoidINtB2_9EllipsoidpE18inverse_flatteningB4_
FNF:8
FNH:3
DA:81,4
DA:82,4
DA:83,4
DA:84,4
DA:85,4
DA:87,4
DA:88,4
DA:89,4
DA:90,4
DA:91,4
DA:92,4
DA:93,4
DA:94,4
DA:95,4
DA:146,0
DA:148,0
DA:150,0
DA:152,0
DA:154,0
DA:156,0
DA:157,0
DA:158,0
DA:159,0
DA:160,0
DA:161,0
DA:162,0
DA:163,0
DA:164,0
DA:166,1500002
DA:169,0
DA:172,0
DA:175,600002
DA:178,0
DA:181,0
BRF:0
BRH:0
LF:34
LH:16
end_of_record
SF:D:\project\pyxis\rust\crates\pyxis\src\linear.rs
FN:31,_RINvNtCs56veb4ygb0R_5pyxis6linear16rotate_matrix_2dpEB4_
FN:61,_RINvNtCs56veb4ygb0R_5pyxis6linear9rotate_2dpEB4_
FNDA:0,_RINvNtCs56veb4ygb0R_5pyxis6linear16rotate_matrix_2dpEB4_
FNDA:0,_RINvNtCs56veb4ygb0R_5pyxis6linear9rotate_2dpEB4_
FNF:2
FNH:0
DA:31,0
DA:32,0
DA:33,0
DA:35,0
DA:36,0
DA:37,0
DA:38,0
DA:39,0
DA:61,0
DA:62,0
DA:63,0
DA:65,0
DA:66,0
DA:67,0
DA:68,0
BRF:0
BRH:0
LF:15
LH:0
end_of_record
SF:D:\project\pyxis\rust\crates\pyxis\src\migrate.rs
FN:36,_RINvNtCs56veb4ygb0R_5pyxis7migrate6abs_2dpEB4_
FN:11,_RINvNtCs56veb4ygb0R_5pyxis7migrate6rel_2dpEB4_
FN:59,_RINvNtCs56veb4ygb0R_5pyxis7migrate9origin_2dpEB4_
FNDA:0,_RINvNtCs56veb4ygb0R_5pyxis7migrate6abs_2dpEB4_
FNDA:0,_RINvNtCs56veb4ygb0R_5pyxis7migrate6rel_2dpEB4_
FNDA:0,_RINvNtCs56veb4ygb0R_5pyxis7migrate9origin_2dpEB4_
FNF:3
FNH:0
DA:11,0
DA:12,0
DA:13,0
DA:14,0
DA:15,0
DA:16,0
DA:17,0
DA:18,0
DA:19,0
DA:21,0
DA:22,0
DA:23,0
DA:24,0
DA:25,0
DA:26,0
DA:27,0
DA:36,0
DA:37,0
DA:38,0
DA:39,0
DA:40,0
DA:41,0
DA:42,0
DA:43,0
DA:44,0
DA:46,0
DA:47,0
DA:48,0
DA:49,0
DA:50,0
DA:59,0
DA:60,0
DA:61,0
DA:63,0
DA:64,0
DA:65,0
DA:66,0
DA:67,0
BRF:0
BRH:0
LF:38
LH:0
end_of_record
SF:D:\project\pyxis\rust\crates\pyxis\src\space.rs
FN:44,_RINvNtCs56veb4ygb0R_5pyxis5space18cartesian_to_polarpEB4_
FN:20,_RINvNtCs56veb4ygb0R_5pyxis5space18polar_to_cartesianpEB4_
FN:101,_RINvNtCs56veb4ygb0R_5pyxis5space22cartesian_to_sphericalpEB4_
FN:191,_RINvNtCs56veb4ygb0R_5pyxis5space22spherical_to_cartesianpEB4_
FN:73,_RINvNtCs56veb4ygb0R_5pyxis5space24cartesian_to_cylindricalpEB4_
FN:132,_RINvNtCs56veb4ygb0R_5pyxis5space24cylindrical_to_cartesianpEB4_
FN:162,_RINvNtCs56veb4ygb0R_5pyxis5space24cylindrical_to_sphericalpEB4_
FN:221,_RINvNtCs56veb4ygb0R_5pyxis5space24spherical_to_cylindricalpEB4_
FNDA:0,_RINvNtCs56veb4ygb0R_5pyxis5space18cartesian_to_polarpEB4_
FNDA:0,_RINvNtCs56veb4ygb0R_5pyxis5space18polar_to_cartesianpEB4_
FNDA:0,_RINvNtCs56veb4ygb0R_5pyxis5space22cartesian_to_sphericalpEB4_
FNDA:0,_RINvNtCs56veb4ygb0R_5pyxis5space22spherical_to_cartesianpEB4_
FNDA:0,_RINvNtCs56veb4ygb0R_5pyxis5space24cartesian_to_cylindricalpEB4_
FNDA:0,_RINvNtCs56veb4ygb0R_5pyxis5space24cylindrical_to_cartesianpEB4_
FNDA:0,_RINvNtCs56veb4ygb0R_5pyxis5space24cylindrical_to_sphericalpEB4_
FNDA:0,_RINvNtCs56veb4ygb0R_5pyxis5space24spherical_to_cylindricalpEB4_
FNF:8
FNH:0
DA:20,0
DA:21,0
DA:22,0
DA:24,0
DA:25,0
DA:44,0
DA:45,0
DA:46,0
DA:48,0
DA:49,0
DA:73,0
DA:74,0
DA:75,0
DA:77,0
DA:78,0
DA:101,0
DA:102,0
DA:103,0
DA:105,0
DA:106,0
DA:107,0
DA:132,0
DA:133,0
DA:134,0
DA:136,0
DA:137,0
DA:162,0
DA:163,0
DA:164,0
DA:166,0
DA:167,0
DA:191,0
DA:192,0
DA:193,0
DA:195,0
DA:196,0
DA:221,0
DA:222,0
DA:223,0
DA:225,0
DA:226,0
BRF:0
BRH:0
LF:41
LH:0
end_of_record
SF:D:\project\pyxis\rust\crates\pyxis\src\types.rs
FN:48,_RNvXs0_NtCs56veb4ygb0R_5pyxis5typesfINtB5_14ConstEllipsoidfE13krasovsky1940
FN:49,_RNvXs0_NtCs56veb4ygb0R_5pyxis5typesfINtB5_14ConstEllipsoidfE5wgs84
FN:47,_RNvXs0_NtCs56veb4ygb0R_5pyxis5typesfINtB5_14ConstEllipsoidfE7grs1980
FN:46,_RNvXs0_NtCs56veb4ygb0R_5pyxis5typesfINtB5_14ConstEllipsoidfE7iag1975
FN:45,_RNvXs0_NtCs56veb4ygb0R_5pyxis5typesfINtB5_14ConstEllipsoidfE8cgcs2000
FN:64,_RNvXs1_NtCs56veb4ygb0R_5pyxis5typesdINtB5_14ConstEllipsoiddE13krasovsky1940
FN:65,_RNvXs1_NtCs56veb4ygb0R_5pyxis5typesdINtB5_14ConstEllipsoiddE5wgs84
FN:63,_RNvXs1_NtCs56veb4ygb0R_5pyxis5typesdINtB5_14ConstEllipsoiddE7grs1980
FN:62,_RNvXs1_NtCs56veb4ygb0R_5pyxis5typesdINtB5_14ConstEllipsoiddE7iag1975
FN:61,_RNvXs1_NtCs56veb4ygb0R_5pyxis5typesdINtB5_14ConstEllipsoiddE8cgcs2000
FN:37,_RNCNvNtCs56veb4ygb0R_5pyxis5types11GRS1980_F320B5_
FN:53,_RNCNvNtCs56veb4ygb0R_5pyxis5types11GRS1980_F640B5_
FN:39,_RNCNvNtCs56veb4ygb0R_5pyxis5types11IAG1975_F320B5_
FN:55,_RNCNvNtCs56veb4ygb0R_5pyxis5types11IAG1975_F640B5_
FN:41,_RNCNvNtCs56veb4ygb0R_5pyxis5types17KRASOVSKY1940_F320B5_
FN:57,_RNCNvNtCs56veb4ygb0R_5pyxis5types17KRASOVSKY1940_F640B5_
FN:43,_RNCNvNtCs56veb4ygb0R_5pyxis5types9WGS84_F320B5_
FN:59,_RNCNvNtCs56veb4ygb0R_5pyxis5types9WGS84_F640B5_
FNDA:0,_RNvXs0_NtCs56veb4ygb0R_5pyxis5typesfINtB5_14ConstEllipsoidfE13krasovsky1940
FNDA:0,_RNvXs0_NtCs56veb4ygb0R_5pyxis5typesfINtB5_14ConstEllipsoidfE5wgs84
FNDA:0,_RNvXs0_NtCs56veb4ygb0R_5pyxis5typesfINtB5_14ConstEllipsoidfE7grs1980
FNDA:0,_RNvXs0_NtCs56veb4ygb0R_5pyxis5typesfINtB5_14ConstEllipsoidfE7iag1975
FNDA:0,_RNvXs0_NtCs56veb4ygb0R_5pyxis5typesfINtB5_14ConstEllipsoidfE8cgcs2000
FNDA:1200004,_RNvXs1_NtCs56veb4ygb0R_5pyxis5typesdINtB5_14ConstEllipsoiddE13krasovsky1940
FNDA:900000,_RNvXs1_NtCs56veb4ygb0R_5pyxis5typesdINtB5_14ConstEllipsoiddE5wgs84
FNDA:0,_RNvXs1_NtCs56veb4ygb0R_5pyxis5typesdINtB5_14ConstEllipsoiddE7grs1980
FNDA:0,_RNvXs1_NtCs56veb4ygb0R_5pyxis5typesdINtB5_14ConstEllipsoiddE7iag1975
FNDA:0,_RNvXs1_NtCs56veb4ygb0R_5pyxis5typesdINtB5_14ConstEllipsoiddE8cgcs2000
FNDA:0,_RNCNvNtCs56veb4ygb0R_5pyxis5types11GRS1980_F320B5_
FNDA:0,_RNCNvNtCs56veb4ygb0R_5pyxis5types11GRS1980_F640B5_
FNDA:0,_RNCNvNtCs56veb4ygb0R_5pyxis5types11IAG1975_F320B5_
FNDA:0,_RNCNvNtCs56veb4ygb0R_5pyxis5types11IAG1975_F640B5_
FNDA:0,_RNCNvNtCs56veb4ygb0R_5pyxis5types17KRASOVSKY1940_F320B5_
FNDA:3,_RNCNvNtCs56veb4ygb0R_5pyxis5types17KRASOVSKY1940_F640B5_
FNDA:0,_RNCNvNtCs56veb4ygb0R_5pyxis5types9WGS84_F320B5_
FNDA:1,_RNCNvNtCs56veb4ygb0R_5pyxis5types9WGS84_F640B5_
FNF:18
FNH:4
DA:37,0
DA:39,0
DA:41,0
DA:43,0
DA:45,0
DA:46,0
DA:47,0
DA:48,0
DA:49,0
DA:53,0
DA:55,0
DA:57,3
DA:59,1
DA:61,0
DA:62,0
DA:63,0
DA:64,1200004
DA:65,900000
BRF:0
BRH:0
LF:18
LH:4
end_of_record
