SF:D:\project\pyxis\rust-cuda\src\context.rs
FN:128,_RNvMs0_NtCshUcEzcJvfk5_10pyxis_cuda7contextNtB5_16PyxisCudaContext14set_block_size
FN:47,_RNvMs_NtCshUcEzcJvfk5_10pyxis_cuda7contextNtB4_16PyxisCudaContext14set_size_limit
FN:53,_RNvMs_NtCshUcEzcJvfk5_10pyxis_cuda7contextNtB4_16PyxisCudaContext15set_count_limit
FN:153,_RINvMs1_NtCshUcEzcJvfk5_10pyxis_cuda7contextNtB6_16PyxisCudaContext12get_functiondEB8_
FN:29,_RNvMNtCshUcEzcJvfk5_10pyxis_cuda7contextNtB2_16PyxisCudaContext3new
FN:138,_RNvMs0_NtCshUcEzcJvfk5_10pyxis_cuda7contextNtB5_16PyxisCudaContext14get_grid_block
FN:166,_RNvMs1_NtCshUcEzcJvfk5_10pyxis_cuda7contextNtB5_16PyxisCudaContext24device_buffer_from_slice
FN:77,_RNvMs_NtCshUcEzcJvfk5_10pyxis_cuda7contextNtB4_16PyxisCudaContext10add_module
FN:59,_RNvMs_NtCshUcEzcJvfk5_10pyxis_cuda7contextNtB4_16PyxisCudaContext10get_module
FN:115,_RNvMs_NtCshUcEzcJvfk5_10pyxis_cuda7contextNtB4_16PyxisCudaContext18remove_last_module
FNDA:0,_RNvMs0_NtCshUcEzcJvfk5_10pyxis_cuda7contextNtB5_16PyxisCudaContext14set_block_size
FNDA:0,_RNvMs_NtCshUcEzcJvfk5_10pyxis_cuda7contextNtB4_16PyxisCudaContext14set_size_limit
FNDA:0,_RNvMs_NtCshUcEzcJvfk5_10pyxis_cuda7contextNtB4_16PyxisCudaContext15set_count_limit
FNDA:39,_RINvMs1_NtCshUcEzcJvfk5_10pyxis_cuda7contextNtB6_16PyxisCudaContext12get_functiondEB8_
FNDA:33,_RNvMNtCshUcEzcJvfk5_10pyxis_cuda7contextNtB2_16PyxisCudaContext3new
FNDA:39,_RNvMs0_NtCshUcEzcJvfk5_10pyxis_cuda7contextNtB5_16PyxisCudaContext14get_grid_block
FNDA:78,_RNvMs1_NtCshUcEzcJvfk5_10pyxis_cuda7contextNtB5_16PyxisCudaContext24device_buffer_from_slice
FNDA:33,_RNvMs_NtCshUcEzcJvfk5_10pyxis_cuda7contextNtB4_16PyxisCudaContext10add_module
FNDA:39,_RNvMs_NtCshUcEzcJvfk5_10pyxis_cuda7contextNtB4_16PyxisCudaContext10get_module
FNDA:0,_RNvMs_NtCshUcEzcJvfk5_10pyxis_cuda7contextNtB4_16PyxisCudaContext18remove_last_module
FNF:10
FNH:6
DA:29,33
DA:30,33
DA:31,33
DA:32,33
DA:33,33
DA:34,33
DA:35,33
DA:36,33
DA:37,33
DA:38,33
DA:39,33
DA:40,33
DA:41,33
DA:42,33
DA:47,0
DA:48,0
DA:49,0
DA:50,0
DA:51,0
DA:53,0
DA:54,0
DA:55,0
DA:56,0
DA:57,0
DA:59,39
DA:61,39
DA:62,39
DA:63,33
DA:64,33
DA:65,6
DA:68,39
DA:69,39
DA:70,39
DA:71,39
DA:72,39
DA:73,39
DA:74,39
DA:75,39
DA:76,39
DA:77,33
DA:79,33
DA:80,0
DA:82,0
DA:83,0
DA:84,0
DA:85,0
DA:87,33
DA:88,0
DA:90,0
DA:91,0
DA:92,33
DA:94,33
DA:95,33
DA:97,0
DA:98,0
DA:100,0
DA:102,0
DA:105,33
DA:106,33
DA:107,33
DA:108,33
DA:109,33
DA:110,33
DA:111,33
DA:112,33
DA:113,33
DA:114,33
DA:115,0
DA:116,0
DA:117,0
DA:118,0
DA:119,0
DA:120,0
DA:121,0
DA:122,0
DA:123,0
DA:128,0
DA:129,0
DA:130,0
DA:131,0
DA:132,0
DA:138,39
DA:139,39
DA:140,39
DA:141,39
DA:142,39
DA:143,0
DA:145,0
DA:148,39
DA:149,39
DA:153,39
DA:154,39
DA:155,39
DA:156,39
DA:157,39
DA:160,39
DA:161,39
DA:162,39
DA:163,0
DA:165,39
DA:166,78
DA:167,78
DA:168,78
BRDA:62,0,0,33
BRDA:62,0,1,6
BRDA:87,0,0,0
BRDA:87,0,1,33
BRDA:88,0,0,-
BRDA:88,0,1,-
BRDA:94,0,0,33
BRDA:94,0,1,0
BRDA:95,0,0,0
BRDA:95,0,1,33
BRDA:116,0,0,-
BRDA:116,0,1,-
BRDA:117,0,0,-
BRDA:117,0,1,-
BRDA:161,0,0,0
BRDA:161,0,1,39
BRDA:162,0,0,39
BRDA:162,0,1,0
BRF:18
BRH:7
LF:103
LH:64
end_of_record
SF:D:\project\pyxis\rust-cuda\src\crypto_cuda.rs
FN:408,_RNCNvNtNtCshUcEzcJvfk5_10pyxis_cuda11crypto_cuda4tests_15test_exact_cuda0B7_
FN:416,_RNCNvNtNtCshUcEzcJvfk5_10pyxis_cuda11crypto_cuda4tests_15test_exact_cudas0_0B7_
FN:421,_RNCNvNtNtCshUcEzcJvfk5_10pyxis_cuda11crypto_cuda4tests_15test_exact_cudas1_0B7_
FN:426,_RNCNvNtNtCshUcEzcJvfk5_10pyxis_cuda11crypto_cuda4tests_15test_exact_cudas2_0B7_
FN:431,_RNCNvNtNtCshUcEzcJvfk5_10pyxis_cuda11crypto_cuda4tests_15test_exact_cudas3_0B7_
FN:458,_RNCNvNtNtCshUcEzcJvfk5_10pyxis_cuda11crypto_cuda4tests_15test_exact_cudas4_0B7_
FN:495,_RNCNvNtNtCshUcEzcJvfk5_10pyxis_cuda11crypto_cuda4tests_15test_exact_cudas5_0B7_
FN:532,_RNCNvNtNtCshUcEzcJvfk5_10pyxis_cuda11crypto_cuda4tests_15test_exact_cudas6_0B7_
FN:411,_RNCNvNtNtCshUcEzcJvfk5_10pyxis_cuda11crypto_cuda4tests_15test_exact_cudas_0B7_
FN:403,_RNvNtNtCshUcEzcJvfk5_10pyxis_cuda11crypto_cuda4tests_15test_exact_cuda
FN:221,_RNvNtNtCshUcEzcJvfk5_10pyxis_cuda11crypto_cuda4tests_23test_bd09_to_gcj02_cuda
FN:307,_RNvNtNtCshUcEzcJvfk5_10pyxis_cuda11crypto_cuda4tests_23test_bd09_to_wgs84_cuda
FN:239,_RNvNtNtCshUcEzcJvfk5_10pyxis_cuda11crypto_cuda4tests_23test_gcj02_to_bd09_cuda
FN:291,_RNvNtNtCshUcEzcJvfk5_10pyxis_cuda11crypto_cuda4tests_23test_wgs84_to_bd09_cuda
FN:256,_RNvNtNtCshUcEzcJvfk5_10pyxis_cuda11crypto_cuda4tests_24test_gcj02_to_wgs84_cuda
FN:274,_RNvNtNtCshUcEzcJvfk5_10pyxis_cuda11crypto_cuda4tests_24test_wgs84_to_gcj02_cuda
FN:351,_RNvNtNtCshUcEzcJvfk5_10pyxis_cuda11crypto_cuda4tests_29test_bd09_to_gcj02_exact_cuda
FN:325,_RNvNtNtCshUcEzcJvfk5_10pyxis_cuda11crypto_cuda4tests_29test_bd09_to_wgs84_exact_cuda
FN:377,_RNvNtNtCshUcEzcJvfk5_10pyxis_cuda11crypto_cuda4tests_30test_gcj02_to_wgs84_exact_cuda
FN:164,_RINvMNtCshUcEzcJvfk5_10pyxis_cuda11crypto_cudaNtNtB5_7context16PyxisCudaContext17crypto_exact_cudadEB5_
FN:15,_RINvMNtCshUcEzcJvfk5_10pyxis_cuda11crypto_cudaNtNtB5_7context16PyxisCudaContext18bd09_to_gcj02_cudadEB5_
FN:139,_RINvMNtCshUcEzcJvfk5_10pyxis_cuda11crypto_cudaNtNtB5_7context16PyxisCudaContext18bd09_to_wgs84_cudadEB5_
FN:39,_RINvMNtCshUcEzcJvfk5_10pyxis_cuda11crypto_cudaNtNtB5_7context16PyxisCudaContext18gcj02_to_bd09_cudadEB5_
FN:114,_RINvMNtCshUcEzcJvfk5_10pyxis_cuda11crypto_cudaNtNtB5_7context16PyxisCudaContext18wgs84_to_bd09_cudadEB5_
FN:64,_RINvMNtCshUcEzcJvfk5_10pyxis_cuda11crypto_cudaNtNtB5_7context16PyxisCudaContext19gcj02_to_wgs84_cudadEB5_
FN:89,_RINvMNtCshUcEzcJvfk5_10pyxis_cuda11crypto_cudaNtNtB5_7context16PyxisCudaContext19wgs84_to_gcj02_cudadEB5_
FNDA:150020,_RNCNvNtNtCshUcEzcJvfk5_10pyxis_cuda11crypto_cuda4tests_15test_exact_cuda0B7_
FNDA:150020,_RNCNvNtNtCshUcEzcJvfk5_10pyxis_cuda11crypto_cuda4tests_15test_exact_cudas0_0B7_
FNDA:150020,_RNCNvNtNtCshUcEzcJvfk5_10pyxis_cuda11crypto_cuda4tests_15test_exact_cudas1_0B7_
FNDA:150020,_RNCNvNtNtCshUcEzcJvfk5_10pyxis_cuda11crypto_cuda4tests_15test_exact_cudas2_0B7_
FNDA:150020,_RNCNvNtNtCshUcEzcJvfk5_10pyxis_cuda11crypto_cuda4tests_15test_exact_cudas3_0B7_
FNDA:150020,_RNCNvNtNtCshUcEzcJvfk5_10pyxis_cuda11crypto_cuda4tests_15test_exact_cudas4_0B7_
FNDA:150020,_RNCNvNtNtCshUcEzcJvfk5_10pyxis_cuda11crypto_cuda4tests_15test_exact_cudas5_0B7_
FNDA:150020,_RNCNvNtNtCshUcEzcJvfk5_10pyxis_cuda11crypto_cuda4tests_15test_exact_cudas6_0B7_
FNDA:150020,_RNCNvNtNtCshUcEzcJvfk5_10pyxis_cuda11crypto_cuda4tests_15test_exact_cudas_0B7_
FNDA:3,_RNvNtNtCshUcEzcJvfk5_10pyxis_cuda11crypto_cuda4tests_15test_exact_cuda
FNDA:3,_RNvNtNtCshUcEzcJvfk5_10pyxis_cuda11crypto_cuda4tests_23test_bd09_to_gcj02_cuda
FNDA:3,_RNvNtNtCshUcEzcJvfk5_10pyxis_cuda11crypto_cuda4tests_23test_bd09_to_wgs84_cuda
FNDA:3,_RNvNtNtCshUcEzcJvfk5_10pyxis_cuda11crypto_cuda4tests_23test_gcj02_to_bd09_cuda
FNDA:3,_RNvNtNtCshUcEzcJvfk5_10pyxis_cuda11crypto_cuda4tests_23test_wgs84_to_bd09_cuda
FNDA:3,_RNvNtNtCshUcEzcJvfk5_10pyxis_cuda11crypto_cuda4tests_24test_gcj02_to_wgs84_cuda
FNDA:3,_RNvNtNtCshUcEzcJvfk5_10pyxis_cuda11crypto_cuda4tests_24test_wgs84_to_gcj02_cuda
FNDA:3,_RNvNtNtCshUcEzcJvfk5_10pyxis_cuda11crypto_cuda4tests_29test_bd09_to_gcj02_exact_cuda
FNDA:3,_RNvNtNtCshUcEzcJvfk5_10pyxis_cuda11crypto_cuda4tests_29test_bd09_to_wgs84_exact_cuda
FNDA:3,_RNvNtNtCshUcEzcJvfk5_10pyxis_cuda11crypto_cuda4tests_30test_gcj02_to_wgs84_exact_cuda
FNDA:18,_RINvMNtCshUcEzcJvfk5_10pyxis_cuda11crypto_cudaNtNtB5_7context16PyxisCudaContext17crypto_exact_cudadEB5_
FNDA:3,_RINvMNtCshUcEzcJvfk5_10pyxis_cuda11crypto_cudaNtNtB5_7context16PyxisCudaContext18bd09_to_gcj02_cudadEB5_
FNDA:3,_RINvMNtCshUcEzcJvfk5_10pyxis_cuda11crypto_cudaNtNtB5_7context16PyxisCudaContext18bd09_to_wgs84_cudadEB5_
FNDA:3,_RINvMNtCshUcEzcJvfk5_10pyxis_cuda11crypto_cudaNtNtB5_7context16PyxisCudaContext18gcj02_to_bd09_cudadEB5_
FNDA:3,_RINvMNtCshUcEzcJvfk5_10pyxis_cuda11crypto_cudaNtNtB5_7context16PyxisCudaContext18wgs84_to_bd09_cudadEB5_
FNDA:3,_RINvMNtCshUcEzcJvfk5_10pyxis_cuda11crypto_cudaNtNtB5_7context16PyxisCudaContext19gcj02_to_wgs84_cudadEB5_
FNDA:3,_RINvMNtCshUcEzcJvfk5_10pyxis_cuda11crypto_cudaNtNtB5_7context16PyxisCudaContext19wgs84_to_gcj02_cudadEB5_
FNF:26
FNH:26
DA:15,3
DA:16,3
DA:17,3
DA:18,3
DA:19,3
DA:20,3
DA:21,3
DA:22,3
DA:23,3
DA:24,3
DA:25,3
DA:27,3
DA:28,3
DA:29,3
DA:30,3
DA:31,3
DA:32,3
DA:35,3
DA:37,3
DA:38,3
DA:39,3
DA:40,3
DA:41,3
DA:42,3
DA:43,3
DA:44,3
DA:45,3
DA:46,3
DA:47,3
DA:48,3
DA:49,3
DA:52,3
DA:53,3
DA:54,3
DA:55,3
DA:56,3
DA:57,3
DA:60,3
DA:62,3
DA:63,3
DA:64,3
DA:65,3
DA:66,3
DA:67,3
DA:68,3
DA:69,3
DA:70,3
DA:71,3
DA:72,3
DA:73,3
DA:74,3
DA:77,3
DA:78,3
DA:79,3
DA:80,3
DA:81,3
DA:82,3
DA:85,3
DA:87,3
DA:88,3
DA:89,3
DA:90,3
DA:91,3
DA:92,3
DA:93,3
DA:94,3
DA:95,3
DA:96,3
DA:97,3
DA:98,3
DA:99,3
DA:102,3
DA:103,3
DA:104,3
DA:105,3
DA:106,3
DA:107,3
DA:110,3
DA:112,3
DA:113,3
DA:114,3
DA:115,3
DA:116,3
DA:117,3
DA:118,3
DA:119,3
DA:120,3
DA:121,3
DA:122,3
DA:123,3
DA:124,3
DA:127,3
DA:128,3
DA:129,3
DA:130,3
DA:131,3
DA:132,3
DA:135,3
DA:137,3
DA:138,3
DA:139,3
DA:140,3
DA:141,3
DA:142,3
DA:143,3
DA:144,3
DA:145,3
DA:146,3
DA:147,3
DA:148,3
DA:149,3
DA:152,3
DA:153,3
DA:154,3
DA:155,3
DA:156,3
DA:157,3
DA:160,3
DA:162,3
DA:163,3
DA:164,18
DA:165,18
DA:166,18
DA:167,18
DA:168,18
DA:169,18
DA:170,18
DA:171,18
DA:172,18
DA:173,18
DA:174,18
DA:175,18
DA:176,18
DA:177,18
DA:179,6
DA:182,6
DA:185,6
DA:187,0
DA:189,18
DA:190,0
DA:191,18
DA:193,18
DA:194,18
DA:196,18
DA:197,18
DA:198,18
DA:199,18
DA:200,0
DA:201,0
DA:202,0
DA:203,18
DA:204,18
DA:207,18
DA:209,18
DA:210,18
DA:221,3
DA:222,3
DA:223,3
DA:224,3
DA:225,3
DA:226,3
DA:227,3
DA:228,3
DA:229,3
DA:230,3
DA:232,3
DA:233,3
DA:235,3
DA:236,3
DA:237,3
DA:239,3
DA:240,3
DA:241,3
DA:242,3
DA:243,3
DA:244,3
DA:245,3
DA:246,3
DA:247,3
DA:248,3
DA:249,3
DA:250,3
DA:251,3
DA:252,3
DA:253,3
DA:254,3
DA:256,3
DA:257,3
DA:258,3
DA:259,3
DA:260,3
DA:261,3
DA:262,3
DA:263,3
DA:264,3
DA:265,3
DA:267,3
DA:268,3
DA:270,3
DA:271,3
DA:272,3
DA:274,3
DA:275,3
DA:276,3
DA:277,3
DA:278,3
DA:279,3
DA:280,3
DA:281,3
DA:282,3
DA:283,3
DA:284,3
DA:285,3
DA:286,3
DA:287,3
DA:288,3
DA:289,3
DA:291,3
DA:292,3
DA:293,3
DA:294,3
DA:295,3
DA:296,3
DA:297,3
DA:298,3
DA:299,3
DA:301,3
DA:302,3
DA:303,3
DA:304,3
DA:305,3
DA:307,3
DA:308,3
DA:309,3
DA:310,3
DA:311,3
DA:312,3
DA:313,3
DA:314,3
DA:315,3
DA:316,3
DA:318,3
DA:319,3
DA:321,3
DA:322,3
DA:323,3
DA:325,3
DA:326,3
DA:327,3
DA:328,3
DA:329,3
DA:330,3
DA:331,3
DA:332,3
DA:333,3
DA:334,3
DA:335,3
DA:336,3
DA:337,3
DA:338,3
DA:339,3
DA:340,3
DA:341,3
DA:343,3
DA:344,3
DA:345,3
DA:346,3
DA:347,3
DA:348,3
DA:349,3
DA:351,3
DA:352,3
DA:353,3
DA:354,3
DA:355,3
DA:356,3
DA:357,3
DA:358,3
DA:359,3
DA:360,3
DA:361,3
DA:362,3
DA:363,3
DA:364,3
DA:365,3
DA:366,3
DA:367,3
DA:369,3
DA:370,3
DA:371,3
DA:372,3
DA:373,3
DA:374,3
DA:375,3
DA:377,3
DA:378,3
DA:379,3
DA:380,3
DA:381,3
DA:382,3
DA:383,3
DA:384,3
DA:385,3
DA:386,3
DA:387,3
DA:388,3
DA:389,3
DA:390,3
DA:391,3
DA:392,3
DA:393,3
DA:395,3
DA:396,3
DA:397,3
DA:398,3
DA:399,3
DA:400,3
DA:401,3
DA:403,3
DA:404,3
DA:405,3
DA:406,3
DA:407,3
DA:408,150020
DA:409,3
DA:410,3
DA:411,150020
DA:412,3
DA:413,3
DA:414,3
DA:415,3
DA:416,150020
DA:417,3
DA:418,3
DA:419,3
DA:420,3
DA:421,150020
DA:422,3
DA:423,3
DA:424,3
DA:425,3
DA:426,150020
DA:427,3
DA:428,3
DA:429,3
DA:430,3
DA:431,150020
DA:432,3
DA:434,3
DA:435,3
DA:436,3
DA:437,3
DA:438,3
DA:439,3
DA:440,3
DA:441,3
DA:442,3
DA:443,3
DA:444,3
DA:445,3
DA:446,3
DA:447,3
DA:448,3
DA:449,3
DA:450,3
DA:451,3
DA:452,3
DA:453,3
DA:454,3
DA:455,3
DA:456,3
DA:457,3
DA:458,150020
DA:459,150020
DA:460,150020
DA:461,150020
DA:462,150020
DA:463,150020
DA:464,3
DA:465,3
DA:466,3
DA:467,3
DA:468,3
DA:471,3
DA:472,3
DA:473,3
DA:474,3
DA:475,3
DA:476,3
DA:477,3
DA:478,3
DA:479,3
DA:480,3
DA:481,3
DA:482,3
DA:483,3
DA:484,3
DA:485,3
DA:486,3
DA:487,3
DA:488,3
DA:489,3
DA:490,3
DA:491,3
DA:492,3
DA:493,3
DA:494,3
DA:495,150020
DA:496,150020
DA:497,150020
DA:498,150020
DA:499,150020
DA:500,150020
DA:501,3
DA:502,3
DA:503,3
DA:504,3
DA:505,3
DA:508,3
DA:509,3
DA:510,3
DA:511,3
DA:512,3
DA:513,3
DA:514,3
DA:515,3
DA:516,3
DA:517,3
DA:518,3
DA:519,3
DA:520,3
DA:521,3
DA:522,3
DA:523,3
DA:524,3
DA:525,3
DA:526,3
DA:527,3
DA:528,3
DA:529,3
DA:530,3
DA:531,3
DA:532,150020
DA:533,150020
DA:534,150020
DA:535,150020
DA:536,150020
DA:537,150020
DA:538,3
DA:539,3
DA:540,3
DA:541,3
DA:542,3
DA:544,3
BRDA:406,0,0,2
BRDA:406,0,1,1
BRF:2
BRH:2
LF:463
LH:458
end_of_record
SF:D:\project\pyxis\rust-cuda\src\datum_compensate_cuda.rs
FN:57,_RNvNtNtCshUcEzcJvfk5_10pyxis_cuda21datum_compensate_cuda4tests_26test_datum_compensate_cuda
FN:14,_RINvMNtCshUcEzcJvfk5_10pyxis_cuda21datum_compensate_cudaNtNtB5_7context16PyxisCudaContext21datum_compensate_cudadEB5_
FNDA:3,_RNvNtNtCshUcEzcJvfk5_10pyxis_cuda21datum_compensate_cuda4tests_26test_datum_compensate_cuda
FNDA:3,_RINvMNtCshUcEzcJvfk5_10pyxis_cuda21datum_compensate_cudaNtNtB5_7context16PyxisCudaContext21datum_compensate_cudadEB5_
FNF:2
FNH:2
DA:14,3
DA:15,3
DA:16,3
DA:17,3
DA:18,3
DA:19,3
DA:20,3
DA:21,3
DA:22,3
DA:23,3
DA:24,3
DA:25,3
DA:27,3
DA:28,3
DA:29,3
DA:31,3
DA:32,3
DA:35,3
DA:36,3
DA:37,3
DA:38,3
DA:39,0
DA:40,0
DA:41,0
DA:42,3
DA:43,3
DA:46,3
DA:48,3
DA:49,3
DA:57,3
DA:58,3
DA:59,3
DA:60,3
DA:61,3
DA:62,3
DA:63,3
DA:64,3
DA:65,3
DA:67,3
DA:68,3
DA:69,3
BRF:0
BRH:0
LF:41
LH:38
end_of_record
SF:D:\project\pyxis\rust\crates\pyxis\src\crypto.rs
FN:153,_RINvNtCscRU1HMiE6sD_5pyxis6crypto13bd09_to_gcj02dECshUcEzcJvfk5_10pyxis_cuda
FN:221,_RINvNtCscRU1HMiE6sD_5pyxis6crypto13bd09_to_wgs84dECshUcEzcJvfk5_10pyxis_cuda
FN:252,_RINvNtCscRU1HMiE6sD_5pyxis6crypto13gcj02_to_bd09dECshUcEzcJvfk5_10pyxis_cuda
FN:321,_RINvNtCscRU1HMiE6sD_5pyxis6crypto13wgs84_to_bd09dECshUcEzcJvfk5_10pyxis_cuda
FN:190,_RINvNtCscRU1HMiE6sD_5pyxis6crypto14gcj02_to_wgs84dECshUcEzcJvfk5_10pyxis_cuda
FN:289,_RINvNtCscRU1HMiE6sD_5pyxis6crypto14wgs84_to_gcj02dECshUcEzcJvfk5_10pyxis_cuda
FN:425,_RINvNtCscRU1HMiE6sD_5pyxis6crypto18haversine_distancedECshUcEzcJvfk5_10pyxis_cuda
FN:113,_RINvNtCscRU1HMiE6sD_5pyxis6crypto5deltadECshUcEzcJvfk5_10pyxis_cuda
FN:76,_RINvNtCscRU1HMiE6sD_5pyxis6crypto9transformdECshUcEzcJvfk5_10pyxis_cuda
FN:375,_RINvNtCscRU1HMiE6sD_5pyxis6crypto12crypto_exactpppEB4_
FN:153,_RINvNtCscRU1HMiE6sD_5pyxis6crypto13bd09_to_gcj02pEB4_
FN:221,_RINvNtCscRU1HMiE6sD_5pyxis6crypto13bd09_to_wgs84pEB4_
FN:252,_RINvNtCscRU1HMiE6sD_5pyxis6crypto13gcj02_to_bd09pEB4_
FN:321,_RINvNtCscRU1HMiE6sD_5pyxis6crypto13wgs84_to_bd09pEB4_
FN:190,_RINvNtCscRU1HMiE6sD_5pyxis6crypto14gcj02_to_wgs84pEB4_
FN:289,_RINvNtCscRU1HMiE6sD_5pyxis6crypto14wgs84_to_gcj02pEB4_
FN:425,_RINvNtCscRU1HMiE6sD_5pyxis6crypto18haversine_distancepEB4_
FN:113,_RINvNtCscRU1HMiE6sD_5pyxis6crypto5deltapEB4_
FN:76,_RINvNtCscRU1HMiE6sD_5pyxis6crypto9transformpEB4_
FNDA:6,_RINvNtCscRU1HMiE6sD_5pyxis6crypto13bd09_to_gcj02dECshUcEzcJvfk5_10pyxis_cuda
FNDA:3,_RINvNtCscRU1HMiE6sD_5pyxis6crypto13bd09_to_wgs84dECshUcEzcJvfk5_10pyxis_cuda
FNDA:300040,_RINvNtCscRU1HMiE6sD_5pyxis6crypto13gcj02_to_bd09dECshUcEzcJvfk5_10pyxis_cuda
FNDA:300040,_RINvNtCscRU1HMiE6sD_5pyxis6crypto13wgs84_to_bd09dECshUcEzcJvfk5_10pyxis_cuda
FNDA:6,_RINvNtCscRU1HMiE6sD_5pyxis6crypto14gcj02_to_wgs84dECshUcEzcJvfk5_10pyxis_cuda
FNDA:600080,_RINvNtCscRU1HMiE6sD_5pyxis6crypto14wgs84_to_gcj02dECshUcEzcJvfk5_10pyxis_cuda
FNDA:900120,_RINvNtCscRU1HMiE6sD_5pyxis6crypto18haversine_distancedECshUcEzcJvfk5_10pyxis_cuda
FNDA:600086,_RINvNtCscRU1HMiE6sD_5pyxis6crypto5deltadECshUcEzcJvfk5_10pyxis_cuda
FNDA:600086,_RINvNtCscRU1HMiE6sD_5pyxis6crypto9transformdECshUcEzcJvfk5_10pyxis_cuda
FNDA:0,_RINvNtCscRU1HMiE6sD_5pyxis6crypto12crypto_exactpppEB4_
FNDA:0,_RINvNtCscRU1HMiE6sD_5pyxis6crypto13bd09_to_gcj02pEB4_
FNDA:0,_RINvNtCscRU1HMiE6sD_5pyxis6crypto13bd09_to_wgs84pEB4_
FNDA:0,_RINvNtCscRU1HMiE6sD_5pyxis6crypto13gcj02_to_bd09pEB4_
FNDA:0,_RINvNtCscRU1HMiE6sD_5pyxis6crypto13wgs84_to_bd09pEB4_
FNDA:0,_RINvNtCscRU1HMiE6sD_5pyxis6crypto14gcj02_to_wgs84pEB4_
FNDA:0,_RINvNtCscRU1HMiE6sD_5pyxis6crypto14wgs84_to_gcj02pEB4_
FNDA:0,_RINvNtCscRU1HMiE6sD_5pyxis6crypto18haversine_distancepEB4_
FNDA:0,_RINvNtCscRU1HMiE6sD_5pyxis6crypto5deltapEB4_
FNDA:0,_RINvNtCscRU1HMiE6sD_5pyxis6crypto9transformpEB4_
FNF:10
FNH:9
DA:76,600086
DA:77,600086
DA:78,600086
DA:80,600086
DA:81,600086
DA:82,600086
DA:83,600086
DA:84,600086
DA:86,600086
DA:87,600086
DA:89,600086
DA:90,600086
DA:91,600086
DA:92,600086
DA:93,600086
DA:94,600086
DA:95,600086
DA:96,600086
DA:98,600086
DA:99,600086
DA:101,600086
DA:102,600086
DA:103,600086
DA:104,600086
DA:105,600086
DA:106,600086
DA:107,600086
DA:108,600086
DA:110,600086
DA:111,600086
DA:113,600086
DA:114,600086
DA:115,600086
DA:117,600086
DA:118,600086
DA:119,600086
DA:120,600086
DA:121,600086
DA:123,600086
DA:124,600086
DA:125,600086
DA:126,600086
DA:127,600086
DA:128,600086
DA:153,6
DA:154,6
DA:155,6
DA:157,6
DA:158,6
DA:159,6
DA:160,6
DA:161,6
DA:162,6
DA:163,6
DA:164,6
DA:165,6
DA:190,6
DA:191,6
DA:192,6
DA:194,6
DA:195,6
DA:196,6
DA:221,3
DA:222,3
DA:223,3
DA:225,3
DA:226,3
DA:227,3
DA:252,300040
DA:253,300040
DA:254,300040
DA:256,300040
DA:257,300040
DA:258,300040
DA:259,300040
DA:260,300040
DA:261,300040
DA:262,300040
DA:263,300040
DA:289,600080
DA:290,600080
DA:291,600080
DA:293,600080
DA:294,600080
DA:295,600080
DA:321,300040
DA:322,300040
DA:323,300040
DA:325,300040
DA:326,300040
DA:327,300040
DA:375,0
DA:376,0
DA:377,0
DA:378,0
DA:379,0
DA:380,0
DA:381,0
DA:382,0
DA:383,0
DA:384,0
DA:385,0
DA:387,0
DA:388,0
DA:389,0
DA:390,0
DA:392,0
DA:393,0
DA:395,0
DA:396,0
DA:397,0
DA:398,0
DA:399,0
DA:400,0
DA:402,0
DA:403,0
DA:404,0
DA:406,0
DA:408,0
DA:410,0
DA:413,0
DA:415,0
DA:417,0
DA:419,0
DA:421,0
DA:422,0
DA:425,900120
DA:426,900120
DA:427,900120
DA:429,900120
DA:430,900120
DA:431,900120
DA:432,900120
DA:434,900120
DA:435,900120
DA:437,900120
DA:438,900120
DA:439,900120
DA:441,900120
DA:442,900120
BRF:0
BRH:0
LF:140
LH:105
end_of_record
SF:D:\project\pyxis\rust\crates\pyxis\src\datum_compensate.rs
FN:36,_RNvMNtCscRU1HMiE6sD_5pyxis16datum_compensateINtB2_15DatumCompensatepE3newB4_
FN:42,_RNvMNtCscRU1HMiE6sD_5pyxis16datum_compensateINtB2_15DatumCompensatepE9transformB4_
FNDA:0,_RNvMNtCscRU1HMiE6sD_5pyxis16datum_compensateINtB2_15DatumCompensatepE3newB4_
FNDA:0,_RNvMNtCscRU1HMiE6sD_5pyxis16datum_compensateINtB2_15DatumCompensatepE9transformB4_
FNF:2
FNH:0
DA:36,0
DA:37,0
DA:38,0
DA:39,0
DA:40,0
DA:42,0
DA:43,0
DA:44,0
DA:46,0
DA:47,0
DA:48,0
DA:49,0
BRF:0
BRH:0
LF:12
LH:0
end_of_record
SF:D:\project\pyxis\rust\crates\pyxis\src\ellipsoid.rs
FN:175,_RNvMNtCscRU1HMiE6sD_5pyxis9ellipsoidINtB2_9EllipsoiddE13eccentricity2CshUcEzcJvfk5_10pyxis_cuda
FN:166,_RNvMNtCscRU1HMiE6sD_5pyxis9ellipsoidINtB2_9EllipsoiddE15semi_major_axisCshUcEzcJvfk5_10pyxis_cuda
FN:81,_RNvMNtCscRU1HMiE6sD_5pyxis9ellipsoidINtB2_9EllipsoiddE24from_semi_major_and_invfB4_
FN:81,_RNvMNtCscRU1HMiE6sD_5pyxis9ellipsoidINtB2_9EllipsoidfE24from_semi_major_and_invfB4_
FN:178,_RNvMNtCscRU1HMiE6sD_5pyxis9ellipsoidINtB2_9EllipsoidpE10flatteningB4_
FN:172,_RNvMNtCscRU1HMiE6sD_5pyxis9ellipsoidINtB2_9EllipsoidpE12eccentricityB4_
FN:175,_RNvMNtCscRU1HMiE6sD_5pyxis9ellipsoidINtB2_9EllipsoidpE13eccentricity2B4_
FN:146,_RNvMNtCscRU1HMiE6sD_5pyxis9ellipsoidINtB2_9EllipsoidpE14from_semi_axisB4_
FN:166,_RNvMNtCscRU1HMiE6sD_5pyxis9ellipsoidINtB2_9EllipsoidpE15semi_major_axisB4_
FN:169,_RNvMNtCscRU1HMiE6sD_5pyxis9ellipsoidINtB2_9EllipsoidpE15semi_minor_axisB4_
FN:181,_RNvMNtCscRU1HMiE6sD_5pyxis9ellipsoidINtB2_9EllipsoidpE18inverse_flatteningB4_
FNDA:600086,_RNvMNtCscRU1HMiE6sD_5pyxis9ellipsoidINtB2_9EllipsoiddE13eccentricity2CshUcEzcJvfk5_10pyxis_cuda
FNDA:1500206,_RNvMNtCscRU1HMiE6sD_5pyxis9ellipsoidINtB2_9EllipsoiddE15semi_major_axisCshUcEzcJvfk5_10pyxis_cuda
FNDA:12,_RNvMNtCscRU1HMiE6sD_5pyxis9ellipsoidINtB2_9EllipsoiddE24from_semi_major_and_invfB4_
FNDA:0,_RNvMNtCscRU1HMiE6sD_5pyxis9ellipsoidINtB2_9EllipsoidfE24from_semi_major_and_invfB4_
FNDA:0,_RNvMNtCscRU1HMiE6sD_5pyxis9ellipsoidINtB2_9EllipsoidpE10flatteningB4_
FNDA:0,_RNvMNtCscRU1HMiE6sD_5pyxis9ellipsoidINtB2_9EllipsoidpE12eccentricityB4_
FNDA:0,_RNvMNtCscRU1HMiE6sD_5pyxis9ellipsoidINtB2_9EllipsoidpE13eccentricity2B4_
FNDA:0,_RNvMNtCscRU1HMiE6sD_5pyxis9ellipsoidINtB2_9EllipsoidpE14from_semi_axisB4_
FNDA:0,_RNvMNtCscRU1HMiE6sD_5pyxis9ellipsoidINtB2_9EllipsoidpE15semi_major_axisB4_
FNDA:0,_RNvMNtCscRU1HMiE6sD_5pyxis9ellipsoidINtB2_9EllipsoidpE15semi_minor_axisB4_
FNDA:0,_RNvMNtCscRU1HMiE6sD_5pyxis9ellipsoidINtB2_9EllipsoidpE18inverse_flatteningB4_
FNF:8
FNH:3
DA:81,12
DA:82,12
DA:83,12
DA:84,12
DA:85,12
DA:87,12
DA:88,12
DA:89,12
DA:90,12
DA:91,12
DA:92,12
DA:93,12
DA:94,12
DA:95,12
DA:146,0
DA:148,0
DA:150,0
DA:152,0
DA:154,0
DA:156,0
DA:157,0
DA:158,0
DA:159,0
DA:160,0
DA:161,0
DA:162,0
DA:163,0
DA:164,0
DA:166,1500206
DA:169,0
DA:172,0
DA:175,600086
DA:178,0
DA:181,0
BRF:0
BRH:0
LF:34
LH:16
end_of_record
SF:D:\project\pyxis\rust\crates\pyxis\src\linear.rs
FN:31,_RINvNtCscRU1HMiE6sD_5pyxis6linear16rotate_matrix_2dpEB4_
FN:61,_RINvNtCscRU1HMiE6sD_5pyxis6linear9rotate_2dpEB4_
FNDA:0,_RINvNtCscRU1HMiE6sD_5pyxis6linear16rotate_matrix_2dpEB4_
FNDA:0,_RINvNtCscRU1HMiE6sD_5pyxis6linear9rotate_2dpEB4_
FNF:2
FNH:0
DA:31,0
DA:32,0
DA:33,0
DA:35,0
DA:36,0
DA:37,0
DA:38,0
DA:39,0
DA:61,0
DA:62,0
DA:63,0
DA:65,0
DA:66,0
DA:67,0
DA:68,0
BRF:0
BRH:0
LF:15
LH:0
end_of_record
SF:D:\project\pyxis\rust\crates\pyxis\src\migrate.rs
FN:36,_RINvNtCscRU1HMiE6sD_5pyxis7migrate6abs_2dpEB4_
FN:11,_RINvNtCscRU1HMiE6sD_5pyxis7migrate6rel_2dpEB4_
FN:59,_RINvNtCscRU1HMiE6sD_5pyxis7migrate9origin_2dpEB4_
FNDA:0,_RINvNtCscRU1HMiE6sD_5pyxis7migrate6abs_2dpEB4_
FNDA:0,_RINvNtCscRU1HMiE6sD_5pyxis7migrate6rel_2dpEB4_
FNDA:0,_RINvNtCscRU1HMiE6sD_5pyxis7migrate9origin_2dpEB4_
FNF:3
FNH:0
DA:11,0
DA:12,0
DA:13,0
DA:14,0
DA:15,0
DA:16,0
DA:17,0
DA:18,0
DA:19,0
DA:21,0
DA:22,0
DA:23,0
DA:24,0
DA:25,0
DA:26,0
DA:27,0
DA:36,0
DA:37,0
DA:38,0
DA:39,0
DA:40,0
DA:41,0
DA:42,0
DA:43,0
DA:44,0
DA:46,0
DA:47,0
DA:48,0
DA:49,0
DA:50,0
DA:59,0
DA:60,0
DA:61,0
DA:63,0
DA:64,0
DA:65,0
DA:66,0
DA:67,0
BRF:0
BRH:0
LF:38
LH:0
end_of_record
SF:D:\project\pyxis\rust\crates\pyxis\src\space.rs
FN:44,_RINvNtCscRU1HMiE6sD_5pyxis5space18cartesian_to_polarpEB4_
FN:20,_RINvNtCscRU1HMiE6sD_5pyxis5space18polar_to_cartesianpEB4_
FN:101,_RINvNtCscRU1HMiE6sD_5pyxis5space22cartesian_to_sphericalpEB4_
FN:191,_RINvNtCscRU1HMiE6sD_5pyxis5space22spherical_to_cartesianpEB4_
FN:73,_RINvNtCscRU1HMiE6sD_5pyxis5space24cartesian_to_cylindricalpEB4_
FN:132,_RINvNtCscRU1HMiE6sD_5pyxis5space24cylindrical_to_cartesianpEB4_
FN:162,_RINvNtCscRU1HMiE6sD_5pyxis5space24cylindrical_to_sphericalpEB4_
FN:221,_RINvNtCscRU1HMiE6sD_5pyxis5space24spherical_to_cylindricalpEB4_
FNDA:0,_RINvNtCscRU1HMiE6sD_5pyxis5space18cartesian_to_polarpEB4_
FNDA:0,_RINvNtCscRU1HMiE6sD_5pyxis5space18polar_to_cartesianpEB4_
FNDA:0,_RINvNtCscRU1HMiE6sD_5pyxis5space22cartesian_to_sphericalpEB4_
FNDA:0,_RINvNtCscRU1HMiE6sD_5pyxis5space22spherical_to_cartesianpEB4_
FNDA:0,_RINvNtCscRU1HMiE6sD_5pyxis5space24cartesian_to_cylindricalpEB4_
FNDA:0,_RINvNtCscRU1HMiE6sD_5pyxis5space24cylindrical_to_cartesianpEB4_
FNDA:0,_RINvNtCscRU1HMiE6sD_5pyxis5space24cylindrical_to_sphericalpEB4_
FNDA:0,_RINvNtCscRU1HMiE6sD_5pyxis5space24spherical_to_cylindricalpEB4_
FNF:8
FNH:0
DA:20,0
DA:21,0
DA:22,0
DA:24,0
DA:25,0
DA:44,0
DA:45,0
DA:46,0
DA:48,0
DA:49,0
DA:73,0
DA:74,0
DA:75,0
DA:77,0
DA:78,0
DA:101,0
DA:102,0
DA:103,0
DA:105,0
DA:106,0
DA:107,0
DA:132,0
DA:133,0
DA:134,0
DA:136,0
DA:137,0
DA:162,0
DA:163,0
DA:164,0
DA:166,0
DA:167,0
DA:191,0
DA:192,0
DA:193,0
DA:195,0
DA:196,0
DA:221,0
DA:222,0
DA:223,0
DA:225,0
DA:226,0
BRF:0
BRH:0
LF:41
LH:0
end_of_record
SF:D:\project\pyxis\rust\crates\pyxis\src\types.rs
FN:48,_RNvXs0_NtCscRU1HMiE6sD_5pyxis5typesfINtB5_14ConstEllipsoidfE13krasovsky1940
FN:49,_RNvXs0_NtCscRU1HMiE6sD_5pyxis5typesfINtB5_14ConstEllipsoidfE5wgs84
FN:47,_RNvXs0_NtCscRU1HMiE6sD_5pyxis5typesfINtB5_14ConstEllipsoidfE7grs1980
FN:46,_RNvXs0_NtCscRU1HMiE6sD_5pyxis5typesfINtB5_14ConstEllipsoidfE7iag1975
FN:45,_RNvXs0_NtCscRU1HMiE6sD_5pyxis5typesfINtB5_14ConstEllipsoidfE8cgcs2000
FN:64,_RNvXs1_NtCscRU1HMiE6sD_5pyxis5typesdINtB5_14ConstEllipsoiddE13krasovsky1940
FN:65,_RNvXs1_NtCscRU1HMiE6sD_5pyxis5typesdINtB5_14ConstEllipsoiddE5wgs84
FN:63,_RNvXs1_NtCscRU1HMiE6sD_5pyxis5typesdINtB5_14ConstEllipsoiddE7grs1980
FN:62,_RNvXs1_NtCscRU1HMiE6sD_5pyxis5typesdINtB5_14ConstEllipsoiddE7iag1975
FN:61,_RNvXs1_NtCscRU1HMiE6sD_5pyxis5typesdINtB5_14ConstEllipsoiddE8cgcs2000
FN:37,_RNCNvNtCscRU1HMiE6sD_5pyxis5types11GRS1980_F320B5_
FN:53,_RNCNvNtCscRU1HMiE6sD_5pyxis5types11GRS1980_F640B5_
FN:39,_RNCNvNtCscRU1HMiE6sD_5pyxis5types11IAG1975_F320B5_
FN:55,_RNCNvNtCscRU1HMiE6sD_5pyxis5types11IAG1975_F640B5_
FN:41,_RNCNvNtCscRU1HMiE6sD_5pyxis5types17KRASOVSKY1940_F320B5_
FN:57,_RNCNvNtCscRU1HMiE6sD_5pyxis5types17KRASOVSKY1940_F640B5_
FN:43,_RNCNvNtCscRU1HMiE6sD_5pyxis5types9WGS84_F320B5_
FN:59,_RNCNvNtCscRU1HMiE6sD_5pyxis5types9WGS84_F640B5_
FNDA:0,_RNvXs0_NtCscRU1HMiE6sD_5pyxis5typesfINtB5_14ConstEllipsoidfE13krasovsky1940
FNDA:0,_RNvXs0_NtCscRU1HMiE6sD_5pyxis5typesfINtB5_14ConstEllipsoidfE5wgs84
FNDA:0,_RNvXs0_NtCscRU1HMiE6sD_5pyxis5typesfINtB5_14ConstEllipsoidfE7grs1980
FNDA:0,_RNvXs0_NtCscRU1HMiE6sD_5pyxis5typesfINtB5_14ConstEllipsoidfE7iag1975
FNDA:0,_RNvXs0_NtCscRU1HMiE6sD_5pyxis5typesfINtB5_14ConstEllipsoidfE8cgcs2000
FNDA:1200172,_RNvXs1_NtCscRU1HMiE6sD_5pyxis5typesdINtB5_14ConstEllipsoiddE13krasovsky1940
FNDA:900120,_RNvXs1_NtCscRU1HMiE6sD_5pyxis5typesdINtB5_14ConstEllipsoiddE5wgs84
FNDA:0,_RNvXs1_NtCscRU1HMiE6sD_5pyxis5typesdINtB5_14ConstEllipsoiddE7grs1980
FNDA:0,_RNvXs1_NtCscRU1HMiE6sD_5pyxis5typesdINtB5_14ConstEllipsoiddE7iag1975
FNDA:0,_RNvXs1_NtCscRU1HMiE6sD_5pyxis5typesdINtB5_14ConstEllipsoiddE8cgcs2000
FNDA:0,_RNCNvNtCscRU1HMiE6sD_5pyxis5types11GRS1980_F320B5_
FNDA:0,_RNCNvNtCscRU1HMiE6sD_5pyxis5types11GRS1980_F640B5_
FNDA:0,_RNCNvNtCscRU1HMiE6sD_5pyxis5types11IAG1975_F320B5_
FNDA:0,_RNCNvNtCscRU1HMiE6sD_5pyxis5types11IAG1975_F640B5_
FNDA:0,_RNCNvNtCscRU1HMiE6sD_5pyxis5types17KRASOVSKY1940_F320B5_
FNDA:9,_RNCNvNtCscRU1HMiE6sD_5pyxis5types17KRASOVSKY1940_F640B5_
FNDA:0,_RNCNvNtCscRU1HMiE6sD_5pyxis5types9WGS84_F320B5_
FNDA:3,_RNCNvNtCscRU1HMiE6sD_5pyxis5types9WGS84_F640B5_
FNF:18
FNH:4
DA:37,0
DA:39,0
DA:41,0
DA:43,0
DA:45,0
DA:46,0
DA:47,0
DA:48,0
DA:49,0
DA:53,0
DA:55,0
DA:57,9
DA:59,3
DA:61,0
DA:62,0
DA:63,0
DA:64,1200172
DA:65,900120
BRF:0
BRH:0
LF:18
LH:4
end_of_record
