SF:D:\project\pyxis\rust-cuda\src\context.rs
FN:128,_RNvMs0_NtCs7TwC2c9SHrR_10pyxis_cuda7contextNtB5_16PyxisCudaContext14set_block_size
FN:47,_RNvMs_NtCs7TwC2c9SHrR_10pyxis_cuda7contextNtB4_16PyxisCudaContext14set_size_limit
FN:53,_RNvMs_NtCs7TwC2c9SHrR_10pyxis_cuda7contextNtB4_16PyxisCudaContext15set_count_limit
FN:29,_RNvMNtCs7TwC2c9SHrR_10pyxis_cuda7contextNtB2_16PyxisCudaContext3new
FN:138,_RNvMs0_NtCs7TwC2c9SHrR_10pyxis_cuda7contextNtB5_16PyxisCudaContext14get_grid_block
FN:166,_RNvMs1_NtCs7TwC2c9SHrR_10pyxis_cuda7contextNtB5_16PyxisCudaContext24device_buffer_from_slice
FN:77,_RNvMs_NtCs7TwC2c9SHrR_10pyxis_cuda7contextNtB4_16PyxisCudaContext10add_module
FN:59,_RNvMs_NtCs7TwC2c9SHrR_10pyxis_cuda7contextNtB4_16PyxisCudaContext10get_module
FN:115,_RNvMs_NtCs7TwC2c9SHrR_10pyxis_cuda7contextNtB4_16PyxisCudaContext18remove_last_module
FN:153,_RINvMs1_NtCs7TwC2c9SHrR_10pyxis_cuda7contextNtB6_16PyxisCudaContext12get_functiondEB8_
FN:128,_RNvMs0_NtCsiMB2r01GLXC_10pyxis_cuda7contextNtB5_16PyxisCudaContext14set_block_size
FN:47,_RNvMs_NtCsiMB2r01GLXC_10pyxis_cuda7contextNtB4_16PyxisCudaContext14set_size_limit
FN:53,_RNvMs_NtCsiMB2r01GLXC_10pyxis_cuda7contextNtB4_16PyxisCudaContext15set_count_limit
FN:153,_RINvMs1_NtCsiMB2r01GLXC_10pyxis_cuda7contextNtB6_16PyxisCudaContext12get_functiondEB8_
FN:29,_RNvMNtCsiMB2r01GLXC_10pyxis_cuda7contextNtB2_16PyxisCudaContext3new
FN:138,_RNvMs0_NtCsiMB2r01GLXC_10pyxis_cuda7contextNtB5_16PyxisCudaContext14get_grid_block
FN:166,_RNvMs1_NtCsiMB2r01GLXC_10pyxis_cuda7contextNtB5_16PyxisCudaContext24device_buffer_from_slice
FN:77,_RNvMs_NtCsiMB2r01GLXC_10pyxis_cuda7contextNtB4_16PyxisCudaContext10add_module
FN:59,_RNvMs_NtCsiMB2r01GLXC_10pyxis_cuda7contextNtB4_16PyxisCudaContext10get_module
FN:115,_RNvMs_NtCsiMB2r01GLXC_10pyxis_cuda7contextNtB4_16PyxisCudaContext18remove_last_module
FN:29,_RNvMNtCslQO64xcTy24_10pyxis_cuda7contextNtB2_16PyxisCudaContext3new
FN:138,_RNvMs0_NtCslQO64xcTy24_10pyxis_cuda7contextNtB5_16PyxisCudaContext14get_grid_block
FN:166,_RNvMs1_NtCslQO64xcTy24_10pyxis_cuda7contextNtB5_16PyxisCudaContext24device_buffer_from_slice
FN:77,_RNvMs_NtCslQO64xcTy24_10pyxis_cuda7contextNtB4_16PyxisCudaContext10add_module
FN:59,_RNvMs_NtCslQO64xcTy24_10pyxis_cuda7contextNtB4_16PyxisCudaContext10get_module
FN:115,_RNvMs_NtCslQO64xcTy24_10pyxis_cuda7contextNtB4_16PyxisCudaContext18remove_last_module
FN:128,_RNvMs0_NtCslQO64xcTy24_10pyxis_cuda7contextNtB5_16PyxisCudaContext14set_block_size
FN:47,_RNvMs_NtCslQO64xcTy24_10pyxis_cuda7contextNtB4_16PyxisCudaContext14set_size_limit
FN:53,_RNvMs_NtCslQO64xcTy24_10pyxis_cuda7contextNtB4_16PyxisCudaContext15set_count_limit
FN:153,_RINvMs1_NtCslQO64xcTy24_10pyxis_cuda7contextNtB6_16PyxisCudaContext12get_functiondEB8_
FNDA:0,_RNvMs0_NtCs7TwC2c9SHrR_10pyxis_cuda7contextNtB5_16PyxisCudaContext14set_block_size
FNDA:0,_RNvMs_NtCs7TwC2c9SHrR_10pyxis_cuda7contextNtB4_16PyxisCudaContext14set_size_limit
FNDA:0,_RNvMs_NtCs7TwC2c9SHrR_10pyxis_cuda7contextNtB4_16PyxisCudaContext15set_count_limit
FNDA:33,_RNvMNtCs7TwC2c9SHrR_10pyxis_cuda7contextNtB2_16PyxisCudaContext3new
FNDA:39,_RNvMs0_NtCs7TwC2c9SHrR_10pyxis_cuda7contextNtB5_16PyxisCudaContext14get_grid_block
FNDA:78,_RNvMs1_NtCs7TwC2c9SHrR_10pyxis_cuda7contextNtB5_16PyxisCudaContext24device_buffer_from_slice
FNDA:33,_RNvMs_NtCs7TwC2c9SHrR_10pyxis_cuda7contextNtB4_16PyxisCudaContext10add_module
FNDA:39,_RNvMs_NtCs7TwC2c9SHrR_10pyxis_cuda7contextNtB4_16PyxisCudaContext10get_module
FNDA:0,_RNvMs_NtCs7TwC2c9SHrR_10pyxis_cuda7contextNtB4_16PyxisCudaContext18remove_last_module
FNDA:39,_RINvMs1_NtCs7TwC2c9SHrR_10pyxis_cuda7contextNtB6_16PyxisCudaContext12get_functiondEB8_
FNDA:0,_RNvMs0_NtCsiMB2r01GLXC_10pyxis_cuda7contextNtB5_16PyxisCudaContext14set_block_size
FNDA:0,_RNvMs_NtCsiMB2r01GLXC_10pyxis_cuda7contextNtB4_16PyxisCudaContext14set_size_limit
FNDA:0,_RNvMs_NtCsiMB2r01GLXC_10pyxis_cuda7contextNtB4_16PyxisCudaContext15set_count_limit
FNDA:13,_RINvMs1_NtCsiMB2r01GLXC_10pyxis_cuda7contextNtB6_16PyxisCudaContext12get_functiondEB8_
FNDA:11,_RNvMNtCsiMB2r01GLXC_10pyxis_cuda7contextNtB2_16PyxisCudaContext3new
FNDA:13,_RNvMs0_NtCsiMB2r01GLXC_10pyxis_cuda7contextNtB5_16PyxisCudaContext14get_grid_block
FNDA:26,_RNvMs1_NtCsiMB2r01GLXC_10pyxis_cuda7contextNtB5_16PyxisCudaContext24device_buffer_from_slice
FNDA:11,_RNvMs_NtCsiMB2r01GLXC_10pyxis_cuda7contextNtB4_16PyxisCudaContext10add_module
FNDA:13,_RNvMs_NtCsiMB2r01GLXC_10pyxis_cuda7contextNtB4_16PyxisCudaContext10get_module
FNDA:0,_RNvMs_NtCsiMB2r01GLXC_10pyxis_cuda7contextNtB4_16PyxisCudaContext18remove_last_module
FNDA:22,_RNvMNtCslQO64xcTy24_10pyxis_cuda7contextNtB2_16PyxisCudaContext3new
FNDA:26,_RNvMs0_NtCslQO64xcTy24_10pyxis_cuda7contextNtB5_16PyxisCudaContext14get_grid_block
FNDA:52,_RNvMs1_NtCslQO64xcTy24_10pyxis_cuda7contextNtB5_16PyxisCudaContext24device_buffer_from_slice
FNDA:22,_RNvMs_NtCslQO64xcTy24_10pyxis_cuda7contextNtB4_16PyxisCudaContext10add_module
FNDA:26,_RNvMs_NtCslQO64xcTy24_10pyxis_cuda7contextNtB4_16PyxisCudaContext10get_module
FNDA:0,_RNvMs_NtCslQO64xcTy24_10pyxis_cuda7contextNtB4_16PyxisCudaContext18remove_last_module
FNDA:0,_RNvMs0_NtCslQO64xcTy24_10pyxis_cuda7contextNtB5_16PyxisCudaContext14set_block_size
FNDA:0,_RNvMs_NtCslQO64xcTy24_10pyxis_cuda7contextNtB4_16PyxisCudaContext14set_size_limit
FNDA:0,_RNvMs_NtCslQO64xcTy24_10pyxis_cuda7contextNtB4_16PyxisCudaContext15set_count_limit
FNDA:26,_RINvMs1_NtCslQO64xcTy24_10pyxis_cuda7contextNtB6_16PyxisCudaContext12get_functiondEB8_
FNF:10
FNH:6
DA:29,66
DA:30,66
DA:31,66
DA:32,66
DA:33,66
DA:34,66
DA:35,66
DA:36,66
DA:37,66
DA:38,66
DA:39,66
DA:40,66
DA:41,66
DA:42,66
DA:47,0
DA:48,0
DA:49,0
DA:50,0
DA:51,0
DA:53,0
DA:54,0
DA:55,0
DA:56,0
DA:57,0
DA:59,78
DA:61,78
DA:62,78
DA:63,66
DA:64,66
DA:65,66
DA:68,78
DA:69,78
DA:70,78
DA:71,78
DA:72,78
DA:73,78
DA:74,78
DA:75,78
DA:76,78
DA:77,66
DA:79,66
DA:87,66
DA:88,0
DA:89,0
DA:90,0
DA:91,0
DA:92,66
DA:94,66
DA:95,66
DA:96,0
DA:97,0
DA:98,0
DA:99,0
DA:100,0
DA:101,0
DA:102,0
DA:103,0
DA:105,66
DA:106,66
DA:107,66
DA:108,66
DA:109,66
DA:110,66
DA:111,66
DA:112,66
DA:113,66
DA:114,66
DA:115,0
DA:116,0
DA:117,0
DA:118,0
DA:119,0
DA:120,0
DA:121,0
DA:122,0
DA:123,0
DA:128,0
DA:129,0
DA:130,0
DA:131,0
DA:132,0
DA:138,78
DA:139,78
DA:140,78
DA:141,78
DA:142,78
DA:148,78
DA:149,78
DA:153,78
DA:154,78
DA:155,78
DA:156,78
DA:157,78
DA:160,78
DA:161,78
DA:162,78
DA:163,0
DA:165,78
DA:166,156
DA:167,156
DA:168,156
BRDA:62,0,0,33
BRDA:62,0,1,6
BRDA:62,1,2,11
BRDA:62,1,3,2
BRDA:62,2,4,22
BRDA:62,2,5,4
BRDA:87,0,0,0
BRDA:87,0,1,33
BRDA:87,1,2,0
BRDA:87,1,3,11
BRDA:87,2,4,0
BRDA:87,2,5,22
BRDA:88,0,0,-
BRDA:88,0,1,-
BRDA:88,1,2,-
BRDA:88,1,3,-
BRDA:88,2,4,-
BRDA:88,2,5,-
BRDA:94,0,0,33
BRDA:94,0,1,0
BRDA:94,1,2,11
BRDA:94,1,3,0
BRDA:94,2,4,22
BRDA:94,2,5,0
BRDA:95,0,0,0
BRDA:95,0,1,33
BRDA:95,1,2,0
BRDA:95,1,3,11
BRDA:95,2,4,0
BRDA:95,2,5,22
BRDA:116,0,0,-
BRDA:116,0,1,-
BRDA:116,1,2,-
BRDA:116,1,3,-
BRDA:116,2,4,-
BRDA:116,2,5,-
BRDA:117,0,0,-
BRDA:117,0,1,-
BRDA:117,1,2,-
BRDA:117,1,3,-
BRDA:117,2,4,-
BRDA:117,2,5,-
BRDA:161,0,0,0
BRDA:161,0,1,39
BRDA:161,1,2,0
BRDA:161,1,3,13
BRDA:161,2,4,0
BRDA:161,2,5,26
BRDA:162,0,0,39
BRDA:162,0,1,0
BRDA:162,1,2,13
BRDA:162,1,3,0
BRDA:162,2,4,26
BRDA:162,2,5,0
BRF:18
BRH:7
LF:101
LH:64
end_of_record
SF:D:\project\pyxis\rust-cuda\src\crypto_cuda.rs
FN:403,_RNvNtNtCs7TwC2c9SHrR_10pyxis_cuda11crypto_cuda4tests_15test_exact_cuda
FN:221,_RNvNtNtCs7TwC2c9SHrR_10pyxis_cuda11crypto_cuda4tests_23test_bd09_to_gcj02_cuda
FN:307,_RNvNtNtCs7TwC2c9SHrR_10pyxis_cuda11crypto_cuda4tests_23test_bd09_to_wgs84_cuda
FN:239,_RNvNtNtCs7TwC2c9SHrR_10pyxis_cuda11crypto_cuda4tests_23test_gcj02_to_bd09_cuda
FN:291,_RNvNtNtCs7TwC2c9SHrR_10pyxis_cuda11crypto_cuda4tests_23test_wgs84_to_bd09_cuda
FN:256,_RNvNtNtCs7TwC2c9SHrR_10pyxis_cuda11crypto_cuda4tests_24test_gcj02_to_wgs84_cuda
FN:274,_RNvNtNtCs7TwC2c9SHrR_10pyxis_cuda11crypto_cuda4tests_24test_wgs84_to_gcj02_cuda
FN:351,_RNvNtNtCs7TwC2c9SHrR_10pyxis_cuda11crypto_cuda4tests_29test_bd09_to_gcj02_exact_cuda
FN:325,_RNvNtNtCs7TwC2c9SHrR_10pyxis_cuda11crypto_cuda4tests_29test_bd09_to_wgs84_exact_cuda
FN:377,_RNvNtNtCs7TwC2c9SHrR_10pyxis_cuda11crypto_cuda4tests_30test_gcj02_to_wgs84_exact_cuda
FN:164,_RINvMNtCs7TwC2c9SHrR_10pyxis_cuda11crypto_cudaNtNtB5_7context16PyxisCudaContext17crypto_exact_cudadEB5_
FN:15,_RINvMNtCs7TwC2c9SHrR_10pyxis_cuda11crypto_cudaNtNtB5_7context16PyxisCudaContext18bd09_to_gcj02_cudadEB5_
FN:139,_RINvMNtCs7TwC2c9SHrR_10pyxis_cuda11crypto_cudaNtNtB5_7context16PyxisCudaContext18bd09_to_wgs84_cudadEB5_
FN:39,_RINvMNtCs7TwC2c9SHrR_10pyxis_cuda11crypto_cudaNtNtB5_7context16PyxisCudaContext18gcj02_to_bd09_cudadEB5_
FN:114,_RINvMNtCs7TwC2c9SHrR_10pyxis_cuda11crypto_cudaNtNtB5_7context16PyxisCudaContext18wgs84_to_bd09_cudadEB5_
FN:64,_RINvMNtCs7TwC2c9SHrR_10pyxis_cuda11crypto_cudaNtNtB5_7context16PyxisCudaContext19gcj02_to_wgs84_cudadEB5_
FN:89,_RINvMNtCs7TwC2c9SHrR_10pyxis_cuda11crypto_cudaNtNtB5_7context16PyxisCudaContext19wgs84_to_gcj02_cudadEB5_
FN:408,_RNCNvNtNtCs7TwC2c9SHrR_10pyxis_cuda11crypto_cuda4tests_15test_exact_cuda0B7_
FN:416,_RNCNvNtNtCs7TwC2c9SHrR_10pyxis_cuda11crypto_cuda4tests_15test_exact_cudas0_0B7_
FN:421,_RNCNvNtNtCs7TwC2c9SHrR_10pyxis_cuda11crypto_cuda4tests_15test_exact_cudas1_0B7_
FN:426,_RNCNvNtNtCs7TwC2c9SHrR_10pyxis_cuda11crypto_cuda4tests_15test_exact_cudas2_0B7_
FN:431,_RNCNvNtNtCs7TwC2c9SHrR_10pyxis_cuda11crypto_cuda4tests_15test_exact_cudas3_0B7_
FN:458,_RNCNvNtNtCs7TwC2c9SHrR_10pyxis_cuda11crypto_cuda4tests_15test_exact_cudas4_0B7_
FN:495,_RNCNvNtNtCs7TwC2c9SHrR_10pyxis_cuda11crypto_cuda4tests_15test_exact_cudas5_0B7_
FN:532,_RNCNvNtNtCs7TwC2c9SHrR_10pyxis_cuda11crypto_cuda4tests_15test_exact_cudas6_0B7_
FN:411,_RNCNvNtNtCs7TwC2c9SHrR_10pyxis_cuda11crypto_cuda4tests_15test_exact_cudas_0B7_
FN:164,_RINvMNtCsiMB2r01GLXC_10pyxis_cuda11crypto_cudaNtNtB5_7context16PyxisCudaContext17crypto_exact_cudadEB5_
FN:15,_RINvMNtCsiMB2r01GLXC_10pyxis_cuda11crypto_cudaNtNtB5_7context16PyxisCudaContext18bd09_to_gcj02_cudadEB5_
FN:139,_RINvMNtCsiMB2r01GLXC_10pyxis_cuda11crypto_cudaNtNtB5_7context16PyxisCudaContext18bd09_to_wgs84_cudadEB5_
FN:39,_RINvMNtCsiMB2r01GLXC_10pyxis_cuda11crypto_cudaNtNtB5_7context16PyxisCudaContext18gcj02_to_bd09_cudadEB5_
FN:114,_RINvMNtCsiMB2r01GLXC_10pyxis_cuda11crypto_cudaNtNtB5_7context16PyxisCudaContext18wgs84_to_bd09_cudadEB5_
FN:64,_RINvMNtCsiMB2r01GLXC_10pyxis_cuda11crypto_cudaNtNtB5_7context16PyxisCudaContext19gcj02_to_wgs84_cudadEB5_
FN:89,_RINvMNtCsiMB2r01GLXC_10pyxis_cuda11crypto_cudaNtNtB5_7context16PyxisCudaContext19wgs84_to_gcj02_cudadEB5_
FN:403,_RNvNtNtCsiMB2r01GLXC_10pyxis_cuda11crypto_cuda4tests_15test_exact_cuda
FN:221,_RNvNtNtCsiMB2r01GLXC_10pyxis_cuda11crypto_cuda4tests_23test_bd09_to_gcj02_cuda
FN:307,_RNvNtNtCsiMB2r01GLXC_10pyxis_cuda11crypto_cuda4tests_23test_bd09_to_wgs84_cuda
FN:239,_RNvNtNtCsiMB2r01GLXC_10pyxis_cuda11crypto_cuda4tests_23test_gcj02_to_bd09_cuda
FN:291,_RNvNtNtCsiMB2r01GLXC_10pyxis_cuda11crypto_cuda4tests_23test_wgs84_to_bd09_cuda
FN:256,_RNvNtNtCsiMB2r01GLXC_10pyxis_cuda11crypto_cuda4tests_24test_gcj02_to_wgs84_cuda
FN:274,_RNvNtNtCsiMB2r01GLXC_10pyxis_cuda11crypto_cuda4tests_24test_wgs84_to_gcj02_cuda
FN:351,_RNvNtNtCsiMB2r01GLXC_10pyxis_cuda11crypto_cuda4tests_29test_bd09_to_gcj02_exact_cuda
FN:325,_RNvNtNtCsiMB2r01GLXC_10pyxis_cuda11crypto_cuda4tests_29test_bd09_to_wgs84_exact_cuda
FN:377,_RNvNtNtCsiMB2r01GLXC_10pyxis_cuda11crypto_cuda4tests_30test_gcj02_to_wgs84_exact_cuda
FN:408,_RNCNvNtNtCsiMB2r01GLXC_10pyxis_cuda11crypto_cuda4tests_15test_exact_cuda0B7_
FN:416,_RNCNvNtNtCsiMB2r01GLXC_10pyxis_cuda11crypto_cuda4tests_15test_exact_cudas0_0B7_
FN:421,_RNCNvNtNtCsiMB2r01GLXC_10pyxis_cuda11crypto_cuda4tests_15test_exact_cudas1_0B7_
FN:426,_RNCNvNtNtCsiMB2r01GLXC_10pyxis_cuda11crypto_cuda4tests_15test_exact_cudas2_0B7_
FN:431,_RNCNvNtNtCsiMB2r01GLXC_10pyxis_cuda11crypto_cuda4tests_15test_exact_cudas3_0B7_
FN:458,_RNCNvNtNtCsiMB2r01GLXC_10pyxis_cuda11crypto_cuda4tests_15test_exact_cudas4_0B7_
FN:495,_RNCNvNtNtCsiMB2r01GLXC_10pyxis_cuda11crypto_cuda4tests_15test_exact_cudas5_0B7_
FN:532,_RNCNvNtNtCsiMB2r01GLXC_10pyxis_cuda11crypto_cuda4tests_15test_exact_cudas6_0B7_
FN:411,_RNCNvNtNtCsiMB2r01GLXC_10pyxis_cuda11crypto_cuda4tests_15test_exact_cudas_0B7_
FN:408,_RNCNvNtNtCslQO64xcTy24_10pyxis_cuda11crypto_cuda4tests_15test_exact_cuda0B7_
FN:416,_RNCNvNtNtCslQO64xcTy24_10pyxis_cuda11crypto_cuda4tests_15test_exact_cudas0_0B7_
FN:421,_RNCNvNtNtCslQO64xcTy24_10pyxis_cuda11crypto_cuda4tests_15test_exact_cudas1_0B7_
FN:426,_RNCNvNtNtCslQO64xcTy24_10pyxis_cuda11crypto_cuda4tests_15test_exact_cudas2_0B7_
FN:431,_RNCNvNtNtCslQO64xcTy24_10pyxis_cuda11crypto_cuda4tests_15test_exact_cudas3_0B7_
FN:458,_RNCNvNtNtCslQO64xcTy24_10pyxis_cuda11crypto_cuda4tests_15test_exact_cudas4_0B7_
FN:495,_RNCNvNtNtCslQO64xcTy24_10pyxis_cuda11crypto_cuda4tests_15test_exact_cudas5_0B7_
FN:532,_RNCNvNtNtCslQO64xcTy24_10pyxis_cuda11crypto_cuda4tests_15test_exact_cudas6_0B7_
FN:411,_RNCNvNtNtCslQO64xcTy24_10pyxis_cuda11crypto_cuda4tests_15test_exact_cudas_0B7_
FN:403,_RNvNtNtCslQO64xcTy24_10pyxis_cuda11crypto_cuda4tests_15test_exact_cuda
FN:221,_RNvNtNtCslQO64xcTy24_10pyxis_cuda11crypto_cuda4tests_23test_bd09_to_gcj02_cuda
FN:307,_RNvNtNtCslQO64xcTy24_10pyxis_cuda11crypto_cuda4tests_23test_bd09_to_wgs84_cuda
FN:239,_RNvNtNtCslQO64xcTy24_10pyxis_cuda11crypto_cuda4tests_23test_gcj02_to_bd09_cuda
FN:291,_RNvNtNtCslQO64xcTy24_10pyxis_cuda11crypto_cuda4tests_23test_wgs84_to_bd09_cuda
FN:256,_RNvNtNtCslQO64xcTy24_10pyxis_cuda11crypto_cuda4tests_24test_gcj02_to_wgs84_cuda
FN:274,_RNvNtNtCslQO64xcTy24_10pyxis_cuda11crypto_cuda4tests_24test_wgs84_to_gcj02_cuda
FN:351,_RNvNtNtCslQO64xcTy24_10pyxis_cuda11crypto_cuda4tests_29test_bd09_to_gcj02_exact_cuda
FN:325,_RNvNtNtCslQO64xcTy24_10pyxis_cuda11crypto_cuda4tests_29test_bd09_to_wgs84_exact_cuda
FN:377,_RNvNtNtCslQO64xcTy24_10pyxis_cuda11crypto_cuda4tests_30test_gcj02_to_wgs84_exact_cuda
FN:164,_RINvMNtCslQO64xcTy24_10pyxis_cuda11crypto_cudaNtNtB5_7context16PyxisCudaContext17crypto_exact_cudadEB5_
FN:15,_RINvMNtCslQO64xcTy24_10pyxis_cuda11crypto_cudaNtNtB5_7context16PyxisCudaContext18bd09_to_gcj02_cudadEB5_
FN:139,_RINvMNtCslQO64xcTy24_10pyxis_cuda11crypto_cudaNtNtB5_7context16PyxisCudaContext18bd09_to_wgs84_cudadEB5_
FN:39,_RINvMNtCslQO64xcTy24_10pyxis_cuda11crypto_cudaNtNtB5_7context16PyxisCudaContext18gcj02_to_bd09_cudadEB5_
FN:114,_RINvMNtCslQO64xcTy24_10pyxis_cuda11crypto_cudaNtNtB5_7context16PyxisCudaContext18wgs84_to_bd09_cudadEB5_
FN:64,_RINvMNtCslQO64xcTy24_10pyxis_cuda11crypto_cudaNtNtB5_7context16PyxisCudaContext19gcj02_to_wgs84_cudadEB5_
FN:89,_RINvMNtCslQO64xcTy24_10pyxis_cuda11crypto_cudaNtNtB5_7context16PyxisCudaContext19wgs84_to_gcj02_cudadEB5_
FNDA:3,_RNvNtNtCs7TwC2c9SHrR_10pyxis_cuda11crypto_cuda4tests_15test_exact_cuda
FNDA:3,_RNvNtNtCs7TwC2c9SHrR_10pyxis_cuda11crypto_cuda4tests_23test_bd09_to_gcj02_cuda
FNDA:3,_RNvNtNtCs7TwC2c9SHrR_10pyxis_cuda11crypto_cuda4tests_23test_bd09_to_wgs84_cuda
FNDA:3,_RNvNtNtCs7TwC2c9SHrR_10pyxis_cuda11crypto_cuda4tests_23test_gcj02_to_bd09_cuda
FNDA:3,_RNvNtNtCs7TwC2c9SHrR_10pyxis_cuda11crypto_cuda4tests_23test_wgs84_to_bd09_cuda
FNDA:3,_RNvNtNtCs7TwC2c9SHrR_10pyxis_cuda11crypto_cuda4tests_24test_gcj02_to_wgs84_cuda
FNDA:3,_RNvNtNtCs7TwC2c9SHrR_10pyxis_cuda11crypto_cuda4tests_24test_wgs84_to_gcj02_cuda
FNDA:3,_RNvNtNtCs7TwC2c9SHrR_10pyxis_cuda11crypto_cuda4tests_29test_bd09_to_gcj02_exact_cuda
FNDA:3,_RNvNtNtCs7TwC2c9SHrR_10pyxis_cuda11crypto_cuda4tests_29test_bd09_to_wgs84_exact_cuda
FNDA:3,_RNvNtNtCs7TwC2c9SHrR_10pyxis_cuda11crypto_cuda4tests_30test_gcj02_to_wgs84_exact_cuda
FNDA:18,_RINvMNtCs7TwC2c9SHrR_10pyxis_cuda11crypto_cudaNtNtB5_7context16PyxisCudaContext17crypto_exact_cudadEB5_
FNDA:3,_RINvMNtCs7TwC2c9SHrR_10pyxis_cuda11crypto_cudaNtNtB5_7context16PyxisCudaContext18bd09_to_gcj02_cudadEB5_
FNDA:3,_RINvMNtCs7TwC2c9SHrR_10pyxis_cuda11crypto_cudaNtNtB5_7context16PyxisCudaContext18bd09_to_wgs84_cudadEB5_
FNDA:3,_RINvMNtCs7TwC2c9SHrR_10pyxis_cuda11crypto_cudaNtNtB5_7context16PyxisCudaContext18gcj02_to_bd09_cudadEB5_
FNDA:3,_RINvMNtCs7TwC2c9SHrR_10pyxis_cuda11crypto_cudaNtNtB5_7context16PyxisCudaContext18wgs84_to_bd09_cudadEB5_
FNDA:3,_RINvMNtCs7TwC2c9SHrR_10pyxis_cuda11crypto_cudaNtNtB5_7context16PyxisCudaContext19gcj02_to_wgs84_cudadEB5_
FNDA:3,_RINvMNtCs7TwC2c9SHrR_10pyxis_cuda11crypto_cudaNtNtB5_7context16PyxisCudaContext19wgs84_to_gcj02_cudadEB5_
FNDA:450000,_RNCNvNtNtCs7TwC2c9SHrR_10pyxis_cuda11crypto_cuda4tests_15test_exact_cuda0B7_
FNDA:450000,_RNCNvNtNtCs7TwC2c9SHrR_10pyxis_cuda11crypto_cuda4tests_15test_exact_cudas0_0B7_
FNDA:450000,_RNCNvNtNtCs7TwC2c9SHrR_10pyxis_cuda11crypto_cuda4tests_15test_exact_cudas1_0B7_
FNDA:450000,_RNCNvNtNtCs7TwC2c9SHrR_10pyxis_cuda11crypto_cuda4tests_15test_exact_cudas2_0B7_
FNDA:450000,_RNCNvNtNtCs7TwC2c9SHrR_10pyxis_cuda11crypto_cuda4tests_15test_exact_cudas3_0B7_
FNDA:450000,_RNCNvNtNtCs7TwC2c9SHrR_10pyxis_cuda11crypto_cuda4tests_15test_exact_cudas4_0B7_
FNDA:450000,_RNCNvNtNtCs7TwC2c9SHrR_10pyxis_cuda11crypto_cuda4tests_15test_exact_cudas5_0B7_
FNDA:450000,_RNCNvNtNtCs7TwC2c9SHrR_10pyxis_cuda11crypto_cuda4tests_15test_exact_cudas6_0B7_
FNDA:450000,_RNCNvNtNtCs7TwC2c9SHrR_10pyxis_cuda11crypto_cuda4tests_15test_exact_cudas_0B7_
FNDA:6,_RINvMNtCsiMB2r01GLXC_10pyxis_cuda11crypto_cudaNtNtB5_7context16PyxisCudaContext17crypto_exact_cudadEB5_
FNDA:1,_RINvMNtCsiMB2r01GLXC_10pyxis_cuda11crypto_cudaNtNtB5_7context16PyxisCudaContext18bd09_to_gcj02_cudadEB5_
FNDA:1,_RINvMNtCsiMB2r01GLXC_10pyxis_cuda11crypto_cudaNtNtB5_7context16PyxisCudaContext18bd09_to_wgs84_cudadEB5_
FNDA:1,_RINvMNtCsiMB2r01GLXC_10pyxis_cuda11crypto_cudaNtNtB5_7context16PyxisCudaContext18gcj02_to_bd09_cudadEB5_
FNDA:1,_RINvMNtCsiMB2r01GLXC_10pyxis_cuda11crypto_cudaNtNtB5_7context16PyxisCudaContext18wgs84_to_bd09_cudadEB5_
FNDA:1,_RINvMNtCsiMB2r01GLXC_10pyxis_cuda11crypto_cudaNtNtB5_7context16PyxisCudaContext19gcj02_to_wgs84_cudadEB5_
FNDA:1,_RINvMNtCsiMB2r01GLXC_10pyxis_cuda11crypto_cudaNtNtB5_7context16PyxisCudaContext19wgs84_to_gcj02_cudadEB5_
FNDA:1,_RNvNtNtCsiMB2r01GLXC_10pyxis_cuda11crypto_cuda4tests_15test_exact_cuda
FNDA:1,_RNvNtNtCsiMB2r01GLXC_10pyxis_cuda11crypto_cuda4tests_23test_bd09_to_gcj02_cuda
FNDA:1,_RNvNtNtCsiMB2r01GLXC_10pyxis_cuda11crypto_cuda4tests_23test_bd09_to_wgs84_cuda
FNDA:1,_RNvNtNtCsiMB2r01GLXC_10pyxis_cuda11crypto_cuda4tests_23test_gcj02_to_bd09_cuda
FNDA:1,_RNvNtNtCsiMB2r01GLXC_10pyxis_cuda11crypto_cuda4tests_23test_wgs84_to_bd09_cuda
FNDA:1,_RNvNtNtCsiMB2r01GLXC_10pyxis_cuda11crypto_cuda4tests_24test_gcj02_to_wgs84_cuda
FNDA:1,_RNvNtNtCsiMB2r01GLXC_10pyxis_cuda11crypto_cuda4tests_24test_wgs84_to_gcj02_cuda
FNDA:1,_RNvNtNtCsiMB2r01GLXC_10pyxis_cuda11crypto_cuda4tests_29test_bd09_to_gcj02_exact_cuda
FNDA:1,_RNvNtNtCsiMB2r01GLXC_10pyxis_cuda11crypto_cuda4tests_29test_bd09_to_wgs84_exact_cuda
FNDA:1,_RNvNtNtCsiMB2r01GLXC_10pyxis_cuda11crypto_cuda4tests_30test_gcj02_to_wgs84_exact_cuda
FNDA:150000,_RNCNvNtNtCsiMB2r01GLXC_10pyxis_cuda11crypto_cuda4tests_15test_exact_cuda0B7_
FNDA:150000,_RNCNvNtNtCsiMB2r01GLXC_10pyxis_cuda11crypto_cuda4tests_15test_exact_cudas0_0B7_
FNDA:150000,_RNCNvNtNtCsiMB2r01GLXC_10pyxis_cuda11crypto_cuda4tests_15test_exact_cudas1_0B7_
FNDA:150000,_RNCNvNtNtCsiMB2r01GLXC_10pyxis_cuda11crypto_cuda4tests_15test_exact_cudas2_0B7_
FNDA:150000,_RNCNvNtNtCsiMB2r01GLXC_10pyxis_cuda11crypto_cuda4tests_15test_exact_cudas3_0B7_
FNDA:150000,_RNCNvNtNtCsiMB2r01GLXC_10pyxis_cuda11crypto_cuda4tests_15test_exact_cudas4_0B7_
FNDA:150000,_RNCNvNtNtCsiMB2r01GLXC_10pyxis_cuda11crypto_cuda4tests_15test_exact_cudas5_0B7_
FNDA:150000,_RNCNvNtNtCsiMB2r01GLXC_10pyxis_cuda11crypto_cuda4tests_15test_exact_cudas6_0B7_
FNDA:150000,_RNCNvNtNtCsiMB2r01GLXC_10pyxis_cuda11crypto_cuda4tests_15test_exact_cudas_0B7_
FNDA:300000,_RNCNvNtNtCslQO64xcTy24_10pyxis_cuda11crypto_cuda4tests_15test_exact_cuda0B7_
FNDA:300000,_RNCNvNtNtCslQO64xcTy24_10pyxis_cuda11crypto_cuda4tests_15test_exact_cudas0_0B7_
FNDA:300000,_RNCNvNtNtCslQO64xcTy24_10pyxis_cuda11crypto_cuda4tests_15test_exact_cudas1_0B7_
FNDA:300000,_RNCNvNtNtCslQO64xcTy24_10pyxis_cuda11crypto_cuda4tests_15test_exact_cudas2_0B7_
FNDA:300000,_RNCNvNtNtCslQO64xcTy24_10pyxis_cuda11crypto_cuda4tests_15test_exact_cudas3_0B7_
FNDA:300000,_RNCNvNtNtCslQO64xcTy24_10pyxis_cuda11crypto_cuda4tests_15test_exact_cudas4_0B7_
FNDA:300000,_RNCNvNtNtCslQO64xcTy24_10pyxis_cuda11crypto_cuda4tests_15test_exact_cudas5_0B7_
FNDA:300000,_RNCNvNtNtCslQO64xcTy24_10pyxis_cuda11crypto_cuda4tests_15test_exact_cudas6_0B7_
FNDA:300000,_RNCNvNtNtCslQO64xcTy24_10pyxis_cuda11crypto_cuda4tests_15test_exact_cudas_0B7_
FNDA:2,_RNvNtNtCslQO64xcTy24_10pyxis_cuda11crypto_cuda4tests_15test_exact_cuda
FNDA:2,_RNvNtNtCslQO64xcTy24_10pyxis_cuda11crypto_cuda4tests_23test_bd09_to_gcj02_cuda
FNDA:2,_RNvNtNtCslQO64xcTy24_10pyxis_cuda11crypto_cuda4tests_23test_bd09_to_wgs84_cuda
FNDA:2,_RNvNtNtCslQO64xcTy24_10pyxis_cuda11crypto_cuda4tests_23test_gcj02_to_bd09_cuda
FNDA:2,_RNvNtNtCslQO64xcTy24_10pyxis_cuda11crypto_cuda4tests_23test_wgs84_to_bd09_cuda
FNDA:2,_RNvNtNtCslQO64xcTy24_10pyxis_cuda11crypto_cuda4tests_24test_gcj02_to_wgs84_cuda
FNDA:2,_RNvNtNtCslQO64xcTy24_10pyxis_cuda11crypto_cuda4tests_24test_wgs84_to_gcj02_cuda
FNDA:2,_RNvNtNtCslQO64xcTy24_10pyxis_cuda11crypto_cuda4tests_29test_bd09_to_gcj02_exact_cuda
FNDA:2,_RNvNtNtCslQO64xcTy24_10pyxis_cuda11crypto_cuda4tests_29test_bd09_to_wgs84_exact_cuda
FNDA:2,_RNvNtNtCslQO64xcTy24_10pyxis_cuda11crypto_cuda4tests_30test_gcj02_to_wgs84_exact_cuda
FNDA:12,_RINvMNtCslQO64xcTy24_10pyxis_cuda11crypto_cudaNtNtB5_7context16PyxisCudaContext17crypto_exact_cudadEB5_
FNDA:2,_RINvMNtCslQO64xcTy24_10pyxis_cuda11crypto_cudaNtNtB5_7context16PyxisCudaContext18bd09_to_gcj02_cudadEB5_
FNDA:2,_RINvMNtCslQO64xcTy24_10pyxis_cuda11crypto_cudaNtNtB5_7context16PyxisCudaContext18bd09_to_wgs84_cudadEB5_
FNDA:2,_RINvMNtCslQO64xcTy24_10pyxis_cuda11crypto_cudaNtNtB5_7context16PyxisCudaContext18gcj02_to_bd09_cudadEB5_
FNDA:2,_RINvMNtCslQO64xcTy24_10pyxis_cuda11crypto_cudaNtNtB5_7context16PyxisCudaContext18wgs84_to_bd09_cudadEB5_
FNDA:2,_RINvMNtCslQO64xcTy24_10pyxis_cuda11crypto_cudaNtNtB5_7context16PyxisCudaContext19gcj02_to_wgs84_cudadEB5_
FNDA:2,_RINvMNtCslQO64xcTy24_10pyxis_cuda11crypto_cudaNtNtB5_7context16PyxisCudaContext19wgs84_to_gcj02_cudadEB5_
FNF:26
FNH:26
DA:15,6
DA:16,6
DA:17,6
DA:18,6
DA:19,6
DA:20,6
DA:21,6
DA:22,6
DA:23,6
DA:24,6
DA:25,6
DA:27,6
DA:28,6
DA:29,6
DA:30,6
DA:31,6
DA:32,6
DA:35,6
DA:37,6
DA:38,6
DA:39,6
DA:40,6
DA:41,6
DA:42,6
DA:43,6
DA:44,6
DA:45,6
DA:46,6
DA:47,6
DA:48,6
DA:49,6
DA:52,6
DA:53,6
DA:54,6
DA:55,6
DA:56,6
DA:57,6
DA:60,6
DA:62,6
DA:63,6
DA:64,6
DA:65,6
DA:66,6
DA:67,6
DA:68,6
DA:69,6
DA:70,6
DA:71,6
DA:72,6
DA:73,6
DA:74,6
DA:77,6
DA:78,6
DA:79,6
DA:80,6
DA:81,6
DA:82,6
DA:85,6
DA:87,6
DA:88,6
DA:89,6
DA:90,6
DA:91,6
DA:92,6
DA:93,6
DA:94,6
DA:95,6
DA:96,6
DA:97,6
DA:98,6
DA:99,6
DA:102,6
DA:103,6
DA:104,6
DA:105,6
DA:106,6
DA:107,6
DA:110,6
DA:112,6
DA:113,6
DA:114,6
DA:115,6
DA:116,6
DA:117,6
DA:118,6
DA:119,6
DA:120,6
DA:121,6
DA:122,6
DA:123,6
DA:124,6
DA:127,6
DA:128,6
DA:129,6
DA:130,6
DA:131,6
DA:132,6
DA:135,6
DA:137,6
DA:138,6
DA:139,6
DA:140,6
DA:141,6
DA:142,6
DA:143,6
DA:144,6
DA:145,6
DA:146,6
DA:147,6
DA:148,6
DA:149,6
DA:152,6
DA:153,6
DA:154,6
DA:155,6
DA:156,6
DA:157,6
DA:160,6
DA:162,6
DA:163,6
DA:164,36
DA:165,36
DA:166,36
DA:167,36
DA:168,36
DA:169,36
DA:170,36
DA:171,36
DA:172,36
DA:173,36
DA:174,36
DA:175,36
DA:176,36
DA:177,36
DA:179,12
DA:182,12
DA:185,12
DA:187,0
DA:189,36
DA:190,0
DA:191,36
DA:193,36
DA:194,36
DA:196,36
DA:197,36
DA:198,36
DA:199,36
DA:200,0
DA:201,0
DA:202,0
DA:203,36
DA:204,36
DA:207,36
DA:209,36
DA:210,36
DA:221,6
DA:222,6
DA:223,6
DA:224,6
DA:225,6
DA:226,6
DA:227,6
DA:228,6
DA:229,6
DA:230,6
DA:232,6
DA:233,6
DA:235,6
DA:236,6
DA:237,6
DA:239,6
DA:240,6
DA:241,6
DA:242,6
DA:243,6
DA:244,6
DA:245,6
DA:246,6
DA:247,6
DA:248,6
DA:249,6
DA:250,6
DA:251,6
DA:252,6
DA:253,6
DA:254,6
DA:256,6
DA:257,6
DA:258,6
DA:259,6
DA:260,6
DA:261,6
DA:262,6
DA:263,6
DA:264,6
DA:265,6
DA:267,6
DA:268,6
DA:270,6
DA:271,6
DA:272,6
DA:274,6
DA:275,6
DA:276,6
DA:277,6
DA:278,6
DA:279,6
DA:280,6
DA:281,6
DA:282,6
DA:283,6
DA:284,6
DA:285,6
DA:286,6
DA:287,6
DA:288,6
DA:289,6
DA:291,6
DA:292,6
DA:293,6
DA:294,6
DA:295,6
DA:296,6
DA:297,6
DA:298,6
DA:299,6
DA:301,6
DA:302,6
DA:303,6
DA:304,6
DA:305,6
DA:307,6
DA:308,6
DA:309,6
DA:310,6
DA:311,6
DA:312,6
DA:313,6
DA:314,6
DA:315,6
DA:316,6
DA:318,6
DA:319,6
DA:321,6
DA:322,6
DA:323,6
DA:325,6
DA:326,6
DA:327,6
DA:328,6
DA:329,6
DA:330,6
DA:331,6
DA:332,6
DA:333,6
DA:334,6
DA:335,6
DA:336,6
DA:337,6
DA:338,6
DA:339,6
DA:340,6
DA:341,6
DA:343,6
DA:344,6
DA:345,6
DA:346,6
DA:347,6
DA:348,6
DA:349,6
DA:351,6
DA:352,6
DA:353,6
DA:354,6
DA:355,6
DA:356,6
DA:357,6
DA:358,6
DA:359,6
DA:360,6
DA:361,6
DA:362,6
DA:363,6
DA:364,6
DA:365,6
DA:366,6
DA:367,6
DA:369,6
DA:370,6
DA:371,6
DA:372,6
DA:373,6
DA:374,6
DA:375,6
DA:377,6
DA:378,6
DA:379,6
DA:380,6
DA:381,6
DA:382,6
DA:383,6
DA:384,6
DA:385,6
DA:386,6
DA:387,6
DA:388,6
DA:389,6
DA:390,6
DA:391,6
DA:392,6
DA:393,6
DA:395,6
DA:396,6
DA:397,6
DA:398,6
DA:399,6
DA:400,6
DA:401,6
DA:403,6
DA:404,6
DA:405,6
DA:406,6
DA:407,6
DA:408,900000
DA:409,6
DA:410,6
DA:411,900000
DA:412,6
DA:413,6
DA:414,6
DA:415,6
DA:416,900000
DA:417,6
DA:418,6
DA:419,6
DA:420,6
DA:421,900000
DA:422,6
DA:423,6
DA:424,6
DA:425,6
DA:426,900000
DA:427,6
DA:428,6
DA:429,6
DA:430,6
DA:431,900000
DA:432,6
DA:434,6
DA:435,6
DA:436,6
DA:437,6
DA:438,6
DA:439,6
DA:440,6
DA:441,6
DA:442,6
DA:443,6
DA:444,6
DA:445,6
DA:446,6
DA:447,6
DA:448,6
DA:449,6
DA:450,6
DA:451,6
DA:452,6
DA:453,6
DA:454,6
DA:455,6
DA:456,6
DA:457,6
DA:458,900000
DA:459,900000
DA:460,900000
DA:461,900000
DA:462,900000
DA:463,900000
DA:464,6
DA:465,6
DA:466,6
DA:467,6
DA:468,6
DA:471,6
DA:472,6
DA:473,6
DA:474,6
DA:475,6
DA:476,6
DA:477,6
DA:478,6
DA:479,6
DA:480,6
DA:481,6
DA:482,6
DA:483,6
DA:484,6
DA:485,6
DA:486,6
DA:487,6
DA:488,6
DA:489,6
DA:490,6
DA:491,6
DA:492,6
DA:493,6
DA:494,6
DA:495,900000
DA:496,900000
DA:497,900000
DA:498,900000
DA:499,900000
DA:500,900000
DA:501,6
DA:502,6
DA:503,6
DA:504,6
DA:505,6
DA:508,6
DA:509,6
DA:510,6
DA:511,6
DA:512,6
DA:513,6
DA:514,6
DA:515,6
DA:516,6
DA:517,6
DA:518,6
DA:519,6
DA:520,6
DA:521,6
DA:522,6
DA:523,6
DA:524,6
DA:525,6
DA:526,6
DA:527,6
DA:528,6
DA:529,6
DA:530,6
DA:531,6
DA:532,900000
DA:533,900000
DA:534,900000
DA:535,900000
DA:536,900000
DA:537,900000
DA:538,6
DA:539,6
DA:540,6
DA:541,6
DA:542,6
DA:544,6
BRDA:406,0,0,0
BRDA:406,0,1,3
BRDA:406,1,2,0
BRDA:406,1,3,1
BRDA:406,2,4,0
BRDA:406,2,5,2
BRF:2
BRH:1
LF:463
LH:458
end_of_record
SF:D:\project\pyxis\rust-cuda\src\datum_compensate_cuda.rs
FN:57,_RNvNtNtCs7TwC2c9SHrR_10pyxis_cuda21datum_compensate_cuda4tests_26test_datum_compensate_cuda
FN:14,_RINvMNtCs7TwC2c9SHrR_10pyxis_cuda21datum_compensate_cudaNtNtB5_7context16PyxisCudaContext21datum_compensate_cudadEB5_
FN:14,_RINvMNtCsiMB2r01GLXC_10pyxis_cuda21datum_compensate_cudaNtNtB5_7context16PyxisCudaContext21datum_compensate_cudadEB5_
FN:57,_RNvNtNtCsiMB2r01GLXC_10pyxis_cuda21datum_compensate_cuda4tests_26test_datum_compensate_cuda
FN:57,_RNvNtNtCslQO64xcTy24_10pyxis_cuda21datum_compensate_cuda4tests_26test_datum_compensate_cuda
FN:14,_RINvMNtCslQO64xcTy24_10pyxis_cuda21datum_compensate_cudaNtNtB5_7context16PyxisCudaContext21datum_compensate_cudadEB5_
FNDA:3,_RNvNtNtCs7TwC2c9SHrR_10pyxis_cuda21datum_compensate_cuda4tests_26test_datum_compensate_cuda
FNDA:3,_RINvMNtCs7TwC2c9SHrR_10pyxis_cuda21datum_compensate_cudaNtNtB5_7context16PyxisCudaContext21datum_compensate_cudadEB5_
FNDA:1,_RINvMNtCsiMB2r01GLXC_10pyxis_cuda21datum_compensate_cudaNtNtB5_7context16PyxisCudaContext21datum_compensate_cudadEB5_
FNDA:1,_RNvNtNtCsiMB2r01GLXC_10pyxis_cuda21datum_compensate_cuda4tests_26test_datum_compensate_cuda
FNDA:2,_RNvNtNtCslQO64xcTy24_10pyxis_cuda21datum_compensate_cuda4tests_26test_datum_compensate_cuda
FNDA:2,_RINvMNtCslQO64xcTy24_10pyxis_cuda21datum_compensate_cudaNtNtB5_7context16PyxisCudaContext21datum_compensate_cudadEB5_
FNF:2
FNH:2
DA:14,6
DA:15,6
DA:16,6
DA:17,6
DA:18,6
DA:19,6
DA:20,6
DA:21,6
DA:22,6
DA:23,6
DA:24,6
DA:25,6
DA:27,6
DA:28,6
DA:29,6
DA:31,6
DA:32,6
DA:35,6
DA:36,6
DA:37,6
DA:38,6
DA:39,0
DA:40,0
DA:41,0
DA:42,6
DA:43,6
DA:46,6
DA:48,6
DA:49,6
DA:57,6
DA:58,6
DA:59,6
DA:60,6
DA:61,6
DA:62,6
DA:63,6
DA:64,6
DA:65,6
DA:67,6
DA:68,6
DA:69,6
BRF:0
BRH:0
LF:41
LH:38
end_of_record
SF:D:\project\pyxis\rust\crates\pyxis\src\crypto.rs
FN:153,_RINvNtCsj4Af5ZZAp41_5pyxis6crypto13bd09_to_gcj02dECs7TwC2c9SHrR_10pyxis_cuda
FN:221,_RINvNtCsj4Af5ZZAp41_5pyxis6crypto13bd09_to_wgs84dECs7TwC2c9SHrR_10pyxis_cuda
FN:252,_RINvNtCsj4Af5ZZAp41_5pyxis6crypto13gcj02_to_bd09dECs7TwC2c9SHrR_10pyxis_cuda
FN:321,_RINvNtCsj4Af5ZZAp41_5pyxis6crypto13wgs84_to_bd09dECs7TwC2c9SHrR_10pyxis_cuda
FN:190,_RINvNtCsj4Af5ZZAp41_5pyxis6crypto14gcj02_to_wgs84dECs7TwC2c9SHrR_10pyxis_cuda
FN:289,_RINvNtCsj4Af5ZZAp41_5pyxis6crypto14wgs84_to_gcj02dECs7TwC2c9SHrR_10pyxis_cuda
FN:425,_RINvNtCsj4Af5ZZAp41_5pyxis6crypto18haversine_distancedECs7TwC2c9SHrR_10pyxis_cuda
FN:113,_RINvNtCsj4Af5ZZAp41_5pyxis6crypto5deltadECs7TwC2c9SHrR_10pyxis_cuda
FN:76,_RINvNtCsj4Af5ZZAp41_5pyxis6crypto9transformdECs7TwC2c9SHrR_10pyxis_cuda
FN:375,_RINvNtCsj4Af5ZZAp41_5pyxis6crypto12crypto_exactpppEB4_
FN:153,_RINvNtCsj4Af5ZZAp41_5pyxis6crypto13bd09_to_gcj02pEB4_
FN:221,_RINvNtCsj4Af5ZZAp41_5pyxis6crypto13bd09_to_wgs84pEB4_
FN:252,_RINvNtCsj4Af5ZZAp41_5pyxis6crypto13gcj02_to_bd09pEB4_
FN:321,_RINvNtCsj4Af5ZZAp41_5pyxis6crypto13wgs84_to_bd09pEB4_
FN:190,_RINvNtCsj4Af5ZZAp41_5pyxis6crypto14gcj02_to_wgs84pEB4_
FN:289,_RINvNtCsj4Af5ZZAp41_5pyxis6crypto14wgs84_to_gcj02pEB4_
FN:425,_RINvNtCsj4Af5ZZAp41_5pyxis6crypto18haversine_distancepEB4_
FN:113,_RINvNtCsj4Af5ZZAp41_5pyxis6crypto5deltapEB4_
FN:76,_RINvNtCsj4Af5ZZAp41_5pyxis6crypto9transformpEB4_
FN:153,_RINvNtCsgZfI1YIrp63_5pyxis6crypto13bd09_to_gcj02dECsiMB2r01GLXC_10pyxis_cuda
FN:221,_RINvNtCsgZfI1YIrp63_5pyxis6crypto13bd09_to_wgs84dECsiMB2r01GLXC_10pyxis_cuda
FN:252,_RINvNtCsgZfI1YIrp63_5pyxis6crypto13gcj02_to_bd09dECsiMB2r01GLXC_10pyxis_cuda
FN:321,_RINvNtCsgZfI1YIrp63_5pyxis6crypto13wgs84_to_bd09dECsiMB2r01GLXC_10pyxis_cuda
FN:190,_RINvNtCsgZfI1YIrp63_5pyxis6crypto14gcj02_to_wgs84dECsiMB2r01GLXC_10pyxis_cuda
FN:289,_RINvNtCsgZfI1YIrp63_5pyxis6crypto14wgs84_to_gcj02dECsiMB2r01GLXC_10pyxis_cuda
FN:425,_RINvNtCsgZfI1YIrp63_5pyxis6crypto18haversine_distancedECsiMB2r01GLXC_10pyxis_cuda
FN:113,_RINvNtCsgZfI1YIrp63_5pyxis6crypto5deltadECsiMB2r01GLXC_10pyxis_cuda
FN:76,_RINvNtCsgZfI1YIrp63_5pyxis6crypto9transformdECsiMB2r01GLXC_10pyxis_cuda
FN:375,_RINvNtCsgZfI1YIrp63_5pyxis6crypto12crypto_exactpppEB4_
FN:153,_RINvNtCsgZfI1YIrp63_5pyxis6crypto13bd09_to_gcj02pEB4_
FN:221,_RINvNtCsgZfI1YIrp63_5pyxis6crypto13bd09_to_wgs84pEB4_
FN:252,_RINvNtCsgZfI1YIrp63_5pyxis6crypto13gcj02_to_bd09pEB4_
FN:321,_RINvNtCsgZfI1YIrp63_5pyxis6crypto13wgs84_to_bd09pEB4_
FN:190,_RINvNtCsgZfI1YIrp63_5pyxis6crypto14gcj02_to_wgs84pEB4_
FN:289,_RINvNtCsgZfI1YIrp63_5pyxis6crypto14wgs84_to_gcj02pEB4_
FN:425,_RINvNtCsgZfI1YIrp63_5pyxis6crypto18haversine_distancepEB4_
FN:113,_RINvNtCsgZfI1YIrp63_5pyxis6crypto5deltapEB4_
FN:76,_RINvNtCsgZfI1YIrp63_5pyxis6crypto9transformpEB4_
FN:153,_RINvNtCsjVzEeH5ybfU_5pyxis6crypto13bd09_to_gcj02dECslQO64xcTy24_10pyxis_cuda
FN:221,_RINvNtCsjVzEeH5ybfU_5pyxis6crypto13bd09_to_wgs84dECslQO64xcTy24_10pyxis_cuda
FN:252,_RINvNtCsjVzEeH5ybfU_5pyxis6crypto13gcj02_to_bd09dECslQO64xcTy24_10pyxis_cuda
FN:321,_RINvNtCsjVzEeH5ybfU_5pyxis6crypto13wgs84_to_bd09dECslQO64xcTy24_10pyxis_cuda
FN:190,_RINvNtCsjVzEeH5ybfU_5pyxis6crypto14gcj02_to_wgs84dECslQO64xcTy24_10pyxis_cuda
FN:289,_RINvNtCsjVzEeH5ybfU_5pyxis6crypto14wgs84_to_gcj02dECslQO64xcTy24_10pyxis_cuda
FN:425,_RINvNtCsjVzEeH5ybfU_5pyxis6crypto18haversine_distancedECslQO64xcTy24_10pyxis_cuda
FN:113,_RINvNtCsjVzEeH5ybfU_5pyxis6crypto5deltadECslQO64xcTy24_10pyxis_cuda
FN:76,_RINvNtCsjVzEeH5ybfU_5pyxis6crypto9transformdECslQO64xcTy24_10pyxis_cuda
FNDA:6,_RINvNtCsj4Af5ZZAp41_5pyxis6crypto13bd09_to_gcj02dECs7TwC2c9SHrR_10pyxis_cuda
FNDA:3,_RINvNtCsj4Af5ZZAp41_5pyxis6crypto13bd09_to_wgs84dECs7TwC2c9SHrR_10pyxis_cuda
FNDA:900000,_RINvNtCsj4Af5ZZAp41_5pyxis6crypto13gcj02_to_bd09dECs7TwC2c9SHrR_10pyxis_cuda
FNDA:900000,_RINvNtCsj4Af5ZZAp41_5pyxis6crypto13wgs84_to_bd09dECs7TwC2c9SHrR_10pyxis_cuda
FNDA:6,_RINvNtCsj4Af5ZZAp41_5pyxis6crypto14gcj02_to_wgs84dECs7TwC2c9SHrR_10pyxis_cuda
FNDA:1800000,_RINvNtCsj4Af5ZZAp41_5pyxis6crypto14wgs84_to_gcj02dECs7TwC2c9SHrR_10pyxis_cuda
FNDA:2700000,_RINvNtCsj4Af5ZZAp41_5pyxis6crypto18haversine_distancedECs7TwC2c9SHrR_10pyxis_cuda
FNDA:1800006,_RINvNtCsj4Af5ZZAp41_5pyxis6crypto5deltadECs7TwC2c9SHrR_10pyxis_cuda
FNDA:1800006,_RINvNtCsj4Af5ZZAp41_5pyxis6crypto9transformdECs7TwC2c9SHrR_10pyxis_cuda
FNDA:0,_RINvNtCsj4Af5ZZAp41_5pyxis6crypto12crypto_exactpppEB4_
FNDA:0,_RINvNtCsj4Af5ZZAp41_5pyxis6crypto13bd09_to_gcj02pEB4_
FNDA:0,_RINvNtCsj4Af5ZZAp41_5pyxis6crypto13bd09_to_wgs84pEB4_
FNDA:0,_RINvNtCsj4Af5ZZAp41_5pyxis6crypto13gcj02_to_bd09pEB4_
FNDA:0,_RINvNtCsj4Af5ZZAp41_5pyxis6crypto13wgs84_to_bd09pEB4_
FNDA:0,_RINvNtCsj4Af5ZZAp41_5pyxis6crypto14gcj02_to_wgs84pEB4_
FNDA:0,_RINvNtCsj4Af5ZZAp41_5pyxis6crypto14wgs84_to_gcj02pEB4_
FNDA:0,_RINvNtCsj4Af5ZZAp41_5pyxis6crypto18haversine_distancepEB4_
FNDA:0,_RINvNtCsj4Af5ZZAp41_5pyxis6crypto5deltapEB4_
FNDA:0,_RINvNtCsj4Af5ZZAp41_5pyxis6crypto9transformpEB4_
FNDA:2,_RINvNtCsgZfI1YIrp63_5pyxis6crypto13bd09_to_gcj02dECsiMB2r01GLXC_10pyxis_cuda
FNDA:1,_RINvNtCsgZfI1YIrp63_5pyxis6crypto13bd09_to_wgs84dECsiMB2r01GLXC_10pyxis_cuda
FNDA:300000,_RINvNtCsgZfI1YIrp63_5pyxis6crypto13gcj02_to_bd09dECsiMB2r01GLXC_10pyxis_cuda
FNDA:300000,_RINvNtCsgZfI1YIrp63_5pyxis6crypto13wgs84_to_bd09dECsiMB2r01GLXC_10pyxis_cuda
FNDA:2,_RINvNtCsgZfI1YIrp63_5pyxis6crypto14gcj02_to_wgs84dECsiMB2r01GLXC_10pyxis_cuda
FNDA:600000,_RINvNtCsgZfI1YIrp63_5pyxis6crypto14wgs84_to_gcj02dECsiMB2r01GLXC_10pyxis_cuda
FNDA:900000,_RINvNtCsgZfI1YIrp63_5pyxis6crypto18haversine_distancedECsiMB2r01GLXC_10pyxis_cuda
FNDA:600002,_RINvNtCsgZfI1YIrp63_5pyxis6crypto5deltadECsiMB2r01GLXC_10pyxis_cuda
FNDA:600002,_RINvNtCsgZfI1YIrp63_5pyxis6crypto9transformdECsiMB2r01GLXC_10pyxis_cuda
FNDA:0,_RINvNtCsgZfI1YIrp63_5pyxis6crypto12crypto_exactpppEB4_
FNDA:0,_RINvNtCsgZfI1YIrp63_5pyxis6crypto13bd09_to_gcj02pEB4_
FNDA:0,_RINvNtCsgZfI1YIrp63_5pyxis6crypto13bd09_to_wgs84pEB4_
FNDA:0,_RINvNtCsgZfI1YIrp63_5pyxis6crypto13gcj02_to_bd09pEB4_
FNDA:0,_RINvNtCsgZfI1YIrp63_5pyxis6crypto13wgs84_to_bd09pEB4_
FNDA:0,_RINvNtCsgZfI1YIrp63_5pyxis6crypto14gcj02_to_wgs84pEB4_
FNDA:0,_RINvNtCsgZfI1YIrp63_5pyxis6crypto14wgs84_to_gcj02pEB4_
FNDA:0,_RINvNtCsgZfI1YIrp63_5pyxis6crypto18haversine_distancepEB4_
FNDA:0,_RINvNtCsgZfI1YIrp63_5pyxis6crypto5deltapEB4_
FNDA:0,_RINvNtCsgZfI1YIrp63_5pyxis6crypto9transformpEB4_
FNDA:4,_RINvNtCsjVzEeH5ybfU_5pyxis6crypto13bd09_to_gcj02dECslQO64xcTy24_10pyxis_cuda
FNDA:2,_RINvNtCsjVzEeH5ybfU_5pyxis6crypto13bd09_to_wgs84dECslQO64xcTy24_10pyxis_cuda
FNDA:600000,_RINvNtCsjVzEeH5ybfU_5pyxis6crypto13gcj02_to_bd09dECslQO64xcTy24_10pyxis_cuda
FNDA:600000,_RINvNtCsjVzEeH5ybfU_5pyxis6crypto13wgs84_to_bd09dECslQO64xcTy24_10pyxis_cuda
FNDA:4,_RINvNtCsjVzEeH5ybfU_5pyxis6crypto14gcj02_to_wgs84dECslQO64xcTy24_10pyxis_cuda
FNDA:1200000,_RINvNtCsjVzEeH5ybfU_5pyxis6crypto14wgs84_to_gcj02dECslQO64xcTy24_10pyxis_cuda
FNDA:1800000,_RINvNtCsjVzEeH5ybfU_5pyxis6crypto18haversine_distancedECslQO64xcTy24_10pyxis_cuda
FNDA:1200004,_RINvNtCsjVzEeH5ybfU_5pyxis6crypto5deltadECslQO64xcTy24_10pyxis_cuda
FNDA:1200004,_RINvNtCsjVzEeH5ybfU_5pyxis6crypto9transformdECslQO64xcTy24_10pyxis_cuda
FNF:10
FNH:9
DA:76,3600012
DA:77,3600012
DA:78,3600012
DA:80,3600012
DA:81,3600012
DA:82,3600012
DA:83,3600012
DA:84,3600012
DA:86,3600012
DA:87,3600012
DA:89,3600012
DA:90,3600012
DA:91,3600012
DA:92,3600012
DA:93,3600012
DA:94,3600012
DA:95,3600012
DA:96,3600012
DA:98,3600012
DA:99,3600012
DA:101,3600012
DA:102,3600012
DA:103,3600012
DA:104,3600012
DA:105,3600012
DA:106,3600012
DA:107,3600012
DA:108,3600012
DA:110,3600012
DA:111,3600012
DA:113,3600012
DA:114,3600012
DA:115,3600012
DA:117,3600012
DA:118,3600012
DA:119,3600012
DA:120,3600012
DA:121,3600012
DA:123,3600012
DA:124,3600012
DA:125,3600012
DA:126,3600012
DA:127,3600012
DA:128,3600012
DA:153,12
DA:154,12
DA:155,12
DA:157,12
DA:158,12
DA:159,12
DA:160,12
DA:161,12
DA:162,12
DA:163,12
DA:164,12
DA:165,12
DA:190,12
DA:191,12
DA:192,12
DA:194,12
DA:195,12
DA:196,12
DA:221,6
DA:222,6
DA:223,6
DA:225,6
DA:226,6
DA:227,6
DA:252,1800000
DA:253,1800000
DA:254,1800000
DA:256,1800000
DA:257,1800000
DA:258,1800000
DA:259,1800000
DA:260,1800000
DA:261,1800000
DA:262,1800000
DA:263,1800000
DA:289,3600000
DA:290,3600000
DA:291,3600000
DA:293,3600000
DA:294,3600000
DA:295,3600000
DA:321,1800000
DA:322,1800000
DA:323,1800000
DA:325,1800000
DA:326,1800000
DA:327,1800000
DA:375,0
DA:376,0
DA:377,0
DA:378,0
DA:379,0
DA:380,0
DA:381,0
DA:382,0
DA:383,0
DA:384,0
DA:385,0
DA:387,0
DA:388,0
DA:389,0
DA:390,0
DA:392,0
DA:393,0
DA:395,0
DA:396,0
DA:397,0
DA:398,0
DA:402,0
DA:403,0
DA:404,0
DA:406,0
DA:408,0
DA:410,0
DA:413,0
DA:415,0
DA:417,0
DA:419,0
DA:421,0
DA:422,0
DA:425,5400000
DA:426,5400000
DA:427,5400000
DA:429,5400000
DA:430,5400000
DA:431,5400000
DA:432,5400000
DA:434,5400000
DA:435,5400000
DA:437,5400000
DA:438,5400000
DA:439,5400000
DA:441,5400000
DA:442,5400000
BRF:0
BRH:0
LF:138
LH:105
end_of_record
SF:D:\project\pyxis\rust\crates\pyxis\src\datum_compensate.rs
FN:36,_RNvMNtCsj4Af5ZZAp41_5pyxis16datum_compensateINtB2_15DatumCompensatepE3newB4_
FN:42,_RNvMNtCsj4Af5ZZAp41_5pyxis16datum_compensateINtB2_15DatumCompensatepE9transformB4_
FN:36,_RNvMNtCsgZfI1YIrp63_5pyxis16datum_compensateINtB2_15DatumCompensatepE3newB4_
FN:42,_RNvMNtCsgZfI1YIrp63_5pyxis16datum_compensateINtB2_15DatumCompensatepE9transformB4_
FNDA:0,_RNvMNtCsj4Af5ZZAp41_5pyxis16datum_compensateINtB2_15DatumCompensatepE3newB4_
FNDA:0,_RNvMNtCsj4Af5ZZAp41_5pyxis16datum_compensateINtB2_15DatumCompensatepE9transformB4_
FNDA:0,_RNvMNtCsgZfI1YIrp63_5pyxis16datum_compensateINtB2_15DatumCompensatepE3newB4_
FNDA:0,_RNvMNtCsgZfI1YIrp63_5pyxis16datum_compensateINtB2_15DatumCompensatepE9transformB4_
FNF:2
FNH:0
DA:36,0
DA:37,0
DA:38,0
DA:39,0
DA:40,0
DA:42,0
DA:43,0
DA:44,0
DA:46,0
DA:47,0
DA:48,0
DA:49,0
BRF:0
BRH:0
LF:12
LH:0
end_of_record
SF:D:\project\pyxis\rust\crates\pyxis\src\ellipsoid.rs
FN:175,_RNvMNtCsj4Af5ZZAp41_5pyxis9ellipsoidINtB2_9EllipsoiddE13eccentricity2Cs7TwC2c9SHrR_10pyxis_cuda
FN:166,_RNvMNtCsj4Af5ZZAp41_5pyxis9ellipsoidINtB2_9EllipsoiddE15semi_major_axisCs7TwC2c9SHrR_10pyxis_cuda
FN:81,_RNvMNtCsj4Af5ZZAp41_5pyxis9ellipsoidINtB2_9EllipsoiddE24from_semi_major_and_invfB4_
FN:81,_RNvMNtCsj4Af5ZZAp41_5pyxis9ellipsoidINtB2_9EllipsoidfE24from_semi_major_and_invfB4_
FN:178,_RNvMNtCsj4Af5ZZAp41_5pyxis9ellipsoidINtB2_9EllipsoidpE10flatteningB4_
FN:172,_RNvMNtCsj4Af5ZZAp41_5pyxis9ellipsoidINtB2_9EllipsoidpE12eccentricityB4_
FN:175,_RNvMNtCsj4Af5ZZAp41_5pyxis9ellipsoidINtB2_9EllipsoidpE13eccentricity2B4_
FN:146,_RNvMNtCsj4Af5ZZAp41_5pyxis9ellipsoidINtB2_9EllipsoidpE14from_semi_axisB4_
FN:166,_RNvMNtCsj4Af5ZZAp41_5pyxis9ellipsoidINtB2_9EllipsoidpE15semi_major_axisB4_
FN:169,_RNvMNtCsj4Af5ZZAp41_5pyxis9ellipsoidINtB2_9EllipsoidpE15semi_minor_axisB4_
FN:181,_RNvMNtCsj4Af5ZZAp41_5pyxis9ellipsoidINtB2_9EllipsoidpE18inverse_flatteningB4_
FN:175,_RNvMNtCsgZfI1YIrp63_5pyxis9ellipsoidINtB2_9EllipsoiddE13eccentricity2CsiMB2r01GLXC_10pyxis_cuda
FN:166,_RNvMNtCsgZfI1YIrp63_5pyxis9ellipsoidINtB2_9EllipsoiddE15semi_major_axisCsiMB2r01GLXC_10pyxis_cuda
FN:81,_RNvMNtCsgZfI1YIrp63_5pyxis9ellipsoidINtB2_9EllipsoiddE24from_semi_major_and_invfB4_
FN:81,_RNvMNtCsgZfI1YIrp63_5pyxis9ellipsoidINtB2_9EllipsoidfE24from_semi_major_and_invfB4_
FN:178,_RNvMNtCsgZfI1YIrp63_5pyxis9ellipsoidINtB2_9EllipsoidpE10flatteningB4_
FN:172,_RNvMNtCsgZfI1YIrp63_5pyxis9ellipsoidINtB2_9EllipsoidpE12eccentricityB4_
FN:175,_RNvMNtCsgZfI1YIrp63_5pyxis9ellipsoidINtB2_9EllipsoidpE13eccentricity2B4_
FN:146,_RNvMNtCsgZfI1YIrp63_5pyxis9ellipsoidINtB2_9EllipsoidpE14from_semi_axisB4_
FN:166,_RNvMNtCsgZfI1YIrp63_5pyxis9ellipsoidINtB2_9EllipsoidpE15semi_major_axisB4_
FN:169,_RNvMNtCsgZfI1YIrp63_5pyxis9ellipsoidINtB2_9EllipsoidpE15semi_minor_axisB4_
FN:181,_RNvMNtCsgZfI1YIrp63_5pyxis9ellipsoidINtB2_9EllipsoidpE18inverse_flatteningB4_
FN:175,_RNvMNtCsjVzEeH5ybfU_5pyxis9ellipsoidINtB2_9EllipsoiddE13eccentricity2CslQO64xcTy24_10pyxis_cuda
FN:166,_RNvMNtCsjVzEeH5ybfU_5pyxis9ellipsoidINtB2_9EllipsoiddE15semi_major_axisCslQO64xcTy24_10pyxis_cuda
FN:81,_RNvMNtCsjVzEeH5ybfU_5pyxis9ellipsoidINtB2_9EllipsoiddE24from_semi_major_and_invfB4_
FN:81,_RNvMNtCsjVzEeH5ybfU_5pyxis9ellipsoidINtB2_9EllipsoidfE24from_semi_major_and_invfB4_
FNDA:1800006,_RNvMNtCsj4Af5ZZAp41_5pyxis9ellipsoidINtB2_9EllipsoiddE13eccentricity2Cs7TwC2c9SHrR_10pyxis_cuda
FNDA:4500006,_RNvMNtCsj4Af5ZZAp41_5pyxis9ellipsoidINtB2_9EllipsoiddE15semi_major_axisCs7TwC2c9SHrR_10pyxis_cuda
FNDA:12,_RNvMNtCsj4Af5ZZAp41_5pyxis9ellipsoidINtB2_9EllipsoiddE24from_semi_major_and_invfB4_
FNDA:0,_RNvMNtCsj4Af5ZZAp41_5pyxis9ellipsoidINtB2_9EllipsoidfE24from_semi_major_and_invfB4_
FNDA:0,_RNvMNtCsj4Af5ZZAp41_5pyxis9ellipsoidINtB2_9EllipsoidpE10flatteningB4_
FNDA:0,_RNvMNtCsj4Af5ZZAp41_5pyxis9ellipsoidINtB2_9EllipsoidpE12eccentricityB4_
FNDA:0,_RNvMNtCsj4Af5ZZAp41_5pyxis9ellipsoidINtB2_9EllipsoidpE13eccentricity2B4_
FNDA:0,_RNvMNtCsj4Af5ZZAp41_5pyxis9ellipsoidINtB2_9EllipsoidpE14from_semi_axisB4_
FNDA:0,_RNvMNtCsj4Af5ZZAp41_5pyxis9ellipsoidINtB2_9EllipsoidpE15semi_major_axisB4_
FNDA:0,_RNvMNtCsj4Af5ZZAp41_5pyxis9ellipsoidINtB2_9EllipsoidpE15semi_minor_axisB4_
FNDA:0,_RNvMNtCsj4Af5ZZAp41_5pyxis9ellipsoidINtB2_9EllipsoidpE18inverse_flatteningB4_
FNDA:600002,_RNvMNtCsgZfI1YIrp63_5pyxis9ellipsoidINtB2_9EllipsoiddE13eccentricity2CsiMB2r01GLXC_10pyxis_cuda
FNDA:1500002,_RNvMNtCsgZfI1YIrp63_5pyxis9ellipsoidINtB2_9EllipsoiddE15semi_major_axisCsiMB2r01GLXC_10pyxis_cuda
FNDA:4,_RNvMNtCsgZfI1YIrp63_5pyxis9ellipsoidINtB2_9EllipsoiddE24from_semi_major_and_invfB4_
FNDA:0,_RNvMNtCsgZfI1YIrp63_5pyxis9ellipsoidINtB2_9EllipsoidfE24from_semi_major_and_invfB4_
FNDA:0,_RNvMNtCsgZfI1YIrp63_5pyxis9ellipsoidINtB2_9EllipsoidpE10flatteningB4_
FNDA:0,_RNvMNtCsgZfI1YIrp63_5pyxis9ellipsoidINtB2_9EllipsoidpE12eccentricityB4_
FNDA:0,_RNvMNtCsgZfI1YIrp63_5pyxis9ellipsoidINtB2_9EllipsoidpE13eccentricity2B4_
FNDA:0,_RNvMNtCsgZfI1YIrp63_5pyxis9ellipsoidINtB2_9EllipsoidpE14from_semi_axisB4_
FNDA:0,_RNvMNtCsgZfI1YIrp63_5pyxis9ellipsoidINtB2_9EllipsoidpE15semi_major_axisB4_
FNDA:0,_RNvMNtCsgZfI1YIrp63_5pyxis9ellipsoidINtB2_9EllipsoidpE15semi_minor_axisB4_
FNDA:0,_RNvMNtCsgZfI1YIrp63_5pyxis9ellipsoidINtB2_9EllipsoidpE18inverse_flatteningB4_
FNDA:1200004,_RNvMNtCsjVzEeH5ybfU_5pyxis9ellipsoidINtB2_9EllipsoiddE13eccentricity2CslQO64xcTy24_10pyxis_cuda
FNDA:3000004,_RNvMNtCsjVzEeH5ybfU_5pyxis9ellipsoidINtB2_9EllipsoiddE15semi_major_axisCslQO64xcTy24_10pyxis_cuda
FNDA:8,_RNvMNtCsjVzEeH5ybfU_5pyxis9ellipsoidINtB2_9EllipsoiddE24from_semi_major_and_invfB4_
FNDA:0,_RNvMNtCsjVzEeH5ybfU_5pyxis9ellipsoidINtB2_9EllipsoidfE24from_semi_major_and_invfB4_
FNF:8
FNH:3
DA:81,24
DA:82,24
DA:83,24
DA:84,24
DA:85,24
DA:87,24
DA:88,24
DA:89,24
DA:90,24
DA:91,24
DA:92,24
DA:93,24
DA:94,24
DA:95,24
DA:146,0
DA:148,0
DA:150,0
DA:152,0
DA:154,0
DA:156,0
DA:157,0
DA:158,0
DA:159,0
DA:160,0
DA:161,0
DA:162,0
DA:163,0
DA:164,0
DA:166,9000012
DA:169,0
DA:172,0
DA:175,3600012
DA:178,0
DA:181,0
BRF:0
BRH:0
LF:34
LH:16
end_of_record
SF:D:\project\pyxis\rust\crates\pyxis\src\linear.rs
FN:31,_RINvNtCsj4Af5ZZAp41_5pyxis6linear16rotate_matrix_2dpEB4_
FN:61,_RINvNtCsj4Af5ZZAp41_5pyxis6linear9rotate_2dpEB4_
FN:31,_RINvNtCsgZfI1YIrp63_5pyxis6linear16rotate_matrix_2dpEB4_
FN:61,_RINvNtCsgZfI1YIrp63_5pyxis6linear9rotate_2dpEB4_
FNDA:0,_RINvNtCsj4Af5ZZAp41_5pyxis6linear16rotate_matrix_2dpEB4_
FNDA:0,_RINvNtCsj4Af5ZZAp41_5pyxis6linear9rotate_2dpEB4_
FNDA:0,_RINvNtCsgZfI1YIrp63_5pyxis6linear16rotate_matrix_2dpEB4_
FNDA:0,_RINvNtCsgZfI1YIrp63_5pyxis6linear9rotate_2dpEB4_
FNF:2
FNH:0
DA:31,0
DA:32,0
DA:33,0
DA:35,0
DA:36,0
DA:37,0
DA:38,0
DA:39,0
DA:61,0
DA:62,0
DA:63,0
DA:65,0
DA:66,0
DA:67,0
DA:68,0
BRF:0
BRH:0
LF:15
LH:0
end_of_record
SF:D:\project\pyxis\rust\crates\pyxis\src\migrate.rs
FN:36,_RINvNtCsj4Af5ZZAp41_5pyxis7migrate6abs_2dpEB4_
FN:11,_RINvNtCsj4Af5ZZAp41_5pyxis7migrate6rel_2dpEB4_
FN:59,_RINvNtCsj4Af5ZZAp41_5pyxis7migrate9origin_2dpEB4_
FN:36,_RINvNtCsgZfI1YIrp63_5pyxis7migrate6abs_2dpEB4_
FN:11,_RINvNtCsgZfI1YIrp63_5pyxis7migrate6rel_2dpEB4_
FN:59,_RINvNtCsgZfI1YIrp63_5pyxis7migrate9origin_2dpEB4_
FNDA:0,_RINvNtCsj4Af5ZZAp41_5pyxis7migrate6abs_2dpEB4_
FNDA:0,_RINvNtCsj4Af5ZZAp41_5pyxis7migrate6rel_2dpEB4_
FNDA:0,_RINvNtCsj4Af5ZZAp41_5pyxis7migrate9origin_2dpEB4_
FNDA:0,_RINvNtCsgZfI1YIrp63_5pyxis7migrate6abs_2dpEB4_
FNDA:0,_RINvNtCsgZfI1YIrp63_5pyxis7migrate6rel_2dpEB4_
FNDA:0,_RINvNtCsgZfI1YIrp63_5pyxis7migrate9origin_2dpEB4_
FNF:3
FNH:0
DA:11,0
DA:12,0
DA:13,0
DA:14,0
DA:15,0
DA:16,0
DA:17,0
DA:18,0
DA:19,0
DA:21,0
DA:22,0
DA:23,0
DA:24,0
DA:25,0
DA:26,0
DA:27,0
DA:36,0
DA:37,0
DA:38,0
DA:39,0
DA:40,0
DA:41,0
DA:42,0
DA:43,0
DA:44,0
DA:46,0
DA:47,0
DA:48,0
DA:49,0
DA:50,0
DA:59,0
DA:60,0
DA:61,0
DA:63,0
DA:64,0
DA:65,0
DA:66,0
DA:67,0
BRF:0
BRH:0
LF:38
LH:0
end_of_record
SF:D:\project\pyxis\rust\crates\pyxis\src\space.rs
FN:44,_RINvNtCsj4Af5ZZAp41_5pyxis5space18cartesian_to_polarpEB4_
FN:20,_RINvNtCsj4Af5ZZAp41_5pyxis5space18polar_to_cartesianpEB4_
FN:101,_RINvNtCsj4Af5ZZAp41_5pyxis5space22cartesian_to_sphericalpEB4_
FN:191,_RINvNtCsj4Af5ZZAp41_5pyxis5space22spherical_to_cartesianpEB4_
FN:73,_RINvNtCsj4Af5ZZAp41_5pyxis5space24cartesian_to_cylindricalpEB4_
FN:132,_RINvNtCsj4Af5ZZAp41_5pyxis5space24cylindrical_to_cartesianpEB4_
FN:162,_RINvNtCsj4Af5ZZAp41_5pyxis5space24cylindrical_to_sphericalpEB4_
FN:221,_RINvNtCsj4Af5ZZAp41_5pyxis5space24spherical_to_cylindricalpEB4_
FN:44,_RINvNtCsgZfI1YIrp63_5pyxis5space18cartesian_to_polarpEB4_
FN:20,_RINvNtCsgZfI1YIrp63_5pyxis5space18polar_to_cartesianpEB4_
FN:101,_RINvNtCsgZfI1YIrp63_5pyxis5space22cartesian_to_sphericalpEB4_
FN:191,_RINvNtCsgZfI1YIrp63_5pyxis5space22spherical_to_cartesianpEB4_
FN:73,_RINvNtCsgZfI1YIrp63_5pyxis5space24cartesian_to_cylindricalpEB4_
FN:132,_RINvNtCsgZfI1YIrp63_5pyxis5space24cylindrical_to_cartesianpEB4_
FN:162,_RINvNtCsgZfI1YIrp63_5pyxis5space24cylindrical_to_sphericalpEB4_
FN:221,_RINvNtCsgZfI1YIrp63_5pyxis5space24spherical_to_cylindricalpEB4_
FNDA:0,_RINvNtCsj4Af5ZZAp41_5pyxis5space18cartesian_to_polarpEB4_
FNDA:0,_RINvNtCsj4Af5ZZAp41_5pyxis5space18polar_to_cartesianpEB4_
FNDA:0,_RINvNtCsj4Af5ZZAp41_5pyxis5space22cartesian_to_sphericalpEB4_
FNDA:0,_RINvNtCsj4Af5ZZAp41_5pyxis5space22spherical_to_cartesianpEB4_
FNDA:0,_RINvNtCsj4Af5ZZAp41_5pyxis5space24cartesian_to_cylindricalpEB4_
FNDA:0,_RINvNtCsj4Af5ZZAp41_5pyxis5space24cylindrical_to_cartesianpEB4_
FNDA:0,_RINvNtCsj4Af5ZZAp41_5pyxis5space24cylindrical_to_sphericalpEB4_
FNDA:0,_RINvNtCsj4Af5ZZAp41_5pyxis5space24spherical_to_cylindricalpEB4_
FNDA:0,_RINvNtCsgZfI1YIrp63_5pyxis5space18cartesian_to_polarpEB4_
FNDA:0,_RINvNtCsgZfI1YIrp63_5pyxis5space18polar_to_cartesianpEB4_
FNDA:0,_RINvNtCsgZfI1YIrp63_5pyxis5space22cartesian_to_sphericalpEB4_
FNDA:0,_RINvNtCsgZfI1YIrp63_5pyxis5space22spherical_to_cartesianpEB4_
FNDA:0,_RINvNtCsgZfI1YIrp63_5pyxis5space24cartesian_to_cylindricalpEB4_
FNDA:0,_RINvNtCsgZfI1YIrp63_5pyxis5space24cylindrical_to_cartesianpEB4_
FNDA:0,_RINvNtCsgZfI1YIrp63_5pyxis5space24cylindrical_to_sphericalpEB4_
FNDA:0,_RINvNtCsgZfI1YIrp63_5pyxis5space24spherical_to_cylindricalpEB4_
FNF:8
FNH:0
DA:20,0
DA:21,0
DA:22,0
DA:24,0
DA:25,0
DA:44,0
DA:45,0
DA:46,0
DA:48,0
DA:49,0
DA:73,0
DA:74,0
DA:75,0
DA:77,0
DA:78,0
DA:101,0
DA:102,0
DA:103,0
DA:105,0
DA:106,0
DA:107,0
DA:132,0
DA:133,0
DA:134,0
DA:136,0
DA:137,0
DA:162,0
DA:163,0
DA:164,0
DA:166,0
DA:167,0
DA:191,0
DA:192,0
DA:193,0
DA:195,0
DA:196,0
DA:221,0
DA:222,0
DA:223,0
DA:225,0
DA:226,0
BRF:0
BRH:0
LF:41
LH:0
end_of_record
SF:D:\project\pyxis\rust\crates\pyxis\src\types.rs
FN:48,_RNvXs0_NtCsj4Af5ZZAp41_5pyxis5typesfINtB5_14ConstEllipsoidfE13krasovsky1940
FN:49,_RNvXs0_NtCsj4Af5ZZAp41_5pyxis5typesfINtB5_14ConstEllipsoidfE5wgs84
FN:47,_RNvXs0_NtCsj4Af5ZZAp41_5pyxis5typesfINtB5_14ConstEllipsoidfE7grs1980
FN:46,_RNvXs0_NtCsj4Af5ZZAp41_5pyxis5typesfINtB5_14ConstEllipsoidfE7iag1975
FN:45,_RNvXs0_NtCsj4Af5ZZAp41_5pyxis5typesfINtB5_14ConstEllipsoidfE8cgcs2000
FN:64,_RNvXs1_NtCsj4Af5ZZAp41_5pyxis5typesdINtB5_14ConstEllipsoiddE13krasovsky1940
FN:65,_RNvXs1_NtCsj4Af5ZZAp41_5pyxis5typesdINtB5_14ConstEllipsoiddE5wgs84
FN:63,_RNvXs1_NtCsj4Af5ZZAp41_5pyxis5typesdINtB5_14ConstEllipsoiddE7grs1980
FN:62,_RNvXs1_NtCsj4Af5ZZAp41_5pyxis5typesdINtB5_14ConstEllipsoiddE7iag1975
FN:61,_RNvXs1_NtCsj4Af5ZZAp41_5pyxis5typesdINtB5_14ConstEllipsoiddE8cgcs2000
FN:37,_RNCNvNtCsj4Af5ZZAp41_5pyxis5types11GRS1980_F320B5_
FN:53,_RNCNvNtCsj4Af5ZZAp41_5pyxis5types11GRS1980_F640B5_
FN:39,_RNCNvNtCsj4Af5ZZAp41_5pyxis5types11IAG1975_F320B5_
FN:55,_RNCNvNtCsj4Af5ZZAp41_5pyxis5types11IAG1975_F640B5_
FN:41,_RNCNvNtCsj4Af5ZZAp41_5pyxis5types17KRASOVSKY1940_F320B5_
FN:57,_RNCNvNtCsj4Af5ZZAp41_5pyxis5types17KRASOVSKY1940_F640B5_
FN:43,_RNCNvNtCsj4Af5ZZAp41_5pyxis5types9WGS84_F320B5_
FN:59,_RNCNvNtCsj4Af5ZZAp41_5pyxis5types9WGS84_F640B5_
FN:48,_RNvXs0_NtCsgZfI1YIrp63_5pyxis5typesfINtB5_14ConstEllipsoidfE13krasovsky1940
FN:49,_RNvXs0_NtCsgZfI1YIrp63_5pyxis5typesfINtB5_14ConstEllipsoidfE5wgs84
FN:47,_RNvXs0_NtCsgZfI1YIrp63_5pyxis5typesfINtB5_14ConstEllipsoidfE7grs1980
FN:46,_RNvXs0_NtCsgZfI1YIrp63_5pyxis5typesfINtB5_14ConstEllipsoidfE7iag1975
FN:45,_RNvXs0_NtCsgZfI1YIrp63_5pyxis5typesfINtB5_14ConstEllipsoidfE8cgcs2000
FN:64,_RNvXs1_NtCsgZfI1YIrp63_5pyxis5typesdINtB5_14ConstEllipsoiddE13krasovsky1940
FN:65,_RNvXs1_NtCsgZfI1YIrp63_5pyxis5typesdINtB5_14ConstEllipsoiddE5wgs84
FN:63,_RNvXs1_NtCsgZfI1YIrp63_5pyxis5typesdINtB5_14ConstEllipsoiddE7grs1980
FN:62,_RNvXs1_NtCsgZfI1YIrp63_5pyxis5typesdINtB5_14ConstEllipsoiddE7iag1975
FN:61,_RNvXs1_NtCsgZfI1YIrp63_5pyxis5typesdINtB5_14ConstEllipsoiddE8cgcs2000
FN:37,_RNCNvNtCsgZfI1YIrp63_5pyxis5types11GRS1980_F320B5_
FN:53,_RNCNvNtCsgZfI1YIrp63_5pyxis5types11GRS1980_F640B5_
FN:39,_RNCNvNtCsgZfI1YIrp63_5pyxis5types11IAG1975_F320B5_
FN:55,_RNCNvNtCsgZfI1YIrp63_5pyxis5types11IAG1975_F640B5_
FN:41,_RNCNvNtCsgZfI1YIrp63_5pyxis5types17KRASOVSKY1940_F320B5_
FN:57,_RNCNvNtCsgZfI1YIrp63_5pyxis5types17KRASOVSKY1940_F640B5_
FN:43,_RNCNvNtCsgZfI1YIrp63_5pyxis5types9WGS84_F320B5_
FN:59,_RNCNvNtCsgZfI1YIrp63_5pyxis5types9WGS84_F640B5_
FN:48,_RNvXs0_NtCsjVzEeH5ybfU_5pyxis5typesfINtB5_14ConstEllipsoidfE13krasovsky1940
FN:49,_RNvXs0_NtCsjVzEeH5ybfU_5pyxis5typesfINtB5_14ConstEllipsoidfE5wgs84
FN:47,_RNvXs0_NtCsjVzEeH5ybfU_5pyxis5typesfINtB5_14ConstEllipsoidfE7grs1980
FN:46,_RNvXs0_NtCsjVzEeH5ybfU_5pyxis5typesfINtB5_14ConstEllipsoidfE7iag1975
FN:45,_RNvXs0_NtCsjVzEeH5ybfU_5pyxis5typesfINtB5_14ConstEllipsoidfE8cgcs2000
FN:64,_RNvXs1_NtCsjVzEeH5ybfU_5pyxis5typesdINtB5_14ConstEllipsoiddE13krasovsky1940
FN:65,_RNvXs1_NtCsjVzEeH5ybfU_5pyxis5typesdINtB5_14ConstEllipsoiddE5wgs84
FN:63,_RNvXs1_NtCsjVzEeH5ybfU_5pyxis5typesdINtB5_14ConstEllipsoiddE7grs1980
FN:62,_RNvXs1_NtCsjVzEeH5ybfU_5pyxis5typesdINtB5_14ConstEllipsoiddE7iag1975
FN:61,_RNvXs1_NtCsjVzEeH5ybfU_5pyxis5typesdINtB5_14ConstEllipsoiddE8cgcs2000
FN:37,_RNCNvNtCsjVzEeH5ybfU_5pyxis5types11GRS1980_F320B5_
FN:53,_RNCNvNtCsjVzEeH5ybfU_5pyxis5types11GRS1980_F640B5_
FN:39,_RNCNvNtCsjVzEeH5ybfU_5pyxis5types11IAG1975_F320B5_
FN:55,_RNCNvNtCsjVzEeH5ybfU_5pyxis5types11IAG1975_F640B5_
FN:41,_RNCNvNtCsjVzEeH5ybfU_5pyxis5types17KRASOVSKY1940_F320B5_
FN:57,_RNCNvNtCsjVzEeH5ybfU_5pyxis5types17KRASOVSKY1940_F640B5_
FN:43,_RNCNvNtCsjVzEeH5ybfU_5pyxis5types9WGS84_F320B5_
FN:59,_RNCNvNtCsjVzEeH5ybfU_5pyxis5types9WGS84_F640B5_
FNDA:0,_RNvXs0_NtCsj4Af5ZZAp41_5pyxis5typesfINtB5_14ConstEllipsoidfE13krasovsky1940
FNDA:0,_RNvXs0_NtCsj4Af5ZZAp41_5pyxis5typesfINtB5_14ConstEllipsoidfE5wgs84
FNDA:0,_RNvXs0_NtCsj4Af5ZZAp41_5pyxis5typesfINtB5_14ConstEllipsoidfE7grs1980
FNDA:0,_RNvXs0_NtCsj4Af5ZZAp41_5pyxis5typesfINtB5_14ConstEllipsoidfE7iag1975
FNDA:0,_RNvXs0_NtCsj4Af5ZZAp41_5pyxis5typesfINtB5_14ConstEllipsoidfE8cgcs2000
FNDA:3600012,_RNvXs1_NtCsj4Af5ZZAp41_5pyxis5typesdINtB5_14ConstEllipsoiddE13krasovsky1940
FNDA:2700000,_RNvXs1_NtCsj4Af5ZZAp41_5pyxis5typesdINtB5_14ConstEllipsoiddE5wgs84
FNDA:0,_RNvXs1_NtCsj4Af5ZZAp41_5pyxis5typesdINtB5_14ConstEllipsoiddE7grs1980
FNDA:0,_RNvXs1_NtCsj4Af5ZZAp41_5pyxis5typesdINtB5_14ConstEllipsoiddE7iag1975
FNDA:0,_RNvXs1_NtCsj4Af5ZZAp41_5pyxis5typesdINtB5_14ConstEllipsoiddE8cgcs2000
FNDA:0,_RNCNvNtCsj4Af5ZZAp41_5pyxis5types11GRS1980_F320B5_
FNDA:0,_RNCNvNtCsj4Af5ZZAp41_5pyxis5types11GRS1980_F640B5_
FNDA:0,_RNCNvNtCsj4Af5ZZAp41_5pyxis5types11IAG1975_F320B5_
FNDA:0,_RNCNvNtCsj4Af5ZZAp41_5pyxis5types11IAG1975_F640B5_
FNDA:0,_RNCNvNtCsj4Af5ZZAp41_5pyxis5types17KRASOVSKY1940_F320B5_
FNDA:9,_RNCNvNtCsj4Af5ZZAp41_5pyxis5types17KRASOVSKY1940_F640B5_
FNDA:0,_RNCNvNtCsj4Af5ZZAp41_5pyxis5types9WGS84_F320B5_
FNDA:3,_RNCNvNtCsj4Af5ZZAp41_5pyxis5types9WGS84_F640B5_
FNDA:0,_RNvXs0_NtCsgZfI1YIrp63_5pyxis5typesfINtB5_14ConstEllipsoidfE13krasovsky1940
FNDA:0,_RNvXs0_NtCsgZfI1YIrp63_5pyxis5typesfINtB5_14ConstEllipsoidfE5wgs84
FNDA:0,_RNvXs0_NtCsgZfI1YIrp63_5pyxis5typesfINtB5_14ConstEllipsoidfE7grs1980
FNDA:0,_RNvXs0_NtCsgZfI1YIrp63_5pyxis5typesfINtB5_14ConstEllipsoidfE7iag1975
FNDA:0,_RNvXs0_NtCsgZfI1YIrp63_5pyxis5typesfINtB5_14ConstEllipsoidfE8cgcs2000
FNDA:1200004,_RNvXs1_NtCsgZfI1YIrp63_5pyxis5typesdINtB5_14ConstEllipsoiddE13krasovsky1940
FNDA:900000,_RNvXs1_NtCsgZfI1YIrp63_5pyxis5typesdINtB5_14ConstEllipsoiddE5wgs84
FNDA:0,_RNvXs1_NtCsgZfI1YIrp63_5pyxis5typesdINtB5_14ConstEllipsoiddE7grs1980
FNDA:0,_RNvXs1_NtCsgZfI1YIrp63_5pyxis5typesdINtB5_14ConstEllipsoiddE7iag1975
FNDA:0,_RNvXs1_NtCsgZfI1YIrp63_5pyxis5typesdINtB5_14ConstEllipsoiddE8cgcs2000
FNDA:0,_RNCNvNtCsgZfI1YIrp63_5pyxis5types11GRS1980_F320B5_
FNDA:0,_RNCNvNtCsgZfI1YIrp63_5pyxis5types11GRS1980_F640B5_
FNDA:0,_RNCNvNtCsgZfI1YIrp63_5pyxis5types11IAG1975_F320B5_
FNDA:0,_RNCNvNtCsgZfI1YIrp63_5pyxis5types11IAG1975_F640B5_
FNDA:0,_RNCNvNtCsgZfI1YIrp63_5pyxis5types17KRASOVSKY1940_F320B5_
FNDA:3,_RNCNvNtCsgZfI1YIrp63_5pyxis5types17KRASOVSKY1940_F640B5_
FNDA:0,_RNCNvNtCsgZfI1YIrp63_5pyxis5types9WGS84_F320B5_
FNDA:1,_RNCNvNtCsgZfI1YIrp63_5pyxis5types9WGS84_F640B5_
FNDA:0,_RNvXs0_NtCsjVzEeH5ybfU_5pyxis5typesfINtB5_14ConstEllipsoidfE13krasovsky1940
FNDA:0,_RNvXs0_NtCsjVzEeH5ybfU_5pyxis5typesfINtB5_14ConstEllipsoidfE5wgs84
FNDA:0,_RNvXs0_NtCsjVzEeH5ybfU_5pyxis5typesfINtB5_14ConstEllipsoidfE7grs1980
FNDA:0,_RNvXs0_NtCsjVzEeH5ybfU_5pyxis5typesfINtB5_14ConstEllipsoidfE7iag1975
FNDA:0,_RNvXs0_NtCsjVzEeH5ybfU_5pyxis5typesfINtB5_14ConstEllipsoidfE8cgcs2000
FNDA:2400008,_RNvXs1_NtCsjVzEeH5ybfU_5pyxis5typesdINtB5_14ConstEllipsoiddE13krasovsky1940
FNDA:1800000,_RNvXs1_NtCsjVzEeH5ybfU_5pyxis5typesdINtB5_14ConstEllipsoiddE5wgs84
FNDA:0,_RNvXs1_NtCsjVzEeH5ybfU_5pyxis5typesdINtB5_14ConstEllipsoiddE7grs1980
FNDA:0,_RNvXs1_NtCsjVzEeH5ybfU_5pyxis5typesdINtB5_14ConstEllipsoiddE7iag1975
FNDA:0,_RNvXs1_NtCsjVzEeH5ybfU_5pyxis5typesdINtB5_14ConstEllipsoiddE8cgcs2000
FNDA:0,_RNCNvNtCsjVzEeH5ybfU_5pyxis5types11GRS1980_F320B5_
FNDA:0,_RNCNvNtCsjVzEeH5ybfU_5pyxis5types11GRS1980_F640B5_
FNDA:0,_RNCNvNtCsjVzEeH5ybfU_5pyxis5types11IAG1975_F320B5_
FNDA:0,_RNCNvNtCsjVzEeH5ybfU_5pyxis5types11IAG1975_F640B5_
FNDA:0,_RNCNvNtCsjVzEeH5ybfU_5pyxis5types17KRASOVSKY1940_F320B5_
FNDA:6,_RNCNvNtCsjVzEeH5ybfU_5pyxis5types17KRASOVSKY1940_F640B5_
FNDA:0,_RNCNvNtCsjVzEeH5ybfU_5pyxis5types9WGS84_F320B5_
FNDA:2,_RNCNvNtCsjVzEeH5ybfU_5pyxis5types9WGS84_F640B5_
FNF:18
FNH:4
DA:37,0
DA:39,0
DA:41,0
DA:43,0
DA:45,0
DA:46,0
DA:47,0
DA:48,0
DA:49,0
DA:53,0
DA:55,0
DA:57,18
DA:59,6
DA:61,0
DA:62,0
DA:63,0
DA:64,7200024
DA:65,5400000
BRF:0
BRH:0
LF:18
LH:4
end_of_record