SF:D:\project\pyxis\rust-cuda\src\context.rs
FN:153,_RINvMs1_NtCs7E5HSv4r6SP_10pyxis_cuda7contextNtB6_16PyxisCudaContext12get_functiondEB8_
FN:29,_RNvMNtCs7E5HSv4r6SP_10pyxis_cuda7contextNtB2_16PyxisCudaContext3new
FN:138,_RNvMs0_NtCs7E5HSv4r6SP_10pyxis_cuda7contextNtB5_16PyxisCudaContext14get_grid_block
FN:166,_RNvMs1_NtCs7E5HSv4r6SP_10pyxis_cuda7contextNtB5_16PyxisCudaContext24device_buffer_from_slice
FN:77,_RNvMs_NtCs7E5HSv4r6SP_10pyxis_cuda7contextNtB4_16PyxisCudaContext10add_module
FN:59,_RNvMs_NtCs7E5HSv4r6SP_10pyxis_cuda7contextNtB4_16PyxisCudaContext10get_module
FN:115,_RNvMs_NtCs7E5HSv4r6SP_10pyxis_cuda7contextNtB4_16PyxisCudaContext18remove_last_module
FN:128,_RNvMs0_NtCs7E5HSv4r6SP_10pyxis_cuda7contextNtB5_16PyxisCudaContext14set_block_size
FN:47,_RNvMs_NtCs7E5HSv4r6SP_10pyxis_cuda7contextNtB4_16PyxisCudaContext14set_size_limit
FN:53,_RNvMs_NtCs7E5HSv4r6SP_10pyxis_cuda7contextNtB4_16PyxisCudaContext15set_count_limit
FNDA:0,_RINvMs1_NtCs7E5HSv4r6SP_10pyxis_cuda7contextNtB6_16PyxisCudaContext12get_functiondEB8_
FNDA:0,_RNvMNtCs7E5HSv4r6SP_10pyxis_cuda7contextNtB2_16PyxisCudaContext3new
FNDA:0,_RNvMs0_NtCs7E5HSv4r6SP_10pyxis_cuda7contextNtB5_16PyxisCudaContext14get_grid_block
FNDA:0,_RNvMs1_NtCs7E5HSv4r6SP_10pyxis_cuda7contextNtB5_16PyxisCudaContext24device_buffer_from_slice
FNDA:0,_RNvMs_NtCs7E5HSv4r6SP_10pyxis_cuda7contextNtB4_16PyxisCudaContext10add_module
FNDA:0,_RNvMs_NtCs7E5HSv4r6SP_10pyxis_cuda7contextNtB4_16PyxisCudaContext10get_module
FNDA:0,_RNvMs_NtCs7E5HSv4r6SP_10pyxis_cuda7contextNtB4_16PyxisCudaContext18remove_last_module
FNDA:0,_RNvMs0_NtCs7E5HSv4r6SP_10pyxis_cuda7contextNtB5_16PyxisCudaContext14set_block_size
FNDA:0,_RNvMs_NtCs7E5HSv4r6SP_10pyxis_cuda7contextNtB4_16PyxisCudaContext14set_size_limit
FNDA:0,_RNvMs_NtCs7E5HSv4r6SP_10pyxis_cuda7contextNtB4_16PyxisCudaContext15set_count_limit
FNF:10
FNH:0
DA:29,0
DA:30,0
DA:31,0
DA:32,0
DA:33,0
DA:34,0
DA:35,0
DA:36,0
DA:37,0
DA:38,0
DA:39,0
DA:40,0
DA:41,0
DA:42,0
DA:47,0
DA:48,0
DA:49,0
DA:50,0
DA:51,0
DA:53,0
DA:54,0
DA:55,0
DA:56,0
DA:57,0
DA:59,0
DA:61,0
DA:62,0
DA:63,0
DA:64,0
DA:65,0
DA:68,0
DA:69,0
DA:70,0
DA:71,0
DA:72,0
DA:73,0
DA:74,0
DA:75,0
DA:76,0
DA:77,0
DA:79,0
DA:87,0
DA:88,0
DA:89,0
DA:90,0
DA:91,0
DA:92,0
DA:94,0
DA:95,0
DA:96,0
DA:97,0
DA:98,0
DA:99,0
DA:100,0
DA:101,0
DA:102,0
DA:103,0
DA:105,0
DA:106,0
DA:107,0
DA:108,0
DA:109,0
DA:110,0
DA:111,0
DA:112,0
DA:113,0
DA:114,0
DA:115,0
DA:116,0
DA:117,0
DA:118,0
DA:119,0
DA:120,0
DA:121,0
DA:122,0
DA:123,0
DA:128,0
DA:129,0
DA:130,0
DA:131,0
DA:132,0
DA:138,0
DA:139,0
DA:140,0
DA:141,0
DA:142,0
DA:148,0
DA:149,0
DA:153,0
DA:154,0
DA:155,0
DA:156,0
DA:157,0
DA:160,0
DA:161,0
DA:162,0
DA:163,0
DA:165,0
DA:166,0
DA:167,0
DA:168,0
BRDA:62,0,0,-
BRDA:62,0,1,-
BRDA:87,0,0,-
BRDA:87,0,1,-
BRDA:88,0,0,-
BRDA:88,0,1,-
BRDA:94,0,0,-
BRDA:94,0,1,-
BRDA:95,0,0,-
BRDA:95,0,1,-
BRDA:116,0,0,-
BRDA:116,0,1,-
BRDA:117,0,0,-
BRDA:117,0,1,-
BRDA:161,0,0,-
BRDA:161,0,1,-
BRDA:162,0,0,-
BRDA:162,0,1,-
BRF:18
BRH:0
LF:101
LH:0
end_of_record
SF:D:\project\pyxis\rust-cuda\src\crypto_cuda.rs
FN:164,_RINvMNtCs7E5HSv4r6SP_10pyxis_cuda11crypto_cudaNtNtB5_7context16PyxisCudaContext17crypto_exact_cudadEB5_
FN:15,_RINvMNtCs7E5HSv4r6SP_10pyxis_cuda11crypto_cudaNtNtB5_7context16PyxisCudaContext18bd09_to_gcj02_cudadEB5_
FN:139,_RINvMNtCs7E5HSv4r6SP_10pyxis_cuda11crypto_cudaNtNtB5_7context16PyxisCudaContext18bd09_to_wgs84_cudadEB5_
FN:39,_RINvMNtCs7E5HSv4r6SP_10pyxis_cuda11crypto_cudaNtNtB5_7context16PyxisCudaContext18gcj02_to_bd09_cudadEB5_
FN:114,_RINvMNtCs7E5HSv4r6SP_10pyxis_cuda11crypto_cudaNtNtB5_7context16PyxisCudaContext18wgs84_to_bd09_cudadEB5_
FN:64,_RINvMNtCs7E5HSv4r6SP_10pyxis_cuda11crypto_cudaNtNtB5_7context16PyxisCudaContext19gcj02_to_wgs84_cudadEB5_
FN:89,_RINvMNtCs7E5HSv4r6SP_10pyxis_cuda11crypto_cudaNtNtB5_7context16PyxisCudaContext19wgs84_to_gcj02_cudadEB5_
FN:408,_RNCNvNtNtCs7E5HSv4r6SP_10pyxis_cuda11crypto_cuda4tests_15test_exact_cuda0B7_
FN:416,_RNCNvNtNtCs7E5HSv4r6SP_10pyxis_cuda11crypto_cuda4tests_15test_exact_cudas0_0B7_
FN:421,_RNCNvNtNtCs7E5HSv4r6SP_10pyxis_cuda11crypto_cuda4tests_15test_exact_cudas1_0B7_
FN:426,_RNCNvNtNtCs7E5HSv4r6SP_10pyxis_cuda11crypto_cuda4tests_15test_exact_cudas2_0B7_
FN:431,_RNCNvNtNtCs7E5HSv4r6SP_10pyxis_cuda11crypto_cuda4tests_15test_exact_cudas3_0B7_
FN:458,_RNCNvNtNtCs7E5HSv4r6SP_10pyxis_cuda11crypto_cuda4tests_15test_exact_cudas4_0B7_
FN:495,_RNCNvNtNtCs7E5HSv4r6SP_10pyxis_cuda11crypto_cuda4tests_15test_exact_cudas5_0B7_
FN:532,_RNCNvNtNtCs7E5HSv4r6SP_10pyxis_cuda11crypto_cuda4tests_15test_exact_cudas6_0B7_
FN:411,_RNCNvNtNtCs7E5HSv4r6SP_10pyxis_cuda11crypto_cuda4tests_15test_exact_cudas_0B7_
FN:403,_RNvNtNtCs7E5HSv4r6SP_10pyxis_cuda11crypto_cuda4tests_15test_exact_cuda
FN:221,_RNvNtNtCs7E5HSv4r6SP_10pyxis_cuda11crypto_cuda4tests_23test_bd09_to_gcj02_cuda
FN:307,_RNvNtNtCs7E5HSv4r6SP_10pyxis_cuda11crypto_cuda4tests_23test_bd09_to_wgs84_cuda
FN:239,_RNvNtNtCs7E5HSv4r6SP_10pyxis_cuda11crypto_cuda4tests_23test_gcj02_to_bd09_cuda
FN:291,_RNvNtNtCs7E5HSv4r6SP_10pyxis_cuda11crypto_cuda4tests_23test_wgs84_to_bd09_cuda
FN:256,_RNvNtNtCs7E5HSv4r6SP_10pyxis_cuda11crypto_cuda4tests_24test_gcj02_to_wgs84_cuda
FN:274,_RNvNtNtCs7E5HSv4r6SP_10pyxis_cuda11crypto_cuda4tests_24test_wgs84_to_gcj02_cuda
FN:351,_RNvNtNtCs7E5HSv4r6SP_10pyxis_cuda11crypto_cuda4tests_29test_bd09_to_gcj02_exact_cuda
FN:325,_RNvNtNtCs7E5HSv4r6SP_10pyxis_cuda11crypto_cuda4tests_29test_bd09_to_wgs84_exact_cuda
FN:377,_RNvNtNtCs7E5HSv4r6SP_10pyxis_cuda11crypto_cuda4tests_30test_gcj02_to_wgs84_exact_cuda
FNDA:0,_RINvMNtCs7E5HSv4r6SP_10pyxis_cuda11crypto_cudaNtNtB5_7context16PyxisCudaContext17crypto_exact_cudadEB5_
FNDA:0,_RINvMNtCs7E5HSv4r6SP_10pyxis_cuda11crypto_cudaNtNtB5_7context16PyxisCudaContext18bd09_to_gcj02_cudadEB5_
FNDA:0,_RINvMNtCs7E5HSv4r6SP_10pyxis_cuda11crypto_cudaNtNtB5_7context16PyxisCudaContext18bd09_to_wgs84_cudadEB5_
FNDA:0,_RINvMNtCs7E5HSv4r6SP_10pyxis_cuda11crypto_cudaNtNtB5_7context16PyxisCudaContext18gcj02_to_bd09_cudadEB5_
FNDA:0,_RINvMNtCs7E5HSv4r6SP_10pyxis_cuda11crypto_cudaNtNtB5_7context16PyxisCudaContext18wgs84_to_bd09_cudadEB5_
FNDA:0,_RINvMNtCs7E5HSv4r6SP_10pyxis_cuda11crypto_cudaNtNtB5_7context16PyxisCudaContext19gcj02_to_wgs84_cudadEB5_
FNDA:0,_RINvMNtCs7E5HSv4r6SP_10pyxis_cuda11crypto_cudaNtNtB5_7context16PyxisCudaContext19wgs84_to_gcj02_cudadEB5_
FNDA:0,_RNCNvNtNtCs7E5HSv4r6SP_10pyxis_cuda11crypto_cuda4tests_15test_exact_cuda0B7_
FNDA:0,_RNCNvNtNtCs7E5HSv4r6SP_10pyxis_cuda11crypto_cuda4tests_15test_exact_cudas0_0B7_
FNDA:0,_RNCNvNtNtCs7E5HSv4r6SP_10pyxis_cuda11crypto_cuda4tests_15test_exact_cudas1_0B7_
FNDA:0,_RNCNvNtNtCs7E5HSv4r6SP_10pyxis_cuda11crypto_cuda4tests_15test_exact_cudas2_0B7_
FNDA:0,_RNCNvNtNtCs7E5HSv4r6SP_10pyxis_cuda11crypto_cuda4tests_15test_exact_cudas3_0B7_
FNDA:0,_RNCNvNtNtCs7E5HSv4r6SP_10pyxis_cuda11crypto_cuda4tests_15test_exact_cudas4_0B7_
FNDA:0,_RNCNvNtNtCs7E5HSv4r6SP_10pyxis_cuda11crypto_cuda4tests_15test_exact_cudas5_0B7_
FNDA:0,_RNCNvNtNtCs7E5HSv4r6SP_10pyxis_cuda11crypto_cuda4tests_15test_exact_cudas6_0B7_
FNDA:0,_RNCNvNtNtCs7E5HSv4r6SP_10pyxis_cuda11crypto_cuda4tests_15test_exact_cudas_0B7_
FNDA:0,_RNvNtNtCs7E5HSv4r6SP_10pyxis_cuda11crypto_cuda4tests_15test_exact_cuda
FNDA:0,_RNvNtNtCs7E5HSv4r6SP_10pyxis_cuda11crypto_cuda4tests_23test_bd09_to_gcj02_cuda
FNDA:0,_RNvNtNtCs7E5HSv4r6SP_10pyxis_cuda11crypto_cuda4tests_23test_bd09_to_wgs84_cuda
FNDA:0,_RNvNtNtCs7E5HSv4r6SP_10pyxis_cuda11crypto_cuda4tests_23test_gcj02_to_bd09_cuda
FNDA:0,_RNvNtNtCs7E5HSv4r6SP_10pyxis_cuda11crypto_cuda4tests_23test_wgs84_to_bd09_cuda
FNDA:0,_RNvNtNtCs7E5HSv4r6SP_10pyxis_cuda11crypto_cuda4tests_24test_gcj02_to_wgs84_cuda
FNDA:0,_RNvNtNtCs7E5HSv4r6SP_10pyxis_cuda11crypto_cuda4tests_24test_wgs84_to_gcj02_cuda
FNDA:0,_RNvNtNtCs7E5HSv4r6SP_10pyxis_cuda11crypto_cuda4tests_29test_bd09_to_gcj02_exact_cuda
FNDA:0,_RNvNtNtCs7E5HSv4r6SP_10pyxis_cuda11crypto_cuda4tests_29test_bd09_to_wgs84_exact_cuda
FNDA:0,_RNvNtNtCs7E5HSv4r6SP_10pyxis_cuda11crypto_cuda4tests_30test_gcj02_to_wgs84_exact_cuda
FNF:26
FNH:0
DA:15,0
DA:16,0
DA:17,0
DA:18,0
DA:19,0
DA:20,0
DA:21,0
DA:22,0
DA:23,0
DA:24,0
DA:25,0
DA:27,0
DA:28,0
DA:29,0
DA:30,0
DA:31,0
DA:32,0
DA:35,0
DA:37,0
DA:38,0
DA:39,0
DA:40,0
DA:41,0
DA:42,0
DA:43,0
DA:44,0
DA:45,0
DA:46,0
DA:47,0
DA:48,0
DA:49,0
DA:52,0
DA:53,0
DA:54,0
DA:55,0
DA:56,0
DA:57,0
DA:60,0
DA:62,0
DA:63,0
DA:64,0
DA:65,0
DA:66,0
DA:67,0
DA:68,0
DA:69,0
DA:70,0
DA:71,0
DA:72,0
DA:73,0
DA:74,0
DA:77,0
DA:78,0
DA:79,0
DA:80,0
DA:81,0
DA:82,0
DA:85,0
DA:87,0
DA:88,0
DA:89,0
DA:90,0
DA:91,0
DA:92,0
DA:93,0
DA:94,0
DA:95,0
DA:96,0
DA:97,0
DA:98,0
DA:99,0
DA:102,0
DA:103,0
DA:104,0
DA:105,0
DA:106,0
DA:107,0
DA:110,0
DA:112,0
DA:113,0
DA:114,0
DA:115,0
DA:116,0
DA:117,0
DA:118,0
DA:119,0
DA:120,0
DA:121,0
DA:122,0
DA:123,0
DA:124,0
DA:127,0
DA:128,0
DA:129,0
DA:130,0
DA:131,0
DA:132,0
DA:135,0
DA:137,0
DA:138,0
DA:139,0
DA:140,0
DA:141,0
DA:142,0
DA:143,0
DA:144,0
DA:145,0
DA:146,0
DA:147,0
DA:148,0
DA:149,0
DA:152,0
DA:153,0
DA:154,0
DA:155,0
DA:156,0
DA:157,0
DA:160,0
DA:162,0
DA:163,0
DA:164,0
DA:165,0
DA:166,0
DA:167,0
DA:168,0
DA:169,0
DA:170,0
DA:171,0
DA:172,0
DA:173,0
DA:174,0
DA:175,0
DA:176,0
DA:177,0
DA:179,0
DA:182,0
DA:185,0
DA:187,0
DA:189,0
DA:190,0
DA:191,0
DA:193,0
DA:194,0
DA:196,0
DA:197,0
DA:198,0
DA:199,0
DA:200,0
DA:201,0
DA:202,0
DA:203,0
DA:204,0
DA:207,0
DA:209,0
DA:210,0
DA:221,0
DA:222,0
DA:223,0
DA:224,0
DA:225,0
DA:226,0
DA:227,0
DA:228,0
DA:229,0
DA:230,0
DA:232,0
DA:233,0
DA:235,0
DA:236,0
DA:237,0
DA:239,0
DA:240,0
DA:241,0
DA:242,0
DA:243,0
DA:244,0
DA:245,0
DA:246,0
DA:247,0
DA:248,0
DA:249,0
DA:250,0
DA:251,0
DA:252,0
DA:253,0
DA:254,0
DA:256,0
DA:257,0
DA:258,0
DA:259,0
DA:260,0
DA:261,0
DA:262,0
DA:263,0
DA:264,0
DA:265,0
DA:267,0
DA:268,0
DA:270,0
DA:271,0
DA:272,0
DA:274,0
DA:275,0
DA:276,0
DA:277,0
DA:278,0
DA:279,0
DA:280,0
DA:281,0
DA:282,0
DA:283,0
DA:284,0
DA:285,0
DA:286,0
DA:287,0
DA:288,0
DA:289,0
DA:291,0
DA:292,0
DA:293,0
DA:294,0
DA:295,0
DA:296,0
DA:297,0
DA:298,0
DA:299,0
DA:301,0
DA:302,0
DA:303,0
DA:304,0
DA:305,0
DA:307,0
DA:308,0
DA:309,0
DA:310,0
DA:311,0
DA:312,0
DA:313,0
DA:314,0
DA:315,0
DA:316,0
DA:318,0
DA:319,0
DA:321,0
DA:322,0
DA:323,0
DA:325,0
DA:326,0
DA:327,0
DA:328,0
DA:329,0
DA:330,0
DA:331,0
DA:332,0
DA:333,0
DA:334,0
DA:335,0
DA:336,0
DA:337,0
DA:338,0
DA:339,0
DA:340,0
DA:341,0
DA:343,0
DA:344,0
DA:345,0
DA:346,0
DA:347,0
DA:348,0
DA:349,0
DA:351,0
DA:352,0
DA:353,0
DA:354,0
DA:355,0
DA:356,0
DA:357,0
DA:358,0
DA:359,0
DA:360,0
DA:361,0
DA:362,0
DA:363,0
DA:364,0
DA:365,0
DA:366,0
DA:367,0
DA:369,0
DA:370,0
DA:371,0
DA:372,0
DA:373,0
DA:374,0
DA:375,0
DA:377,0
DA:378,0
DA:379,0
DA:380,0
DA:381,0
DA:382,0
DA:383,0
DA:384,0
DA:385,0
DA:386,0
DA:387,0
DA:388,0
DA:389,0
DA:390,0
DA:391,0
DA:392,0
DA:393,0
DA:395,0
DA:396,0
DA:397,0
DA:398,0
DA:399,0
DA:400,0
DA:401,0
DA:403,0
DA:404,0
DA:405,0
DA:406,0
DA:407,0
DA:408,0
DA:409,0
DA:410,0
DA:411,0
DA:412,0
DA:413,0
DA:414,0
DA:415,0
DA:416,0
DA:417,0
DA:418,0
DA:419,0
DA:420,0
DA:421,0
DA:422,0
DA:423,0
DA:424,0
DA:425,0
DA:426,0
DA:427,0
DA:428,0
DA:429,0
DA:430,0
DA:431,0
DA:432,0
DA:434,0
DA:435,0
DA:436,0
DA:437,0
DA:438,0
DA:439,0
DA:440,0
DA:441,0
DA:442,0
DA:443,0
DA:444,0
DA:445,0
DA:446,0
DA:447,0
DA:448,0
DA:449,0
DA:450,0
DA:451,0
DA:452,0
DA:453,0
DA:454,0
DA:455,0
DA:456,0
DA:457,0
DA:458,0
DA:459,0
DA:460,0
DA:461,0
DA:462,0
DA:463,0
DA:464,0
DA:465,0
DA:466,0
DA:467,0
DA:468,0
DA:471,0
DA:472,0
DA:473,0
DA:474,0
DA:475,0
DA:476,0
DA:477,0
DA:478,0
DA:479,0
DA:480,0
DA:481,0
DA:482,0
DA:483,0
DA:484,0
DA:485,0
DA:486,0
DA:487,0
DA:488,0
DA:489,0
DA:490,0
DA:491,0
DA:492,0
DA:493,0
DA:494,0
DA:495,0
DA:496,0
DA:497,0
DA:498,0
DA:499,0
DA:500,0
DA:501,0
DA:502,0
DA:503,0
DA:504,0
DA:505,0
DA:508,0
DA:509,0
DA:510,0
DA:511,0
DA:512,0
DA:513,0
DA:514,0
DA:515,0
DA:516,0
DA:517,0
DA:518,0
DA:519,0
DA:520,0
DA:521,0
DA:522,0
DA:523,0
DA:524,0
DA:525,0
DA:526,0
DA:527,0
DA:528,0
DA:529,0
DA:530,0
DA:531,0
DA:532,0
DA:533,0
DA:534,0
DA:535,0
DA:536,0
DA:537,0
DA:538,0
DA:539,0
DA:540,0
DA:541,0
DA:542,0
DA:544,0
BRDA:406,0,0,-
BRDA:406,0,1,-
BRF:2
BRH:0
LF:463
LH:0
end_of_record
SF:D:\project\pyxis\rust-cuda\src\datum_compensate_cuda.rs
FN:14,_RINvMNtCs7E5HSv4r6SP_10pyxis_cuda21datum_compensate_cudaNtNtB5_7context16PyxisCudaContext21datum_compensate_cudadEB5_
FN:57,_RNvNtNtCs7E5HSv4r6SP_10pyxis_cuda21datum_compensate_cuda4tests_26test_datum_compensate_cuda
FNDA:0,_RINvMNtCs7E5HSv4r6SP_10pyxis_cuda21datum_compensate_cudaNtNtB5_7context16PyxisCudaContext21datum_compensate_cudadEB5_
FNDA:0,_RNvNtNtCs7E5HSv4r6SP_10pyxis_cuda21datum_compensate_cuda4tests_26test_datum_compensate_cuda
FNF:2
FNH:0
DA:14,0
DA:15,0
DA:16,0
DA:17,0
DA:18,0
DA:19,0
DA:20,0
DA:21,0
DA:22,0
DA:23,0
DA:24,0
DA:25,0
DA:27,0
DA:28,0
DA:29,0
DA:31,0
DA:32,0
DA:35,0
DA:36,0
DA:37,0
DA:38,0
DA:39,0
DA:40,0
DA:41,0
DA:42,0
DA:43,0
DA:46,0
DA:48,0
DA:49,0
DA:57,0
DA:58,0
DA:59,0
DA:60,0
DA:61,0
DA:62,0
DA:63,0
DA:64,0
DA:65,0
DA:67,0
DA:68,0
DA:69,0
BRF:0
BRH:0
LF:41
LH:0
end_of_record
SF:D:\project\pyxis\rust\crates\pyxis\src\crypto.rs
FN:153,_RINvNtCs9yk9n7wlwB9_5pyxis6crypto13bd09_to_gcj02dECs7E5HSv4r6SP_10pyxis_cuda
FN:221,_RINvNtCs9yk9n7wlwB9_5pyxis6crypto13bd09_to_wgs84dECs7E5HSv4r6SP_10pyxis_cuda
FN:252,_RINvNtCs9yk9n7wlwB9_5pyxis6crypto13gcj02_to_bd09dECs7E5HSv4r6SP_10pyxis_cuda
FN:321,_RINvNtCs9yk9n7wlwB9_5pyxis6crypto13wgs84_to_bd09dECs7E5HSv4r6SP_10pyxis_cuda
FN:190,_RINvNtCs9yk9n7wlwB9_5pyxis6crypto14gcj02_to_wgs84dECs7E5HSv4r6SP_10pyxis_cuda
FN:289,_RINvNtCs9yk9n7wlwB9_5pyxis6crypto14wgs84_to_gcj02dECs7E5HSv4r6SP_10pyxis_cuda
FN:425,_RINvNtCs9yk9n7wlwB9_5pyxis6crypto18haversine_distancedECs7E5HSv4r6SP_10pyxis_cuda
FN:113,_RINvNtCs9yk9n7wlwB9_5pyxis6crypto5deltadECs7E5HSv4r6SP_10pyxis_cuda
FN:76,_RINvNtCs9yk9n7wlwB9_5pyxis6crypto9transformdECs7E5HSv4r6SP_10pyxis_cuda
FN:375,_RINvNtCs9yk9n7wlwB9_5pyxis6crypto12crypto_exactpppEB4_
FN:153,_RINvNtCs9yk9n7wlwB9_5pyxis6crypto13bd09_to_gcj02pEB4_
FN:221,_RINvNtCs9yk9n7wlwB9_5pyxis6crypto13bd09_to_wgs84pEB4_
FN:252,_RINvNtCs9yk9n7wlwB9_5pyxis6crypto13gcj02_to_bd09pEB4_
FN:321,_RINvNtCs9yk9n7wlwB9_5pyxis6crypto13wgs84_to_bd09pEB4_
FN:190,_RINvNtCs9yk9n7wlwB9_5pyxis6crypto14gcj02_to_wgs84pEB4_
FN:289,_RINvNtCs9yk9n7wlwB9_5pyxis6crypto14wgs84_to_gcj02pEB4_
FN:425,_RINvNtCs9yk9n7wlwB9_5pyxis6crypto18haversine_distancepEB4_
FN:113,_RINvNtCs9yk9n7wlwB9_5pyxis6crypto5deltapEB4_
FN:76,_RINvNtCs9yk9n7wlwB9_5pyxis6crypto9transformpEB4_
FNDA:0,_RINvNtCs9yk9n7wlwB9_5pyxis6crypto13bd09_to_gcj02dECs7E5HSv4r6SP_10pyxis_cuda
FNDA:0,_RINvNtCs9yk9n7wlwB9_5pyxis6crypto13bd09_to_wgs84dECs7E5HSv4r6SP_10pyxis_cuda
FNDA:0,_RINvNtCs9yk9n7wlwB9_5pyxis6crypto13gcj02_to_bd09dECs7E5HSv4r6SP_10pyxis_cuda
FNDA:0,_RINvNtCs9yk9n7wlwB9_5pyxis6crypto13wgs84_to_bd09dECs7E5HSv4r6SP_10pyxis_cuda
FNDA:0,_RINvNtCs9yk9n7wlwB9_5pyxis6crypto14gcj02_to_wgs84dECs7E5HSv4r6SP_10pyxis_cuda
FNDA:0,_RINvNtCs9yk9n7wlwB9_5pyxis6crypto14wgs84_to_gcj02dECs7E5HSv4r6SP_10pyxis_cuda
FNDA:0,_RINvNtCs9yk9n7wlwB9_5pyxis6crypto18haversine_distancedECs7E5HSv4r6SP_10pyxis_cuda
FNDA:0,_RINvNtCs9yk9n7wlwB9_5pyxis6crypto5deltadECs7E5HSv4r6SP_10pyxis_cuda
FNDA:0,_RINvNtCs9yk9n7wlwB9_5pyxis6crypto9transformdECs7E5HSv4r6SP_10pyxis_cuda
FNDA:0,_RINvNtCs9yk9n7wlwB9_5pyxis6crypto12crypto_exactpppEB4_
FNDA:0,_RINvNtCs9yk9n7wlwB9_5pyxis6crypto13bd09_to_gcj02pEB4_
FNDA:0,_RINvNtCs9yk9n7wlwB9_5pyxis6crypto13bd09_to_wgs84pEB4_
FNDA:0,_RINvNtCs9yk9n7wlwB9_5pyxis6crypto13gcj02_to_bd09pEB4_
FNDA:0,_RINvNtCs9yk9n7wlwB9_5pyxis6crypto13wgs84_to_bd09pEB4_
FNDA:0,_RINvNtCs9yk9n7wlwB9_5pyxis6crypto14gcj02_to_wgs84pEB4_
FNDA:0,_RINvNtCs9yk9n7wlwB9_5pyxis6crypto14wgs84_to_gcj02pEB4_
FNDA:0,_RINvNtCs9yk9n7wlwB9_5pyxis6crypto18haversine_distancepEB4_
FNDA:0,_RINvNtCs9yk9n7wlwB9_5pyxis6crypto5deltapEB4_
FNDA:0,_RINvNtCs9yk9n7wlwB9_5pyxis6crypto9transformpEB4_
FNF:10
FNH:0
DA:76,0
DA:77,0
DA:78,0
DA:80,0
DA:81,0
DA:82,0
DA:83,0
DA:84,0
DA:86,0
DA:87,0
DA:89,0
DA:90,0
DA:91,0
DA:92,0
DA:93,0
DA:94,0
DA:95,0
DA:96,0
DA:98,0
DA:99,0
DA:101,0
DA:102,0
DA:103,0
DA:104,0
DA:105,0
DA:106,0
DA:107,0
DA:108,0
DA:110,0
DA:111,0
DA:113,0
DA:114,0
DA:115,0
DA:117,0
DA:118,0
DA:119,0
DA:120,0
DA:121,0
DA:123,0
DA:124,0
DA:125,0
DA:126,0
DA:127,0
DA:128,0
DA:153,0
DA:154,0
DA:155,0
DA:157,0
DA:158,0
DA:159,0
DA:160,0
DA:161,0
DA:162,0
DA:163,0
DA:164,0
DA:165,0
DA:190,0
DA:191,0
DA:192,0
DA:194,0
DA:195,0
DA:196,0
DA:221,0
DA:222,0
DA:223,0
DA:225,0
DA:226,0
DA:227,0
DA:252,0
DA:253,0
DA:254,0
DA:256,0
DA:257,0
DA:258,0
DA:259,0
DA:260,0
DA:261,0
DA:262,0
DA:263,0
DA:289,0
DA:290,0
DA:291,0
DA:293,0
DA:294,0
DA:295,0
DA:321,0
DA:322,0
DA:323,0
DA:325,0
DA:326,0
DA:327,0
DA:375,0
DA:376,0
DA:377,0
DA:378,0
DA:379,0
DA:380,0
DA:381,0
DA:382,0
DA:383,0
DA:384,0
DA:385,0
DA:387,0
DA:388,0
DA:389,0
DA:390,0
DA:392,0
DA:393,0
DA:395,0
DA:396,0
DA:397,0
DA:398,0
DA:402,0
DA:403,0
DA:404,0
DA:406,0
DA:408,0
DA:410,0
DA:413,0
DA:415,0
DA:417,0
DA:419,0
DA:421,0
DA:422,0
DA:425,0
DA:426,0
DA:427,0
DA:429,0
DA:430,0
DA:431,0
DA:432,0
DA:434,0
DA:435,0
DA:437,0
DA:438,0
DA:439,0
DA:441,0
DA:442,0
BRF:0
BRH:0
LF:138
LH:0
end_of_record
SF:D:\project\pyxis\rust\crates\pyxis\src\datum_compensate.rs
FN:36,_RNvMNtCs9yk9n7wlwB9_5pyxis16datum_compensateINtB2_15DatumCompensatepE3newB4_
FN:42,_RNvMNtCs9yk9n7wlwB9_5pyxis16datum_compensateINtB2_15DatumCompensatepE9transformB4_
FNDA:0,_RNvMNtCs9yk9n7wlwB9_5pyxis16datum_compensateINtB2_15DatumCompensatepE3newB4_
FNDA:0,_RNvMNtCs9yk9n7wlwB9_5pyxis16datum_compensateINtB2_15DatumCompensatepE9transformB4_
FNF:2
FNH:0
DA:36,0
DA:37,0
DA:38,0
DA:39,0
DA:40,0
DA:42,0
DA:43,0
DA:44,0
DA:46,0
DA:47,0
DA:48,0
DA:49,0
BRF:0
BRH:0
LF:12
LH:0
end_of_record
SF:D:\project\pyxis\rust\crates\pyxis\src\ellipsoid.rs
FN:175,_RNvMNtCs9yk9n7wlwB9_5pyxis9ellipsoidINtB2_9EllipsoiddE13eccentricity2Cs7E5HSv4r6SP_10pyxis_cuda
FN:166,_RNvMNtCs9yk9n7wlwB9_5pyxis9ellipsoidINtB2_9EllipsoiddE15semi_major_axisCs7E5HSv4r6SP_10pyxis_cuda
FN:81,_RNvMNtCs9yk9n7wlwB9_5pyxis9ellipsoidINtB2_9EllipsoiddE24from_semi_major_and_invfB4_
FN:81,_RNvMNtCs9yk9n7wlwB9_5pyxis9ellipsoidINtB2_9EllipsoidfE24from_semi_major_and_invfB4_
FN:178,_RNvMNtCs9yk9n7wlwB9_5pyxis9ellipsoidINtB2_9EllipsoidpE10flatteningB4_
FN:172,_RNvMNtCs9yk9n7wlwB9_5pyxis9ellipsoidINtB2_9EllipsoidpE12eccentricityB4_
FN:175,_RNvMNtCs9yk9n7wlwB9_5pyxis9ellipsoidINtB2_9EllipsoidpE13eccentricity2B4_
FN:146,_RNvMNtCs9yk9n7wlwB9_5pyxis9ellipsoidINtB2_9EllipsoidpE14from_semi_axisB4_
FN:166,_RNvMNtCs9yk9n7wlwB9_5pyxis9ellipsoidINtB2_9EllipsoidpE15semi_major_axisB4_
FN:169,_RNvMNtCs9yk9n7wlwB9_5pyxis9ellipsoidINtB2_9EllipsoidpE15semi_minor_axisB4_
FN:181,_RNvMNtCs9yk9n7wlwB9_5pyxis9ellipsoidINtB2_9EllipsoidpE18inverse_flatteningB4_
FNDA:0,_RNvMNtCs9yk9n7wlwB9_5pyxis9ellipsoidINtB2_9EllipsoiddE13eccentricity2Cs7E5HSv4r6SP_10pyxis_cuda
FNDA:0,_RNvMNtCs9yk9n7wlwB9_5pyxis9ellipsoidINtB2_9EllipsoiddE15semi_major_axisCs7E5HSv4r6SP_10pyxis_cuda
FNDA:0,_RNvMNtCs9yk9n7wlwB9_5pyxis9ellipsoidINtB2_9EllipsoiddE24from_semi_major_and_invfB4_
FNDA:0,_RNvMNtCs9yk9n7wlwB9_5pyxis9ellipsoidINtB2_9EllipsoidfE24from_semi_major_and_invfB4_
FNDA:0,_RNvMNtCs9yk9n7wlwB9_5pyxis9ellipsoidINtB2_9EllipsoidpE10flatteningB4_
FNDA:0,_RNvMNtCs9yk9n7wlwB9_5pyxis9ellipsoidINtB2_9EllipsoidpE12eccentricityB4_
FNDA:0,_RNvMNtCs9yk9n7wlwB9_5pyxis9ellipsoidINtB2_9EllipsoidpE13eccentricity2B4_
FNDA:0,_RNvMNtCs9yk9n7wlwB9_5pyxis9ellipsoidINtB2_9EllipsoidpE14from_semi_axisB4_
FNDA:0,_RNvMNtCs9yk9n7wlwB9_5pyxis9ellipsoidINtB2_9EllipsoidpE15semi_major_axisB4_
FNDA:0,_RNvMNtCs9yk9n7wlwB9_5pyxis9ellipsoidINtB2_9EllipsoidpE15semi_minor_axisB4_
FNDA:0,_RNvMNtCs9yk9n7wlwB9_5pyxis9ellipsoidINtB2_9EllipsoidpE18inverse_flatteningB4_
FNF:8
FNH:0
DA:81,0
DA:82,0
DA:83,0
DA:84,0
DA:85,0
DA:87,0
DA:88,0
DA:89,0
DA:90,0
DA:91,0
DA:92,0
DA:93,0
DA:94,0
DA:95,0
DA:146,0
DA:148,0
DA:150,0
DA:152,0
DA:154,0
DA:156,0
DA:157,0
DA:158,0
DA:159,0
DA:160,0
DA:161,0
DA:162,0
DA:163,0
DA:164,0
DA:166,0
DA:169,0
DA:172,0
DA:175,0
DA:178,0
DA:181,0
BRF:0
BRH:0
LF:34
LH:0
end_of_record
SF:D:\project\pyxis\rust\crates\pyxis\src\linear.rs
FN:31,_RINvNtCs9yk9n7wlwB9_5pyxis6linear16rotate_matrix_2dpEB4_
FN:61,_RINvNtCs9yk9n7wlwB9_5pyxis6linear9rotate_2dpEB4_
FNDA:0,_RINvNtCs9yk9n7wlwB9_5pyxis6linear16rotate_matrix_2dpEB4_
FNDA:0,_RINvNtCs9yk9n7wlwB9_5pyxis6linear9rotate_2dpEB4_
FNF:2
FNH:0
DA:31,0
DA:32,0
DA:33,0
DA:35,0
DA:36,0
DA:37,0
DA:38,0
DA:39,0
DA:61,0
DA:62,0
DA:63,0
DA:65,0
DA:66,0
DA:67,0
DA:68,0
BRF:0
BRH:0
LF:15
LH:0
end_of_record
SF:D:\project\pyxis\rust\crates\pyxis\src\migrate.rs
FN:36,_RINvNtCs9yk9n7wlwB9_5pyxis7migrate6abs_2dpEB4_
FN:11,_RINvNtCs9yk9n7wlwB9_5pyxis7migrate6rel_2dpEB4_
FN:59,_RINvNtCs9yk9n7wlwB9_5pyxis7migrate9origin_2dpEB4_
FNDA:0,_RINvNtCs9yk9n7wlwB9_5pyxis7migrate6abs_2dpEB4_
FNDA:0,_RINvNtCs9yk9n7wlwB9_5pyxis7migrate6rel_2dpEB4_
FNDA:0,_RINvNtCs9yk9n7wlwB9_5pyxis7migrate9origin_2dpEB4_
FNF:3
FNH:0
DA:11,0
DA:12,0
DA:13,0
DA:14,0
DA:15,0
DA:16,0
DA:17,0
DA:18,0
DA:19,0
DA:21,0
DA:22,0
DA:23,0
DA:24,0
DA:25,0
DA:26,0
DA:27,0
DA:36,0
DA:37,0
DA:38,0
DA:39,0
DA:40,0
DA:41,0
DA:42,0
DA:43,0
DA:44,0
DA:46,0
DA:47,0
DA:48,0
DA:49,0
DA:50,0
DA:59,0
DA:60,0
DA:61,0
DA:63,0
DA:64,0
DA:65,0
DA:66,0
DA:67,0
BRF:0
BRH:0
LF:38
LH:0
end_of_record
SF:D:\project\pyxis\rust\crates\pyxis\src\space.rs
FN:44,_RINvNtCs9yk9n7wlwB9_5pyxis5space18cartesian_to_polarpEB4_
FN:20,_RINvNtCs9yk9n7wlwB9_5pyxis5space18polar_to_cartesianpEB4_
FN:101,_RINvNtCs9yk9n7wlwB9_5pyxis5space22cartesian_to_sphericalpEB4_
FN:191,_RINvNtCs9yk9n7wlwB9_5pyxis5space22spherical_to_cartesianpEB4_
FN:73,_RINvNtCs9yk9n7wlwB9_5pyxis5space24cartesian_to_cylindricalpEB4_
FN:132,_RINvNtCs9yk9n7wlwB9_5pyxis5space24cylindrical_to_cartesianpEB4_
FN:162,_RINvNtCs9yk9n7wlwB9_5pyxis5space24cylindrical_to_sphericalpEB4_
FN:221,_RINvNtCs9yk9n7wlwB9_5pyxis5space24spherical_to_cylindricalpEB4_
FNDA:0,_RINvNtCs9yk9n7wlwB9_5pyxis5space18cartesian_to_polarpEB4_
FNDA:0,_RINvNtCs9yk9n7wlwB9_5pyxis5space18polar_to_cartesianpEB4_
FNDA:0,_RINvNtCs9yk9n7wlwB9_5pyxis5space22cartesian_to_sphericalpEB4_
FNDA:0,_RINvNtCs9yk9n7wlwB9_5pyxis5space22spherical_to_cartesianpEB4_
FNDA:0,_RINvNtCs9yk9n7wlwB9_5pyxis5space24cartesian_to_cylindricalpEB4_
FNDA:0,_RINvNtCs9yk9n7wlwB9_5pyxis5space24cylindrical_to_cartesianpEB4_
FNDA:0,_RINvNtCs9yk9n7wlwB9_5pyxis5space24cylindrical_to_sphericalpEB4_
FNDA:0,_RINvNtCs9yk9n7wlwB9_5pyxis5space24spherical_to_cylindricalpEB4_
FNF:8
FNH:0
DA:20,0
DA:21,0
DA:22,0
DA:24,0
DA:25,0
DA:44,0
DA:45,0
DA:46,0
DA:48,0
DA:49,0
DA:73,0
DA:74,0
DA:75,0
DA:77,0
DA:78,0
DA:101,0
DA:102,0
DA:103,0
DA:105,0
DA:106,0
DA:107,0
DA:132,0
DA:133,0
DA:134,0
DA:136,0
DA:137,0
DA:162,0
DA:163,0
DA:164,0
DA:166,0
DA:167,0
DA:191,0
DA:192,0
DA:193,0
DA:195,0
DA:196,0
DA:221,0
DA:222,0
DA:223,0
DA:225,0
DA:226,0
BRF:0
BRH:0
LF:41
LH:0
end_of_record
SF:D:\project\pyxis\rust\crates\pyxis\src\types.rs
FN:48,_RNvXs0_NtCs9yk9n7wlwB9_5pyxis5typesfINtB5_14ConstEllipsoidfE13krasovsky1940
FN:49,_RNvXs0_NtCs9yk9n7wlwB9_5pyxis5typesfINtB5_14ConstEllipsoidfE5wgs84
FN:47,_RNvXs0_NtCs9yk9n7wlwB9_5pyxis5typesfINtB5_14ConstEllipsoidfE7grs1980
FN:46,_RNvXs0_NtCs9yk9n7wlwB9_5pyxis5typesfINtB5_14ConstEllipsoidfE7iag1975
FN:45,_RNvXs0_NtCs9yk9n7wlwB9_5pyxis5typesfINtB5_14ConstEllipsoidfE8cgcs2000
FN:64,_RNvXs1_NtCs9yk9n7wlwB9_5pyxis5typesdINtB5_14ConstEllipsoiddE13krasovsky1940
FN:65,_RNvXs1_NtCs9yk9n7wlwB9_5pyxis5typesdINtB5_14ConstEllipsoiddE5wgs84
FN:63,_RNvXs1_NtCs9yk9n7wlwB9_5pyxis5typesdINtB5_14ConstEllipsoiddE7grs1980
FN:62,_RNvXs1_NtCs9yk9n7wlwB9_5pyxis5typesdINtB5_14ConstEllipsoiddE7iag1975
FN:61,_RNvXs1_NtCs9yk9n7wlwB9_5pyxis5typesdINtB5_14ConstEllipsoiddE8cgcs2000
FN:37,_RNCNvNtCs9yk9n7wlwB9_5pyxis5types11GRS1980_F320B5_
FN:53,_RNCNvNtCs9yk9n7wlwB9_5pyxis5types11GRS1980_F640B5_
FN:39,_RNCNvNtCs9yk9n7wlwB9_5pyxis5types11IAG1975_F320B5_
FN:55,_RNCNvNtCs9yk9n7wlwB9_5pyxis5types11IAG1975_F640B5_
FN:41,_RNCNvNtCs9yk9n7wlwB9_5pyxis5types17KRASOVSKY1940_F320B5_
FN:57,_RNCNvNtCs9yk9n7wlwB9_5pyxis5types17KRASOVSKY1940_F640B5_
FN:43,_RNCNvNtCs9yk9n7wlwB9_5pyxis5types9WGS84_F320B5_
FN:59,_RNCNvNtCs9yk9n7wlwB9_5pyxis5types9WGS84_F640B5_
FNDA:0,_RNvXs0_NtCs9yk9n7wlwB9_5pyxis5typesfINtB5_14ConstEllipsoidfE13krasovsky1940
FNDA:0,_RNvXs0_NtCs9yk9n7wlwB9_5pyxis5typesfINtB5_14ConstEllipsoidfE5wgs84
FNDA:0,_RNvXs0_NtCs9yk9n7wlwB9_5pyxis5typesfINtB5_14ConstEllipsoidfE7grs1980
FNDA:0,_RNvXs0_NtCs9yk9n7wlwB9_5pyxis5typesfINtB5_14ConstEllipsoidfE7iag1975
FNDA:0,_RNvXs0_NtCs9yk9n7wlwB9_5pyxis5typesfINtB5_14ConstEllipsoidfE8cgcs2000
FNDA:0,_RNvXs1_NtCs9yk9n7wlwB9_5pyxis5typesdINtB5_14ConstEllipsoiddE13krasovsky1940
FNDA:0,_RNvXs1_NtCs9yk9n7wlwB9_5pyxis5typesdINtB5_14ConstEllipsoiddE5wgs84
FNDA:0,_RNvXs1_NtCs9yk9n7wlwB9_5pyxis5typesdINtB5_14ConstEllipsoiddE7grs1980
FNDA:0,_RNvXs1_NtCs9yk9n7wlwB9_5pyxis5typesdINtB5_14ConstEllipsoiddE7iag1975
FNDA:0,_RNvXs1_NtCs9yk9n7wlwB9_5pyxis5typesdINtB5_14ConstEllipsoiddE8cgcs2000
FNDA:0,_RNCNvNtCs9yk9n7wlwB9_5pyxis5types11GRS1980_F320B5_
FNDA:0,_RNCNvNtCs9yk9n7wlwB9_5pyxis5types11GRS1980_F640B5_
FNDA:0,_RNCNvNtCs9yk9n7wlwB9_5pyxis5types11IAG1975_F320B5_
FNDA:0,_RNCNvNtCs9yk9n7wlwB9_5pyxis5types11IAG1975_F640B5_
FNDA:0,_RNCNvNtCs9yk9n7wlwB9_5pyxis5types17KRASOVSKY1940_F320B5_
FNDA:0,_RNCNvNtCs9yk9n7wlwB9_5pyxis5types17KRASOVSKY1940_F640B5_
FNDA:0,_RNCNvNtCs9yk9n7wlwB9_5pyxis5types9WGS84_F320B5_
FNDA:0,_RNCNvNtCs9yk9n7wlwB9_5pyxis5types9WGS84_F640B5_
FNF:18
FNH:0
DA:37,0
DA:39,0
DA:41,0
DA:43,0
DA:45,0
DA:46,0
DA:47,0
DA:48,0
DA:49,0
DA:53,0
DA:55,0
DA:57,0
DA:59,0
DA:61,0
DA:62,0
DA:63,0
DA:64,0
DA:65,0
BRF:0
BRH:0
LF:18
LH:0
end_of_record
