SF:D:\project\pyxis\rust-cuda\src\context.rs
FN:29,_RNvMNtCsbRh8zr4mWo7_10pyxis_cuda7contextNtB2_16PyxisCudaContext3new
FN:138,_RNvMs0_NtCsbRh8zr4mWo7_10pyxis_cuda7contextNtB5_16PyxisCudaContext14get_grid_block
FN:166,_RNvMs1_NtCsbRh8zr4mWo7_10pyxis_cuda7contextNtB5_16PyxisCudaContext24device_buffer_from_slice
FN:77,_RNvMs_NtCsbRh8zr4mWo7_10pyxis_cuda7contextNtB4_16PyxisCudaContext10add_module
FN:59,_RNvMs_NtCsbRh8zr4mWo7_10pyxis_cuda7contextNtB4_16PyxisCudaContext10get_module
FN:115,_RNvMs_NtCsbRh8zr4mWo7_10pyxis_cuda7contextNtB4_16PyxisCudaContext18remove_last_module
FN:153,_RINvMs1_NtCsbRh8zr4mWo7_10pyxis_cuda7contextNtB6_16PyxisCudaContext12get_functiondEB8_
FN:128,_RNvMs0_NtCsbRh8zr4mWo7_10pyxis_cuda7contextNtB5_16PyxisCudaContext14set_block_size
FN:47,_RNvMs_NtCsbRh8zr4mWo7_10pyxis_cuda7contextNtB4_16PyxisCudaContext14set_size_limit
FN:53,_RNvMs_NtCsbRh8zr4mWo7_10pyxis_cuda7contextNtB4_16PyxisCudaContext15set_count_limit
FNDA:6,_RNvMNtCsbRh8zr4mWo7_10pyxis_cuda7contextNtB2_16PyxisCudaContext3new
FNDA:6,_RNvMs0_NtCsbRh8zr4mWo7_10pyxis_cuda7contextNtB5_16PyxisCudaContext14get_grid_block
FNDA:12,_RNvMs1_NtCsbRh8zr4mWo7_10pyxis_cuda7contextNtB5_16PyxisCudaContext24device_buffer_from_slice
FNDA:6,_RNvMs_NtCsbRh8zr4mWo7_10pyxis_cuda7contextNtB4_16PyxisCudaContext10add_module
FNDA:6,_RNvMs_NtCsbRh8zr4mWo7_10pyxis_cuda7contextNtB4_16PyxisCudaContext10get_module
FNDA:0,_RNvMs_NtCsbRh8zr4mWo7_10pyxis_cuda7contextNtB4_16PyxisCudaContext18remove_last_module
FNDA:6,_RINvMs1_NtCsbRh8zr4mWo7_10pyxis_cuda7contextNtB6_16PyxisCudaContext12get_functiondEB8_
FNDA:0,_RNvMs0_NtCsbRh8zr4mWo7_10pyxis_cuda7contextNtB5_16PyxisCudaContext14set_block_size
FNDA:0,_RNvMs_NtCsbRh8zr4mWo7_10pyxis_cuda7contextNtB4_16PyxisCudaContext14set_size_limit
FNDA:0,_RNvMs_NtCsbRh8zr4mWo7_10pyxis_cuda7contextNtB4_16PyxisCudaContext15set_count_limit
FNF:10
FNH:6
DA:29,6
DA:31,6
DA:32,6
DA:33,6
DA:34,6
DA:35,6
DA:36,6
DA:37,6
DA:38,6
DA:39,6
DA:40,6
DA:41,6
DA:42,6
DA:47,0
DA:48,0
DA:50,0
DA:51,0
DA:53,0
DA:54,0
DA:56,0
DA:57,0
DA:59,6
DA:62,6
DA:63,6
DA:64,6
DA:65,6
DA:68,6
DA:69,6
DA:70,6
DA:71,6
DA:72,6
DA:73,6
DA:74,6
DA:75,6
DA:76,6
DA:77,6
DA:87,6
DA:88,0
DA:89,0
DA:90,0
DA:91,0
DA:92,6
DA:94,6
DA:95,6
DA:96,0
DA:97,0
DA:98,0
DA:99,0
DA:100,0
DA:101,0
DA:102,0
DA:103,0
DA:105,6
DA:106,6
DA:107,6
DA:108,6
DA:109,6
DA:110,6
DA:111,6
DA:112,6
DA:113,6
DA:114,6
DA:115,0
DA:116,0
DA:117,0
DA:118,0
DA:119,0
DA:120,0
DA:121,0
DA:122,0
DA:123,0
DA:128,0
DA:129,0
DA:131,0
DA:132,0
DA:138,6
DA:139,6
DA:140,6
DA:141,6
DA:148,6
DA:149,6
DA:153,6
DA:154,6
DA:155,6
DA:156,6
DA:157,6
DA:160,6
DA:161,6
DA:162,6
DA:163,0
DA:165,6
DA:166,12
DA:167,12
DA:168,12
BRDA:62,0,0,6
BRDA:62,0,1,0
BRDA:87,0,0,0
BRDA:87,0,1,6
BRDA:88,0,0,-
BRDA:88,0,1,-
BRDA:94,0,0,6
BRDA:94,0,1,0
BRDA:95,0,0,0
BRDA:95,0,1,6
BRDA:116,0,0,-
BRDA:116,0,1,-
BRDA:117,0,0,-
BRDA:117,0,1,-
BRDA:161,0,0,0
BRDA:161,0,1,6
BRDA:162,0,0,6
BRDA:162,0,1,0
BRF:18
BRH:6
LF:94
LH:60
end_of_record
SF:D:\project\pyxis\rust-cuda\src\crypto_cuda.rs
FN:164,_RINvMNtCsbRh8zr4mWo7_10pyxis_cuda11crypto_cudaNtNtB5_7context16PyxisCudaContext17crypto_exact_cudapEB5_
FN:15,_RINvMNtCsbRh8zr4mWo7_10pyxis_cuda11crypto_cudaNtNtB5_7context16PyxisCudaContext18bd09_to_gcj02_cudapEB5_
FN:139,_RINvMNtCsbRh8zr4mWo7_10pyxis_cuda11crypto_cudaNtNtB5_7context16PyxisCudaContext18bd09_to_wgs84_cudapEB5_
FN:39,_RINvMNtCsbRh8zr4mWo7_10pyxis_cuda11crypto_cudaNtNtB5_7context16PyxisCudaContext18gcj02_to_bd09_cudapEB5_
FN:114,_RINvMNtCsbRh8zr4mWo7_10pyxis_cuda11crypto_cudaNtNtB5_7context16PyxisCudaContext18wgs84_to_bd09_cudapEB5_
FN:64,_RINvMNtCsbRh8zr4mWo7_10pyxis_cuda11crypto_cudaNtNtB5_7context16PyxisCudaContext19gcj02_to_wgs84_cudapEB5_
FN:89,_RINvMNtCsbRh8zr4mWo7_10pyxis_cuda11crypto_cudaNtNtB5_7context16PyxisCudaContext19wgs84_to_gcj02_cudapEB5_
FNDA:0,_RINvMNtCsbRh8zr4mWo7_10pyxis_cuda11crypto_cudaNtNtB5_7context16PyxisCudaContext17crypto_exact_cudapEB5_
FNDA:0,_RINvMNtCsbRh8zr4mWo7_10pyxis_cuda11crypto_cudaNtNtB5_7context16PyxisCudaContext18bd09_to_gcj02_cudapEB5_
FNDA:0,_RINvMNtCsbRh8zr4mWo7_10pyxis_cuda11crypto_cudaNtNtB5_7context16PyxisCudaContext18bd09_to_wgs84_cudapEB5_
FNDA:0,_RINvMNtCsbRh8zr4mWo7_10pyxis_cuda11crypto_cudaNtNtB5_7context16PyxisCudaContext18gcj02_to_bd09_cudapEB5_
FNDA:0,_RINvMNtCsbRh8zr4mWo7_10pyxis_cuda11crypto_cudaNtNtB5_7context16PyxisCudaContext18wgs84_to_bd09_cudapEB5_
FNDA:0,_RINvMNtCsbRh8zr4mWo7_10pyxis_cuda11crypto_cudaNtNtB5_7context16PyxisCudaContext19gcj02_to_wgs84_cudapEB5_
FNDA:0,_RINvMNtCsbRh8zr4mWo7_10pyxis_cuda11crypto_cudaNtNtB5_7context16PyxisCudaContext19wgs84_to_gcj02_cudapEB5_
FNF:7
FNH:0
DA:15,0
DA:16,0
DA:17,0
DA:18,0
DA:19,0
DA:20,0
DA:21,0
DA:22,0
DA:23,0
DA:24,0
DA:25,0
DA:27,0
DA:28,0
DA:29,0
DA:30,0
DA:31,0
DA:32,0
DA:35,0
DA:37,0
DA:38,0
DA:39,0
DA:40,0
DA:41,0
DA:42,0
DA:43,0
DA:44,0
DA:45,0
DA:46,0
DA:47,0
DA:48,0
DA:49,0
DA:52,0
DA:53,0
DA:54,0
DA:55,0
DA:56,0
DA:57,0
DA:60,0
DA:62,0
DA:63,0
DA:64,0
DA:65,0
DA:66,0
DA:67,0
DA:68,0
DA:69,0
DA:70,0
DA:71,0
DA:72,0
DA:73,0
DA:74,0
DA:77,0
DA:78,0
DA:79,0
DA:80,0
DA:81,0
DA:82,0
DA:85,0
DA:87,0
DA:88,0
DA:89,0
DA:90,0
DA:91,0
DA:92,0
DA:93,0
DA:94,0
DA:95,0
DA:96,0
DA:97,0
DA:98,0
DA:99,0
DA:102,0
DA:103,0
DA:104,0
DA:105,0
DA:106,0
DA:107,0
DA:110,0
DA:112,0
DA:113,0
DA:114,0
DA:115,0
DA:116,0
DA:117,0
DA:118,0
DA:119,0
DA:120,0
DA:121,0
DA:122,0
DA:123,0
DA:124,0
DA:127,0
DA:128,0
DA:129,0
DA:130,0
DA:131,0
DA:132,0
DA:135,0
DA:137,0
DA:138,0
DA:139,0
DA:140,0
DA:141,0
DA:142,0
DA:143,0
DA:144,0
DA:145,0
DA:146,0
DA:147,0
DA:148,0
DA:149,0
DA:152,0
DA:153,0
DA:154,0
DA:155,0
DA:156,0
DA:157,0
DA:160,0
DA:162,0
DA:163,0
DA:164,0
DA:165,0
DA:166,0
DA:167,0
DA:168,0
DA:169,0
DA:170,0
DA:171,0
DA:172,0
DA:173,0
DA:174,0
DA:175,0
DA:176,0
DA:177,0
DA:179,0
DA:182,0
DA:185,0
DA:187,0
DA:189,0
DA:190,0
DA:191,0
DA:193,0
DA:194,0
DA:196,0
DA:197,0
DA:198,0
DA:199,0
DA:200,0
DA:201,0
DA:202,0
DA:203,0
DA:204,0
DA:207,0
DA:209,0
DA:210,0
BRF:0
BRH:0
LF:155
LH:0
end_of_record
SF:D:\project\pyxis\rust-cuda\src\datum_compensate_cuda.rs
FN:14,_RINvMNtCsbRh8zr4mWo7_10pyxis_cuda21datum_compensate_cudaNtNtB5_7context16PyxisCudaContext21datum_compensate_cudadINtNtCs56veb4ygb0R_5pyxis16datum_compensate21DatumCompensateParamsdEEB5_
FN:51,_RNvNtNtCsbRh8zr4mWo7_10pyxis_cuda21datum_compensate_cuda4tests_26test_datum_compensate_cuda
FNDA:6,_RINvMNtCsbRh8zr4mWo7_10pyxis_cuda21datum_compensate_cudaNtNtB5_7context16PyxisCudaContext21datum_compensate_cudadINtNtCs56veb4ygb0R_5pyxis16datum_compensate21DatumCompensateParamsdEEB5_
FNDA:6,_RNvNtNtCsbRh8zr4mWo7_10pyxis_cuda21datum_compensate_cuda4tests_26test_datum_compensate_cuda
FNF:2
FNH:2
DA:14,6
DA:15,6
DA:16,6
DA:17,6
DA:18,6
DA:19,6
DA:20,6
DA:21,6
DA:22,6
DA:24,6
DA:25,6
DA:26,6
DA:29,6
DA:30,6
DA:31,6
DA:32,6
DA:33,6
DA:34,6
DA:35,6
DA:36,6
DA:37,6
DA:40,6
DA:42,6
DA:43,6
DA:51,6
DA:52,6
DA:53,6
DA:54,6
DA:55,6
DA:56,6
DA:57,6
DA:58,6
DA:59,6
DA:60,6
DA:62,6
DA:63,6
DA:64,6
BRF:0
BRH:0
LF:37
LH:37
end_of_record
SF:D:\project\pyxis\rust\crates\pyxis\src\crypto.rs
FN:375,_RINvNtCs56veb4ygb0R_5pyxis6crypto12crypto_exactpppEB4_
FN:153,_RINvNtCs56veb4ygb0R_5pyxis6crypto13bd09_to_gcj02pEB4_
FN:221,_RINvNtCs56veb4ygb0R_5pyxis6crypto13bd09_to_wgs84pEB4_
FN:252,_RINvNtCs56veb4ygb0R_5pyxis6crypto13gcj02_to_bd09pEB4_
FN:321,_RINvNtCs56veb4ygb0R_5pyxis6crypto13wgs84_to_bd09pEB4_
FN:190,_RINvNtCs56veb4ygb0R_5pyxis6crypto14gcj02_to_wgs84pEB4_
FN:289,_RINvNtCs56veb4ygb0R_5pyxis6crypto14wgs84_to_gcj02pEB4_
FN:425,_RINvNtCs56veb4ygb0R_5pyxis6crypto18haversine_distancepEB4_
FN:113,_RINvNtCs56veb4ygb0R_5pyxis6crypto5deltapEB4_
FN:76,_RINvNtCs56veb4ygb0R_5pyxis6crypto9transformpEB4_
FNDA:0,_RINvNtCs56veb4ygb0R_5pyxis6crypto12crypto_exactpppEB4_
FNDA:0,_RINvNtCs56veb4ygb0R_5pyxis6crypto13bd09_to_gcj02pEB4_
FNDA:0,_RINvNtCs56veb4ygb0R_5pyxis6crypto13bd09_to_wgs84pEB4_
FNDA:0,_RINvNtCs56veb4ygb0R_5pyxis6crypto13gcj02_to_bd09pEB4_
FNDA:0,_RINvNtCs56veb4ygb0R_5pyxis6crypto13wgs84_to_bd09pEB4_
FNDA:0,_RINvNtCs56veb4ygb0R_5pyxis6crypto14gcj02_to_wgs84pEB4_
FNDA:0,_RINvNtCs56veb4ygb0R_5pyxis6crypto14wgs84_to_gcj02pEB4_
FNDA:0,_RINvNtCs56veb4ygb0R_5pyxis6crypto18haversine_distancepEB4_
FNDA:0,_RINvNtCs56veb4ygb0R_5pyxis6crypto5deltapEB4_
FNDA:0,_RINvNtCs56veb4ygb0R_5pyxis6crypto9transformpEB4_
FNF:10
FNH:0
DA:76,0
DA:77,0
DA:78,0
DA:80,0
DA:81,0
DA:82,0
DA:83,0
DA:84,0
DA:86,0
DA:87,0
DA:89,0
DA:90,0
DA:91,0
DA:92,0
DA:93,0
DA:94,0
DA:95,0
DA:96,0
DA:98,0
DA:99,0
DA:101,0
DA:102,0
DA:103,0
DA:104,0
DA:105,0
DA:106,0
DA:107,0
DA:108,0
DA:110,0
DA:111,0
DA:113,0
DA:114,0
DA:115,0
DA:117,0
DA:118,0
DA:119,0
DA:120,0
DA:121,0
DA:123,0
DA:124,0
DA:125,0
DA:126,0
DA:127,0
DA:128,0
DA:153,0
DA:154,0
DA:155,0
DA:157,0
DA:158,0
DA:159,0
DA:160,0
DA:161,0
DA:162,0
DA:163,0
DA:164,0
DA:165,0
DA:190,0
DA:191,0
DA:192,0
DA:194,0
DA:195,0
DA:196,0
DA:221,0
DA:222,0
DA:223,0
DA:225,0
DA:226,0
DA:227,0
DA:252,0
DA:253,0
DA:254,0
DA:256,0
DA:257,0
DA:258,0
DA:259,0
DA:260,0
DA:261,0
DA:262,0
DA:263,0
DA:289,0
DA:290,0
DA:291,0
DA:293,0
DA:294,0
DA:295,0
DA:321,0
DA:322,0
DA:323,0
DA:325,0
DA:326,0
DA:327,0
DA:375,0
DA:376,0
DA:377,0
DA:378,0
DA:379,0
DA:380,0
DA:381,0
DA:382,0
DA:383,0
DA:384,0
DA:385,0
DA:387,0
DA:388,0
DA:389,0
DA:390,0
DA:392,0
DA:393,0
DA:402,0
DA:403,0
DA:404,0
DA:406,0
DA:408,0
DA:410,0
DA:413,0
DA:415,0
DA:417,0
DA:419,0
DA:421,0
DA:422,0
DA:425,0
DA:426,0
DA:427,0
DA:429,0
DA:430,0
DA:431,0
DA:432,0
DA:434,0
DA:435,0
DA:437,0
DA:438,0
DA:439,0
DA:441,0
DA:442,0
BRF:0
BRH:0
LF:134
LH:0
end_of_record
SF:D:\project\pyxis\rust\crates\pyxis\src\datum_compensate.rs
FN:13,_RNvMNtCs56veb4ygb0R_5pyxis16datum_compensateINtB2_21DatumCompensateParamsdE3newCsbRh8zr4mWo7_10pyxis_cuda
FN:20,_RNvXs_NtCs56veb4ygb0R_5pyxis16datum_compensateINtB4_21DatumCompensateParamsdEINtB4_22IDatumCompensateParamsdE2x0CsbRh8zr4mWo7_10pyxis_cuda
FN:21,_RNvXs_NtCs56veb4ygb0R_5pyxis16datum_compensateINtB4_21DatumCompensateParamsdEINtB4_22IDatumCompensateParamsdE2y0CsbRh8zr4mWo7_10pyxis_cuda
FN:22,_RNvXs_NtCs56veb4ygb0R_5pyxis16datum_compensateINtB4_21DatumCompensateParamsdEINtB4_22IDatumCompensateParamsdE6factorCsbRh8zr4mWo7_10pyxis_cuda
FN:52,_RINvNtCs56veb4ygb0R_5pyxis16datum_compensate16datum_compensateppEB4_
FN:13,_RNvMNtCs56veb4ygb0R_5pyxis16datum_compensateINtB2_21DatumCompensateParamspE3newB4_
FN:20,_RNvXININtCs56veb4ygb0R_5pyxis16datum_compensates_0pEINtB5_21DatumCompensateParamspEINtB5_22IDatumCompensateParamspE2x0B7_
FN:21,_RNvXININtCs56veb4ygb0R_5pyxis16datum_compensates_0pEINtB5_21DatumCompensateParamspEINtB5_22IDatumCompensateParamspE2y0B7_
FN:22,_RNvXININtCs56veb4ygb0R_5pyxis16datum_compensates_0pEINtB5_21DatumCompensateParamspEINtB5_22IDatumCompensateParamspE6factorB7_
FNDA:6,_RNvMNtCs56veb4ygb0R_5pyxis16datum_compensateINtB2_21DatumCompensateParamsdE3newCsbRh8zr4mWo7_10pyxis_cuda
FNDA:6,_RNvXs_NtCs56veb4ygb0R_5pyxis16datum_compensateINtB4_21DatumCompensateParamsdEINtB4_22IDatumCompensateParamsdE2x0CsbRh8zr4mWo7_10pyxis_cuda
FNDA:6,_RNvXs_NtCs56veb4ygb0R_5pyxis16datum_compensateINtB4_21DatumCompensateParamsdEINtB4_22IDatumCompensateParamsdE2y0CsbRh8zr4mWo7_10pyxis_cuda
FNDA:6,_RNvXs_NtCs56veb4ygb0R_5pyxis16datum_compensateINtB4_21DatumCompensateParamsdEINtB4_22IDatumCompensateParamsdE6factorCsbRh8zr4mWo7_10pyxis_cuda
FNDA:0,_RINvNtCs56veb4ygb0R_5pyxis16datum_compensate16datum_compensateppEB4_
FNDA:0,_RNvMNtCs56veb4ygb0R_5pyxis16datum_compensateINtB2_21DatumCompensateParamspE3newB4_
FNDA:0,_RNvXININtCs56veb4ygb0R_5pyxis16datum_compensates_0pEINtB5_21DatumCompensateParamspEINtB5_22IDatumCompensateParamspE2x0B7_
FNDA:0,_RNvXININtCs56veb4ygb0R_5pyxis16datum_compensates_0pEINtB5_21DatumCompensateParamspEINtB5_22IDatumCompensateParamspE2y0B7_
FNDA:0,_RNvXININtCs56veb4ygb0R_5pyxis16datum_compensates_0pEINtB5_21DatumCompensateParamspEINtB5_22IDatumCompensateParamspE6factorB7_
FNF:5
FNH:4
DA:13,6
DA:14,6
DA:15,6
DA:16,6
DA:17,6
DA:20,6
DA:21,6
DA:22,6
DA:52,0
DA:53,0
DA:54,0
DA:56,0
DA:57,0
DA:58,0
DA:59,0
BRF:0
BRH:0
LF:15
LH:8
end_of_record
SF:D:\project\pyxis\rust\crates\pyxis\src\ellipsoid.rs
FN:81,_RNvMNtCs56veb4ygb0R_5pyxis9ellipsoidINtB2_9EllipsoiddE24from_semi_major_and_invfB4_
FN:81,_RNvMNtCs56veb4ygb0R_5pyxis9ellipsoidINtB2_9EllipsoidfE24from_semi_major_and_invfB4_
FN:178,_RNvMNtCs56veb4ygb0R_5pyxis9ellipsoidINtB2_9EllipsoidpE10flatteningB4_
FN:172,_RNvMNtCs56veb4ygb0R_5pyxis9ellipsoidINtB2_9EllipsoidpE12eccentricityB4_
FN:175,_RNvMNtCs56veb4ygb0R_5pyxis9ellipsoidINtB2_9EllipsoidpE13eccentricity2B4_
FN:146,_RNvMNtCs56veb4ygb0R_5pyxis9ellipsoidINtB2_9EllipsoidpE14from_semi_axisB4_
FN:166,_RNvMNtCs56veb4ygb0R_5pyxis9ellipsoidINtB2_9EllipsoidpE15semi_major_axisB4_
FN:169,_RNvMNtCs56veb4ygb0R_5pyxis9ellipsoidINtB2_9EllipsoidpE15semi_minor_axisB4_
FN:181,_RNvMNtCs56veb4ygb0R_5pyxis9ellipsoidINtB2_9EllipsoidpE18inverse_flatteningB4_
FNDA:0,_RNvMNtCs56veb4ygb0R_5pyxis9ellipsoidINtB2_9EllipsoiddE24from_semi_major_and_invfB4_
FNDA:0,_RNvMNtCs56veb4ygb0R_5pyxis9ellipsoidINtB2_9EllipsoidfE24from_semi_major_and_invfB4_
FNDA:0,_RNvMNtCs56veb4ygb0R_5pyxis9ellipsoidINtB2_9EllipsoidpE10flatteningB4_
FNDA:0,_RNvMNtCs56veb4ygb0R_5pyxis9ellipsoidINtB2_9EllipsoidpE12eccentricityB4_
FNDA:0,_RNvMNtCs56veb4ygb0R_5pyxis9ellipsoidINtB2_9EllipsoidpE13eccentricity2B4_
FNDA:0,_RNvMNtCs56veb4ygb0R_5pyxis9ellipsoidINtB2_9EllipsoidpE14from_semi_axisB4_
FNDA:0,_RNvMNtCs56veb4ygb0R_5pyxis9ellipsoidINtB2_9EllipsoidpE15semi_major_axisB4_
FNDA:0,_RNvMNtCs56veb4ygb0R_5pyxis9ellipsoidINtB2_9EllipsoidpE15semi_minor_axisB4_
FNDA:0,_RNvMNtCs56veb4ygb0R_5pyxis9ellipsoidINtB2_9EllipsoidpE18inverse_flatteningB4_
FNF:8
FNH:0
DA:81,0
DA:82,0
DA:83,0
DA:84,0
DA:85,0
DA:87,0
DA:88,0
DA:89,0
DA:90,0
DA:91,0
DA:92,0
DA:93,0
DA:94,0
DA:95,0
DA:146,0
DA:148,0
DA:150,0
DA:152,0
DA:154,0
DA:156,0
DA:157,0
DA:158,0
DA:159,0
DA:160,0
DA:161,0
DA:162,0
DA:163,0
DA:164,0
DA:166,0
DA:169,0
DA:172,0
DA:175,0
DA:178,0
DA:181,0
BRF:0
BRH:0
LF:34
LH:0
end_of_record
SF:D:\project\pyxis\rust\crates\pyxis\src\linear.rs
FN:31,_RINvNtCs56veb4ygb0R_5pyxis6linear16rotate_matrix_2dpEB4_
FN:61,_RINvNtCs56veb4ygb0R_5pyxis6linear9rotate_2dpEB4_
FNDA:0,_RINvNtCs56veb4ygb0R_5pyxis6linear16rotate_matrix_2dpEB4_
FNDA:0,_RINvNtCs56veb4ygb0R_5pyxis6linear9rotate_2dpEB4_
FNF:2
FNH:0
DA:31,0
DA:32,0
DA:33,0
DA:35,0
DA:36,0
DA:37,0
DA:38,0
DA:39,0
DA:61,0
DA:62,0
DA:63,0
DA:65,0
DA:66,0
DA:67,0
DA:68,0
BRF:0
BRH:0
LF:15
LH:0
end_of_record
SF:D:\project\pyxis\rust\crates\pyxis\src\migrate.rs
FN:36,_RINvNtCs56veb4ygb0R_5pyxis7migrate6abs_2dpEB4_
FN:11,_RINvNtCs56veb4ygb0R_5pyxis7migrate6rel_2dpEB4_
FN:59,_RINvNtCs56veb4ygb0R_5pyxis7migrate9origin_2dpEB4_
FNDA:0,_RINvNtCs56veb4ygb0R_5pyxis7migrate6abs_2dpEB4_
FNDA:0,_RINvNtCs56veb4ygb0R_5pyxis7migrate6rel_2dpEB4_
FNDA:0,_RINvNtCs56veb4ygb0R_5pyxis7migrate9origin_2dpEB4_
FNF:3
FNH:0
DA:11,0
DA:12,0
DA:13,0
DA:14,0
DA:15,0
DA:16,0
DA:17,0
DA:18,0
DA:19,0
DA:21,0
DA:22,0
DA:23,0
DA:24,0
DA:25,0
DA:26,0
DA:27,0
DA:36,0
DA:37,0
DA:38,0
DA:39,0
DA:40,0
DA:41,0
DA:42,0
DA:43,0
DA:44,0
DA:46,0
DA:47,0
DA:48,0
DA:49,0
DA:50,0
DA:59,0
DA:60,0
DA:61,0
DA:63,0
DA:64,0
DA:65,0
DA:66,0
DA:67,0
BRF:0
BRH:0
LF:38
LH:0
end_of_record
SF:D:\project\pyxis\rust\crates\pyxis\src\space.rs
FN:44,_RINvNtCs56veb4ygb0R_5pyxis5space18cartesian_to_polarpEB4_
FN:20,_RINvNtCs56veb4ygb0R_5pyxis5space18polar_to_cartesianpEB4_
FN:101,_RINvNtCs56veb4ygb0R_5pyxis5space22cartesian_to_sphericalpEB4_
FN:191,_RINvNtCs56veb4ygb0R_5pyxis5space22spherical_to_cartesianpEB4_
FN:73,_RINvNtCs56veb4ygb0R_5pyxis5space24cartesian_to_cylindricalpEB4_
FN:132,_RINvNtCs56veb4ygb0R_5pyxis5space24cylindrical_to_cartesianpEB4_
FN:162,_RINvNtCs56veb4ygb0R_5pyxis5space24cylindrical_to_sphericalpEB4_
FN:221,_RINvNtCs56veb4ygb0R_5pyxis5space24spherical_to_cylindricalpEB4_
FNDA:0,_RINvNtCs56veb4ygb0R_5pyxis5space18cartesian_to_polarpEB4_
FNDA:0,_RINvNtCs56veb4ygb0R_5pyxis5space18polar_to_cartesianpEB4_
FNDA:0,_RINvNtCs56veb4ygb0R_5pyxis5space22cartesian_to_sphericalpEB4_
FNDA:0,_RINvNtCs56veb4ygb0R_5pyxis5space22spherical_to_cartesianpEB4_
FNDA:0,_RINvNtCs56veb4ygb0R_5pyxis5space24cartesian_to_cylindricalpEB4_
FNDA:0,_RINvNtCs56veb4ygb0R_5pyxis5space24cylindrical_to_cartesianpEB4_
FNDA:0,_RINvNtCs56veb4ygb0R_5pyxis5space24cylindrical_to_sphericalpEB4_
FNDA:0,_RINvNtCs56veb4ygb0R_5pyxis5space24spherical_to_cylindricalpEB4_
FNF:8
FNH:0
DA:20,0
DA:21,0
DA:22,0
DA:24,0
DA:25,0
DA:44,0
DA:45,0
DA:46,0
DA:48,0
DA:49,0
DA:73,0
DA:74,0
DA:75,0
DA:77,0
DA:78,0
DA:101,0
DA:102,0
DA:103,0
DA:105,0
DA:106,0
DA:107,0
DA:132,0
DA:133,0
DA:134,0
DA:136,0
DA:137,0
DA:162,0
DA:163,0
DA:164,0
DA:166,0
DA:167,0
DA:191,0
DA:192,0
DA:193,0
DA:195,0
DA:196,0
DA:221,0
DA:222,0
DA:223,0
DA:225,0
DA:226,0
BRF:0
BRH:0
LF:41
LH:0
end_of_record
SF:D:\project\pyxis\rust\crates\pyxis\src\types.rs
FN:37,_RNCNvNtCs56veb4ygb0R_5pyxis5types11GRS1980_F320B5_
FN:53,_RNCNvNtCs56veb4ygb0R_5pyxis5types11GRS1980_F640B5_
FN:39,_RNCNvNtCs56veb4ygb0R_5pyxis5types11IAG1975_F320B5_
FN:55,_RNCNvNtCs56veb4ygb0R_5pyxis5types11IAG1975_F640B5_
FN:41,_RNCNvNtCs56veb4ygb0R_5pyxis5types17KRASOVSKY1940_F320B5_
FN:57,_RNCNvNtCs56veb4ygb0R_5pyxis5types17KRASOVSKY1940_F640B5_
FN:43,_RNCNvNtCs56veb4ygb0R_5pyxis5types9WGS84_F320B5_
FN:59,_RNCNvNtCs56veb4ygb0R_5pyxis5types9WGS84_F640B5_
FNDA:0,_RNCNvNtCs56veb4ygb0R_5pyxis5types11GRS1980_F320B5_
FNDA:0,_RNCNvNtCs56veb4ygb0R_5pyxis5types11GRS1980_F640B5_
FNDA:0,_RNCNvNtCs56veb4ygb0R_5pyxis5types11IAG1975_F320B5_
FNDA:0,_RNCNvNtCs56veb4ygb0R_5pyxis5types11IAG1975_F640B5_
FNDA:0,_RNCNvNtCs56veb4ygb0R_5pyxis5types17KRASOVSKY1940_F320B5_
FNDA:0,_RNCNvNtCs56veb4ygb0R_5pyxis5types17KRASOVSKY1940_F640B5_
FNDA:0,_RNCNvNtCs56veb4ygb0R_5pyxis5types9WGS84_F320B5_
FNDA:0,_RNCNvNtCs56veb4ygb0R_5pyxis5types9WGS84_F640B5_
FNF:8
FNH:0
DA:37,0
DA:39,0
DA:41,0
DA:43,0
DA:53,0
DA:55,0
DA:57,0
DA:59,0
BRF:0
BRH:0
LF:8
LH:0
end_of_record