SF:D:\project\pyxis\rust-cuda\src\context.rs
FN:128,_RNvMs0_NtCseZzw2mis13J_10pyxis_cuda7contextNtB5_16PyxisCudaContext14set_block_size
FN:47,_RNvMs_NtCseZzw2mis13J_10pyxis_cuda7contextNtB4_16PyxisCudaContext14set_size_limit
FN:53,_RNvMs_NtCseZzw2mis13J_10pyxis_cuda7contextNtB4_16PyxisCudaContext15set_count_limit
FN:153,_RINvMs1_NtCseZzw2mis13J_10pyxis_cuda7contextNtB6_16PyxisCudaContext12get_functiondEB8_
FN:29,_RNvMNtCseZzw2mis13J_10pyxis_cuda7contextNtB2_16PyxisCudaContext3new
FN:138,_RNvMs0_NtCseZzw2mis13J_10pyxis_cuda7contextNtB5_16PyxisCudaContext14get_grid_block
FN:166,_RNvMs1_NtCseZzw2mis13J_10pyxis_cuda7contextNtB5_16PyxisCudaContext24device_buffer_from_slice
FN:77,_RNvMs_NtCseZzw2mis13J_10pyxis_cuda7contextNtB4_16PyxisCudaContext10add_module
FN:59,_RNvMs_NtCseZzw2mis13J_10pyxis_cuda7contextNtB4_16PyxisCudaContext10get_module
FN:115,_RNvMs_NtCseZzw2mis13J_10pyxis_cuda7contextNtB4_16PyxisCudaContext18remove_last_module
FN:153,_RINvMs1_NtCsbTFvTAdqMtr_10pyxis_cuda7contextNtB6_16PyxisCudaContext12get_functiondEB8_
FN:29,_RNvMNtCsbTFvTAdqMtr_10pyxis_cuda7contextNtB2_16PyxisCudaContext3new
FN:138,_RNvMs0_NtCsbTFvTAdqMtr_10pyxis_cuda7contextNtB5_16PyxisCudaContext14get_grid_block
FN:166,_RNvMs1_NtCsbTFvTAdqMtr_10pyxis_cuda7contextNtB5_16PyxisCudaContext24device_buffer_from_slice
FN:77,_RNvMs_NtCsbTFvTAdqMtr_10pyxis_cuda7contextNtB4_16PyxisCudaContext10add_module
FN:59,_RNvMs_NtCsbTFvTAdqMtr_10pyxis_cuda7contextNtB4_16PyxisCudaContext10get_module
FN:115,_RNvMs_NtCsbTFvTAdqMtr_10pyxis_cuda7contextNtB4_16PyxisCudaContext18remove_last_module
FN:128,_RNvMs0_NtCsbTFvTAdqMtr_10pyxis_cuda7contextNtB5_16PyxisCudaContext14set_block_size
FN:47,_RNvMs_NtCsbTFvTAdqMtr_10pyxis_cuda7contextNtB4_16PyxisCudaContext14set_size_limit
FN:53,_RNvMs_NtCsbTFvTAdqMtr_10pyxis_cuda7contextNtB4_16PyxisCudaContext15set_count_limit
FN:29,_RNvMNtCsbRh8zr4mWo7_10pyxis_cuda7contextNtB2_16PyxisCudaContext3new
FN:138,_RNvMs0_NtCsbRh8zr4mWo7_10pyxis_cuda7contextNtB5_16PyxisCudaContext14get_grid_block
FN:166,_RNvMs1_NtCsbRh8zr4mWo7_10pyxis_cuda7contextNtB5_16PyxisCudaContext24device_buffer_from_slice
FN:77,_RNvMs_NtCsbRh8zr4mWo7_10pyxis_cuda7contextNtB4_16PyxisCudaContext10add_module
FN:59,_RNvMs_NtCsbRh8zr4mWo7_10pyxis_cuda7contextNtB4_16PyxisCudaContext10get_module
FN:115,_RNvMs_NtCsbRh8zr4mWo7_10pyxis_cuda7contextNtB4_16PyxisCudaContext18remove_last_module
FN:153,_RINvMs1_NtCsbRh8zr4mWo7_10pyxis_cuda7contextNtB6_16PyxisCudaContext12get_functiondEB8_
FN:128,_RNvMs0_NtCsbRh8zr4mWo7_10pyxis_cuda7contextNtB5_16PyxisCudaContext14set_block_size
FN:47,_RNvMs_NtCsbRh8zr4mWo7_10pyxis_cuda7contextNtB4_16PyxisCudaContext14set_size_limit
FN:53,_RNvMs_NtCsbRh8zr4mWo7_10pyxis_cuda7contextNtB4_16PyxisCudaContext15set_count_limit
FNDA:0,_RNvMs0_NtCseZzw2mis13J_10pyxis_cuda7contextNtB5_16PyxisCudaContext14set_block_size
FNDA:0,_RNvMs_NtCseZzw2mis13J_10pyxis_cuda7contextNtB4_16PyxisCudaContext14set_size_limit
FNDA:0,_RNvMs_NtCseZzw2mis13J_10pyxis_cuda7contextNtB4_16PyxisCudaContext15set_count_limit
FNDA:13,_RINvMs1_NtCseZzw2mis13J_10pyxis_cuda7contextNtB6_16PyxisCudaContext12get_functiondEB8_
FNDA:11,_RNvMNtCseZzw2mis13J_10pyxis_cuda7contextNtB2_16PyxisCudaContext3new
FNDA:13,_RNvMs0_NtCseZzw2mis13J_10pyxis_cuda7contextNtB5_16PyxisCudaContext14get_grid_block
FNDA:26,_RNvMs1_NtCseZzw2mis13J_10pyxis_cuda7contextNtB5_16PyxisCudaContext24device_buffer_from_slice
FNDA:11,_RNvMs_NtCseZzw2mis13J_10pyxis_cuda7contextNtB4_16PyxisCudaContext10add_module
FNDA:13,_RNvMs_NtCseZzw2mis13J_10pyxis_cuda7contextNtB4_16PyxisCudaContext10get_module
FNDA:0,_RNvMs_NtCseZzw2mis13J_10pyxis_cuda7contextNtB4_16PyxisCudaContext18remove_last_module
FNDA:0,_RINvMs1_NtCsbTFvTAdqMtr_10pyxis_cuda7contextNtB6_16PyxisCudaContext12get_functiondEB8_
FNDA:0,_RNvMNtCsbTFvTAdqMtr_10pyxis_cuda7contextNtB2_16PyxisCudaContext3new
FNDA:0,_RNvMs0_NtCsbTFvTAdqMtr_10pyxis_cuda7contextNtB5_16PyxisCudaContext14get_grid_block
FNDA:0,_RNvMs1_NtCsbTFvTAdqMtr_10pyxis_cuda7contextNtB5_16PyxisCudaContext24device_buffer_from_slice
FNDA:0,_RNvMs_NtCsbTFvTAdqMtr_10pyxis_cuda7contextNtB4_16PyxisCudaContext10add_module
FNDA:0,_RNvMs_NtCsbTFvTAdqMtr_10pyxis_cuda7contextNtB4_16PyxisCudaContext10get_module
FNDA:0,_RNvMs_NtCsbTFvTAdqMtr_10pyxis_cuda7contextNtB4_16PyxisCudaContext18remove_last_module
FNDA:0,_RNvMs0_NtCsbTFvTAdqMtr_10pyxis_cuda7contextNtB5_16PyxisCudaContext14set_block_size
FNDA:0,_RNvMs_NtCsbTFvTAdqMtr_10pyxis_cuda7contextNtB4_16PyxisCudaContext14set_size_limit
FNDA:0,_RNvMs_NtCsbTFvTAdqMtr_10pyxis_cuda7contextNtB4_16PyxisCudaContext15set_count_limit
FNDA:30,_RNvMNtCsbRh8zr4mWo7_10pyxis_cuda7contextNtB2_16PyxisCudaContext3new
FNDA:34,_RNvMs0_NtCsbRh8zr4mWo7_10pyxis_cuda7contextNtB5_16PyxisCudaContext14get_grid_block
FNDA:68,_RNvMs1_NtCsbRh8zr4mWo7_10pyxis_cuda7contextNtB5_16PyxisCudaContext24device_buffer_from_slice
FNDA:30,_RNvMs_NtCsbRh8zr4mWo7_10pyxis_cuda7contextNtB4_16PyxisCudaContext10add_module
FNDA:34,_RNvMs_NtCsbRh8zr4mWo7_10pyxis_cuda7contextNtB4_16PyxisCudaContext10get_module
FNDA:0,_RNvMs_NtCsbRh8zr4mWo7_10pyxis_cuda7contextNtB4_16PyxisCudaContext18remove_last_module
FNDA:34,_RINvMs1_NtCsbRh8zr4mWo7_10pyxis_cuda7contextNtB6_16PyxisCudaContext12get_functiondEB8_
FNDA:0,_RNvMs0_NtCsbRh8zr4mWo7_10pyxis_cuda7contextNtB5_16PyxisCudaContext14set_block_size
FNDA:0,_RNvMs_NtCsbRh8zr4mWo7_10pyxis_cuda7contextNtB4_16PyxisCudaContext14set_size_limit
FNDA:0,_RNvMs_NtCsbRh8zr4mWo7_10pyxis_cuda7contextNtB4_16PyxisCudaContext15set_count_limit
FNF:10
FNH:6
DA:29,41
DA:30,11
DA:31,41
DA:32,41
DA:33,41
DA:34,41
DA:35,41
DA:36,41
DA:37,41
DA:38,41
DA:39,41
DA:40,41
DA:41,41
DA:42,41
DA:47,0
DA:48,0
DA:49,0
DA:50,0
DA:51,0
DA:53,0
DA:54,0
DA:55,0
DA:56,0
DA:57,0
DA:59,47
DA:61,13
DA:62,47
DA:63,41
DA:64,41
DA:65,41
DA:68,47
DA:69,47
DA:70,47
DA:71,47
DA:72,47
DA:73,47
DA:74,47
DA:75,47
DA:76,47
DA:77,41
DA:79,11
DA:87,41
DA:88,0
DA:89,0
DA:90,0
DA:91,0
DA:92,41
DA:94,41
DA:95,41
DA:96,0
DA:97,0
DA:98,0
DA:99,0
DA:100,0
DA:101,0
DA:102,0
DA:103,0
DA:105,41
DA:106,41
DA:107,41
DA:108,41
DA:109,41
DA:110,41
DA:111,41
DA:112,41
DA:113,41
DA:114,41
DA:115,0
DA:116,0
DA:117,0
DA:118,0
DA:119,0
DA:120,0
DA:121,0
DA:122,0
DA:123,0
DA:128,0
DA:129,0
DA:130,0
DA:131,0
DA:132,0
DA:138,47
DA:139,47
DA:140,47
DA:141,47
DA:142,13
DA:148,47
DA:149,47
DA:153,47
DA:154,47
DA:155,47
DA:156,47
DA:157,47
DA:160,47
DA:161,47
DA:162,47
DA:163,0
DA:165,47
DA:166,94
DA:167,94
DA:168,94
BRDA:62,0,0,11
BRDA:62,0,1,2
BRDA:62,1,2,-
BRDA:62,1,3,-
BRDA:62,2,4,30
BRDA:62,2,5,4
BRDA:87,0,0,0
BRDA:87,0,1,11
BRDA:87,1,2,-
BRDA:87,1,3,-
BRDA:87,2,4,0
BRDA:87,2,5,30
BRDA:88,0,0,-
BRDA:88,0,1,-
BRDA:88,1,2,-
BRDA:88,1,3,-
BRDA:88,2,4,-
BRDA:88,2,5,-
BRDA:94,0,0,11
BRDA:94,0,1,0
BRDA:94,1,2,-
BRDA:94,1,3,-
BRDA:94,2,4,30
BRDA:94,2,5,0
BRDA:95,0,0,0
BRDA:95,0,1,11
BRDA:95,1,2,-
BRDA:95,1,3,-
BRDA:95,2,4,0
BRDA:95,2,5,30
BRDA:116,0,0,-
BRDA:116,0,1,-
BRDA:116,1,2,-
BRDA:116,1,3,-
BRDA:116,2,4,-
BRDA:116,2,5,-
BRDA:117,0,0,-
BRDA:117,0,1,-
BRDA:117,1,2,-
BRDA:117,1,3,-
BRDA:117,2,4,-
BRDA:117,2,5,-
BRDA:161,0,0,0
BRDA:161,0,1,13
BRDA:161,1,2,-
BRDA:161,1,3,-
BRDA:161,2,4,0
BRDA:161,2,5,34
BRDA:162,0,0,13
BRDA:162,0,1,0
BRDA:162,1,2,-
BRDA:162,1,3,-
BRDA:162,2,4,34
BRDA:162,2,5,0
BRF:18
BRH:7
LF:101
LH:64
end_of_record
SF:D:\project\pyxis\rust-cuda\src\crypto_cuda.rs
FN:408,_RNCNvNtNtCseZzw2mis13J_10pyxis_cuda11crypto_cuda4tests_15test_exact_cuda0B7_
FN:416,_RNCNvNtNtCseZzw2mis13J_10pyxis_cuda11crypto_cuda4tests_15test_exact_cudas0_0B7_
FN:421,_RNCNvNtNtCseZzw2mis13J_10pyxis_cuda11crypto_cuda4tests_15test_exact_cudas1_0B7_
FN:426,_RNCNvNtNtCseZzw2mis13J_10pyxis_cuda11crypto_cuda4tests_15test_exact_cudas2_0B7_
FN:431,_RNCNvNtNtCseZzw2mis13J_10pyxis_cuda11crypto_cuda4tests_15test_exact_cudas3_0B7_
FN:458,_RNCNvNtNtCseZzw2mis13J_10pyxis_cuda11crypto_cuda4tests_15test_exact_cudas4_0B7_
FN:495,_RNCNvNtNtCseZzw2mis13J_10pyxis_cuda11crypto_cuda4tests_15test_exact_cudas5_0B7_
FN:532,_RNCNvNtNtCseZzw2mis13J_10pyxis_cuda11crypto_cuda4tests_15test_exact_cudas6_0B7_
FN:411,_RNCNvNtNtCseZzw2mis13J_10pyxis_cuda11crypto_cuda4tests_15test_exact_cudas_0B7_
FN:164,_RINvMNtCseZzw2mis13J_10pyxis_cuda11crypto_cudaNtNtB5_7context16PyxisCudaContext17crypto_exact_cudadEB5_
FN:15,_RINvMNtCseZzw2mis13J_10pyxis_cuda11crypto_cudaNtNtB5_7context16PyxisCudaContext18bd09_to_gcj02_cudadEB5_
FN:139,_RINvMNtCseZzw2mis13J_10pyxis_cuda11crypto_cudaNtNtB5_7context16PyxisCudaContext18bd09_to_wgs84_cudadEB5_
FN:39,_RINvMNtCseZzw2mis13J_10pyxis_cuda11crypto_cudaNtNtB5_7context16PyxisCudaContext18gcj02_to_bd09_cudadEB5_
FN:114,_RINvMNtCseZzw2mis13J_10pyxis_cuda11crypto_cudaNtNtB5_7context16PyxisCudaContext18wgs84_to_bd09_cudadEB5_
FN:64,_RINvMNtCseZzw2mis13J_10pyxis_cuda11crypto_cudaNtNtB5_7context16PyxisCudaContext19gcj02_to_wgs84_cudadEB5_
FN:89,_RINvMNtCseZzw2mis13J_10pyxis_cuda11crypto_cudaNtNtB5_7context16PyxisCudaContext19wgs84_to_gcj02_cudadEB5_
FN:403,_RNvNtNtCseZzw2mis13J_10pyxis_cuda11crypto_cuda4tests_15test_exact_cuda
FN:221,_RNvNtNtCseZzw2mis13J_10pyxis_cuda11crypto_cuda4tests_23test_bd09_to_gcj02_cuda
FN:307,_RNvNtNtCseZzw2mis13J_10pyxis_cuda11crypto_cuda4tests_23test_bd09_to_wgs84_cuda
FN:239,_RNvNtNtCseZzw2mis13J_10pyxis_cuda11crypto_cuda4tests_23test_gcj02_to_bd09_cuda
FN:291,_RNvNtNtCseZzw2mis13J_10pyxis_cuda11crypto_cuda4tests_23test_wgs84_to_bd09_cuda
FN:256,_RNvNtNtCseZzw2mis13J_10pyxis_cuda11crypto_cuda4tests_24test_gcj02_to_wgs84_cuda
FN:274,_RNvNtNtCseZzw2mis13J_10pyxis_cuda11crypto_cuda4tests_24test_wgs84_to_gcj02_cuda
FN:351,_RNvNtNtCseZzw2mis13J_10pyxis_cuda11crypto_cuda4tests_29test_bd09_to_gcj02_exact_cuda
FN:325,_RNvNtNtCseZzw2mis13J_10pyxis_cuda11crypto_cuda4tests_29test_bd09_to_wgs84_exact_cuda
FN:377,_RNvNtNtCseZzw2mis13J_10pyxis_cuda11crypto_cuda4tests_30test_gcj02_to_wgs84_exact_cuda
FN:403,_RNvNtNtCsbTFvTAdqMtr_10pyxis_cuda11crypto_cuda4tests_15test_exact_cuda
FN:221,_RNvNtNtCsbTFvTAdqMtr_10pyxis_cuda11crypto_cuda4tests_23test_bd09_to_gcj02_cuda
FN:307,_RNvNtNtCsbTFvTAdqMtr_10pyxis_cuda11crypto_cuda4tests_23test_bd09_to_wgs84_cuda
FN:239,_RNvNtNtCsbTFvTAdqMtr_10pyxis_cuda11crypto_cuda4tests_23test_gcj02_to_bd09_cuda
FN:291,_RNvNtNtCsbTFvTAdqMtr_10pyxis_cuda11crypto_cuda4tests_23test_wgs84_to_bd09_cuda
FN:256,_RNvNtNtCsbTFvTAdqMtr_10pyxis_cuda11crypto_cuda4tests_24test_gcj02_to_wgs84_cuda
FN:274,_RNvNtNtCsbTFvTAdqMtr_10pyxis_cuda11crypto_cuda4tests_24test_wgs84_to_gcj02_cuda
FN:351,_RNvNtNtCsbTFvTAdqMtr_10pyxis_cuda11crypto_cuda4tests_29test_bd09_to_gcj02_exact_cuda
FN:325,_RNvNtNtCsbTFvTAdqMtr_10pyxis_cuda11crypto_cuda4tests_29test_bd09_to_wgs84_exact_cuda
FN:377,_RNvNtNtCsbTFvTAdqMtr_10pyxis_cuda11crypto_cuda4tests_30test_gcj02_to_wgs84_exact_cuda
FN:164,_RINvMNtCsbTFvTAdqMtr_10pyxis_cuda11crypto_cudaNtNtB5_7context16PyxisCudaContext17crypto_exact_cudadEB5_
FN:15,_RINvMNtCsbTFvTAdqMtr_10pyxis_cuda11crypto_cudaNtNtB5_7context16PyxisCudaContext18bd09_to_gcj02_cudadEB5_
FN:139,_RINvMNtCsbTFvTAdqMtr_10pyxis_cuda11crypto_cudaNtNtB5_7context16PyxisCudaContext18bd09_to_wgs84_cudadEB5_
FN:39,_RINvMNtCsbTFvTAdqMtr_10pyxis_cuda11crypto_cudaNtNtB5_7context16PyxisCudaContext18gcj02_to_bd09_cudadEB5_
FN:114,_RINvMNtCsbTFvTAdqMtr_10pyxis_cuda11crypto_cudaNtNtB5_7context16PyxisCudaContext18wgs84_to_bd09_cudadEB5_
FN:64,_RINvMNtCsbTFvTAdqMtr_10pyxis_cuda11crypto_cudaNtNtB5_7context16PyxisCudaContext19gcj02_to_wgs84_cudadEB5_
FN:89,_RINvMNtCsbTFvTAdqMtr_10pyxis_cuda11crypto_cudaNtNtB5_7context16PyxisCudaContext19wgs84_to_gcj02_cudadEB5_
FN:408,_RNCNvNtNtCsbTFvTAdqMtr_10pyxis_cuda11crypto_cuda4tests_15test_exact_cuda0B7_
FN:416,_RNCNvNtNtCsbTFvTAdqMtr_10pyxis_cuda11crypto_cuda4tests_15test_exact_cudas0_0B7_
FN:421,_RNCNvNtNtCsbTFvTAdqMtr_10pyxis_cuda11crypto_cuda4tests_15test_exact_cudas1_0B7_
FN:426,_RNCNvNtNtCsbTFvTAdqMtr_10pyxis_cuda11crypto_cuda4tests_15test_exact_cudas2_0B7_
FN:431,_RNCNvNtNtCsbTFvTAdqMtr_10pyxis_cuda11crypto_cuda4tests_15test_exact_cudas3_0B7_
FN:458,_RNCNvNtNtCsbTFvTAdqMtr_10pyxis_cuda11crypto_cuda4tests_15test_exact_cudas4_0B7_
FN:495,_RNCNvNtNtCsbTFvTAdqMtr_10pyxis_cuda11crypto_cuda4tests_15test_exact_cudas5_0B7_
FN:532,_RNCNvNtNtCsbTFvTAdqMtr_10pyxis_cuda11crypto_cuda4tests_15test_exact_cudas6_0B7_
FN:411,_RNCNvNtNtCsbTFvTAdqMtr_10pyxis_cuda11crypto_cuda4tests_15test_exact_cudas_0B7_
FN:164,_RINvMNtCsbRh8zr4mWo7_10pyxis_cuda11crypto_cudaNtNtB5_7context16PyxisCudaContext17crypto_exact_cudadEB5_
FN:15,_RINvMNtCsbRh8zr4mWo7_10pyxis_cuda11crypto_cudaNtNtB5_7context16PyxisCudaContext18bd09_to_gcj02_cudadEB5_
FN:139,_RINvMNtCsbRh8zr4mWo7_10pyxis_cuda11crypto_cudaNtNtB5_7context16PyxisCudaContext18bd09_to_wgs84_cudadEB5_
FN:39,_RINvMNtCsbRh8zr4mWo7_10pyxis_cuda11crypto_cudaNtNtB5_7context16PyxisCudaContext18gcj02_to_bd09_cudadEB5_
FN:114,_RINvMNtCsbRh8zr4mWo7_10pyxis_cuda11crypto_cudaNtNtB5_7context16PyxisCudaContext18wgs84_to_bd09_cudadEB5_
FN:64,_RINvMNtCsbRh8zr4mWo7_10pyxis_cuda11crypto_cudaNtNtB5_7context16PyxisCudaContext19gcj02_to_wgs84_cudadEB5_
FN:89,_RINvMNtCsbRh8zr4mWo7_10pyxis_cuda11crypto_cudaNtNtB5_7context16PyxisCudaContext19wgs84_to_gcj02_cudadEB5_
FN:408,_RNCNvNtNtCsbRh8zr4mWo7_10pyxis_cuda11crypto_cuda4tests_15test_exact_cuda0B7_
FN:416,_RNCNvNtNtCsbRh8zr4mWo7_10pyxis_cuda11crypto_cuda4tests_15test_exact_cudas0_0B7_
FN:421,_RNCNvNtNtCsbRh8zr4mWo7_10pyxis_cuda11crypto_cuda4tests_15test_exact_cudas1_0B7_
FN:426,_RNCNvNtNtCsbRh8zr4mWo7_10pyxis_cuda11crypto_cuda4tests_15test_exact_cudas2_0B7_
FN:431,_RNCNvNtNtCsbRh8zr4mWo7_10pyxis_cuda11crypto_cuda4tests_15test_exact_cudas3_0B7_
FN:458,_RNCNvNtNtCsbRh8zr4mWo7_10pyxis_cuda11crypto_cuda4tests_15test_exact_cudas4_0B7_
FN:495,_RNCNvNtNtCsbRh8zr4mWo7_10pyxis_cuda11crypto_cuda4tests_15test_exact_cudas5_0B7_
FN:532,_RNCNvNtNtCsbRh8zr4mWo7_10pyxis_cuda11crypto_cuda4tests_15test_exact_cudas6_0B7_
FN:411,_RNCNvNtNtCsbRh8zr4mWo7_10pyxis_cuda11crypto_cuda4tests_15test_exact_cudas_0B7_
FN:403,_RNvNtNtCsbRh8zr4mWo7_10pyxis_cuda11crypto_cuda4tests_15test_exact_cuda
FN:221,_RNvNtNtCsbRh8zr4mWo7_10pyxis_cuda11crypto_cuda4tests_23test_bd09_to_gcj02_cuda
FN:307,_RNvNtNtCsbRh8zr4mWo7_10pyxis_cuda11crypto_cuda4tests_23test_bd09_to_wgs84_cuda
FN:239,_RNvNtNtCsbRh8zr4mWo7_10pyxis_cuda11crypto_cuda4tests_23test_gcj02_to_bd09_cuda
FN:291,_RNvNtNtCsbRh8zr4mWo7_10pyxis_cuda11crypto_cuda4tests_23test_wgs84_to_bd09_cuda
FN:256,_RNvNtNtCsbRh8zr4mWo7_10pyxis_cuda11crypto_cuda4tests_24test_gcj02_to_wgs84_cuda
FN:274,_RNvNtNtCsbRh8zr4mWo7_10pyxis_cuda11crypto_cuda4tests_24test_wgs84_to_gcj02_cuda
FN:351,_RNvNtNtCsbRh8zr4mWo7_10pyxis_cuda11crypto_cuda4tests_29test_bd09_to_gcj02_exact_cuda
FN:325,_RNvNtNtCsbRh8zr4mWo7_10pyxis_cuda11crypto_cuda4tests_29test_bd09_to_wgs84_exact_cuda
FN:377,_RNvNtNtCsbRh8zr4mWo7_10pyxis_cuda11crypto_cuda4tests_30test_gcj02_to_wgs84_exact_cuda
FNDA:150000,_RNCNvNtNtCseZzw2mis13J_10pyxis_cuda11crypto_cuda4tests_15test_exact_cuda0B7_
FNDA:150000,_RNCNvNtNtCseZzw2mis13J_10pyxis_cuda11crypto_cuda4tests_15test_exact_cudas0_0B7_
FNDA:150000,_RNCNvNtNtCseZzw2mis13J_10pyxis_cuda11crypto_cuda4tests_15test_exact_cudas1_0B7_
FNDA:150000,_RNCNvNtNtCseZzw2mis13J_10pyxis_cuda11crypto_cuda4tests_15test_exact_cudas2_0B7_
FNDA:150000,_RNCNvNtNtCseZzw2mis13J_10pyxis_cuda11crypto_cuda4tests_15test_exact_cudas3_0B7_
FNDA:150000,_RNCNvNtNtCseZzw2mis13J_10pyxis_cuda11crypto_cuda4tests_15test_exact_cudas4_0B7_
FNDA:150000,_RNCNvNtNtCseZzw2mis13J_10pyxis_cuda11crypto_cuda4tests_15test_exact_cudas5_0B7_
FNDA:150000,_RNCNvNtNtCseZzw2mis13J_10pyxis_cuda11crypto_cuda4tests_15test_exact_cudas6_0B7_
FNDA:150000,_RNCNvNtNtCseZzw2mis13J_10pyxis_cuda11crypto_cuda4tests_15test_exact_cudas_0B7_
FNDA:6,_RINvMNtCseZzw2mis13J_10pyxis_cuda11crypto_cudaNtNtB5_7context16PyxisCudaContext17crypto_exact_cudadEB5_
FNDA:1,_RINvMNtCseZzw2mis13J_10pyxis_cuda11crypto_cudaNtNtB5_7context16PyxisCudaContext18bd09_to_gcj02_cudadEB5_
FNDA:1,_RINvMNtCseZzw2mis13J_10pyxis_cuda11crypto_cudaNtNtB5_7context16PyxisCudaContext18bd09_to_wgs84_cudadEB5_
FNDA:1,_RINvMNtCseZzw2mis13J_10pyxis_cuda11crypto_cudaNtNtB5_7context16PyxisCudaContext18gcj02_to_bd09_cudadEB5_
FNDA:1,_RINvMNtCseZzw2mis13J_10pyxis_cuda11crypto_cudaNtNtB5_7context16PyxisCudaContext18wgs84_to_bd09_cudadEB5_
FNDA:1,_RINvMNtCseZzw2mis13J_10pyxis_cuda11crypto_cudaNtNtB5_7context16PyxisCudaContext19gcj02_to_wgs84_cudadEB5_
FNDA:1,_RINvMNtCseZzw2mis13J_10pyxis_cuda11crypto_cudaNtNtB5_7context16PyxisCudaContext19wgs84_to_gcj02_cudadEB5_
FNDA:1,_RNvNtNtCseZzw2mis13J_10pyxis_cuda11crypto_cuda4tests_15test_exact_cuda
FNDA:1,_RNvNtNtCseZzw2mis13J_10pyxis_cuda11crypto_cuda4tests_23test_bd09_to_gcj02_cuda
FNDA:1,_RNvNtNtCseZzw2mis13J_10pyxis_cuda11crypto_cuda4tests_23test_bd09_to_wgs84_cuda
FNDA:1,_RNvNtNtCseZzw2mis13J_10pyxis_cuda11crypto_cuda4tests_23test_gcj02_to_bd09_cuda
FNDA:1,_RNvNtNtCseZzw2mis13J_10pyxis_cuda11crypto_cuda4tests_23test_wgs84_to_bd09_cuda
FNDA:1,_RNvNtNtCseZzw2mis13J_10pyxis_cuda11crypto_cuda4tests_24test_gcj02_to_wgs84_cuda
FNDA:1,_RNvNtNtCseZzw2mis13J_10pyxis_cuda11crypto_cuda4tests_24test_wgs84_to_gcj02_cuda
FNDA:1,_RNvNtNtCseZzw2mis13J_10pyxis_cuda11crypto_cuda4tests_29test_bd09_to_gcj02_exact_cuda
FNDA:1,_RNvNtNtCseZzw2mis13J_10pyxis_cuda11crypto_cuda4tests_29test_bd09_to_wgs84_exact_cuda
FNDA:1,_RNvNtNtCseZzw2mis13J_10pyxis_cuda11crypto_cuda4tests_30test_gcj02_to_wgs84_exact_cuda
FNDA:0,_RNvNtNtCsbTFvTAdqMtr_10pyxis_cuda11crypto_cuda4tests_15test_exact_cuda
FNDA:0,_RNvNtNtCsbTFvTAdqMtr_10pyxis_cuda11crypto_cuda4tests_23test_bd09_to_gcj02_cuda
FNDA:0,_RNvNtNtCsbTFvTAdqMtr_10pyxis_cuda11crypto_cuda4tests_23test_bd09_to_wgs84_cuda
FNDA:0,_RNvNtNtCsbTFvTAdqMtr_10pyxis_cuda11crypto_cuda4tests_23test_gcj02_to_bd09_cuda
FNDA:0,_RNvNtNtCsbTFvTAdqMtr_10pyxis_cuda11crypto_cuda4tests_23test_wgs84_to_bd09_cuda
FNDA:0,_RNvNtNtCsbTFvTAdqMtr_10pyxis_cuda11crypto_cuda4tests_24test_gcj02_to_wgs84_cuda
FNDA:0,_RNvNtNtCsbTFvTAdqMtr_10pyxis_cuda11crypto_cuda4tests_24test_wgs84_to_gcj02_cuda
FNDA:0,_RNvNtNtCsbTFvTAdqMtr_10pyxis_cuda11crypto_cuda4tests_29test_bd09_to_gcj02_exact_cuda
FNDA:0,_RNvNtNtCsbTFvTAdqMtr_10pyxis_cuda11crypto_cuda4tests_29test_bd09_to_wgs84_exact_cuda
FNDA:0,_RNvNtNtCsbTFvTAdqMtr_10pyxis_cuda11crypto_cuda4tests_30test_gcj02_to_wgs84_exact_cuda
FNDA:0,_RINvMNtCsbTFvTAdqMtr_10pyxis_cuda11crypto_cudaNtNtB5_7context16PyxisCudaContext17crypto_exact_cudadEB5_
FNDA:0,_RINvMNtCsbTFvTAdqMtr_10pyxis_cuda11crypto_cudaNtNtB5_7context16PyxisCudaContext18bd09_to_gcj02_cudadEB5_
FNDA:0,_RINvMNtCsbTFvTAdqMtr_10pyxis_cuda11crypto_cudaNtNtB5_7context16PyxisCudaContext18bd09_to_wgs84_cudadEB5_
FNDA:0,_RINvMNtCsbTFvTAdqMtr_10pyxis_cuda11crypto_cudaNtNtB5_7context16PyxisCudaContext18gcj02_to_bd09_cudadEB5_
FNDA:0,_RINvMNtCsbTFvTAdqMtr_10pyxis_cuda11crypto_cudaNtNtB5_7context16PyxisCudaContext18wgs84_to_bd09_cudadEB5_
FNDA:0,_RINvMNtCsbTFvTAdqMtr_10pyxis_cuda11crypto_cudaNtNtB5_7context16PyxisCudaContext19gcj02_to_wgs84_cudadEB5_
FNDA:0,_RINvMNtCsbTFvTAdqMtr_10pyxis_cuda11crypto_cudaNtNtB5_7context16PyxisCudaContext19wgs84_to_gcj02_cudadEB5_
FNDA:0,_RNCNvNtNtCsbTFvTAdqMtr_10pyxis_cuda11crypto_cuda4tests_15test_exact_cuda0B7_
FNDA:0,_RNCNvNtNtCsbTFvTAdqMtr_10pyxis_cuda11crypto_cuda4tests_15test_exact_cudas0_0B7_
FNDA:0,_RNCNvNtNtCsbTFvTAdqMtr_10pyxis_cuda11crypto_cuda4tests_15test_exact_cudas1_0B7_
FNDA:0,_RNCNvNtNtCsbTFvTAdqMtr_10pyxis_cuda11crypto_cuda4tests_15test_exact_cudas2_0B7_
FNDA:0,_RNCNvNtNtCsbTFvTAdqMtr_10pyxis_cuda11crypto_cuda4tests_15test_exact_cudas3_0B7_
FNDA:0,_RNCNvNtNtCsbTFvTAdqMtr_10pyxis_cuda11crypto_cuda4tests_15test_exact_cudas4_0B7_
FNDA:0,_RNCNvNtNtCsbTFvTAdqMtr_10pyxis_cuda11crypto_cuda4tests_15test_exact_cudas5_0B7_
FNDA:0,_RNCNvNtNtCsbTFvTAdqMtr_10pyxis_cuda11crypto_cuda4tests_15test_exact_cudas6_0B7_
FNDA:0,_RNCNvNtNtCsbTFvTAdqMtr_10pyxis_cuda11crypto_cuda4tests_15test_exact_cudas_0B7_
FNDA:12,_RINvMNtCsbRh8zr4mWo7_10pyxis_cuda11crypto_cudaNtNtB5_7context16PyxisCudaContext17crypto_exact_cudadEB5_
FNDA:2,_RINvMNtCsbRh8zr4mWo7_10pyxis_cuda11crypto_cudaNtNtB5_7context16PyxisCudaContext18bd09_to_gcj02_cudadEB5_
FNDA:2,_RINvMNtCsbRh8zr4mWo7_10pyxis_cuda11crypto_cudaNtNtB5_7context16PyxisCudaContext18bd09_to_wgs84_cudadEB5_
FNDA:2,_RINvMNtCsbRh8zr4mWo7_10pyxis_cuda11crypto_cudaNtNtB5_7context16PyxisCudaContext18gcj02_to_bd09_cudadEB5_
FNDA:2,_RINvMNtCsbRh8zr4mWo7_10pyxis_cuda11crypto_cudaNtNtB5_7context16PyxisCudaContext18wgs84_to_bd09_cudadEB5_
FNDA:2,_RINvMNtCsbRh8zr4mWo7_10pyxis_cuda11crypto_cudaNtNtB5_7context16PyxisCudaContext19gcj02_to_wgs84_cudadEB5_
FNDA:2,_RINvMNtCsbRh8zr4mWo7_10pyxis_cuda11crypto_cudaNtNtB5_7context16PyxisCudaContext19wgs84_to_gcj02_cudadEB5_
FNDA:300000,_RNCNvNtNtCsbRh8zr4mWo7_10pyxis_cuda11crypto_cuda4tests_15test_exact_cuda0B7_
FNDA:300000,_RNCNvNtNtCsbRh8zr4mWo7_10pyxis_cuda11crypto_cuda4tests_15test_exact_cudas0_0B7_
FNDA:300000,_RNCNvNtNtCsbRh8zr4mWo7_10pyxis_cuda11crypto_cuda4tests_15test_exact_cudas1_0B7_
FNDA:300000,_RNCNvNtNtCsbRh8zr4mWo7_10pyxis_cuda11crypto_cuda4tests_15test_exact_cudas2_0B7_
FNDA:300000,_RNCNvNtNtCsbRh8zr4mWo7_10pyxis_cuda11crypto_cuda4tests_15test_exact_cudas3_0B7_
FNDA:300000,_RNCNvNtNtCsbRh8zr4mWo7_10pyxis_cuda11crypto_cuda4tests_15test_exact_cudas4_0B7_
FNDA:300000,_RNCNvNtNtCsbRh8zr4mWo7_10pyxis_cuda11crypto_cuda4tests_15test_exact_cudas5_0B7_
FNDA:300000,_RNCNvNtNtCsbRh8zr4mWo7_10pyxis_cuda11crypto_cuda4tests_15test_exact_cudas6_0B7_
FNDA:300000,_RNCNvNtNtCsbRh8zr4mWo7_10pyxis_cuda11crypto_cuda4tests_15test_exact_cudas_0B7_
FNDA:2,_RNvNtNtCsbRh8zr4mWo7_10pyxis_cuda11crypto_cuda4tests_15test_exact_cuda
FNDA:2,_RNvNtNtCsbRh8zr4mWo7_10pyxis_cuda11crypto_cuda4tests_23test_bd09_to_gcj02_cuda
FNDA:2,_RNvNtNtCsbRh8zr4mWo7_10pyxis_cuda11crypto_cuda4tests_23test_bd09_to_wgs84_cuda
FNDA:2,_RNvNtNtCsbRh8zr4mWo7_10pyxis_cuda11crypto_cuda4tests_23test_gcj02_to_bd09_cuda
FNDA:2,_RNvNtNtCsbRh8zr4mWo7_10pyxis_cuda11crypto_cuda4tests_23test_wgs84_to_bd09_cuda
FNDA:2,_RNvNtNtCsbRh8zr4mWo7_10pyxis_cuda11crypto_cuda4tests_24test_gcj02_to_wgs84_cuda
FNDA:2,_RNvNtNtCsbRh8zr4mWo7_10pyxis_cuda11crypto_cuda4tests_24test_wgs84_to_gcj02_cuda
FNDA:2,_RNvNtNtCsbRh8zr4mWo7_10pyxis_cuda11crypto_cuda4tests_29test_bd09_to_gcj02_exact_cuda
FNDA:2,_RNvNtNtCsbRh8zr4mWo7_10pyxis_cuda11crypto_cuda4tests_29test_bd09_to_wgs84_exact_cuda
FNDA:2,_RNvNtNtCsbRh8zr4mWo7_10pyxis_cuda11crypto_cuda4tests_30test_gcj02_to_wgs84_exact_cuda
FNF:26
FNH:26
DA:15,3
DA:16,3
DA:17,3
DA:18,3
DA:19,3
DA:20,3
DA:21,3
DA:22,3
DA:23,3
DA:24,3
DA:25,3
DA:27,3
DA:28,3
DA:29,3
DA:30,3
DA:31,3
DA:32,3
DA:35,3
DA:37,3
DA:38,3
DA:39,3
DA:40,3
DA:41,3
DA:42,3
DA:43,3
DA:44,3
DA:45,3
DA:46,3
DA:47,3
DA:48,3
DA:49,3
DA:52,3
DA:53,3
DA:54,3
DA:55,3
DA:56,3
DA:57,3
DA:60,3
DA:62,3
DA:63,3
DA:64,3
DA:65,3
DA:66,3
DA:67,3
DA:68,3
DA:69,3
DA:70,3
DA:71,3
DA:72,3
DA:73,3
DA:74,3
DA:77,3
DA:78,3
DA:79,3
DA:80,3
DA:81,3
DA:82,3
DA:85,3
DA:87,3
DA:88,3
DA:89,3
DA:90,3
DA:91,3
DA:92,3
DA:93,3
DA:94,3
DA:95,3
DA:96,3
DA:97,3
DA:98,3
DA:99,3
DA:102,3
DA:103,3
DA:104,3
DA:105,3
DA:106,3
DA:107,3
DA:110,3
DA:112,3
DA:113,3
DA:114,3
DA:115,3
DA:116,3
DA:117,3
DA:118,3
DA:119,3
DA:120,3
DA:121,3
DA:122,3
DA:123,3
DA:124,3
DA:127,3
DA:128,3
DA:129,3
DA:130,3
DA:131,3
DA:132,3
DA:135,3
DA:137,3
DA:138,3
DA:139,3
DA:140,3
DA:141,3
DA:142,3
DA:143,3
DA:144,3
DA:145,3
DA:146,3
DA:147,3
DA:148,3
DA:149,3
DA:152,3
DA:153,3
DA:154,3
DA:155,3
DA:156,3
DA:157,3
DA:160,3
DA:162,3
DA:163,3
DA:164,18
DA:165,18
DA:166,18
DA:167,18
DA:168,18
DA:169,18
DA:170,18
DA:171,18
DA:172,18
DA:173,18
DA:174,18
DA:175,18
DA:176,18
DA:177,18
DA:179,6
DA:182,6
DA:185,6
DA:187,0
DA:189,18
DA:190,0
DA:191,18
DA:193,18
DA:194,18
DA:196,18
DA:197,18
DA:198,18
DA:199,18
DA:200,0
DA:201,0
DA:202,0
DA:203,18
DA:204,18
DA:207,18
DA:209,18
DA:210,18
DA:221,3
DA:222,3
DA:223,3
DA:224,3
DA:225,3
DA:226,3
DA:227,3
DA:228,3
DA:229,3
DA:230,3
DA:232,3
DA:233,3
DA:235,3
DA:236,3
DA:237,3
DA:239,3
DA:240,3
DA:241,3
DA:242,3
DA:243,3
DA:244,3
DA:245,3
DA:246,3
DA:247,3
DA:248,3
DA:249,3
DA:250,3
DA:251,3
DA:252,3
DA:253,3
DA:254,3
DA:256,3
DA:257,3
DA:258,3
DA:259,3
DA:260,3
DA:261,3
DA:262,3
DA:263,3
DA:264,3
DA:265,3
DA:267,3
DA:268,3
DA:270,3
DA:271,3
DA:272,3
DA:274,3
DA:275,3
DA:276,3
DA:277,3
DA:278,3
DA:279,3
DA:280,3
DA:281,3
DA:282,3
DA:283,3
DA:284,3
DA:285,3
DA:286,3
DA:287,3
DA:288,3
DA:289,3
DA:291,3
DA:292,3
DA:293,3
DA:294,3
DA:295,3
DA:296,3
DA:297,3
DA:298,3
DA:299,3
DA:301,3
DA:302,3
DA:303,3
DA:304,3
DA:305,3
DA:307,3
DA:308,3
DA:309,3
DA:310,3
DA:311,3
DA:312,3
DA:313,3
DA:314,3
DA:315,3
DA:316,3
DA:318,3
DA:319,3
DA:321,3
DA:322,3
DA:323,3
DA:325,3
DA:326,3
DA:327,3
DA:328,3
DA:329,3
DA:330,3
DA:331,3
DA:332,3
DA:333,3
DA:334,3
DA:335,3
DA:336,3
DA:337,3
DA:338,3
DA:339,3
DA:340,3
DA:341,3
DA:343,3
DA:344,3
DA:345,3
DA:346,3
DA:347,3
DA:348,3
DA:349,3
DA:351,3
DA:352,3
DA:353,3
DA:354,3
DA:355,3
DA:356,3
DA:357,3
DA:358,3
DA:359,3
DA:360,3
DA:361,3
DA:362,3
DA:363,3
DA:364,3
DA:365,3
DA:366,3
DA:367,3
DA:369,3
DA:370,3
DA:371,3
DA:372,3
DA:373,3
DA:374,3
DA:375,3
DA:377,3
DA:378,3
DA:379,3
DA:380,3
DA:381,3
DA:382,3
DA:383,3
DA:384,3
DA:385,3
DA:386,3
DA:387,3
DA:388,3
DA:389,3
DA:390,3
DA:391,3
DA:392,3
DA:393,3
DA:395,3
DA:396,3
DA:397,3
DA:398,3
DA:399,3
DA:400,3
DA:401,3
DA:403,3
DA:404,3
DA:405,3
DA:406,3
DA:407,3
DA:408,450000
DA:409,3
DA:410,3
DA:411,450000
DA:412,3
DA:413,3
DA:414,3
DA:415,3
DA:416,450000
DA:417,3
DA:418,3
DA:419,3
DA:420,3
DA:421,450000
DA:422,3
DA:423,3
DA:424,3
DA:425,3
DA:426,450000
DA:427,3
DA:428,3
DA:429,3
DA:430,3
DA:431,450000
DA:432,3
DA:434,3
DA:435,3
DA:436,3
DA:437,3
DA:438,3
DA:439,3
DA:440,3
DA:441,3
DA:442,3
DA:443,3
DA:444,3
DA:445,3
DA:446,3
DA:447,3
DA:448,3
DA:449,3
DA:450,3
DA:451,3
DA:452,3
DA:453,3
DA:454,3
DA:455,3
DA:456,3
DA:457,3
DA:458,450000
DA:459,450000
DA:460,450000
DA:461,450000
DA:462,450000
DA:463,450000
DA:464,3
DA:465,3
DA:466,3
DA:467,3
DA:468,3
DA:471,3
DA:472,3
DA:473,3
DA:474,3
DA:475,3
DA:476,3
DA:477,3
DA:478,3
DA:479,3
DA:480,3
DA:481,3
DA:482,3
DA:483,3
DA:484,3
DA:485,3
DA:486,3
DA:487,3
DA:488,3
DA:489,3
DA:490,3
DA:491,3
DA:492,3
DA:493,3
DA:494,3
DA:495,450000
DA:496,450000
DA:497,450000
DA:498,450000
DA:499,450000
DA:500,450000
DA:501,3
DA:502,3
DA:503,3
DA:504,3
DA:505,3
DA:508,3
DA:509,3
DA:510,3
DA:511,3
DA:512,3
DA:513,3
DA:514,3
DA:515,3
DA:516,3
DA:517,3
DA:518,3
DA:519,3
DA:520,3
DA:521,3
DA:522,3
DA:523,3
DA:524,3
DA:525,3
DA:526,3
DA:527,3
DA:528,3
DA:529,3
DA:530,3
DA:531,3
DA:532,450000
DA:533,450000
DA:534,450000
DA:535,450000
DA:536,450000
DA:537,450000
DA:538,3
DA:539,3
DA:540,3
DA:541,3
DA:542,3
DA:544,3
BRDA:406,0,0,0
BRDA:406,0,1,1
BRDA:406,1,2,-
BRDA:406,1,3,-
BRDA:406,2,4,0
BRDA:406,2,5,2
BRF:2
BRH:1
LF:463
LH:458
end_of_record
SF:D:\project\pyxis\rust-cuda\src\datum_compensate_cuda.rs
FN:14,_RINvMNtCseZzw2mis13J_10pyxis_cuda21datum_compensate_cudaNtNtB5_7context16PyxisCudaContext21datum_compensate_cudadINtNtCs3V5rvIypfPY_5pyxis16datum_compensate21DatumCompensateParamsdEEB5_
FN:51,_RNvNtNtCseZzw2mis13J_10pyxis_cuda21datum_compensate_cuda4tests_26test_datum_compensate_cuda
FN:14,_RINvMNtCsbTFvTAdqMtr_10pyxis_cuda21datum_compensate_cudaNtNtB5_7context16PyxisCudaContext21datum_compensate_cudadINtNtCs2Rb8TvYkNXQ_5pyxis16datum_compensate21DatumCompensateParamsdEEB5_
FN:51,_RNvNtNtCsbTFvTAdqMtr_10pyxis_cuda21datum_compensate_cuda4tests_26test_datum_compensate_cuda
FN:14,_RINvMNtCsbRh8zr4mWo7_10pyxis_cuda21datum_compensate_cudaNtNtB5_7context16PyxisCudaContext21datum_compensate_cudadINtNtCs56veb4ygb0R_5pyxis16datum_compensate21DatumCompensateParamsdEEB5_
FN:51,_RNvNtNtCsbRh8zr4mWo7_10pyxis_cuda21datum_compensate_cuda4tests_26test_datum_compensate_cuda
FNDA:1,_RINvMNtCseZzw2mis13J_10pyxis_cuda21datum_compensate_cudaNtNtB5_7context16PyxisCudaContext21datum_compensate_cudadINtNtCs3V5rvIypfPY_5pyxis16datum_compensate21DatumCompensateParamsdEEB5_
FNDA:1,_RNvNtNtCseZzw2mis13J_10pyxis_cuda21datum_compensate_cuda4tests_26test_datum_compensate_cuda
FNDA:0,_RINvMNtCsbTFvTAdqMtr_10pyxis_cuda21datum_compensate_cudaNtNtB5_7context16PyxisCudaContext21datum_compensate_cudadINtNtCs2Rb8TvYkNXQ_5pyxis16datum_compensate21DatumCompensateParamsdEEB5_
FNDA:0,_RNvNtNtCsbTFvTAdqMtr_10pyxis_cuda21datum_compensate_cuda4tests_26test_datum_compensate_cuda
FNDA:10,_RINvMNtCsbRh8zr4mWo7_10pyxis_cuda21datum_compensate_cudaNtNtB5_7context16PyxisCudaContext21datum_compensate_cudadINtNtCs56veb4ygb0R_5pyxis16datum_compensate21DatumCompensateParamsdEEB5_
FNDA:10,_RNvNtNtCsbRh8zr4mWo7_10pyxis_cuda21datum_compensate_cuda4tests_26test_datum_compensate_cuda
FNF:2
FNH:2
DA:14,11
DA:15,11
DA:16,11
DA:17,11
DA:18,11
DA:19,11
DA:20,11
DA:21,11
DA:22,11
DA:24,11
DA:25,11
DA:26,11
DA:29,11
DA:30,11
DA:31,11
DA:32,11
DA:33,11
DA:34,11
DA:35,11
DA:36,11
DA:37,11
DA:40,11
DA:42,11
DA:43,11
DA:51,11
DA:52,11
DA:53,11
DA:54,11
DA:55,11
DA:56,11
DA:57,11
DA:58,11
DA:59,11
DA:60,11
DA:62,11
DA:63,11
DA:64,11
BRF:0
BRH:0
LF:37
LH:37
end_of_record
SF:D:\project\pyxis\rust\crates\pyxis\src\crypto.rs
FN:153,_RINvNtCs3V5rvIypfPY_5pyxis6crypto13bd09_to_gcj02dECseZzw2mis13J_10pyxis_cuda
FN:221,_RINvNtCs3V5rvIypfPY_5pyxis6crypto13bd09_to_wgs84dECseZzw2mis13J_10pyxis_cuda
FN:252,_RINvNtCs3V5rvIypfPY_5pyxis6crypto13gcj02_to_bd09dECseZzw2mis13J_10pyxis_cuda
FN:321,_RINvNtCs3V5rvIypfPY_5pyxis6crypto13wgs84_to_bd09dECseZzw2mis13J_10pyxis_cuda
FN:190,_RINvNtCs3V5rvIypfPY_5pyxis6crypto14gcj02_to_wgs84dECseZzw2mis13J_10pyxis_cuda
FN:289,_RINvNtCs3V5rvIypfPY_5pyxis6crypto14wgs84_to_gcj02dECseZzw2mis13J_10pyxis_cuda
FN:425,_RINvNtCs3V5rvIypfPY_5pyxis6crypto18haversine_distancedECseZzw2mis13J_10pyxis_cuda
FN:113,_RINvNtCs3V5rvIypfPY_5pyxis6crypto5deltadECseZzw2mis13J_10pyxis_cuda
FN:76,_RINvNtCs3V5rvIypfPY_5pyxis6crypto9transformdECseZzw2mis13J_10pyxis_cuda
FN:153,_RINvNtCs2Rb8TvYkNXQ_5pyxis6crypto13bd09_to_gcj02dECsbTFvTAdqMtr_10pyxis_cuda
FN:221,_RINvNtCs2Rb8TvYkNXQ_5pyxis6crypto13bd09_to_wgs84dECsbTFvTAdqMtr_10pyxis_cuda
FN:252,_RINvNtCs2Rb8TvYkNXQ_5pyxis6crypto13gcj02_to_bd09dECsbTFvTAdqMtr_10pyxis_cuda
FN:321,_RINvNtCs2Rb8TvYkNXQ_5pyxis6crypto13wgs84_to_bd09dECsbTFvTAdqMtr_10pyxis_cuda
FN:190,_RINvNtCs2Rb8TvYkNXQ_5pyxis6crypto14gcj02_to_wgs84dECsbTFvTAdqMtr_10pyxis_cuda
FN:289,_RINvNtCs2Rb8TvYkNXQ_5pyxis6crypto14wgs84_to_gcj02dECsbTFvTAdqMtr_10pyxis_cuda
FN:425,_RINvNtCs2Rb8TvYkNXQ_5pyxis6crypto18haversine_distancedECsbTFvTAdqMtr_10pyxis_cuda
FN:113,_RINvNtCs2Rb8TvYkNXQ_5pyxis6crypto5deltadECsbTFvTAdqMtr_10pyxis_cuda
FN:76,_RINvNtCs2Rb8TvYkNXQ_5pyxis6crypto9transformdECsbTFvTAdqMtr_10pyxis_cuda
FN:153,_RINvNtCs56veb4ygb0R_5pyxis6crypto13bd09_to_gcj02dECsbRh8zr4mWo7_10pyxis_cuda
FN:221,_RINvNtCs56veb4ygb0R_5pyxis6crypto13bd09_to_wgs84dECsbRh8zr4mWo7_10pyxis_cuda
FN:252,_RINvNtCs56veb4ygb0R_5pyxis6crypto13gcj02_to_bd09dECsbRh8zr4mWo7_10pyxis_cuda
FN:321,_RINvNtCs56veb4ygb0R_5pyxis6crypto13wgs84_to_bd09dECsbRh8zr4mWo7_10pyxis_cuda
FN:190,_RINvNtCs56veb4ygb0R_5pyxis6crypto14gcj02_to_wgs84dECsbRh8zr4mWo7_10pyxis_cuda
FN:289,_RINvNtCs56veb4ygb0R_5pyxis6crypto14wgs84_to_gcj02dECsbRh8zr4mWo7_10pyxis_cuda
FN:425,_RINvNtCs56veb4ygb0R_5pyxis6crypto18haversine_distancedECsbRh8zr4mWo7_10pyxis_cuda
FN:113,_RINvNtCs56veb4ygb0R_5pyxis6crypto5deltadECsbRh8zr4mWo7_10pyxis_cuda
FN:76,_RINvNtCs56veb4ygb0R_5pyxis6crypto9transformdECsbRh8zr4mWo7_10pyxis_cuda
FN:375,_RINvNtCs56veb4ygb0R_5pyxis6crypto12crypto_exactpppEB4_
FN:153,_RINvNtCs56veb4ygb0R_5pyxis6crypto13bd09_to_gcj02pEB4_
FN:221,_RINvNtCs56veb4ygb0R_5pyxis6crypto13bd09_to_wgs84pEB4_
FN:252,_RINvNtCs56veb4ygb0R_5pyxis6crypto13gcj02_to_bd09pEB4_
FN:321,_RINvNtCs56veb4ygb0R_5pyxis6crypto13wgs84_to_bd09pEB4_
FN:190,_RINvNtCs56veb4ygb0R_5pyxis6crypto14gcj02_to_wgs84pEB4_
FN:289,_RINvNtCs56veb4ygb0R_5pyxis6crypto14wgs84_to_gcj02pEB4_
FN:425,_RINvNtCs56veb4ygb0R_5pyxis6crypto18haversine_distancepEB4_
FN:113,_RINvNtCs56veb4ygb0R_5pyxis6crypto5deltapEB4_
FN:76,_RINvNtCs56veb4ygb0R_5pyxis6crypto9transformpEB4_
FNDA:2,_RINvNtCs3V5rvIypfPY_5pyxis6crypto13bd09_to_gcj02dECseZzw2mis13J_10pyxis_cuda
FNDA:1,_RINvNtCs3V5rvIypfPY_5pyxis6crypto13bd09_to_wgs84dECseZzw2mis13J_10pyxis_cuda
FNDA:300000,_RINvNtCs3V5rvIypfPY_5pyxis6crypto13gcj02_to_bd09dECseZzw2mis13J_10pyxis_cuda
FNDA:300000,_RINvNtCs3V5rvIypfPY_5pyxis6crypto13wgs84_to_bd09dECseZzw2mis13J_10pyxis_cuda
FNDA:2,_RINvNtCs3V5rvIypfPY_5pyxis6crypto14gcj02_to_wgs84dECseZzw2mis13J_10pyxis_cuda
FNDA:600000,_RINvNtCs3V5rvIypfPY_5pyxis6crypto14wgs84_to_gcj02dECseZzw2mis13J_10pyxis_cuda
FNDA:900000,_RINvNtCs3V5rvIypfPY_5pyxis6crypto18haversine_distancedECseZzw2mis13J_10pyxis_cuda
FNDA:600002,_RINvNtCs3V5rvIypfPY_5pyxis6crypto5deltadECseZzw2mis13J_10pyxis_cuda
FNDA:600002,_RINvNtCs3V5rvIypfPY_5pyxis6crypto9transformdECseZzw2mis13J_10pyxis_cuda
FNDA:0,_RINvNtCs2Rb8TvYkNXQ_5pyxis6crypto13bd09_to_gcj02dECsbTFvTAdqMtr_10pyxis_cuda
FNDA:0,_RINvNtCs2Rb8TvYkNXQ_5pyxis6crypto13bd09_to_wgs84dECsbTFvTAdqMtr_10pyxis_cuda
FNDA:0,_RINvNtCs2Rb8TvYkNXQ_5pyxis6crypto13gcj02_to_bd09dECsbTFvTAdqMtr_10pyxis_cuda
FNDA:0,_RINvNtCs2Rb8TvYkNXQ_5pyxis6crypto13wgs84_to_bd09dECsbTFvTAdqMtr_10pyxis_cuda
FNDA:0,_RINvNtCs2Rb8TvYkNXQ_5pyxis6crypto14gcj02_to_wgs84dECsbTFvTAdqMtr_10pyxis_cuda
FNDA:0,_RINvNtCs2Rb8TvYkNXQ_5pyxis6crypto14wgs84_to_gcj02dECsbTFvTAdqMtr_10pyxis_cuda
FNDA:0,_RINvNtCs2Rb8TvYkNXQ_5pyxis6crypto18haversine_distancedECsbTFvTAdqMtr_10pyxis_cuda
FNDA:0,_RINvNtCs2Rb8TvYkNXQ_5pyxis6crypto5deltadECsbTFvTAdqMtr_10pyxis_cuda
FNDA:0,_RINvNtCs2Rb8TvYkNXQ_5pyxis6crypto9transformdECsbTFvTAdqMtr_10pyxis_cuda
FNDA:4,_RINvNtCs56veb4ygb0R_5pyxis6crypto13bd09_to_gcj02dECsbRh8zr4mWo7_10pyxis_cuda
FNDA:2,_RINvNtCs56veb4ygb0R_5pyxis6crypto13bd09_to_wgs84dECsbRh8zr4mWo7_10pyxis_cuda
FNDA:600000,_RINvNtCs56veb4ygb0R_5pyxis6crypto13gcj02_to_bd09dECsbRh8zr4mWo7_10pyxis_cuda
FNDA:600000,_RINvNtCs56veb4ygb0R_5pyxis6crypto13wgs84_to_bd09dECsbRh8zr4mWo7_10pyxis_cuda
FNDA:4,_RINvNtCs56veb4ygb0R_5pyxis6crypto14gcj02_to_wgs84dECsbRh8zr4mWo7_10pyxis_cuda
FNDA:1200000,_RINvNtCs56veb4ygb0R_5pyxis6crypto14wgs84_to_gcj02dECsbRh8zr4mWo7_10pyxis_cuda
FNDA:1800000,_RINvNtCs56veb4ygb0R_5pyxis6crypto18haversine_distancedECsbRh8zr4mWo7_10pyxis_cuda
FNDA:1200004,_RINvNtCs56veb4ygb0R_5pyxis6crypto5deltadECsbRh8zr4mWo7_10pyxis_cuda
FNDA:1200004,_RINvNtCs56veb4ygb0R_5pyxis6crypto9transformdECsbRh8zr4mWo7_10pyxis_cuda
FNDA:0,_RINvNtCs56veb4ygb0R_5pyxis6crypto12crypto_exactpppEB4_
FNDA:0,_RINvNtCs56veb4ygb0R_5pyxis6crypto13bd09_to_gcj02pEB4_
FNDA:0,_RINvNtCs56veb4ygb0R_5pyxis6crypto13bd09_to_wgs84pEB4_
FNDA:0,_RINvNtCs56veb4ygb0R_5pyxis6crypto13gcj02_to_bd09pEB4_
FNDA:0,_RINvNtCs56veb4ygb0R_5pyxis6crypto13wgs84_to_bd09pEB4_
FNDA:0,_RINvNtCs56veb4ygb0R_5pyxis6crypto14gcj02_to_wgs84pEB4_
FNDA:0,_RINvNtCs56veb4ygb0R_5pyxis6crypto14wgs84_to_gcj02pEB4_
FNDA:0,_RINvNtCs56veb4ygb0R_5pyxis6crypto18haversine_distancepEB4_
FNDA:0,_RINvNtCs56veb4ygb0R_5pyxis6crypto5deltapEB4_
FNDA:0,_RINvNtCs56veb4ygb0R_5pyxis6crypto9transformpEB4_
FNF:10
FNH:9
DA:76,1800006
DA:77,1800006
DA:78,1800006
DA:80,1800006
DA:81,1800006
DA:82,1800006
DA:83,1800006
DA:84,1800006
DA:86,1800006
DA:87,1800006
DA:89,1800006
DA:90,1800006
DA:91,1800006
DA:92,1800006
DA:93,1800006
DA:94,1800006
DA:95,1800006
DA:96,1800006
DA:98,1800006
DA:99,1800006
DA:101,1800006
DA:102,1800006
DA:103,1800006
DA:104,1800006
DA:105,1800006
DA:106,1800006
DA:107,1800006
DA:108,1800006
DA:110,1800006
DA:111,1800006
DA:113,1800006
DA:114,1800006
DA:115,1800006
DA:117,1800006
DA:118,1800006
DA:119,1800006
DA:120,1800006
DA:121,1800006
DA:123,1800006
DA:124,1800006
DA:125,1800006
DA:126,1800006
DA:127,1800006
DA:128,1800006
DA:153,6
DA:154,6
DA:155,6
DA:157,6
DA:158,6
DA:159,6
DA:160,6
DA:161,6
DA:162,6
DA:163,6
DA:164,6
DA:165,6
DA:190,6
DA:191,6
DA:192,6
DA:194,6
DA:195,6
DA:196,6
DA:221,3
DA:222,3
DA:223,3
DA:225,3
DA:226,3
DA:227,3
DA:252,900000
DA:253,900000
DA:254,900000
DA:256,900000
DA:257,900000
DA:258,900000
DA:259,900000
DA:260,900000
DA:261,900000
DA:262,900000
DA:263,900000
DA:289,1800000
DA:290,1800000
DA:291,1800000
DA:293,1800000
DA:294,1800000
DA:295,1800000
DA:321,900000
DA:322,900000
DA:323,900000
DA:325,900000
DA:326,900000
DA:327,900000
DA:375,0
DA:376,0
DA:377,0
DA:378,0
DA:379,0
DA:380,0
DA:381,0
DA:382,0
DA:383,0
DA:384,0
DA:385,0
DA:387,0
DA:388,0
DA:389,0
DA:390,0
DA:392,0
DA:393,0
DA:402,0
DA:403,0
DA:404,0
DA:406,0
DA:408,0
DA:410,0
DA:413,0
DA:415,0
DA:417,0
DA:419,0
DA:421,0
DA:422,0
DA:425,2700000
DA:426,2700000
DA:427,2700000
DA:429,2700000
DA:430,2700000
DA:431,2700000
DA:432,2700000
DA:434,2700000
DA:435,2700000
DA:437,2700000
DA:438,2700000
DA:439,2700000
DA:441,2700000
DA:442,2700000
BRF:0
BRH:0
LF:134
LH:105
end_of_record
SF:D:\project\pyxis\rust\crates\pyxis\src\datum_compensate.rs
FN:13,_RNvMNtCs3V5rvIypfPY_5pyxis16datum_compensateINtB2_21DatumCompensateParamsdE3newCseZzw2mis13J_10pyxis_cuda
FN:20,_RNvXs_NtCs3V5rvIypfPY_5pyxis16datum_compensateINtB4_21DatumCompensateParamsdEINtB4_22IDatumCompensateParamsdE2x0CseZzw2mis13J_10pyxis_cuda
FN:21,_RNvXs_NtCs3V5rvIypfPY_5pyxis16datum_compensateINtB4_21DatumCompensateParamsdEINtB4_22IDatumCompensateParamsdE2y0CseZzw2mis13J_10pyxis_cuda
FN:22,_RNvXs_NtCs3V5rvIypfPY_5pyxis16datum_compensateINtB4_21DatumCompensateParamsdEINtB4_22IDatumCompensateParamsdE6factorCseZzw2mis13J_10pyxis_cuda
FN:13,_RNvMNtCs2Rb8TvYkNXQ_5pyxis16datum_compensateINtB2_21DatumCompensateParamsdE3newCsbTFvTAdqMtr_10pyxis_cuda
FN:20,_RNvXs_NtCs2Rb8TvYkNXQ_5pyxis16datum_compensateINtB4_21DatumCompensateParamsdEINtB4_22IDatumCompensateParamsdE2x0CsbTFvTAdqMtr_10pyxis_cuda
FN:21,_RNvXs_NtCs2Rb8TvYkNXQ_5pyxis16datum_compensateINtB4_21DatumCompensateParamsdEINtB4_22IDatumCompensateParamsdE2y0CsbTFvTAdqMtr_10pyxis_cuda
FN:22,_RNvXs_NtCs2Rb8TvYkNXQ_5pyxis16datum_compensateINtB4_21DatumCompensateParamsdEINtB4_22IDatumCompensateParamsdE6factorCsbTFvTAdqMtr_10pyxis_cuda
FN:13,_RNvMNtCs56veb4ygb0R_5pyxis16datum_compensateINtB2_21DatumCompensateParamsdE3newCsbRh8zr4mWo7_10pyxis_cuda
FN:20,_RNvXs_NtCs56veb4ygb0R_5pyxis16datum_compensateINtB4_21DatumCompensateParamsdEINtB4_22IDatumCompensateParamsdE2x0CsbRh8zr4mWo7_10pyxis_cuda
FN:21,_RNvXs_NtCs56veb4ygb0R_5pyxis16datum_compensateINtB4_21DatumCompensateParamsdEINtB4_22IDatumCompensateParamsdE2y0CsbRh8zr4mWo7_10pyxis_cuda
FN:22,_RNvXs_NtCs56veb4ygb0R_5pyxis16datum_compensateINtB4_21DatumCompensateParamsdEINtB4_22IDatumCompensateParamsdE6factorCsbRh8zr4mWo7_10pyxis_cuda
FN:52,_RINvNtCs56veb4ygb0R_5pyxis16datum_compensate16datum_compensateppEB4_
FN:13,_RNvMNtCs56veb4ygb0R_5pyxis16datum_compensateINtB2_21DatumCompensateParamspE3newB4_
FN:20,_RNvXININtCs56veb4ygb0R_5pyxis16datum_compensates_0pEINtB5_21DatumCompensateParamspEINtB5_22IDatumCompensateParamspE2x0B7_
FN:21,_RNvXININtCs56veb4ygb0R_5pyxis16datum_compensates_0pEINtB5_21DatumCompensateParamspEINtB5_22IDatumCompensateParamspE2y0B7_
FN:22,_RNvXININtCs56veb4ygb0R_5pyxis16datum_compensates_0pEINtB5_21DatumCompensateParamspEINtB5_22IDatumCompensateParamspE6factorB7_
FNDA:1,_RNvMNtCs3V5rvIypfPY_5pyxis16datum_compensateINtB2_21DatumCompensateParamsdE3newCseZzw2mis13J_10pyxis_cuda
FNDA:1,_RNvXs_NtCs3V5rvIypfPY_5pyxis16datum_compensateINtB4_21DatumCompensateParamsdEINtB4_22IDatumCompensateParamsdE2x0CseZzw2mis13J_10pyxis_cuda
FNDA:1,_RNvXs_NtCs3V5rvIypfPY_5pyxis16datum_compensateINtB4_21DatumCompensateParamsdEINtB4_22IDatumCompensateParamsdE2y0CseZzw2mis13J_10pyxis_cuda
FNDA:1,_RNvXs_NtCs3V5rvIypfPY_5pyxis16datum_compensateINtB4_21DatumCompensateParamsdEINtB4_22IDatumCompensateParamsdE6factorCseZzw2mis13J_10pyxis_cuda
FNDA:0,_RNvMNtCs2Rb8TvYkNXQ_5pyxis16datum_compensateINtB2_21DatumCompensateParamsdE3newCsbTFvTAdqMtr_10pyxis_cuda
FNDA:0,_RNvXs_NtCs2Rb8TvYkNXQ_5pyxis16datum_compensateINtB4_21DatumCompensateParamsdEINtB4_22IDatumCompensateParamsdE2x0CsbTFvTAdqMtr_10pyxis_cuda
FNDA:0,_RNvXs_NtCs2Rb8TvYkNXQ_5pyxis16datum_compensateINtB4_21DatumCompensateParamsdEINtB4_22IDatumCompensateParamsdE2y0CsbTFvTAdqMtr_10pyxis_cuda
FNDA:0,_RNvXs_NtCs2Rb8TvYkNXQ_5pyxis16datum_compensateINtB4_21DatumCompensateParamsdEINtB4_22IDatumCompensateParamsdE6factorCsbTFvTAdqMtr_10pyxis_cuda
FNDA:10,_RNvMNtCs56veb4ygb0R_5pyxis16datum_compensateINtB2_21DatumCompensateParamsdE3newCsbRh8zr4mWo7_10pyxis_cuda
FNDA:10,_RNvXs_NtCs56veb4ygb0R_5pyxis16datum_compensateINtB4_21DatumCompensateParamsdEINtB4_22IDatumCompensateParamsdE2x0CsbRh8zr4mWo7_10pyxis_cuda
FNDA:10,_RNvXs_NtCs56veb4ygb0R_5pyxis16datum_compensateINtB4_21DatumCompensateParamsdEINtB4_22IDatumCompensateParamsdE2y0CsbRh8zr4mWo7_10pyxis_cuda
FNDA:10,_RNvXs_NtCs56veb4ygb0R_5pyxis16datum_compensateINtB4_21DatumCompensateParamsdEINtB4_22IDatumCompensateParamsdE6factorCsbRh8zr4mWo7_10pyxis_cuda
FNDA:0,_RINvNtCs56veb4ygb0R_5pyxis16datum_compensate16datum_compensateppEB4_
FNDA:0,_RNvMNtCs56veb4ygb0R_5pyxis16datum_compensateINtB2_21DatumCompensateParamspE3newB4_
FNDA:0,_RNvXININtCs56veb4ygb0R_5pyxis16datum_compensates_0pEINtB5_21DatumCompensateParamspEINtB5_22IDatumCompensateParamspE2x0B7_
FNDA:0,_RNvXININtCs56veb4ygb0R_5pyxis16datum_compensates_0pEINtB5_21DatumCompensateParamspEINtB5_22IDatumCompensateParamspE2y0B7_
FNDA:0,_RNvXININtCs56veb4ygb0R_5pyxis16datum_compensates_0pEINtB5_21DatumCompensateParamspEINtB5_22IDatumCompensateParamspE6factorB7_
FNF:5
FNH:4
DA:13,11
DA:14,11
DA:15,11
DA:16,11
DA:17,11
DA:20,11
DA:21,11
DA:22,11
DA:52,0
DA:53,0
DA:54,0
DA:56,0
DA:57,0
DA:58,0
DA:59,0
BRF:0
BRH:0
LF:15
LH:8
end_of_record
SF:D:\project\pyxis\rust\crates\pyxis\src\ellipsoid.rs
FN:175,_RNvMNtCs3V5rvIypfPY_5pyxis9ellipsoidINtB2_9EllipsoiddE13eccentricity2CseZzw2mis13J_10pyxis_cuda
FN:166,_RNvMNtCs3V5rvIypfPY_5pyxis9ellipsoidINtB2_9EllipsoiddE15semi_major_axisCseZzw2mis13J_10pyxis_cuda
FN:81,_RNvMNtCs3V5rvIypfPY_5pyxis9ellipsoidINtB2_9EllipsoiddE24from_semi_major_and_invfB4_
FN:81,_RNvMNtCs3V5rvIypfPY_5pyxis9ellipsoidINtB2_9EllipsoidfE24from_semi_major_and_invfB4_
FN:175,_RNvMNtCs2Rb8TvYkNXQ_5pyxis9ellipsoidINtB2_9EllipsoiddE13eccentricity2CsbTFvTAdqMtr_10pyxis_cuda
FN:166,_RNvMNtCs2Rb8TvYkNXQ_5pyxis9ellipsoidINtB2_9EllipsoiddE15semi_major_axisCsbTFvTAdqMtr_10pyxis_cuda
FN:81,_RNvMNtCs2Rb8TvYkNXQ_5pyxis9ellipsoidINtB2_9EllipsoiddE24from_semi_major_and_invfB4_
FN:81,_RNvMNtCs2Rb8TvYkNXQ_5pyxis9ellipsoidINtB2_9EllipsoidfE24from_semi_major_and_invfB4_
FN:175,_RNvMNtCs56veb4ygb0R_5pyxis9ellipsoidINtB2_9EllipsoiddE13eccentricity2CsbRh8zr4mWo7_10pyxis_cuda
FN:166,_RNvMNtCs56veb4ygb0R_5pyxis9ellipsoidINtB2_9EllipsoiddE15semi_major_axisCsbRh8zr4mWo7_10pyxis_cuda
FN:81,_RNvMNtCs56veb4ygb0R_5pyxis9ellipsoidINtB2_9EllipsoiddE24from_semi_major_and_invfB4_
FN:81,_RNvMNtCs56veb4ygb0R_5pyxis9ellipsoidINtB2_9EllipsoidfE24from_semi_major_and_invfB4_
FN:178,_RNvMNtCs56veb4ygb0R_5pyxis9ellipsoidINtB2_9EllipsoidpE10flatteningB4_
FN:172,_RNvMNtCs56veb4ygb0R_5pyxis9ellipsoidINtB2_9EllipsoidpE12eccentricityB4_
FN:175,_RNvMNtCs56veb4ygb0R_5pyxis9ellipsoidINtB2_9EllipsoidpE13eccentricity2B4_
FN:146,_RNvMNtCs56veb4ygb0R_5pyxis9ellipsoidINtB2_9EllipsoidpE14from_semi_axisB4_
FN:166,_RNvMNtCs56veb4ygb0R_5pyxis9ellipsoidINtB2_9EllipsoidpE15semi_major_axisB4_
FN:169,_RNvMNtCs56veb4ygb0R_5pyxis9ellipsoidINtB2_9EllipsoidpE15semi_minor_axisB4_
FN:181,_RNvMNtCs56veb4ygb0R_5pyxis9ellipsoidINtB2_9EllipsoidpE18inverse_flatteningB4_
FNDA:600002,_RNvMNtCs3V5rvIypfPY_5pyxis9ellipsoidINtB2_9EllipsoiddE13eccentricity2CseZzw2mis13J_10pyxis_cuda
FNDA:1500002,_RNvMNtCs3V5rvIypfPY_5pyxis9ellipsoidINtB2_9EllipsoiddE15semi_major_axisCseZzw2mis13J_10pyxis_cuda
FNDA:4,_RNvMNtCs3V5rvIypfPY_5pyxis9ellipsoidINtB2_9EllipsoiddE24from_semi_major_and_invfB4_
FNDA:0,_RNvMNtCs3V5rvIypfPY_5pyxis9ellipsoidINtB2_9EllipsoidfE24from_semi_major_and_invfB4_
FNDA:0,_RNvMNtCs2Rb8TvYkNXQ_5pyxis9ellipsoidINtB2_9EllipsoiddE13eccentricity2CsbTFvTAdqMtr_10pyxis_cuda
FNDA:0,_RNvMNtCs2Rb8TvYkNXQ_5pyxis9ellipsoidINtB2_9EllipsoiddE15semi_major_axisCsbTFvTAdqMtr_10pyxis_cuda
FNDA:0,_RNvMNtCs2Rb8TvYkNXQ_5pyxis9ellipsoidINtB2_9EllipsoiddE24from_semi_major_and_invfB4_
FNDA:0,_RNvMNtCs2Rb8TvYkNXQ_5pyxis9ellipsoidINtB2_9EllipsoidfE24from_semi_major_and_invfB4_
FNDA:1200004,_RNvMNtCs56veb4ygb0R_5pyxis9ellipsoidINtB2_9EllipsoiddE13eccentricity2CsbRh8zr4mWo7_10pyxis_cuda
FNDA:3000004,_RNvMNtCs56veb4ygb0R_5pyxis9ellipsoidINtB2_9EllipsoiddE15semi_major_axisCsbRh8zr4mWo7_10pyxis_cuda
FNDA:8,_RNvMNtCs56veb4ygb0R_5pyxis9ellipsoidINtB2_9EllipsoiddE24from_semi_major_and_invfB4_
FNDA:0,_RNvMNtCs56veb4ygb0R_5pyxis9ellipsoidINtB2_9EllipsoidfE24from_semi_major_and_invfB4_
FNDA:0,_RNvMNtCs56veb4ygb0R_5pyxis9ellipsoidINtB2_9EllipsoidpE10flatteningB4_
FNDA:0,_RNvMNtCs56veb4ygb0R_5pyxis9ellipsoidINtB2_9EllipsoidpE12eccentricityB4_
FNDA:0,_RNvMNtCs56veb4ygb0R_5pyxis9ellipsoidINtB2_9EllipsoidpE13eccentricity2B4_
FNDA:0,_RNvMNtCs56veb4ygb0R_5pyxis9ellipsoidINtB2_9EllipsoidpE14from_semi_axisB4_
FNDA:0,_RNvMNtCs56veb4ygb0R_5pyxis9ellipsoidINtB2_9EllipsoidpE15semi_major_axisB4_
FNDA:0,_RNvMNtCs56veb4ygb0R_5pyxis9ellipsoidINtB2_9EllipsoidpE15semi_minor_axisB4_
FNDA:0,_RNvMNtCs56veb4ygb0R_5pyxis9ellipsoidINtB2_9EllipsoidpE18inverse_flatteningB4_
FNF:8
FNH:3
DA:81,12
DA:82,12
DA:83,12
DA:84,12
DA:85,12
DA:87,12
DA:88,12
DA:89,12
DA:90,12
DA:91,12
DA:92,12
DA:93,12
DA:94,12
DA:95,12
DA:146,0
DA:148,0
DA:150,0
DA:152,0
DA:154,0
DA:156,0
DA:157,0
DA:158,0
DA:159,0
DA:160,0
DA:161,0
DA:162,0
DA:163,0
DA:164,0
DA:166,4500006
DA:169,0
DA:172,0
DA:175,1800006
DA:178,0
DA:181,0
BRF:0
BRH:0
LF:34
LH:16
end_of_record
SF:D:\project\pyxis\rust\crates\pyxis\src\linear.rs
FN:31,_RINvNtCs56veb4ygb0R_5pyxis6linear16rotate_matrix_2dpEB4_
FN:61,_RINvNtCs56veb4ygb0R_5pyxis6linear9rotate_2dpEB4_
FNDA:0,_RINvNtCs56veb4ygb0R_5pyxis6linear16rotate_matrix_2dpEB4_
FNDA:0,_RINvNtCs56veb4ygb0R_5pyxis6linear9rotate_2dpEB4_
FNF:2
FNH:0
DA:31,0
DA:32,0
DA:33,0
DA:35,0
DA:36,0
DA:37,0
DA:38,0
DA:39,0
DA:61,0
DA:62,0
DA:63,0
DA:65,0
DA:66,0
DA:67,0
DA:68,0
BRF:0
BRH:0
LF:15
LH:0
end_of_record
SF:D:\project\pyxis\rust\crates\pyxis\src\migrate.rs
FN:36,_RINvNtCs56veb4ygb0R_5pyxis7migrate6abs_2dpEB4_
FN:11,_RINvNtCs56veb4ygb0R_5pyxis7migrate6rel_2dpEB4_
FN:59,_RINvNtCs56veb4ygb0R_5pyxis7migrate9origin_2dpEB4_
FNDA:0,_RINvNtCs56veb4ygb0R_5pyxis7migrate6abs_2dpEB4_
FNDA:0,_RINvNtCs56veb4ygb0R_5pyxis7migrate6rel_2dpEB4_
FNDA:0,_RINvNtCs56veb4ygb0R_5pyxis7migrate9origin_2dpEB4_
FNF:3
FNH:0
DA:11,0
DA:12,0
DA:13,0
DA:14,0
DA:15,0
DA:16,0
DA:17,0
DA:18,0
DA:19,0
DA:21,0
DA:22,0
DA:23,0
DA:24,0
DA:25,0
DA:26,0
DA:27,0
DA:36,0
DA:37,0
DA:38,0
DA:39,0
DA:40,0
DA:41,0
DA:42,0
DA:43,0
DA:44,0
DA:46,0
DA:47,0
DA:48,0
DA:49,0
DA:50,0
DA:59,0
DA:60,0
DA:61,0
DA:63,0
DA:64,0
DA:65,0
DA:66,0
DA:67,0
BRF:0
BRH:0
LF:38
LH:0
end_of_record
SF:D:\project\pyxis\rust\crates\pyxis\src\space.rs
FN:44,_RINvNtCs56veb4ygb0R_5pyxis5space18cartesian_to_polarpEB4_
FN:20,_RINvNtCs56veb4ygb0R_5pyxis5space18polar_to_cartesianpEB4_
FN:101,_RINvNtCs56veb4ygb0R_5pyxis5space22cartesian_to_sphericalpEB4_
FN:191,_RINvNtCs56veb4ygb0R_5pyxis5space22spherical_to_cartesianpEB4_
FN:73,_RINvNtCs56veb4ygb0R_5pyxis5space24cartesian_to_cylindricalpEB4_
FN:132,_RINvNtCs56veb4ygb0R_5pyxis5space24cylindrical_to_cartesianpEB4_
FN:162,_RINvNtCs56veb4ygb0R_5pyxis5space24cylindrical_to_sphericalpEB4_
FN:221,_RINvNtCs56veb4ygb0R_5pyxis5space24spherical_to_cylindricalpEB4_
FNDA:0,_RINvNtCs56veb4ygb0R_5pyxis5space18cartesian_to_polarpEB4_
FNDA:0,_RINvNtCs56veb4ygb0R_5pyxis5space18polar_to_cartesianpEB4_
FNDA:0,_RINvNtCs56veb4ygb0R_5pyxis5space22cartesian_to_sphericalpEB4_
FNDA:0,_RINvNtCs56veb4ygb0R_5pyxis5space22spherical_to_cartesianpEB4_
FNDA:0,_RINvNtCs56veb4ygb0R_5pyxis5space24cartesian_to_cylindricalpEB4_
FNDA:0,_RINvNtCs56veb4ygb0R_5pyxis5space24cylindrical_to_cartesianpEB4_
FNDA:0,_RINvNtCs56veb4ygb0R_5pyxis5space24cylindrical_to_sphericalpEB4_
FNDA:0,_RINvNtCs56veb4ygb0R_5pyxis5space24spherical_to_cylindricalpEB4_
FNF:8
FNH:0
DA:20,0
DA:21,0
DA:22,0
DA:24,0
DA:25,0
DA:44,0
DA:45,0
DA:46,0
DA:48,0
DA:49,0
DA:73,0
DA:74,0
DA:75,0
DA:77,0
DA:78,0
DA:101,0
DA:102,0
DA:103,0
DA:105,0
DA:106,0
DA:107,0
DA:132,0
DA:133,0
DA:134,0
DA:136,0
DA:137,0
DA:162,0
DA:163,0
DA:164,0
DA:166,0
DA:167,0
DA:191,0
DA:192,0
DA:193,0
DA:195,0
DA:196,0
DA:221,0
DA:222,0
DA:223,0
DA:225,0
DA:226,0
BRF:0
BRH:0
LF:41
LH:0
end_of_record
SF:D:\project\pyxis\rust\crates\pyxis\src\types.rs
FN:48,_RNvXs0_NtCs3V5rvIypfPY_5pyxis5typesfINtB5_14ConstEllipsoidfE13krasovsky1940
FN:49,_RNvXs0_NtCs3V5rvIypfPY_5pyxis5typesfINtB5_14ConstEllipsoidfE5wgs84
FN:47,_RNvXs0_NtCs3V5rvIypfPY_5pyxis5typesfINtB5_14ConstEllipsoidfE7grs1980
FN:46,_RNvXs0_NtCs3V5rvIypfPY_5pyxis5typesfINtB5_14ConstEllipsoidfE7iag1975
FN:45,_RNvXs0_NtCs3V5rvIypfPY_5pyxis5typesfINtB5_14ConstEllipsoidfE8cgcs2000
FN:64,_RNvXs1_NtCs3V5rvIypfPY_5pyxis5typesdINtB5_14ConstEllipsoiddE13krasovsky1940
FN:65,_RNvXs1_NtCs3V5rvIypfPY_5pyxis5typesdINtB5_14ConstEllipsoiddE5wgs84
FN:63,_RNvXs1_NtCs3V5rvIypfPY_5pyxis5typesdINtB5_14ConstEllipsoiddE7grs1980
FN:62,_RNvXs1_NtCs3V5rvIypfPY_5pyxis5typesdINtB5_14ConstEllipsoiddE7iag1975
FN:61,_RNvXs1_NtCs3V5rvIypfPY_5pyxis5typesdINtB5_14ConstEllipsoiddE8cgcs2000
FN:37,_RNCNvNtCs3V5rvIypfPY_5pyxis5types11GRS1980_F320B5_
FN:53,_RNCNvNtCs3V5rvIypfPY_5pyxis5types11GRS1980_F640B5_
FN:39,_RNCNvNtCs3V5rvIypfPY_5pyxis5types11IAG1975_F320B5_
FN:55,_RNCNvNtCs3V5rvIypfPY_5pyxis5types11IAG1975_F640B5_
FN:41,_RNCNvNtCs3V5rvIypfPY_5pyxis5types17KRASOVSKY1940_F320B5_
FN:57,_RNCNvNtCs3V5rvIypfPY_5pyxis5types17KRASOVSKY1940_F640B5_
FN:43,_RNCNvNtCs3V5rvIypfPY_5pyxis5types9WGS84_F320B5_
FN:59,_RNCNvNtCs3V5rvIypfPY_5pyxis5types9WGS84_F640B5_
FN:48,_RNvXs0_NtCs2Rb8TvYkNXQ_5pyxis5typesfINtB5_14ConstEllipsoidfE13krasovsky1940
FN:49,_RNvXs0_NtCs2Rb8TvYkNXQ_5pyxis5typesfINtB5_14ConstEllipsoidfE5wgs84
FN:47,_RNvXs0_NtCs2Rb8TvYkNXQ_5pyxis5typesfINtB5_14ConstEllipsoidfE7grs1980
FN:46,_RNvXs0_NtCs2Rb8TvYkNXQ_5pyxis5typesfINtB5_14ConstEllipsoidfE7iag1975
FN:45,_RNvXs0_NtCs2Rb8TvYkNXQ_5pyxis5typesfINtB5_14ConstEllipsoidfE8cgcs2000
FN:64,_RNvXs1_NtCs2Rb8TvYkNXQ_5pyxis5typesdINtB5_14ConstEllipsoiddE13krasovsky1940
FN:65,_RNvXs1_NtCs2Rb8TvYkNXQ_5pyxis5typesdINtB5_14ConstEllipsoiddE5wgs84
FN:63,_RNvXs1_NtCs2Rb8TvYkNXQ_5pyxis5typesdINtB5_14ConstEllipsoiddE7grs1980
FN:62,_RNvXs1_NtCs2Rb8TvYkNXQ_5pyxis5typesdINtB5_14ConstEllipsoiddE7iag1975
FN:61,_RNvXs1_NtCs2Rb8TvYkNXQ_5pyxis5typesdINtB5_14ConstEllipsoiddE8cgcs2000
FN:37,_RNCNvNtCs2Rb8TvYkNXQ_5pyxis5types11GRS1980_F320B5_
FN:53,_RNCNvNtCs2Rb8TvYkNXQ_5pyxis5types11GRS1980_F640B5_
FN:39,_RNCNvNtCs2Rb8TvYkNXQ_5pyxis5types11IAG1975_F320B5_
FN:55,_RNCNvNtCs2Rb8TvYkNXQ_5pyxis5types11IAG1975_F640B5_
FN:41,_RNCNvNtCs2Rb8TvYkNXQ_5pyxis5types17KRASOVSKY1940_F320B5_
FN:57,_RNCNvNtCs2Rb8TvYkNXQ_5pyxis5types17KRASOVSKY1940_F640B5_
FN:43,_RNCNvNtCs2Rb8TvYkNXQ_5pyxis5types9WGS84_F320B5_
FN:59,_RNCNvNtCs2Rb8TvYkNXQ_5pyxis5types9WGS84_F640B5_
FN:48,_RNvXs0_NtCs56veb4ygb0R_5pyxis5typesfINtB5_14ConstEllipsoidfE13krasovsky1940
FN:49,_RNvXs0_NtCs56veb4ygb0R_5pyxis5typesfINtB5_14ConstEllipsoidfE5wgs84
FN:47,_RNvXs0_NtCs56veb4ygb0R_5pyxis5typesfINtB5_14ConstEllipsoidfE7grs1980
FN:46,_RNvXs0_NtCs56veb4ygb0R_5pyxis5typesfINtB5_14ConstEllipsoidfE7iag1975
FN:45,_RNvXs0_NtCs56veb4ygb0R_5pyxis5typesfINtB5_14ConstEllipsoidfE8cgcs2000
FN:64,_RNvXs1_NtCs56veb4ygb0R_5pyxis5typesdINtB5_14ConstEllipsoiddE13krasovsky1940
FN:65,_RNvXs1_NtCs56veb4ygb0R_5pyxis5typesdINtB5_14ConstEllipsoiddE5wgs84
FN:63,_RNvXs1_NtCs56veb4ygb0R_5pyxis5typesdINtB5_14ConstEllipsoiddE7grs1980
FN:62,_RNvXs1_NtCs56veb4ygb0R_5pyxis5typesdINtB5_14ConstEllipsoiddE7iag1975
FN:61,_RNvXs1_NtCs56veb4ygb0R_5pyxis5typesdINtB5_14ConstEllipsoiddE8cgcs2000
FN:37,_RNCNvNtCs56veb4ygb0R_5pyxis5types11GRS1980_F320B5_
FN:53,_RNCNvNtCs56veb4ygb0R_5pyxis5types11GRS1980_F640B5_
FN:39,_RNCNvNtCs56veb4ygb0R_5pyxis5types11IAG1975_F320B5_
FN:55,_RNCNvNtCs56veb4ygb0R_5pyxis5types11IAG1975_F640B5_
FN:41,_RNCNvNtCs56veb4ygb0R_5pyxis5types17KRASOVSKY1940_F320B5_
FN:57,_RNCNvNtCs56veb4ygb0R_5pyxis5types17KRASOVSKY1940_F640B5_
FN:43,_RNCNvNtCs56veb4ygb0R_5pyxis5types9WGS84_F320B5_
FN:59,_RNCNvNtCs56veb4ygb0R_5pyxis5types9WGS84_F640B5_
FNDA:0,_RNvXs0_NtCs3V5rvIypfPY_5pyxis5typesfINtB5_14ConstEllipsoidfE13krasovsky1940
FNDA:0,_RNvXs0_NtCs3V5rvIypfPY_5pyxis5typesfINtB5_14ConstEllipsoidfE5wgs84
FNDA:0,_RNvXs0_NtCs3V5rvIypfPY_5pyxis5typesfINtB5_14ConstEllipsoidfE7grs1980
FNDA:0,_RNvXs0_NtCs3V5rvIypfPY_5pyxis5typesfINtB5_14ConstEllipsoidfE7iag1975
FNDA:0,_RNvXs0_NtCs3V5rvIypfPY_5pyxis5typesfINtB5_14ConstEllipsoidfE8cgcs2000
FNDA:1200004,_RNvXs1_NtCs3V5rvIypfPY_5pyxis5typesdINtB5_14ConstEllipsoiddE13krasovsky1940
FNDA:900000,_RNvXs1_NtCs3V5rvIypfPY_5pyxis5typesdINtB5_14ConstEllipsoiddE5wgs84
FNDA:0,_RNvXs1_NtCs3V5rvIypfPY_5pyxis5typesdINtB5_14ConstEllipsoiddE7grs1980
FNDA:0,_RNvXs1_NtCs3V5rvIypfPY_5pyxis5typesdINtB5_14ConstEllipsoiddE7iag1975
FNDA:0,_RNvXs1_NtCs3V5rvIypfPY_5pyxis5typesdINtB5_14ConstEllipsoiddE8cgcs2000
FNDA:0,_RNCNvNtCs3V5rvIypfPY_5pyxis5types11GRS1980_F320B5_
FNDA:0,_RNCNvNtCs3V5rvIypfPY_5pyxis5types11GRS1980_F640B5_
FNDA:0,_RNCNvNtCs3V5rvIypfPY_5pyxis5types11IAG1975_F320B5_
FNDA:0,_RNCNvNtCs3V5rvIypfPY_5pyxis5types11IAG1975_F640B5_
FNDA:0,_RNCNvNtCs3V5rvIypfPY_5pyxis5types17KRASOVSKY1940_F320B5_
FNDA:3,_RNCNvNtCs3V5rvIypfPY_5pyxis5types17KRASOVSKY1940_F640B5_
FNDA:0,_RNCNvNtCs3V5rvIypfPY_5pyxis5types9WGS84_F320B5_
FNDA:1,_RNCNvNtCs3V5rvIypfPY_5pyxis5types9WGS84_F640B5_
FNDA:0,_RNvXs0_NtCs2Rb8TvYkNXQ_5pyxis5typesfINtB5_14ConstEllipsoidfE13krasovsky1940
FNDA:0,_RNvXs0_NtCs2Rb8TvYkNXQ_5pyxis5typesfINtB5_14ConstEllipsoidfE5wgs84
FNDA:0,_RNvXs0_NtCs2Rb8TvYkNXQ_5pyxis5typesfINtB5_14ConstEllipsoidfE7grs1980
FNDA:0,_RNvXs0_NtCs2Rb8TvYkNXQ_5pyxis5typesfINtB5_14ConstEllipsoidfE7iag1975
FNDA:0,_RNvXs0_NtCs2Rb8TvYkNXQ_5pyxis5typesfINtB5_14ConstEllipsoidfE8cgcs2000
FNDA:0,_RNvXs1_NtCs2Rb8TvYkNXQ_5pyxis5typesdINtB5_14ConstEllipsoiddE13krasovsky1940
FNDA:0,_RNvXs1_NtCs2Rb8TvYkNXQ_5pyxis5typesdINtB5_14ConstEllipsoiddE5wgs84
FNDA:0,_RNvXs1_NtCs2Rb8TvYkNXQ_5pyxis5typesdINtB5_14ConstEllipsoiddE7grs1980
FNDA:0,_RNvXs1_NtCs2Rb8TvYkNXQ_5pyxis5typesdINtB5_14ConstEllipsoiddE7iag1975
FNDA:0,_RNvXs1_NtCs2Rb8TvYkNXQ_5pyxis5typesdINtB5_14ConstEllipsoiddE8cgcs2000
FNDA:0,_RNCNvNtCs2Rb8TvYkNXQ_5pyxis5types11GRS1980_F320B5_
FNDA:0,_RNCNvNtCs2Rb8TvYkNXQ_5pyxis5types11GRS1980_F640B5_
FNDA:0,_RNCNvNtCs2Rb8TvYkNXQ_5pyxis5types11IAG1975_F320B5_
FNDA:0,_RNCNvNtCs2Rb8TvYkNXQ_5pyxis5types11IAG1975_F640B5_
FNDA:0,_RNCNvNtCs2Rb8TvYkNXQ_5pyxis5types17KRASOVSKY1940_F320B5_
FNDA:0,_RNCNvNtCs2Rb8TvYkNXQ_5pyxis5types17KRASOVSKY1940_F640B5_
FNDA:0,_RNCNvNtCs2Rb8TvYkNXQ_5pyxis5types9WGS84_F320B5_
FNDA:0,_RNCNvNtCs2Rb8TvYkNXQ_5pyxis5types9WGS84_F640B5_
FNDA:0,_RNvXs0_NtCs56veb4ygb0R_5pyxis5typesfINtB5_14ConstEllipsoidfE13krasovsky1940
FNDA:0,_RNvXs0_NtCs56veb4ygb0R_5pyxis5typesfINtB5_14ConstEllipsoidfE5wgs84
FNDA:0,_RNvXs0_NtCs56veb4ygb0R_5pyxis5typesfINtB5_14ConstEllipsoidfE7grs1980
FNDA:0,_RNvXs0_NtCs56veb4ygb0R_5pyxis5typesfINtB5_14ConstEllipsoidfE7iag1975
FNDA:0,_RNvXs0_NtCs56veb4ygb0R_5pyxis5typesfINtB5_14ConstEllipsoidfE8cgcs2000
FNDA:2400008,_RNvXs1_NtCs56veb4ygb0R_5pyxis5typesdINtB5_14ConstEllipsoiddE13krasovsky1940
FNDA:1800000,_RNvXs1_NtCs56veb4ygb0R_5pyxis5typesdINtB5_14ConstEllipsoiddE5wgs84
FNDA:0,_RNvXs1_NtCs56veb4ygb0R_5pyxis5typesdINtB5_14ConstEllipsoiddE7grs1980
FNDA:0,_RNvXs1_NtCs56veb4ygb0R_5pyxis5typesdINtB5_14ConstEllipsoiddE7iag1975
FNDA:0,_RNvXs1_NtCs56veb4ygb0R_5pyxis5typesdINtB5_14ConstEllipsoiddE8cgcs2000
FNDA:0,_RNCNvNtCs56veb4ygb0R_5pyxis5types11GRS1980_F320B5_
FNDA:0,_RNCNvNtCs56veb4ygb0R_5pyxis5types11GRS1980_F640B5_
FNDA:0,_RNCNvNtCs56veb4ygb0R_5pyxis5types11IAG1975_F320B5_
FNDA:0,_RNCNvNtCs56veb4ygb0R_5pyxis5types11IAG1975_F640B5_
FNDA:0,_RNCNvNtCs56veb4ygb0R_5pyxis5types17KRASOVSKY1940_F320B5_
FNDA:6,_RNCNvNtCs56veb4ygb0R_5pyxis5types17KRASOVSKY1940_F640B5_
FNDA:0,_RNCNvNtCs56veb4ygb0R_5pyxis5types9WGS84_F320B5_
FNDA:2,_RNCNvNtCs56veb4ygb0R_5pyxis5types9WGS84_F640B5_
FNF:18
FNH:4
DA:37,0
DA:39,0
DA:41,0
DA:43,0
DA:45,0
DA:46,0
DA:47,0
DA:48,0
DA:49,0
DA:53,0
DA:55,0
DA:57,9
DA:59,3
DA:61,0
DA:62,0
DA:63,0
DA:64,3600012
DA:65,2700000
BRF:0
BRH:0
LF:18
LH:4
end_of_record