SF:D:\project\pyxis\rust-cuda\src\context.rs
FN:128,_RNvMs0_NtCseZzw2mis13J_10pyxis_cuda7contextNtB5_16PyxisCudaContext14set_block_size
FN:47,_RNvMs_NtCseZzw2mis13J_10pyxis_cuda7contextNtB4_16PyxisCudaContext14set_size_limit
FN:53,_RNvMs_NtCseZzw2mis13J_10pyxis_cuda7contextNtB4_16PyxisCudaContext15set_count_limit
FN:153,_RINvMs1_NtCseZzw2mis13J_10pyxis_cuda7contextNtB6_16PyxisCudaContext12get_functiondEB8_
FN:29,_RNvMNtCseZzw2mis13J_10pyxis_cuda7contextNtB2_16PyxisCudaContext3new
FN:138,_RNvMs0_NtCseZzw2mis13J_10pyxis_cuda7contextNtB5_16PyxisCudaContext14get_grid_block
FN:166,_RNvMs1_NtCseZzw2mis13J_10pyxis_cuda7contextNtB5_16PyxisCudaContext24device_buffer_from_slice
FN:77,_RNvMs_NtCseZzw2mis13J_10pyxis_cuda7contextNtB4_16PyxisCudaContext10add_module
FN:59,_RNvMs_NtCseZzw2mis13J_10pyxis_cuda7contextNtB4_16PyxisCudaContext10get_module
FN:115,_RNvMs_NtCseZzw2mis13J_10pyxis_cuda7contextNtB4_16PyxisCudaContext18remove_last_module
FNDA:0,_RNvMs0_NtCseZzw2mis13J_10pyxis_cuda7contextNtB5_16PyxisCudaContext14set_block_size
FNDA:0,_RNvMs_NtCseZzw2mis13J_10pyxis_cuda7contextNtB4_16PyxisCudaContext14set_size_limit
FNDA:0,_RNvMs_NtCseZzw2mis13J_10pyxis_cuda7contextNtB4_16PyxisCudaContext15set_count_limit
FNDA:39,_RINvMs1_NtCseZzw2mis13J_10pyxis_cuda7contextNtB6_16PyxisCudaContext12get_functiondEB8_
FNDA:33,_RNvMNtCseZzw2mis13J_10pyxis_cuda7contextNtB2_16PyxisCudaContext3new
FNDA:39,_RNvMs0_NtCseZzw2mis13J_10pyxis_cuda7contextNtB5_16PyxisCudaContext14get_grid_block
FNDA:78,_RNvMs1_NtCseZzw2mis13J_10pyxis_cuda7contextNtB5_16PyxisCudaContext24device_buffer_from_slice
FNDA:33,_RNvMs_NtCseZzw2mis13J_10pyxis_cuda7contextNtB4_16PyxisCudaContext10add_module
FNDA:39,_RNvMs_NtCseZzw2mis13J_10pyxis_cuda7contextNtB4_16PyxisCudaContext10get_module
FNDA:0,_RNvMs_NtCseZzw2mis13J_10pyxis_cuda7contextNtB4_16PyxisCudaContext18remove_last_module
FNF:10
FNH:6
DA:29,33
DA:30,33
DA:31,33
DA:32,33
DA:33,33
DA:34,33
DA:35,33
DA:36,33
DA:37,33
DA:38,33
DA:39,33
DA:40,33
DA:41,33
DA:42,33
DA:47,0
DA:48,0
DA:49,0
DA:50,0
DA:51,0
DA:53,0
DA:54,0
DA:55,0
DA:56,0
DA:57,0
DA:59,39
DA:61,39
DA:62,39
DA:63,33
DA:64,33
DA:65,33
DA:68,39
DA:69,39
DA:70,39
DA:71,39
DA:72,39
DA:73,39
DA:74,39
DA:75,39
DA:76,39
DA:77,33
DA:79,33
DA:87,33
DA:88,0
DA:89,0
DA:90,0
DA:91,0
DA:92,33
DA:94,33
DA:95,33
DA:96,0
DA:97,0
DA:98,0
DA:99,0
DA:100,0
DA:101,0
DA:102,0
DA:103,0
DA:105,33
DA:106,33
DA:107,33
DA:108,33
DA:109,33
DA:110,33
DA:111,33
DA:112,33
DA:113,33
DA:114,33
DA:115,0
DA:116,0
DA:117,0
DA:118,0
DA:119,0
DA:120,0
DA:121,0
DA:122,0
DA:123,0
DA:128,0
DA:129,0
DA:130,0
DA:131,0
DA:132,0
DA:138,39
DA:139,39
DA:140,39
DA:141,39
DA:142,39
DA:148,39
DA:149,39
DA:153,39
DA:154,39
DA:155,39
DA:156,39
DA:157,39
DA:160,39
DA:161,39
DA:162,39
DA:163,0
DA:165,39
DA:166,78
DA:167,78
DA:168,78
BRDA:62,0,0,33
BRDA:62,0,1,6
BRDA:87,0,0,0
BRDA:87,0,1,33
BRDA:88,0,0,-
BRDA:88,0,1,-
BRDA:94,0,0,33
BRDA:94,0,1,0
BRDA:95,0,0,0
BRDA:95,0,1,33
BRDA:116,0,0,-
BRDA:116,0,1,-
BRDA:117,0,0,-
BRDA:117,0,1,-
BRDA:161,0,0,0
BRDA:161,0,1,39
BRDA:162,0,0,39
BRDA:162,0,1,0
BRF:18
BRH:7
LF:101
LH:64
end_of_record
SF:D:\project\pyxis\rust-cuda\src\crypto_cuda.rs
FN:408,_RNCNvNtNtCseZzw2mis13J_10pyxis_cuda11crypto_cuda4tests_15test_exact_cuda0B7_
FN:416,_RNCNvNtNtCseZzw2mis13J_10pyxis_cuda11crypto_cuda4tests_15test_exact_cudas0_0B7_
FN:421,_RNCNvNtNtCseZzw2mis13J_10pyxis_cuda11crypto_cuda4tests_15test_exact_cudas1_0B7_
FN:426,_RNCNvNtNtCseZzw2mis13J_10pyxis_cuda11crypto_cuda4tests_15test_exact_cudas2_0B7_
FN:431,_RNCNvNtNtCseZzw2mis13J_10pyxis_cuda11crypto_cuda4tests_15test_exact_cudas3_0B7_
FN:458,_RNCNvNtNtCseZzw2mis13J_10pyxis_cuda11crypto_cuda4tests_15test_exact_cudas4_0B7_
FN:495,_RNCNvNtNtCseZzw2mis13J_10pyxis_cuda11crypto_cuda4tests_15test_exact_cudas5_0B7_
FN:532,_RNCNvNtNtCseZzw2mis13J_10pyxis_cuda11crypto_cuda4tests_15test_exact_cudas6_0B7_
FN:411,_RNCNvNtNtCseZzw2mis13J_10pyxis_cuda11crypto_cuda4tests_15test_exact_cudas_0B7_
FN:164,_RINvMNtCseZzw2mis13J_10pyxis_cuda11crypto_cudaNtNtB5_7context16PyxisCudaContext17crypto_exact_cudadEB5_
FN:15,_RINvMNtCseZzw2mis13J_10pyxis_cuda11crypto_cudaNtNtB5_7context16PyxisCudaContext18bd09_to_gcj02_cudadEB5_
FN:139,_RINvMNtCseZzw2mis13J_10pyxis_cuda11crypto_cudaNtNtB5_7context16PyxisCudaContext18bd09_to_wgs84_cudadEB5_
FN:39,_RINvMNtCseZzw2mis13J_10pyxis_cuda11crypto_cudaNtNtB5_7context16PyxisCudaContext18gcj02_to_bd09_cudadEB5_
FN:114,_RINvMNtCseZzw2mis13J_10pyxis_cuda11crypto_cudaNtNtB5_7context16PyxisCudaContext18wgs84_to_bd09_cudadEB5_
FN:64,_RINvMNtCseZzw2mis13J_10pyxis_cuda11crypto_cudaNtNtB5_7context16PyxisCudaContext19gcj02_to_wgs84_cudadEB5_
FN:89,_RINvMNtCseZzw2mis13J_10pyxis_cuda11crypto_cudaNtNtB5_7context16PyxisCudaContext19wgs84_to_gcj02_cudadEB5_
FN:403,_RNvNtNtCseZzw2mis13J_10pyxis_cuda11crypto_cuda4tests_15test_exact_cuda
FN:221,_RNvNtNtCseZzw2mis13J_10pyxis_cuda11crypto_cuda4tests_23test_bd09_to_gcj02_cuda
FN:307,_RNvNtNtCseZzw2mis13J_10pyxis_cuda11crypto_cuda4tests_23test_bd09_to_wgs84_cuda
FN:239,_RNvNtNtCseZzw2mis13J_10pyxis_cuda11crypto_cuda4tests_23test_gcj02_to_bd09_cuda
FN:291,_RNvNtNtCseZzw2mis13J_10pyxis_cuda11crypto_cuda4tests_23test_wgs84_to_bd09_cuda
FN:256,_RNvNtNtCseZzw2mis13J_10pyxis_cuda11crypto_cuda4tests_24test_gcj02_to_wgs84_cuda
FN:274,_RNvNtNtCseZzw2mis13J_10pyxis_cuda11crypto_cuda4tests_24test_wgs84_to_gcj02_cuda
FN:351,_RNvNtNtCseZzw2mis13J_10pyxis_cuda11crypto_cuda4tests_29test_bd09_to_gcj02_exact_cuda
FN:325,_RNvNtNtCseZzw2mis13J_10pyxis_cuda11crypto_cuda4tests_29test_bd09_to_wgs84_exact_cuda
FN:377,_RNvNtNtCseZzw2mis13J_10pyxis_cuda11crypto_cuda4tests_30test_gcj02_to_wgs84_exact_cuda
FNDA:450000,_RNCNvNtNtCseZzw2mis13J_10pyxis_cuda11crypto_cuda4tests_15test_exact_cuda0B7_
FNDA:450000,_RNCNvNtNtCseZzw2mis13J_10pyxis_cuda11crypto_cuda4tests_15test_exact_cudas0_0B7_
FNDA:450000,_RNCNvNtNtCseZzw2mis13J_10pyxis_cuda11crypto_cuda4tests_15test_exact_cudas1_0B7_
FNDA:450000,_RNCNvNtNtCseZzw2mis13J_10pyxis_cuda11crypto_cuda4tests_15test_exact_cudas2_0B7_
FNDA:450000,_RNCNvNtNtCseZzw2mis13J_10pyxis_cuda11crypto_cuda4tests_15test_exact_cudas3_0B7_
FNDA:450000,_RNCNvNtNtCseZzw2mis13J_10pyxis_cuda11crypto_cuda4tests_15test_exact_cudas4_0B7_
FNDA:450000,_RNCNvNtNtCseZzw2mis13J_10pyxis_cuda11crypto_cuda4tests_15test_exact_cudas5_0B7_
FNDA:450000,_RNCNvNtNtCseZzw2mis13J_10pyxis_cuda11crypto_cuda4tests_15test_exact_cudas6_0B7_
FNDA:450000,_RNCNvNtNtCseZzw2mis13J_10pyxis_cuda11crypto_cuda4tests_15test_exact_cudas_0B7_
FNDA:18,_RINvMNtCseZzw2mis13J_10pyxis_cuda11crypto_cudaNtNtB5_7context16PyxisCudaContext17crypto_exact_cudadEB5_
FNDA:3,_RINvMNtCseZzw2mis13J_10pyxis_cuda11crypto_cudaNtNtB5_7context16PyxisCudaContext18bd09_to_gcj02_cudadEB5_
FNDA:3,_RINvMNtCseZzw2mis13J_10pyxis_cuda11crypto_cudaNtNtB5_7context16PyxisCudaContext18bd09_to_wgs84_cudadEB5_
FNDA:3,_RINvMNtCseZzw2mis13J_10pyxis_cuda11crypto_cudaNtNtB5_7context16PyxisCudaContext18gcj02_to_bd09_cudadEB5_
FNDA:3,_RINvMNtCseZzw2mis13J_10pyxis_cuda11crypto_cudaNtNtB5_7context16PyxisCudaContext18wgs84_to_bd09_cudadEB5_
FNDA:3,_RINvMNtCseZzw2mis13J_10pyxis_cuda11crypto_cudaNtNtB5_7context16PyxisCudaContext19gcj02_to_wgs84_cudadEB5_
FNDA:3,_RINvMNtCseZzw2mis13J_10pyxis_cuda11crypto_cudaNtNtB5_7context16PyxisCudaContext19wgs84_to_gcj02_cudadEB5_
FNDA:3,_RNvNtNtCseZzw2mis13J_10pyxis_cuda11crypto_cuda4tests_15test_exact_cuda
FNDA:3,_RNvNtNtCseZzw2mis13J_10pyxis_cuda11crypto_cuda4tests_23test_bd09_to_gcj02_cuda
FNDA:3,_RNvNtNtCseZzw2mis13J_10pyxis_cuda11crypto_cuda4tests_23test_bd09_to_wgs84_cuda
FNDA:3,_RNvNtNtCseZzw2mis13J_10pyxis_cuda11crypto_cuda4tests_23test_gcj02_to_bd09_cuda
FNDA:3,_RNvNtNtCseZzw2mis13J_10pyxis_cuda11crypto_cuda4tests_23test_wgs84_to_bd09_cuda
FNDA:3,_RNvNtNtCseZzw2mis13J_10pyxis_cuda11crypto_cuda4tests_24test_gcj02_to_wgs84_cuda
FNDA:3,_RNvNtNtCseZzw2mis13J_10pyxis_cuda11crypto_cuda4tests_24test_wgs84_to_gcj02_cuda
FNDA:3,_RNvNtNtCseZzw2mis13J_10pyxis_cuda11crypto_cuda4tests_29test_bd09_to_gcj02_exact_cuda
FNDA:3,_RNvNtNtCseZzw2mis13J_10pyxis_cuda11crypto_cuda4tests_29test_bd09_to_wgs84_exact_cuda
FNDA:3,_RNvNtNtCseZzw2mis13J_10pyxis_cuda11crypto_cuda4tests_30test_gcj02_to_wgs84_exact_cuda
FNF:26
FNH:26
DA:15,3
DA:16,3
DA:17,3
DA:18,3
DA:19,3
DA:20,3
DA:21,3
DA:22,3
DA:23,3
DA:24,3
DA:25,3
DA:27,3
DA:28,3
DA:29,3
DA:30,3
DA:31,3
DA:32,3
DA:35,3
DA:37,3
DA:38,3
DA:39,3
DA:40,3
DA:41,3
DA:42,3
DA:43,3
DA:44,3
DA:45,3
DA:46,3
DA:47,3
DA:48,3
DA:49,3
DA:52,3
DA:53,3
DA:54,3
DA:55,3
DA:56,3
DA:57,3
DA:60,3
DA:62,3
DA:63,3
DA:64,3
DA:65,3
DA:66,3
DA:67,3
DA:68,3
DA:69,3
DA:70,3
DA:71,3
DA:72,3
DA:73,3
DA:74,3
DA:77,3
DA:78,3
DA:79,3
DA:80,3
DA:81,3
DA:82,3
DA:85,3
DA:87,3
DA:88,3
DA:89,3
DA:90,3
DA:91,3
DA:92,3
DA:93,3
DA:94,3
DA:95,3
DA:96,3
DA:97,3
DA:98,3
DA:99,3
DA:102,3
DA:103,3
DA:104,3
DA:105,3
DA:106,3
DA:107,3
DA:110,3
DA:112,3
DA:113,3
DA:114,3
DA:115,3
DA:116,3
DA:117,3
DA:118,3
DA:119,3
DA:120,3
DA:121,3
DA:122,3
DA:123,3
DA:124,3
DA:127,3
DA:128,3
DA:129,3
DA:130,3
DA:131,3
DA:132,3
DA:135,3
DA:137,3
DA:138,3
DA:139,3
DA:140,3
DA:141,3
DA:142,3
DA:143,3
DA:144,3
DA:145,3
DA:146,3
DA:147,3
DA:148,3
DA:149,3
DA:152,3
DA:153,3
DA:154,3
DA:155,3
DA:156,3
DA:157,3
DA:160,3
DA:162,3
DA:163,3
DA:164,18
DA:165,18
DA:166,18
DA:167,18
DA:168,18
DA:169,18
DA:170,18
DA:171,18
DA:172,18
DA:173,18
DA:174,18
DA:175,18
DA:176,18
DA:177,18
DA:179,6
DA:182,6
DA:185,6
DA:187,0
DA:189,18
DA:190,0
DA:191,18
DA:193,18
DA:194,18
DA:196,18
DA:197,18
DA:198,18
DA:199,18
DA:200,0
DA:201,0
DA:202,0
DA:203,18
DA:204,18
DA:207,18
DA:209,18
DA:210,18
DA:221,3
DA:222,3
DA:223,3
DA:224,3
DA:225,3
DA:226,3
DA:227,3
DA:228,3
DA:229,3
DA:230,3
DA:232,3
DA:233,3
DA:235,3
DA:236,3
DA:237,3
DA:239,3
DA:240,3
DA:241,3
DA:242,3
DA:243,3
DA:244,3
DA:245,3
DA:246,3
DA:247,3
DA:248,3
DA:249,3
DA:250,3
DA:251,3
DA:252,3
DA:253,3
DA:254,3
DA:256,3
DA:257,3
DA:258,3
DA:259,3
DA:260,3
DA:261,3
DA:262,3
DA:263,3
DA:264,3
DA:265,3
DA:267,3
DA:268,3
DA:270,3
DA:271,3
DA:272,3
DA:274,3
DA:275,3
DA:276,3
DA:277,3
DA:278,3
DA:279,3
DA:280,3
DA:281,3
DA:282,3
DA:283,3
DA:284,3
DA:285,3
DA:286,3
DA:287,3
DA:288,3
DA:289,3
DA:291,3
DA:292,3
DA:293,3
DA:294,3
DA:295,3
DA:296,3
DA:297,3
DA:298,3
DA:299,3
DA:301,3
DA:302,3
DA:303,3
DA:304,3
DA:305,3
DA:307,3
DA:308,3
DA:309,3
DA:310,3
DA:311,3
DA:312,3
DA:313,3
DA:314,3
DA:315,3
DA:316,3
DA:318,3
DA:319,3
DA:321,3
DA:322,3
DA:323,3
DA:325,3
DA:326,3
DA:327,3
DA:328,3
DA:329,3
DA:330,3
DA:331,3
DA:332,3
DA:333,3
DA:334,3
DA:335,3
DA:336,3
DA:337,3
DA:338,3
DA:339,3
DA:340,3
DA:341,3
DA:343,3
DA:344,3
DA:345,3
DA:346,3
DA:347,3
DA:348,3
DA:349,3
DA:351,3
DA:352,3
DA:353,3
DA:354,3
DA:355,3
DA:356,3
DA:357,3
DA:358,3
DA:359,3
DA:360,3
DA:361,3
DA:362,3
DA:363,3
DA:364,3
DA:365,3
DA:366,3
DA:367,3
DA:369,3
DA:370,3
DA:371,3
DA:372,3
DA:373,3
DA:374,3
DA:375,3
DA:377,3
DA:378,3
DA:379,3
DA:380,3
DA:381,3
DA:382,3
DA:383,3
DA:384,3
DA:385,3
DA:386,3
DA:387,3
DA:388,3
DA:389,3
DA:390,3
DA:391,3
DA:392,3
DA:393,3
DA:395,3
DA:396,3
DA:397,3
DA:398,3
DA:399,3
DA:400,3
DA:401,3
DA:403,3
DA:404,3
DA:405,3
DA:406,3
DA:407,3
DA:408,450000
DA:409,3
DA:410,3
DA:411,450000
DA:412,3
DA:413,3
DA:414,3
DA:415,3
DA:416,450000
DA:417,3
DA:418,3
DA:419,3
DA:420,3
DA:421,450000
DA:422,3
DA:423,3
DA:424,3
DA:425,3
DA:426,450000
DA:427,3
DA:428,3
DA:429,3
DA:430,3
DA:431,450000
DA:432,3
DA:434,3
DA:435,3
DA:436,3
DA:437,3
DA:438,3
DA:439,3
DA:440,3
DA:441,3
DA:442,3
DA:443,3
DA:444,3
DA:445,3
DA:446,3
DA:447,3
DA:448,3
DA:449,3
DA:450,3
DA:451,3
DA:452,3
DA:453,3
DA:454,3
DA:455,3
DA:456,3
DA:457,3
DA:458,450000
DA:459,450000
DA:460,450000
DA:461,450000
DA:462,450000
DA:463,450000
DA:464,3
DA:465,3
DA:466,3
DA:467,3
DA:468,3
DA:471,3
DA:472,3
DA:473,3
DA:474,3
DA:475,3
DA:476,3
DA:477,3
DA:478,3
DA:479,3
DA:480,3
DA:481,3
DA:482,3
DA:483,3
DA:484,3
DA:485,3
DA:486,3
DA:487,3
DA:488,3
DA:489,3
DA:490,3
DA:491,3
DA:492,3
DA:493,3
DA:494,3
DA:495,450000
DA:496,450000
DA:497,450000
DA:498,450000
DA:499,450000
DA:500,450000
DA:501,3
DA:502,3
DA:503,3
DA:504,3
DA:505,3
DA:508,3
DA:509,3
DA:510,3
DA:511,3
DA:512,3
DA:513,3
DA:514,3
DA:515,3
DA:516,3
DA:517,3
DA:518,3
DA:519,3
DA:520,3
DA:521,3
DA:522,3
DA:523,3
DA:524,3
DA:525,3
DA:526,3
DA:527,3
DA:528,3
DA:529,3
DA:530,3
DA:531,3
DA:532,450000
DA:533,450000
DA:534,450000
DA:535,450000
DA:536,450000
DA:537,450000
DA:538,3
DA:539,3
DA:540,3
DA:541,3
DA:542,3
DA:544,3
BRDA:406,0,0,0
BRDA:406,0,1,3
BRF:2
BRH:1
LF:463
LH:458
end_of_record
SF:D:\project\pyxis\rust-cuda\src\datum_compensate_cuda.rs
FN:14,_RINvMNtCseZzw2mis13J_10pyxis_cuda21datum_compensate_cudaNtNtB5_7context16PyxisCudaContext21datum_compensate_cudadEB5_
FN:57,_RNvNtNtCseZzw2mis13J_10pyxis_cuda21datum_compensate_cuda4tests_26test_datum_compensate_cuda
FNDA:3,_RINvMNtCseZzw2mis13J_10pyxis_cuda21datum_compensate_cudaNtNtB5_7context16PyxisCudaContext21datum_compensate_cudadEB5_
FNDA:3,_RNvNtNtCseZzw2mis13J_10pyxis_cuda21datum_compensate_cuda4tests_26test_datum_compensate_cuda
FNF:2
FNH:2
DA:14,3
DA:15,3
DA:16,3
DA:17,3
DA:18,3
DA:19,3
DA:20,3
DA:21,3
DA:22,3
DA:23,3
DA:24,3
DA:25,3
DA:27,3
DA:28,3
DA:29,3
DA:31,3
DA:32,3
DA:35,3
DA:36,3
DA:37,3
DA:38,3
DA:39,0
DA:40,0
DA:41,0
DA:42,3
DA:43,3
DA:46,3
DA:48,3
DA:49,3
DA:57,3
DA:58,3
DA:59,3
DA:60,3
DA:61,3
DA:62,3
DA:63,3
DA:64,3
DA:65,3
DA:67,3
DA:68,3
DA:69,3
BRF:0
BRH:0
LF:41
LH:38
end_of_record
SF:D:\project\pyxis\rust\crates\pyxis\src\crypto.rs
FN:153,_RINvNtCs3V5rvIypfPY_5pyxis6crypto13bd09_to_gcj02dECseZzw2mis13J_10pyxis_cuda
FN:221,_RINvNtCs3V5rvIypfPY_5pyxis6crypto13bd09_to_wgs84dECseZzw2mis13J_10pyxis_cuda
FN:252,_RINvNtCs3V5rvIypfPY_5pyxis6crypto13gcj02_to_bd09dECseZzw2mis13J_10pyxis_cuda
FN:321,_RINvNtCs3V5rvIypfPY_5pyxis6crypto13wgs84_to_bd09dECseZzw2mis13J_10pyxis_cuda
FN:190,_RINvNtCs3V5rvIypfPY_5pyxis6crypto14gcj02_to_wgs84dECseZzw2mis13J_10pyxis_cuda
FN:289,_RINvNtCs3V5rvIypfPY_5pyxis6crypto14wgs84_to_gcj02dECseZzw2mis13J_10pyxis_cuda
FN:425,_RINvNtCs3V5rvIypfPY_5pyxis6crypto18haversine_distancedECseZzw2mis13J_10pyxis_cuda
FN:113,_RINvNtCs3V5rvIypfPY_5pyxis6crypto5deltadECseZzw2mis13J_10pyxis_cuda
FN:76,_RINvNtCs3V5rvIypfPY_5pyxis6crypto9transformdECseZzw2mis13J_10pyxis_cuda
FNDA:6,_RINvNtCs3V5rvIypfPY_5pyxis6crypto13bd09_to_gcj02dECseZzw2mis13J_10pyxis_cuda
FNDA:3,_RINvNtCs3V5rvIypfPY_5pyxis6crypto13bd09_to_wgs84dECseZzw2mis13J_10pyxis_cuda
FNDA:900000,_RINvNtCs3V5rvIypfPY_5pyxis6crypto13gcj02_to_bd09dECseZzw2mis13J_10pyxis_cuda
FNDA:900000,_RINvNtCs3V5rvIypfPY_5pyxis6crypto13wgs84_to_bd09dECseZzw2mis13J_10pyxis_cuda
FNDA:6,_RINvNtCs3V5rvIypfPY_5pyxis6crypto14gcj02_to_wgs84dECseZzw2mis13J_10pyxis_cuda
FNDA:1800000,_RINvNtCs3V5rvIypfPY_5pyxis6crypto14wgs84_to_gcj02dECseZzw2mis13J_10pyxis_cuda
FNDA:2700000,_RINvNtCs3V5rvIypfPY_5pyxis6crypto18haversine_distancedECseZzw2mis13J_10pyxis_cuda
FNDA:1800006,_RINvNtCs3V5rvIypfPY_5pyxis6crypto5deltadECseZzw2mis13J_10pyxis_cuda
FNDA:1800006,_RINvNtCs3V5rvIypfPY_5pyxis6crypto9transformdECseZzw2mis13J_10pyxis_cuda
FNF:9
FNH:9
DA:76,1800006
DA:77,1800006
DA:78,1800006
DA:80,1800006
DA:81,1800006
DA:82,1800006
DA:83,1800006
DA:84,1800006
DA:86,1800006
DA:87,1800006
DA:89,1800006
DA:90,1800006
DA:91,1800006
DA:92,1800006
DA:93,1800006
DA:94,1800006
DA:95,1800006
DA:96,1800006
DA:98,1800006
DA:99,1800006
DA:101,1800006
DA:102,1800006
DA:103,1800006
DA:104,1800006
DA:105,1800006
DA:106,1800006
DA:107,1800006
DA:108,1800006
DA:110,1800006
DA:111,1800006
DA:113,1800006
DA:114,1800006
DA:115,1800006
DA:117,1800006
DA:118,1800006
DA:119,1800006
DA:120,1800006
DA:121,1800006
DA:123,1800006
DA:124,1800006
DA:125,1800006
DA:126,1800006
DA:127,1800006
DA:128,1800006
DA:153,6
DA:154,6
DA:155,6
DA:157,6
DA:158,6
DA:159,6
DA:160,6
DA:161,6
DA:162,6
DA:163,6
DA:164,6
DA:165,6
DA:190,6
DA:191,6
DA:192,6
DA:194,6
DA:195,6
DA:196,6
DA:221,3
DA:222,3
DA:223,3
DA:225,3
DA:226,3
DA:227,3
DA:252,900000
DA:253,900000
DA:254,900000
DA:256,900000
DA:257,900000
DA:258,900000
DA:259,900000
DA:260,900000
DA:261,900000
DA:262,900000
DA:263,900000
DA:289,1800000
DA:290,1800000
DA:291,1800000
DA:293,1800000
DA:294,1800000
DA:295,1800000
DA:321,900000
DA:322,900000
DA:323,900000
DA:325,900000
DA:326,900000
DA:327,900000
DA:425,2700000
DA:426,2700000
DA:427,2700000
DA:429,2700000
DA:430,2700000
DA:431,2700000
DA:432,2700000
DA:434,2700000
DA:435,2700000
DA:437,2700000
DA:438,2700000
DA:439,2700000
DA:441,2700000
DA:442,2700000
BRF:0
BRH:0
LF:105
LH:105
end_of_record
SF:D:\project\pyxis\rust\crates\pyxis\src\ellipsoid.rs
FN:175,_RNvMNtCs3V5rvIypfPY_5pyxis9ellipsoidINtB2_9EllipsoiddE13eccentricity2CseZzw2mis13J_10pyxis_cuda
FN:166,_RNvMNtCs3V5rvIypfPY_5pyxis9ellipsoidINtB2_9EllipsoiddE15semi_major_axisCseZzw2mis13J_10pyxis_cuda
FN:81,_RNvMNtCs3V5rvIypfPY_5pyxis9ellipsoidINtB2_9EllipsoiddE24from_semi_major_and_invfB4_
FN:81,_RNvMNtCs3V5rvIypfPY_5pyxis9ellipsoidINtB2_9EllipsoidfE24from_semi_major_and_invfB4_
FNDA:1800006,_RNvMNtCs3V5rvIypfPY_5pyxis9ellipsoidINtB2_9EllipsoiddE13eccentricity2CseZzw2mis13J_10pyxis_cuda
FNDA:4500006,_RNvMNtCs3V5rvIypfPY_5pyxis9ellipsoidINtB2_9EllipsoiddE15semi_major_axisCseZzw2mis13J_10pyxis_cuda
FNDA:12,_RNvMNtCs3V5rvIypfPY_5pyxis9ellipsoidINtB2_9EllipsoiddE24from_semi_major_and_invfB4_
FNDA:0,_RNvMNtCs3V5rvIypfPY_5pyxis9ellipsoidINtB2_9EllipsoidfE24from_semi_major_and_invfB4_
FNF:3
FNH:3
DA:81,12
DA:82,12
DA:83,12
DA:84,12
DA:85,12
DA:87,12
DA:88,12
DA:89,12
DA:90,12
DA:91,12
DA:92,12
DA:93,12
DA:94,12
DA:95,12
DA:166,4500006
DA:175,1800006
BRF:0
BRH:0
LF:16
LH:16
end_of_record
SF:D:\project\pyxis\rust\crates\pyxis\src\types.rs
FN:48,_RNvXs0_NtCs3V5rvIypfPY_5pyxis5typesfINtB5_14ConstEllipsoidfE13krasovsky1940
FN:49,_RNvXs0_NtCs3V5rvIypfPY_5pyxis5typesfINtB5_14ConstEllipsoidfE5wgs84
FN:47,_RNvXs0_NtCs3V5rvIypfPY_5pyxis5typesfINtB5_14ConstEllipsoidfE7grs1980
FN:46,_RNvXs0_NtCs3V5rvIypfPY_5pyxis5typesfINtB5_14ConstEllipsoidfE7iag1975
FN:45,_RNvXs0_NtCs3V5rvIypfPY_5pyxis5typesfINtB5_14ConstEllipsoidfE8cgcs2000
FN:64,_RNvXs1_NtCs3V5rvIypfPY_5pyxis5typesdINtB5_14ConstEllipsoiddE13krasovsky1940
FN:65,_RNvXs1_NtCs3V5rvIypfPY_5pyxis5typesdINtB5_14ConstEllipsoiddE5wgs84
FN:63,_RNvXs1_NtCs3V5rvIypfPY_5pyxis5typesdINtB5_14ConstEllipsoiddE7grs1980
FN:62,_RNvXs1_NtCs3V5rvIypfPY_5pyxis5typesdINtB5_14ConstEllipsoiddE7iag1975
FN:61,_RNvXs1_NtCs3V5rvIypfPY_5pyxis5typesdINtB5_14ConstEllipsoiddE8cgcs2000
FN:37,_RNCNvNtCs3V5rvIypfPY_5pyxis5types11GRS1980_F320B5_
FN:53,_RNCNvNtCs3V5rvIypfPY_5pyxis5types11GRS1980_F640B5_
FN:39,_RNCNvNtCs3V5rvIypfPY_5pyxis5types11IAG1975_F320B5_
FN:55,_RNCNvNtCs3V5rvIypfPY_5pyxis5types11IAG1975_F640B5_
FN:41,_RNCNvNtCs3V5rvIypfPY_5pyxis5types17KRASOVSKY1940_F320B5_
FN:57,_RNCNvNtCs3V5rvIypfPY_5pyxis5types17KRASOVSKY1940_F640B5_
FN:43,_RNCNvNtCs3V5rvIypfPY_5pyxis5types9WGS84_F320B5_
FN:59,_RNCNvNtCs3V5rvIypfPY_5pyxis5types9WGS84_F640B5_
FNDA:0,_RNvXs0_NtCs3V5rvIypfPY_5pyxis5typesfINtB5_14ConstEllipsoidfE13krasovsky1940
FNDA:0,_RNvXs0_NtCs3V5rvIypfPY_5pyxis5typesfINtB5_14ConstEllipsoidfE5wgs84
FNDA:0,_RNvXs0_NtCs3V5rvIypfPY_5pyxis5typesfINtB5_14ConstEllipsoidfE7grs1980
FNDA:0,_RNvXs0_NtCs3V5rvIypfPY_5pyxis5typesfINtB5_14ConstEllipsoidfE7iag1975
FNDA:0,_RNvXs0_NtCs3V5rvIypfPY_5pyxis5typesfINtB5_14ConstEllipsoidfE8cgcs2000
FNDA:3600012,_RNvXs1_NtCs3V5rvIypfPY_5pyxis5typesdINtB5_14ConstEllipsoiddE13krasovsky1940
FNDA:2700000,_RNvXs1_NtCs3V5rvIypfPY_5pyxis5typesdINtB5_14ConstEllipsoiddE5wgs84
FNDA:0,_RNvXs1_NtCs3V5rvIypfPY_5pyxis5typesdINtB5_14ConstEllipsoiddE7grs1980
FNDA:0,_RNvXs1_NtCs3V5rvIypfPY_5pyxis5typesdINtB5_14ConstEllipsoiddE7iag1975
FNDA:0,_RNvXs1_NtCs3V5rvIypfPY_5pyxis5typesdINtB5_14ConstEllipsoiddE8cgcs2000
FNDA:0,_RNCNvNtCs3V5rvIypfPY_5pyxis5types11GRS1980_F320B5_
FNDA:0,_RNCNvNtCs3V5rvIypfPY_5pyxis5types11GRS1980_F640B5_
FNDA:0,_RNCNvNtCs3V5rvIypfPY_5pyxis5types11IAG1975_F320B5_
FNDA:0,_RNCNvNtCs3V5rvIypfPY_5pyxis5types11IAG1975_F640B5_
FNDA:0,_RNCNvNtCs3V5rvIypfPY_5pyxis5types17KRASOVSKY1940_F320B5_
FNDA:9,_RNCNvNtCs3V5rvIypfPY_5pyxis5types17KRASOVSKY1940_F640B5_
FNDA:0,_RNCNvNtCs3V5rvIypfPY_5pyxis5types9WGS84_F320B5_
FNDA:3,_RNCNvNtCs3V5rvIypfPY_5pyxis5types9WGS84_F640B5_
FNF:18
FNH:4
DA:37,0
DA:39,0
DA:41,0
DA:43,0
DA:45,0
DA:46,0
DA:47,0
DA:48,0
DA:49,0
DA:53,0
DA:55,0
DA:57,9
DA:59,3
DA:61,0
DA:62,0
DA:63,0
DA:64,3600012
DA:65,2700000
BRF:0
BRH:0
LF:18
LH:4
end_of_record
