SF:D:\project\pyxis\rust-cuda\src\context.rs
FN:128,_RNvMs0_NtCs7TwC2c9SHrR_10pyxis_cuda7contextNtB5_16PyxisCudaContext14set_block_size
FN:47,_RNvMs_NtCs7TwC2c9SHrR_10pyxis_cuda7contextNtB4_16PyxisCudaContext14set_size_limit
FN:53,_RNvMs_NtCs7TwC2c9SHrR_10pyxis_cuda7contextNtB4_16PyxisCudaContext15set_count_limit
FN:29,_RNvMNtCs7TwC2c9SHrR_10pyxis_cuda7contextNtB2_16PyxisCudaContext3new
FN:138,_RNvMs0_NtCs7TwC2c9SHrR_10pyxis_cuda7contextNtB5_16PyxisCudaContext14get_grid_block
FN:166,_RNvMs1_NtCs7TwC2c9SHrR_10pyxis_cuda7contextNtB5_16PyxisCudaContext24device_buffer_from_slice
FN:77,_RNvMs_NtCs7TwC2c9SHrR_10pyxis_cuda7contextNtB4_16PyxisCudaContext10add_module
FN:59,_RNvMs_NtCs7TwC2c9SHrR_10pyxis_cuda7contextNtB4_16PyxisCudaContext10get_module
FN:115,_RNvMs_NtCs7TwC2c9SHrR_10pyxis_cuda7contextNtB4_16PyxisCudaContext18remove_last_module
FN:153,_RINvMs1_NtCs7TwC2c9SHrR_10pyxis_cuda7contextNtB6_16PyxisCudaContext12get_functiondEB8_
FN:128,_RNvMs0_NtCsiMB2r01GLXC_10pyxis_cuda7contextNtB5_16PyxisCudaContext14set_block_size
FN:47,_RNvMs_NtCsiMB2r01GLXC_10pyxis_cuda7contextNtB4_16PyxisCudaContext14set_size_limit
FN:53,_RNvMs_NtCsiMB2r01GLXC_10pyxis_cuda7contextNtB4_16PyxisCudaContext15set_count_limit
FN:153,_RINvMs1_NtCsiMB2r01GLXC_10pyxis_cuda7contextNtB6_16PyxisCudaContext12get_functiondEB8_
FN:29,_RNvMNtCsiMB2r01GLXC_10pyxis_cuda7contextNtB2_16PyxisCudaContext3new
FN:138,_RNvMs0_NtCsiMB2r01GLXC_10pyxis_cuda7contextNtB5_16PyxisCudaContext14get_grid_block
FN:166,_RNvMs1_NtCsiMB2r01GLXC_10pyxis_cuda7contextNtB5_16PyxisCudaContext24device_buffer_from_slice
FN:77,_RNvMs_NtCsiMB2r01GLXC_10pyxis_cuda7contextNtB4_16PyxisCudaContext10add_module
FN:59,_RNvMs_NtCsiMB2r01GLXC_10pyxis_cuda7contextNtB4_16PyxisCudaContext10get_module
FN:115,_RNvMs_NtCsiMB2r01GLXC_10pyxis_cuda7contextNtB4_16PyxisCudaContext18remove_last_module
FN:29,_RNvMNtCslQO64xcTy24_10pyxis_cuda7contextNtB2_16PyxisCudaContext3new
FN:138,_RNvMs0_NtCslQO64xcTy24_10pyxis_cuda7contextNtB5_16PyxisCudaContext14get_grid_block
FN:166,_RNvMs1_NtCslQO64xcTy24_10pyxis_cuda7contextNtB5_16PyxisCudaContext24device_buffer_from_slice
FN:77,_RNvMs_NtCslQO64xcTy24_10pyxis_cuda7contextNtB4_16PyxisCudaContext10add_module
FN:59,_RNvMs_NtCslQO64xcTy24_10pyxis_cuda7contextNtB4_16PyxisCudaContext10get_module
FN:115,_RNvMs_NtCslQO64xcTy24_10pyxis_cuda7contextNtB4_16PyxisCudaContext18remove_last_module
FN:128,_RNvMs0_NtCslQO64xcTy24_10pyxis_cuda7contextNtB5_16PyxisCudaContext14set_block_size
FN:47,_RNvMs_NtCslQO64xcTy24_10pyxis_cuda7contextNtB4_16PyxisCudaContext14set_size_limit
FN:53,_RNvMs_NtCslQO64xcTy24_10pyxis_cuda7contextNtB4_16PyxisCudaContext15set_count_limit
FN:153,_RINvMs1_NtCslQO64xcTy24_10pyxis_cuda7contextNtB6_16PyxisCudaContext12get_functiondEB8_
FNDA:0,_RNvMs0_NtCs7TwC2c9SHrR_10pyxis_cuda7contextNtB5_16PyxisCudaContext14set_block_size
FNDA:0,_RNvMs_NtCs7TwC2c9SHrR_10pyxis_cuda7contextNtB4_16PyxisCudaContext14set_size_limit
FNDA:0,_RNvMs_NtCs7TwC2c9SHrR_10pyxis_cuda7contextNtB4_16PyxisCudaContext15set_count_limit
FNDA:33,_RNvMNtCs7TwC2c9SHrR_10pyxis_cuda7contextNtB2_16PyxisCudaContext3new
FNDA:39,_RNvMs0_NtCs7TwC2c9SHrR_10pyxis_cuda7contextNtB5_16PyxisCudaContext14get_grid_block
FNDA:78,_RNvMs1_NtCs7TwC2c9SHrR_10pyxis_cuda7contextNtB5_16PyxisCudaContext24device_buffer_from_slice
FNDA:33,_RNvMs_NtCs7TwC2c9SHrR_10pyxis_cuda7contextNtB4_16PyxisCudaContext10add_module
FNDA:39,_RNvMs_NtCs7TwC2c9SHrR_10pyxis_cuda7contextNtB4_16PyxisCudaContext10get_module
FNDA:0,_RNvMs_NtCs7TwC2c9SHrR_10pyxis_cuda7contextNtB4_16PyxisCudaContext18remove_last_module
FNDA:39,_RINvMs1_NtCs7TwC2c9SHrR_10pyxis_cuda7contextNtB6_16PyxisCudaContext12get_functiondEB8_
FNDA:0,_RNvMs0_NtCsiMB2r01GLXC_10pyxis_cuda7contextNtB5_16PyxisCudaContext14set_block_size
FNDA:0,_RNvMs_NtCsiMB2r01GLXC_10pyxis_cuda7contextNtB4_16PyxisCudaContext14set_size_limit
FNDA:0,_RNvMs_NtCsiMB2r01GLXC_10pyxis_cuda7contextNtB4_16PyxisCudaContext15set_count_limit
FNDA:13,_RINvMs1_NtCsiMB2r01GLXC_10pyxis_cuda7contextNtB6_16PyxisCudaContext12get_functiondEB8_
FNDA:11,_RNvMNtCsiMB2r01GLXC_10pyxis_cuda7contextNtB2_16PyxisCudaContext3new
FNDA:13,_RNvMs0_NtCsiMB2r01GLXC_10pyxis_cuda7contextNtB5_16PyxisCudaContext14get_grid_block
FNDA:26,_RNvMs1_NtCsiMB2r01GLXC_10pyxis_cuda7contextNtB5_16PyxisCudaContext24device_buffer_from_slice
FNDA:11,_RNvMs_NtCsiMB2r01GLXC_10pyxis_cuda7contextNtB4_16PyxisCudaContext10add_module
FNDA:13,_RNvMs_NtCsiMB2r01GLXC_10pyxis_cuda7contextNtB4_16PyxisCudaContext10get_module
FNDA:0,_RNvMs_NtCsiMB2r01GLXC_10pyxis_cuda7contextNtB4_16PyxisCudaContext18remove_last_module
FNDA:33,_RNvMNtCslQO64xcTy24_10pyxis_cuda7contextNtB2_16PyxisCudaContext3new
FNDA:39,_RNvMs0_NtCslQO64xcTy24_10pyxis_cuda7contextNtB5_16PyxisCudaContext14get_grid_block
FNDA:78,_RNvMs1_NtCslQO64xcTy24_10pyxis_cuda7contextNtB5_16PyxisCudaContext24device_buffer_from_slice
FNDA:33,_RNvMs_NtCslQO64xcTy24_10pyxis_cuda7contextNtB4_16PyxisCudaContext10add_module
FNDA:39,_RNvMs_NtCslQO64xcTy24_10pyxis_cuda7contextNtB4_16PyxisCudaContext10get_module
FNDA:0,_RNvMs_NtCslQO64xcTy24_10pyxis_cuda7contextNtB4_16PyxisCudaContext18remove_last_module
FNDA:0,_RNvMs0_NtCslQO64xcTy24_10pyxis_cuda7contextNtB5_16PyxisCudaContext14set_block_size
FNDA:0,_RNvMs_NtCslQO64xcTy24_10pyxis_cuda7contextNtB4_16PyxisCudaContext14set_size_limit
FNDA:0,_RNvMs_NtCslQO64xcTy24_10pyxis_cuda7contextNtB4_16PyxisCudaContext15set_count_limit
FNDA:39,_RINvMs1_NtCslQO64xcTy24_10pyxis_cuda7contextNtB6_16PyxisCudaContext12get_functiondEB8_
FNF:10
FNH:6
DA:29,77
DA:30,77
DA:31,77
DA:32,77
DA:33,77
DA:34,77
DA:35,77
DA:36,77
DA:37,77
DA:38,77
DA:39,77
DA:40,77
DA:41,77
DA:42,77
DA:47,0
DA:48,0
DA:49,0
DA:50,0
DA:51,0
DA:53,0
DA:54,0
DA:55,0
DA:56,0
DA:57,0
DA:59,91
DA:61,91
DA:62,91
DA:63,77
DA:64,77
DA:65,77
DA:68,91
DA:69,91
DA:70,91
DA:71,91
DA:72,91
DA:73,91
DA:74,91
DA:75,91
DA:76,91
DA:77,77
DA:79,77
DA:87,77
DA:88,0
DA:89,0
DA:90,0
DA:91,0
DA:92,77
DA:94,77
DA:95,77
DA:96,0
DA:97,0
DA:98,0
DA:99,0
DA:100,0
DA:101,0
DA:102,0
DA:103,0
DA:105,77
DA:106,77
DA:107,77
DA:108,77
DA:109,77
DA:110,77
DA:111,77
DA:112,77
DA:113,77
DA:114,77
DA:115,0
DA:116,0
DA:117,0
DA:118,0
DA:119,0
DA:120,0
DA:121,0
DA:122,0
DA:123,0
DA:128,0
DA:129,0
DA:130,0
DA:131,0
DA:132,0
DA:138,91
DA:139,91
DA:140,91
DA:141,91
DA:142,91
DA:148,91
DA:149,91
DA:153,91
DA:154,91
DA:155,91
DA:156,91
DA:157,91
DA:160,91
DA:161,91
DA:162,91
DA:163,0
DA:165,91
DA:166,182
DA:167,182
DA:168,182
BRDA:62,0,0,33
BRDA:62,0,1,6
BRDA:62,1,2,11
BRDA:62,1,3,2
BRDA:62,2,4,33
BRDA:62,2,5,6
BRDA:87,0,0,0
BRDA:87,0,1,33
BRDA:87,1,2,0
BRDA:87,1,3,11
BRDA:87,2,4,0
BRDA:87,2,5,33
BRDA:88,0,0,-
BRDA:88,0,1,-
BRDA:88,1,2,-
BRDA:88,1,3,-
BRDA:88,2,4,-
BRDA:88,2,5,-
BRDA:94,0,0,33
BRDA:94,0,1,0
BRDA:94,1,2,11
BRDA:94,1,3,0
BRDA:94,2,4,33
BRDA:94,2,5,0
BRDA:95,0,0,0
BRDA:95,0,1,33
BRDA:95,1,2,0
BRDA:95,1,3,11
BRDA:95,2,4,0
BRDA:95,2,5,33
BRDA:116,0,0,-
BRDA:116,0,1,-
BRDA:116,1,2,-
BRDA:116,1,3,-
BRDA:116,2,4,-
BRDA:116,2,5,-
BRDA:117,0,0,-
BRDA:117,0,1,-
BRDA:117,1,2,-
BRDA:117,1,3,-
BRDA:117,2,4,-
BRDA:117,2,5,-
BRDA:161,0,0,0
BRDA:161,0,1,39
BRDA:161,1,2,0
BRDA:161,1,3,13
BRDA:161,2,4,0
BRDA:161,2,5,39
BRDA:162,0,0,39
BRDA:162,0,1,0
BRDA:162,1,2,13
BRDA:162,1,3,0
BRDA:162,2,4,39
BRDA:162,2,5,0
BRF:18
BRH:7
LF:101
LH:64
end_of_record
SF:D:\project\pyxis\rust-cuda\src\crypto_cuda.rs
FN:403,_RNvNtNtCs7TwC2c9SHrR_10pyxis_cuda11crypto_cuda4tests_15test_exact_cuda
FN:221,_RNvNtNtCs7TwC2c9SHrR_10pyxis_cuda11crypto_cuda4tests_23test_bd09_to_gcj02_cuda
FN:307,_RNvNtNtCs7TwC2c9SHrR_10pyxis_cuda11crypto_cuda4tests_23test_bd09_to_wgs84_cuda
FN:239,_RNvNtNtCs7TwC2c9SHrR_10pyxis_cuda11crypto_cuda4tests_23test_gcj02_to_bd09_cuda
FN:291,_RNvNtNtCs7TwC2c9SHrR_10pyxis_cuda11crypto_cuda4tests_23test_wgs84_to_bd09_cuda
FN:256,_RNvNtNtCs7TwC2c9SHrR_10pyxis_cuda11crypto_cuda4tests_24test_gcj02_to_wgs84_cuda
FN:274,_RNvNtNtCs7TwC2c9SHrR_10pyxis_cuda11crypto_cuda4tests_24test_wgs84_to_gcj02_cuda
FN:351,_RNvNtNtCs7TwC2c9SHrR_10pyxis_cuda11crypto_cuda4tests_29test_bd09_to_gcj02_exact_cuda
FN:325,_RNvNtNtCs7TwC2c9SHrR_10pyxis_cuda11crypto_cuda4tests_29test_bd09_to_wgs84_exact_cuda
FN:377,_RNvNtNtCs7TwC2c9SHrR_10pyxis_cuda11crypto_cuda4tests_30test_gcj02_to_wgs84_exact_cuda
FN:164,_RINvMNtCs7TwC2c9SHrR_10pyxis_cuda11crypto_cudaNtNtB5_7context16PyxisCudaContext17crypto_exact_cudadEB5_
FN:15,_RINvMNtCs7TwC2c9SHrR_10pyxis_cuda11crypto_cudaNtNtB5_7context16PyxisCudaContext18bd09_to_gcj02_cudadEB5_
FN:139,_RINvMNtCs7TwC2c9SHrR_10pyxis_cuda11crypto_cudaNtNtB5_7context16PyxisCudaContext18bd09_to_wgs84_cudadEB5_
FN:39,_RINvMNtCs7TwC2c9SHrR_10pyxis_cuda11crypto_cudaNtNtB5_7context16PyxisCudaContext18gcj02_to_bd09_cudadEB5_
FN:114,_RINvMNtCs7TwC2c9SHrR_10pyxis_cuda11crypto_cudaNtNtB5_7context16PyxisCudaContext18wgs84_to_bd09_cudadEB5_
FN:64,_RINvMNtCs7TwC2c9SHrR_10pyxis_cuda11crypto_cudaNtNtB5_7context16PyxisCudaContext19gcj02_to_wgs84_cudadEB5_
FN:89,_RINvMNtCs7TwC2c9SHrR_10pyxis_cuda11crypto_cudaNtNtB5_7context16PyxisCudaContext19wgs84_to_gcj02_cudadEB5_
FN:408,_RNCNvNtNtCs7TwC2c9SHrR_10pyxis_cuda11crypto_cuda4tests_15test_exact_cuda0B7_
FN:416,_RNCNvNtNtCs7TwC2c9SHrR_10pyxis_cuda11crypto_cuda4tests_15test_exact_cudas0_0B7_
FN:421,_RNCNvNtNtCs7TwC2c9SHrR_10pyxis_cuda11crypto_cuda4tests_15test_exact_cudas1_0B7_
FN:426,_RNCNvNtNtCs7TwC2c9SHrR_10pyxis_cuda11crypto_cuda4tests_15test_exact_cudas2_0B7_
FN:431,_RNCNvNtNtCs7TwC2c9SHrR_10pyxis_cuda11crypto_cuda4tests_15test_exact_cudas3_0B7_
FN:458,_RNCNvNtNtCs7TwC2c9SHrR_10pyxis_cuda11crypto_cuda4tests_15test_exact_cudas4_0B7_
FN:495,_RNCNvNtNtCs7TwC2c9SHrR_10pyxis_cuda11crypto_cuda4tests_15test_exact_cudas5_0B7_
FN:532,_RNCNvNtNtCs7TwC2c9SHrR_10pyxis_cuda11crypto_cuda4tests_15test_exact_cudas6_0B7_
FN:411,_RNCNvNtNtCs7TwC2c9SHrR_10pyxis_cuda11crypto_cuda4tests_15test_exact_cudas_0B7_
FN:164,_RINvMNtCsiMB2r01GLXC_10pyxis_cuda11crypto_cudaNtNtB5_7context16PyxisCudaContext17crypto_exact_cudadEB5_
FN:15,_RINvMNtCsiMB2r01GLXC_10pyxis_cuda11crypto_cudaNtNtB5_7context16PyxisCudaContext18bd09_to_gcj02_cudadEB5_
FN:139,_RINvMNtCsiMB2r01GLXC_10pyxis_cuda11crypto_cudaNtNtB5_7context16PyxisCudaContext18bd09_to_wgs84_cudadEB5_
FN:39,_RINvMNtCsiMB2r01GLXC_10pyxis_cuda11crypto_cudaNtNtB5_7context16PyxisCudaContext18gcj02_to_bd09_cudadEB5_
FN:114,_RINvMNtCsiMB2r01GLXC_10pyxis_cuda11crypto_cudaNtNtB5_7context16PyxisCudaContext18wgs84_to_bd09_cudadEB5_
FN:64,_RINvMNtCsiMB2r01GLXC_10pyxis_cuda11crypto_cudaNtNtB5_7context16PyxisCudaContext19gcj02_to_wgs84_cudadEB5_
FN:89,_RINvMNtCsiMB2r01GLXC_10pyxis_cuda11crypto_cudaNtNtB5_7context16PyxisCudaContext19wgs84_to_gcj02_cudadEB5_
FN:403,_RNvNtNtCsiMB2r01GLXC_10pyxis_cuda11crypto_cuda4tests_15test_exact_cuda
FN:221,_RNvNtNtCsiMB2r01GLXC_10pyxis_cuda11crypto_cuda4tests_23test_bd09_to_gcj02_cuda
FN:307,_RNvNtNtCsiMB2r01GLXC_10pyxis_cuda11crypto_cuda4tests_23test_bd09_to_wgs84_cuda
FN:239,_RNvNtNtCsiMB2r01GLXC_10pyxis_cuda11crypto_cuda4tests_23test_gcj02_to_bd09_cuda
FN:291,_RNvNtNtCsiMB2r01GLXC_10pyxis_cuda11crypto_cuda4tests_23test_wgs84_to_bd09_cuda
FN:256,_RNvNtNtCsiMB2r01GLXC_10pyxis_cuda11crypto_cuda4tests_24test_gcj02_to_wgs84_cuda
FN:274,_RNvNtNtCsiMB2r01GLXC_10pyxis_cuda11crypto_cuda4tests_24test_wgs84_to_gcj02_cuda
FN:351,_RNvNtNtCsiMB2r01GLXC_10pyxis_cuda11crypto_cuda4tests_29test_bd09_to_gcj02_exact_cuda
FN:325,_RNvNtNtCsiMB2r01GLXC_10pyxis_cuda11crypto_cuda4tests_29test_bd09_to_wgs84_exact_cuda
FN:377,_RNvNtNtCsiMB2r01GLXC_10pyxis_cuda11crypto_cuda4tests_30test_gcj02_to_wgs84_exact_cuda
FN:408,_RNCNvNtNtCsiMB2r01GLXC_10pyxis_cuda11crypto_cuda4tests_15test_exact_cuda0B7_
FN:416,_RNCNvNtNtCsiMB2r01GLXC_10pyxis_cuda11crypto_cuda4tests_15test_exact_cudas0_0B7_
FN:421,_RNCNvNtNtCsiMB2r01GLXC_10pyxis_cuda11crypto_cuda4tests_15test_exact_cudas1_0B7_
FN:426,_RNCNvNtNtCsiMB2r01GLXC_10pyxis_cuda11crypto_cuda4tests_15test_exact_cudas2_0B7_
FN:431,_RNCNvNtNtCsiMB2r01GLXC_10pyxis_cuda11crypto_cuda4tests_15test_exact_cudas3_0B7_
FN:458,_RNCNvNtNtCsiMB2r01GLXC_10pyxis_cuda11crypto_cuda4tests_15test_exact_cudas4_0B7_
FN:495,_RNCNvNtNtCsiMB2r01GLXC_10pyxis_cuda11crypto_cuda4tests_15test_exact_cudas5_0B7_
FN:532,_RNCNvNtNtCsiMB2r01GLXC_10pyxis_cuda11crypto_cuda4tests_15test_exact_cudas6_0B7_
FN:411,_RNCNvNtNtCsiMB2r01GLXC_10pyxis_cuda11crypto_cuda4tests_15test_exact_cudas_0B7_
FN:408,_RNCNvNtNtCslQO64xcTy24_10pyxis_cuda11crypto_cuda4tests_15test_exact_cuda0B7_
FN:416,_RNCNvNtNtCslQO64xcTy24_10pyxis_cuda11crypto_cuda4tests_15test_exact_cudas0_0B7_
FN:421,_RNCNvNtNtCslQO64xcTy24_10pyxis_cuda11crypto_cuda4tests_15test_exact_cudas1_0B7_
FN:426,_RNCNvNtNtCslQO64xcTy24_10pyxis_cuda11crypto_cuda4tests_15test_exact_cudas2_0B7_
FN:431,_RNCNvNtNtCslQO64xcTy24_10pyxis_cuda11crypto_cuda4tests_15test_exact_cudas3_0B7_
FN:458,_RNCNvNtNtCslQO64xcTy24_10pyxis_cuda11crypto_cuda4tests_15test_exact_cudas4_0B7_
FN:495,_RNCNvNtNtCslQO64xcTy24_10pyxis_cuda11crypto_cuda4tests_15test_exact_cudas5_0B7_
FN:532,_RNCNvNtNtCslQO64xcTy24_10pyxis_cuda11crypto_cuda4tests_15test_exact_cudas6_0B7_
FN:411,_RNCNvNtNtCslQO64xcTy24_10pyxis_cuda11crypto_cuda4tests_15test_exact_cudas_0B7_
FN:403,_RNvNtNtCslQO64xcTy24_10pyxis_cuda11crypto_cuda4tests_15test_exact_cuda
FN:221,_RNvNtNtCslQO64xcTy24_10pyxis_cuda11crypto_cuda4tests_23test_bd09_to_gcj02_cuda
FN:307,_RNvNtNtCslQO64xcTy24_10pyxis_cuda11crypto_cuda4tests_23test_bd09_to_wgs84_cuda
FN:239,_RNvNtNtCslQO64xcTy24_10pyxis_cuda11crypto_cuda4tests_23test_gcj02_to_bd09_cuda
FN:291,_RNvNtNtCslQO64xcTy24_10pyxis_cuda11crypto_cuda4tests_23test_wgs84_to_bd09_cuda
FN:256,_RNvNtNtCslQO64xcTy24_10pyxis_cuda11crypto_cuda4tests_24test_gcj02_to_wgs84_cuda
FN:274,_RNvNtNtCslQO64xcTy24_10pyxis_cuda11crypto_cuda4tests_24test_wgs84_to_gcj02_cuda
FN:351,_RNvNtNtCslQO64xcTy24_10pyxis_cuda11crypto_cuda4tests_29test_bd09_to_gcj02_exact_cuda
FN:325,_RNvNtNtCslQO64xcTy24_10pyxis_cuda11crypto_cuda4tests_29test_bd09_to_wgs84_exact_cuda
FN:377,_RNvNtNtCslQO64xcTy24_10pyxis_cuda11crypto_cuda4tests_30test_gcj02_to_wgs84_exact_cuda
FN:164,_RINvMNtCslQO64xcTy24_10pyxis_cuda11crypto_cudaNtNtB5_7context16PyxisCudaContext17crypto_exact_cudadEB5_
FN:15,_RINvMNtCslQO64xcTy24_10pyxis_cuda11crypto_cudaNtNtB5_7context16PyxisCudaContext18bd09_to_gcj02_cudadEB5_
FN:139,_RINvMNtCslQO64xcTy24_10pyxis_cuda11crypto_cudaNtNtB5_7context16PyxisCudaContext18bd09_to_wgs84_cudadEB5_
FN:39,_RINvMNtCslQO64xcTy24_10pyxis_cuda11crypto_cudaNtNtB5_7context16PyxisCudaContext18gcj02_to_bd09_cudadEB5_
FN:114,_RINvMNtCslQO64xcTy24_10pyxis_cuda11crypto_cudaNtNtB5_7context16PyxisCudaContext18wgs84_to_bd09_cudadEB5_
FN:64,_RINvMNtCslQO64xcTy24_10pyxis_cuda11crypto_cudaNtNtB5_7context16PyxisCudaContext19gcj02_to_wgs84_cudadEB5_
FN:89,_RINvMNtCslQO64xcTy24_10pyxis_cuda11crypto_cudaNtNtB5_7context16PyxisCudaContext19wgs84_to_gcj02_cudadEB5_
FNDA:3,_RNvNtNtCs7TwC2c9SHrR_10pyxis_cuda11crypto_cuda4tests_15test_exact_cuda
FNDA:3,_RNvNtNtCs7TwC2c9SHrR_10pyxis_cuda11crypto_cuda4tests_23test_bd09_to_gcj02_cuda
FNDA:3,_RNvNtNtCs7TwC2c9SHrR_10pyxis_cuda11crypto_cuda4tests_23test_bd09_to_wgs84_cuda
FNDA:3,_RNvNtNtCs7TwC2c9SHrR_10pyxis_cuda11crypto_cuda4tests_23test_gcj02_to_bd09_cuda
FNDA:3,_RNvNtNtCs7TwC2c9SHrR_10pyxis_cuda11crypto_cuda4tests_23test_wgs84_to_bd09_cuda
FNDA:3,_RNvNtNtCs7TwC2c9SHrR_10pyxis_cuda11crypto_cuda4tests_24test_gcj02_to_wgs84_cuda
FNDA:3,_RNvNtNtCs7TwC2c9SHrR_10pyxis_cuda11crypto_cuda4tests_24test_wgs84_to_gcj02_cuda
FNDA:3,_RNvNtNtCs7TwC2c9SHrR_10pyxis_cuda11crypto_cuda4tests_29test_bd09_to_gcj02_exact_cuda
FNDA:3,_RNvNtNtCs7TwC2c9SHrR_10pyxis_cuda11crypto_cuda4tests_29test_bd09_to_wgs84_exact_cuda
FNDA:3,_RNvNtNtCs7TwC2c9SHrR_10pyxis_cuda11crypto_cuda4tests_30test_gcj02_to_wgs84_exact_cuda
FNDA:18,_RINvMNtCs7TwC2c9SHrR_10pyxis_cuda11crypto_cudaNtNtB5_7context16PyxisCudaContext17crypto_exact_cudadEB5_
FNDA:3,_RINvMNtCs7TwC2c9SHrR_10pyxis_cuda11crypto_cudaNtNtB5_7context16PyxisCudaContext18bd09_to_gcj02_cudadEB5_
FNDA:3,_RINvMNtCs7TwC2c9SHrR_10pyxis_cuda11crypto_cudaNtNtB5_7context16PyxisCudaContext18bd09_to_wgs84_cudadEB5_
FNDA:3,_RINvMNtCs7TwC2c9SHrR_10pyxis_cuda11crypto_cudaNtNtB5_7context16PyxisCudaContext18gcj02_to_bd09_cudadEB5_
FNDA:3,_RINvMNtCs7TwC2c9SHrR_10pyxis_cuda11crypto_cudaNtNtB5_7context16PyxisCudaContext18wgs84_to_bd09_cudadEB5_
FNDA:3,_RINvMNtCs7TwC2c9SHrR_10pyxis_cuda11crypto_cudaNtNtB5_7context16PyxisCudaContext19gcj02_to_wgs84_cudadEB5_
FNDA:3,_RINvMNtCs7TwC2c9SHrR_10pyxis_cuda11crypto_cudaNtNtB5_7context16PyxisCudaContext19wgs84_to_gcj02_cudadEB5_
FNDA:450000,_RNCNvNtNtCs7TwC2c9SHrR_10pyxis_cuda11crypto_cuda4tests_15test_exact_cuda0B7_
FNDA:450000,_RNCNvNtNtCs7TwC2c9SHrR_10pyxis_cuda11crypto_cuda4tests_15test_exact_cudas0_0B7_
FNDA:450000,_RNCNvNtNtCs7TwC2c9SHrR_10pyxis_cuda11crypto_cuda4tests_15test_exact_cudas1_0B7_
FNDA:450000,_RNCNvNtNtCs7TwC2c9SHrR_10pyxis_cuda11crypto_cuda4tests_15test_exact_cudas2_0B7_
FNDA:450000,_RNCNvNtNtCs7TwC2c9SHrR_10pyxis_cuda11crypto_cuda4tests_15test_exact_cudas3_0B7_
FNDA:450000,_RNCNvNtNtCs7TwC2c9SHrR_10pyxis_cuda11crypto_cuda4tests_15test_exact_cudas4_0B7_
FNDA:450000,_RNCNvNtNtCs7TwC2c9SHrR_10pyxis_cuda11crypto_cuda4tests_15test_exact_cudas5_0B7_
FNDA:450000,_RNCNvNtNtCs7TwC2c9SHrR_10pyxis_cuda11crypto_cuda4tests_15test_exact_cudas6_0B7_
FNDA:450000,_RNCNvNtNtCs7TwC2c9SHrR_10pyxis_cuda11crypto_cuda4tests_15test_exact_cudas_0B7_
FNDA:6,_RINvMNtCsiMB2r01GLXC_10pyxis_cuda11crypto_cudaNtNtB5_7context16PyxisCudaContext17crypto_exact_cudadEB5_
FNDA:1,_RINvMNtCsiMB2r01GLXC_10pyxis_cuda11crypto_cudaNtNtB5_7context16PyxisCudaContext18bd09_to_gcj02_cudadEB5_
FNDA:1,_RINvMNtCsiMB2r01GLXC_10pyxis_cuda11crypto_cudaNtNtB5_7context16PyxisCudaContext18bd09_to_wgs84_cudadEB5_
FNDA:1,_RINvMNtCsiMB2r01GLXC_10pyxis_cuda11crypto_cudaNtNtB5_7context16PyxisCudaContext18gcj02_to_bd09_cudadEB5_
FNDA:1,_RINvMNtCsiMB2r01GLXC_10pyxis_cuda11crypto_cudaNtNtB5_7context16PyxisCudaContext18wgs84_to_bd09_cudadEB5_
FNDA:1,_RINvMNtCsiMB2r01GLXC_10pyxis_cuda11crypto_cudaNtNtB5_7context16PyxisCudaContext19gcj02_to_wgs84_cudadEB5_
FNDA:1,_RINvMNtCsiMB2r01GLXC_10pyxis_cuda11crypto_cudaNtNtB5_7context16PyxisCudaContext19wgs84_to_gcj02_cudadEB5_
FNDA:1,_RNvNtNtCsiMB2r01GLXC_10pyxis_cuda11crypto_cuda4tests_15test_exact_cuda
FNDA:1,_RNvNtNtCsiMB2r01GLXC_10pyxis_cuda11crypto_cuda4tests_23test_bd09_to_gcj02_cuda
FNDA:1,_RNvNtNtCsiMB2r01GLXC_10pyxis_cuda11crypto_cuda4tests_23test_bd09_to_wgs84_cuda
FNDA:1,_RNvNtNtCsiMB2r01GLXC_10pyxis_cuda11crypto_cuda4tests_23test_gcj02_to_bd09_cuda
FNDA:1,_RNvNtNtCsiMB2r01GLXC_10pyxis_cuda11crypto_cuda4tests_23test_wgs84_to_bd09_cuda
FNDA:1,_RNvNtNtCsiMB2r01GLXC_10pyxis_cuda11crypto_cuda4tests_24test_gcj02_to_wgs84_cuda
FNDA:1,_RNvNtNtCsiMB2r01GLXC_10pyxis_cuda11crypto_cuda4tests_24test_wgs84_to_gcj02_cuda
FNDA:1,_RNvNtNtCsiMB2r01GLXC_10pyxis_cuda11crypto_cuda4tests_29test_bd09_to_gcj02_exact_cuda
FNDA:1,_RNvNtNtCsiMB2r01GLXC_10pyxis_cuda11crypto_cuda4tests_29test_bd09_to_wgs84_exact_cuda
FNDA:1,_RNvNtNtCsiMB2r01GLXC_10pyxis_cuda11crypto_cuda4tests_30test_gcj02_to_wgs84_exact_cuda
FNDA:150000,_RNCNvNtNtCsiMB2r01GLXC_10pyxis_cuda11crypto_cuda4tests_15test_exact_cuda0B7_
FNDA:150000,_RNCNvNtNtCsiMB2r01GLXC_10pyxis_cuda11crypto_cuda4tests_15test_exact_cudas0_0B7_
FNDA:150000,_RNCNvNtNtCsiMB2r01GLXC_10pyxis_cuda11crypto_cuda4tests_15test_exact_cudas1_0B7_
FNDA:150000,_RNCNvNtNtCsiMB2r01GLXC_10pyxis_cuda11crypto_cuda4tests_15test_exact_cudas2_0B7_
FNDA:150000,_RNCNvNtNtCsiMB2r01GLXC_10pyxis_cuda11crypto_cuda4tests_15test_exact_cudas3_0B7_
FNDA:150000,_RNCNvNtNtCsiMB2r01GLXC_10pyxis_cuda11crypto_cuda4tests_15test_exact_cudas4_0B7_
FNDA:150000,_RNCNvNtNtCsiMB2r01GLXC_10pyxis_cuda11crypto_cuda4tests_15test_exact_cudas5_0B7_
FNDA:150000,_RNCNvNtNtCsiMB2r01GLXC_10pyxis_cuda11crypto_cuda4tests_15test_exact_cudas6_0B7_
FNDA:150000,_RNCNvNtNtCsiMB2r01GLXC_10pyxis_cuda11crypto_cuda4tests_15test_exact_cudas_0B7_
FNDA:450000,_RNCNvNtNtCslQO64xcTy24_10pyxis_cuda11crypto_cuda4tests_15test_exact_cuda0B7_
FNDA:450000,_RNCNvNtNtCslQO64xcTy24_10pyxis_cuda11crypto_cuda4tests_15test_exact_cudas0_0B7_
FNDA:450000,_RNCNvNtNtCslQO64xcTy24_10pyxis_cuda11crypto_cuda4tests_15test_exact_cudas1_0B7_
FNDA:450000,_RNCNvNtNtCslQO64xcTy24_10pyxis_cuda11crypto_cuda4tests_15test_exact_cudas2_0B7_
FNDA:450000,_RNCNvNtNtCslQO64xcTy24_10pyxis_cuda11crypto_cuda4tests_15test_exact_cudas3_0B7_
FNDA:450000,_RNCNvNtNtCslQO64xcTy24_10pyxis_cuda11crypto_cuda4tests_15test_exact_cudas4_0B7_
FNDA:450000,_RNCNvNtNtCslQO64xcTy24_10pyxis_cuda11crypto_cuda4tests_15test_exact_cudas5_0B7_
FNDA:450000,_RNCNvNtNtCslQO64xcTy24_10pyxis_cuda11crypto_cuda4tests_15test_exact_cudas6_0B7_
FNDA:450000,_RNCNvNtNtCslQO64xcTy24_10pyxis_cuda11crypto_cuda4tests_15test_exact_cudas_0B7_
FNDA:3,_RNvNtNtCslQO64xcTy24_10pyxis_cuda11crypto_cuda4tests_15test_exact_cuda
FNDA:3,_RNvNtNtCslQO64xcTy24_10pyxis_cuda11crypto_cuda4tests_23test_bd09_to_gcj02_cuda
FNDA:3,_RNvNtNtCslQO64xcTy24_10pyxis_cuda11crypto_cuda4tests_23test_bd09_to_wgs84_cuda
FNDA:3,_RNvNtNtCslQO64xcTy24_10pyxis_cuda11crypto_cuda4tests_23test_gcj02_to_bd09_cuda
FNDA:3,_RNvNtNtCslQO64xcTy24_10pyxis_cuda11crypto_cuda4tests_23test_wgs84_to_bd09_cuda
FNDA:3,_RNvNtNtCslQO64xcTy24_10pyxis_cuda11crypto_cuda4tests_24test_gcj02_to_wgs84_cuda
FNDA:3,_RNvNtNtCslQO64xcTy24_10pyxis_cuda11crypto_cuda4tests_24test_wgs84_to_gcj02_cuda
FNDA:3,_RNvNtNtCslQO64xcTy24_10pyxis_cuda11crypto_cuda4tests_29test_bd09_to_gcj02_exact_cuda
FNDA:3,_RNvNtNtCslQO64xcTy24_10pyxis_cuda11crypto_cuda4tests_29test_bd09_to_wgs84_exact_cuda
FNDA:3,_RNvNtNtCslQO64xcTy24_10pyxis_cuda11crypto_cuda4tests_30test_gcj02_to_wgs84_exact_cuda
FNDA:18,_RINvMNtCslQO64xcTy24_10pyxis_cuda11crypto_cudaNtNtB5_7context16PyxisCudaContext17crypto_exact_cudadEB5_
FNDA:3,_RINvMNtCslQO64xcTy24_10pyxis_cuda11crypto_cudaNtNtB5_7context16PyxisCudaContext18bd09_to_gcj02_cudadEB5_
FNDA:3,_RINvMNtCslQO64xcTy24_10pyxis_cuda11crypto_cudaNtNtB5_7context16PyxisCudaContext18bd09_to_wgs84_cudadEB5_
FNDA:3,_RINvMNtCslQO64xcTy24_10pyxis_cuda11crypto_cudaNtNtB5_7context16PyxisCudaContext18gcj02_to_bd09_cudadEB5_
FNDA:3,_RINvMNtCslQO64xcTy24_10pyxis_cuda11crypto_cudaNtNtB5_7context16PyxisCudaContext18wgs84_to_bd09_cudadEB5_
FNDA:3,_RINvMNtCslQO64xcTy24_10pyxis_cuda11crypto_cudaNtNtB5_7context16PyxisCudaContext19gcj02_to_wgs84_cudadEB5_
FNDA:3,_RINvMNtCslQO64xcTy24_10pyxis_cuda11crypto_cudaNtNtB5_7context16PyxisCudaContext19wgs84_to_gcj02_cudadEB5_
FNF:26
FNH:26
DA:15,7
DA:16,7
DA:17,7
DA:18,7
DA:19,7
DA:20,7
DA:21,7
DA:22,7
DA:23,7
DA:24,7
DA:25,7
DA:27,7
DA:28,7
DA:29,7
DA:30,7
DA:31,7
DA:32,7
DA:35,7
DA:37,7
DA:38,7
DA:39,7
DA:40,7
DA:41,7
DA:42,7
DA:43,7
DA:44,7
DA:45,7
DA:46,7
DA:47,7
DA:48,7
DA:49,7
DA:52,7
DA:53,7
DA:54,7
DA:55,7
DA:56,7
DA:57,7
DA:60,7
DA:62,7
DA:63,7
DA:64,7
DA:65,7
DA:66,7
DA:67,7
DA:68,7
DA:69,7
DA:70,7
DA:71,7
DA:72,7
DA:73,7
DA:74,7
DA:77,7
DA:78,7
DA:79,7
DA:80,7
DA:81,7
DA:82,7
DA:85,7
DA:87,7
DA:88,7
DA:89,7
DA:90,7
DA:91,7
DA:92,7
DA:93,7
DA:94,7
DA:95,7
DA:96,7
DA:97,7
DA:98,7
DA:99,7
DA:102,7
DA:103,7
DA:104,7
DA:105,7
DA:106,7
DA:107,7
DA:110,7
DA:112,7
DA:113,7
DA:114,7
DA:115,7
DA:116,7
DA:117,7
DA:118,7
DA:119,7
DA:120,7
DA:121,7
DA:122,7
DA:123,7
DA:124,7
DA:127,7
DA:128,7
DA:129,7
DA:130,7
DA:131,7
DA:132,7
DA:135,7
DA:137,7
DA:138,7
DA:139,7
DA:140,7
DA:141,7
DA:142,7
DA:143,7
DA:144,7
DA:145,7
DA:146,7
DA:147,7
DA:148,7
DA:149,7
DA:152,7
DA:153,7
DA:154,7
DA:155,7
DA:156,7
DA:157,7
DA:160,7
DA:162,7
DA:163,7
DA:164,42
DA:165,42
DA:166,42
DA:167,42
DA:168,42
DA:169,42
DA:170,42
DA:171,42
DA:172,42
DA:173,42
DA:174,42
DA:175,42
DA:176,42
DA:177,42
DA:179,14
DA:182,14
DA:185,14
DA:187,0
DA:189,42
DA:190,0
DA:191,42
DA:193,42
DA:194,42
DA:196,42
DA:197,42
DA:198,42
DA:199,42
DA:200,0
DA:201,0
DA:202,0
DA:203,42
DA:204,42
DA:207,42
DA:209,42
DA:210,42
DA:221,7
DA:222,7
DA:223,7
DA:224,7
DA:225,7
DA:226,7
DA:227,7
DA:228,7
DA:229,7
DA:230,7
DA:232,7
DA:233,7
DA:235,7
DA:236,7
DA:237,7
DA:239,7
DA:240,7
DA:241,7
DA:242,7
DA:243,7
DA:244,7
DA:245,7
DA:246,7
DA:247,7
DA:248,7
DA:249,7
DA:250,7
DA:251,7
DA:252,7
DA:253,7
DA:254,7
DA:256,7
DA:257,7
DA:258,7
DA:259,7
DA:260,7
DA:261,7
DA:262,7
DA:263,7
DA:264,7
DA:265,7
DA:267,7
DA:268,7
DA:270,7
DA:271,7
DA:272,7
DA:274,7
DA:275,7
DA:276,7
DA:277,7
DA:278,7
DA:279,7
DA:280,7
DA:281,7
DA:282,7
DA:283,7
DA:284,7
DA:285,7
DA:286,7
DA:287,7
DA:288,7
DA:289,7
DA:291,7
DA:292,7
DA:293,7
DA:294,7
DA:295,7
DA:296,7
DA:297,7
DA:298,7
DA:299,7
DA:301,7
DA:302,7
DA:303,7
DA:304,7
DA:305,7
DA:307,7
DA:308,7
DA:309,7
DA:310,7
DA:311,7
DA:312,7
DA:313,7
DA:314,7
DA:315,7
DA:316,7
DA:318,7
DA:319,7
DA:321,7
DA:322,7
DA:323,7
DA:325,7
DA:326,7
DA:327,7
DA:328,7
DA:329,7
DA:330,7
DA:331,7
DA:332,7
DA:333,7
DA:334,7
DA:335,7
DA:336,7
DA:337,7
DA:338,7
DA:339,7
DA:340,7
DA:341,7
DA:343,7
DA:344,7
DA:345,7
DA:346,7
DA:347,7
DA:348,7
DA:349,7
DA:351,7
DA:352,7
DA:353,7
DA:354,7
DA:355,7
DA:356,7
DA:357,7
DA:358,7
DA:359,7
DA:360,7
DA:361,7
DA:362,7
DA:363,7
DA:364,7
DA:365,7
DA:366,7
DA:367,7
DA:369,7
DA:370,7
DA:371,7
DA:372,7
DA:373,7
DA:374,7
DA:375,7
DA:377,7
DA:378,7
DA:379,7
DA:380,7
DA:381,7
DA:382,7
DA:383,7
DA:384,7
DA:385,7
DA:386,7
DA:387,7
DA:388,7
DA:389,7
DA:390,7
DA:391,7
DA:392,7
DA:393,7
DA:395,7
DA:396,7
DA:397,7
DA:398,7
DA:399,7
DA:400,7
DA:401,7
DA:403,7
DA:404,7
DA:405,7
DA:406,7
DA:407,7
DA:408,1050000
DA:409,7
DA:410,7
DA:411,1050000
DA:412,7
DA:413,7
DA:414,7
DA:415,7
DA:416,1050000
DA:417,7
DA:418,7
DA:419,7
DA:420,7
DA:421,1050000
DA:422,7
DA:423,7
DA:424,7
DA:425,7
DA:426,1050000
DA:427,7
DA:428,7
DA:429,7
DA:430,7
DA:431,1050000
DA:432,7
DA:434,7
DA:435,7
DA:436,7
DA:437,7
DA:438,7
DA:439,7
DA:440,7
DA:441,7
DA:442,7
DA:443,7
DA:444,7
DA:445,7
DA:446,7
DA:447,7
DA:448,7
DA:449,7
DA:450,7
DA:451,7
DA:452,7
DA:453,7
DA:454,7
DA:455,7
DA:456,7
DA:457,7
DA:458,1050000
DA:459,1050000
DA:460,1050000
DA:461,1050000
DA:462,1050000
DA:463,1050000
DA:464,7
DA:465,7
DA:466,7
DA:467,7
DA:468,7
DA:471,7
DA:472,7
DA:473,7
DA:474,7
DA:475,7
DA:476,7
DA:477,7
DA:478,7
DA:479,7
DA:480,7
DA:481,7
DA:482,7
DA:483,7
DA:484,7
DA:485,7
DA:486,7
DA:487,7
DA:488,7
DA:489,7
DA:490,7
DA:491,7
DA:492,7
DA:493,7
DA:494,7
DA:495,1050000
DA:496,1050000
DA:497,1050000
DA:498,1050000
DA:499,1050000
DA:500,1050000
DA:501,7
DA:502,7
DA:503,7
DA:504,7
DA:505,7
DA:508,7
DA:509,7
DA:510,7
DA:511,7
DA:512,7
DA:513,7
DA:514,7
DA:515,7
DA:516,7
DA:517,7
DA:518,7
DA:519,7
DA:520,7
DA:521,7
DA:522,7
DA:523,7
DA:524,7
DA:525,7
DA:526,7
DA:527,7
DA:528,7
DA:529,7
DA:530,7
DA:531,7
DA:532,1050000
DA:533,1050000
DA:534,1050000
DA:535,1050000
DA:536,1050000
DA:537,1050000
DA:538,7
DA:539,7
DA:540,7
DA:541,7
DA:542,7
DA:544,7
BRDA:406,0,0,0
BRDA:406,0,1,3
BRDA:406,1,2,0
BRDA:406,1,3,1
BRDA:406,2,4,0
BRDA:406,2,5,3
BRF:2
BRH:1
LF:463
LH:458
end_of_record
SF:D:\project\pyxis\rust-cuda\src\datum_compensate_cuda.rs
FN:57,_RNvNtNtCs7TwC2c9SHrR_10pyxis_cuda21datum_compensate_cuda4tests_26test_datum_compensate_cuda
FN:14,_RINvMNtCs7TwC2c9SHrR_10pyxis_cuda21datum_compensate_cudaNtNtB5_7context16PyxisCudaContext21datum_compensate_cudadEB5_
FN:14,_RINvMNtCsiMB2r01GLXC_10pyxis_cuda21datum_compensate_cudaNtNtB5_7context16PyxisCudaContext21datum_compensate_cudadEB5_
FN:57,_RNvNtNtCsiMB2r01GLXC_10pyxis_cuda21datum_compensate_cuda4tests_26test_datum_compensate_cuda
FN:57,_RNvNtNtCslQO64xcTy24_10pyxis_cuda21datum_compensate_cuda4tests_26test_datum_compensate_cuda
FN:14,_RINvMNtCslQO64xcTy24_10pyxis_cuda21datum_compensate_cudaNtNtB5_7context16PyxisCudaContext21datum_compensate_cudadEB5_
FNDA:3,_RNvNtNtCs7TwC2c9SHrR_10pyxis_cuda21datum_compensate_cuda4tests_26test_datum_compensate_cuda
FNDA:3,_RINvMNtCs7TwC2c9SHrR_10pyxis_cuda21datum_compensate_cudaNtNtB5_7context16PyxisCudaContext21datum_compensate_cudadEB5_
FNDA:1,_RINvMNtCsiMB2r01GLXC_10pyxis_cuda21datum_compensate_cudaNtNtB5_7context16PyxisCudaContext21datum_compensate_cudadEB5_
FNDA:1,_RNvNtNtCsiMB2r01GLXC_10pyxis_cuda21datum_compensate_cuda4tests_26test_datum_compensate_cuda
FNDA:3,_RNvNtNtCslQO64xcTy24_10pyxis_cuda21datum_compensate_cuda4tests_26test_datum_compensate_cuda
FNDA:3,_RINvMNtCslQO64xcTy24_10pyxis_cuda21datum_compensate_cudaNtNtB5_7context16PyxisCudaContext21datum_compensate_cudadEB5_
FNF:2
FNH:2
DA:14,7
DA:15,7
DA:16,7
DA:17,7
DA:18,7
DA:19,7
DA:20,7
DA:21,7
DA:22,7
DA:23,7
DA:24,7
DA:25,7
DA:27,7
DA:28,7
DA:29,7
DA:31,7
DA:32,7
DA:35,7
DA:36,7
DA:37,7
DA:38,7
DA:39,0
DA:40,0
DA:41,0
DA:42,7
DA:43,7
DA:46,7
DA:48,7
DA:49,7
DA:57,7
DA:58,7
DA:59,7
DA:60,7
DA:61,7
DA:62,7
DA:63,7
DA:64,7
DA:65,7
DA:67,7
DA:68,7
DA:69,7
BRF:0
BRH:0
LF:41
LH:38
end_of_record
SF:D:\project\pyxis\rust\crates\pyxis\src\crypto.rs
FN:153,_RINvNtCsj4Af5ZZAp41_5pyxis6crypto13bd09_to_gcj02dECs7TwC2c9SHrR_10pyxis_cuda
FN:221,_RINvNtCsj4Af5ZZAp41_5pyxis6crypto13bd09_to_wgs84dECs7TwC2c9SHrR_10pyxis_cuda
FN:252,_RINvNtCsj4Af5ZZAp41_5pyxis6crypto13gcj02_to_bd09dECs7TwC2c9SHrR_10pyxis_cuda
FN:321,_RINvNtCsj4Af5ZZAp41_5pyxis6crypto13wgs84_to_bd09dECs7TwC2c9SHrR_10pyxis_cuda
FN:190,_RINvNtCsj4Af5ZZAp41_5pyxis6crypto14gcj02_to_wgs84dECs7TwC2c9SHrR_10pyxis_cuda
FN:289,_RINvNtCsj4Af5ZZAp41_5pyxis6crypto14wgs84_to_gcj02dECs7TwC2c9SHrR_10pyxis_cuda
FN:425,_RINvNtCsj4Af5ZZAp41_5pyxis6crypto18haversine_distancedECs7TwC2c9SHrR_10pyxis_cuda
FN:113,_RINvNtCsj4Af5ZZAp41_5pyxis6crypto5deltadECs7TwC2c9SHrR_10pyxis_cuda
FN:76,_RINvNtCsj4Af5ZZAp41_5pyxis6crypto9transformdECs7TwC2c9SHrR_10pyxis_cuda
FN:375,_RINvNtCsj4Af5ZZAp41_5pyxis6crypto12crypto_exactpppEB4_
FN:153,_RINvNtCsj4Af5ZZAp41_5pyxis6crypto13bd09_to_gcj02pEB4_
FN:221,_RINvNtCsj4Af5ZZAp41_5pyxis6crypto13bd09_to_wgs84pEB4_
FN:252,_RINvNtCsj4Af5ZZAp41_5pyxis6crypto13gcj02_to_bd09pEB4_
FN:321,_RINvNtCsj4Af5ZZAp41_5pyxis6crypto13wgs84_to_bd09pEB4_
FN:190,_RINvNtCsj4Af5ZZAp41_5pyxis6crypto14gcj02_to_wgs84pEB4_
FN:289,_RINvNtCsj4Af5ZZAp41_5pyxis6crypto14wgs84_to_gcj02pEB4_
FN:425,_RINvNtCsj4Af5ZZAp41_5pyxis6crypto18haversine_distancepEB4_
FN:113,_RINvNtCsj4Af5ZZAp41_5pyxis6crypto5deltapEB4_
FN:76,_RINvNtCsj4Af5ZZAp41_5pyxis6crypto9transformpEB4_
FN:153,_RINvNtCsgZfI1YIrp63_5pyxis6crypto13bd09_to_gcj02dECsiMB2r01GLXC_10pyxis_cuda
FN:221,_RINvNtCsgZfI1YIrp63_5pyxis6crypto13bd09_to_wgs84dECsiMB2r01GLXC_10pyxis_cuda
FN:252,_RINvNtCsgZfI1YIrp63_5pyxis6crypto13gcj02_to_bd09dECsiMB2r01GLXC_10pyxis_cuda
FN:321,_RINvNtCsgZfI1YIrp63_5pyxis6crypto13wgs84_to_bd09dECsiMB2r01GLXC_10pyxis_cuda
FN:190,_RINvNtCsgZfI1YIrp63_5pyxis6crypto14gcj02_to_wgs84dECsiMB2r01GLXC_10pyxis_cuda
FN:289,_RINvNtCsgZfI1YIrp63_5pyxis6crypto14wgs84_to_gcj02dECsiMB2r01GLXC_10pyxis_cuda
FN:425,_RINvNtCsgZfI1YIrp63_5pyxis6crypto18haversine_distancedECsiMB2r01GLXC_10pyxis_cuda
FN:113,_RINvNtCsgZfI1YIrp63_5pyxis6crypto5deltadECsiMB2r01GLXC_10pyxis_cuda
FN:76,_RINvNtCsgZfI1YIrp63_5pyxis6crypto9transformdECsiMB2r01GLXC_10pyxis_cuda
FN:375,_RINvNtCsgZfI1YIrp63_5pyxis6crypto12crypto_exactpppEB4_
FN:153,_RINvNtCsgZfI1YIrp63_5pyxis6crypto13bd09_to_gcj02pEB4_
FN:221,_RINvNtCsgZfI1YIrp63_5pyxis6crypto13bd09_to_wgs84pEB4_
FN:252,_RINvNtCsgZfI1YIrp63_5pyxis6crypto13gcj02_to_bd09pEB4_
FN:321,_RINvNtCsgZfI1YIrp63_5pyxis6crypto13wgs84_to_bd09pEB4_
FN:190,_RINvNtCsgZfI1YIrp63_5pyxis6crypto14gcj02_to_wgs84pEB4_
FN:289,_RINvNtCsgZfI1YIrp63_5pyxis6crypto14wgs84_to_gcj02pEB4_
FN:425,_RINvNtCsgZfI1YIrp63_5pyxis6crypto18haversine_distancepEB4_
FN:113,_RINvNtCsgZfI1YIrp63_5pyxis6crypto5deltapEB4_
FN:76,_RINvNtCsgZfI1YIrp63_5pyxis6crypto9transformpEB4_
FN:153,_RINvNtCsjVzEeH5ybfU_5pyxis6crypto13bd09_to_gcj02dECslQO64xcTy24_10pyxis_cuda
FN:221,_RINvNtCsjVzEeH5ybfU_5pyxis6crypto13bd09_to_wgs84dECslQO64xcTy24_10pyxis_cuda
FN:252,_RINvNtCsjVzEeH5ybfU_5pyxis6crypto13gcj02_to_bd09dECslQO64xcTy24_10pyxis_cuda
FN:321,_RINvNtCsjVzEeH5ybfU_5pyxis6crypto13wgs84_to_bd09dECslQO64xcTy24_10pyxis_cuda
FN:190,_RINvNtCsjVzEeH5ybfU_5pyxis6crypto14gcj02_to_wgs84dECslQO64xcTy24_10pyxis_cuda
FN:289,_RINvNtCsjVzEeH5ybfU_5pyxis6crypto14wgs84_to_gcj02dECslQO64xcTy24_10pyxis_cuda
FN:425,_RINvNtCsjVzEeH5ybfU_5pyxis6crypto18haversine_distancedECslQO64xcTy24_10pyxis_cuda
FN:113,_RINvNtCsjVzEeH5ybfU_5pyxis6crypto5deltadECslQO64xcTy24_10pyxis_cuda
FN:76,_RINvNtCsjVzEeH5ybfU_5pyxis6crypto9transformdECslQO64xcTy24_10pyxis_cuda
FNDA:6,_RINvNtCsj4Af5ZZAp41_5pyxis6crypto13bd09_to_gcj02dECs7TwC2c9SHrR_10pyxis_cuda
FNDA:3,_RINvNtCsj4Af5ZZAp41_5pyxis6crypto13bd09_to_wgs84dECs7TwC2c9SHrR_10pyxis_cuda
FNDA:900000,_RINvNtCsj4Af5ZZAp41_5pyxis6crypto13gcj02_to_bd09dECs7TwC2c9SHrR_10pyxis_cuda
FNDA:900000,_RINvNtCsj4Af5ZZAp41_5pyxis6crypto13wgs84_to_bd09dECs7TwC2c9SHrR_10pyxis_cuda
FNDA:6,_RINvNtCsj4Af5ZZAp41_5pyxis6crypto14gcj02_to_wgs84dECs7TwC2c9SHrR_10pyxis_cuda
FNDA:1800000,_RINvNtCsj4Af5ZZAp41_5pyxis6crypto14wgs84_to_gcj02dECs7TwC2c9SHrR_10pyxis_cuda
FNDA:2700000,_RINvNtCsj4Af5ZZAp41_5pyxis6crypto18haversine_distancedECs7TwC2c9SHrR_10pyxis_cuda
FNDA:1800006,_RINvNtCsj4Af5ZZAp41_5pyxis6crypto5deltadECs7TwC2c9SHrR_10pyxis_cuda
FNDA:1800006,_RINvNtCsj4Af5ZZAp41_5pyxis6crypto9transformdECs7TwC2c9SHrR_10pyxis_cuda
FNDA:0,_RINvNtCsj4Af5ZZAp41_5pyxis6crypto12crypto_exactpppEB4_
FNDA:0,_RINvNtCsj4Af5ZZAp41_5pyxis6crypto13bd09_to_gcj02pEB4_
FNDA:0,_RINvNtCsj4Af5ZZAp41_5pyxis6crypto13bd09_to_wgs84pEB4_
FNDA:0,_RINvNtCsj4Af5ZZAp41_5pyxis6crypto13gcj02_to_bd09pEB4_
FNDA:0,_RINvNtCsj4Af5ZZAp41_5pyxis6crypto13wgs84_to_bd09pEB4_
FNDA:0,_RINvNtCsj4Af5ZZAp41_5pyxis6crypto14gcj02_to_wgs84pEB4_
FNDA:0,_RINvNtCsj4Af5ZZAp41_5pyxis6crypto14wgs84_to_gcj02pEB4_
FNDA:0,_RINvNtCsj4Af5ZZAp41_5pyxis6crypto18haversine_distancepEB4_
FNDA:0,_RINvNtCsj4Af5ZZAp41_5pyxis6crypto5deltapEB4_
FNDA:0,_RINvNtCsj4Af5ZZAp41_5pyxis6crypto9transformpEB4_
FNDA:2,_RINvNtCsgZfI1YIrp63_5pyxis6crypto13bd09_to_gcj02dECsiMB2r01GLXC_10pyxis_cuda
FNDA:1,_RINvNtCsgZfI1YIrp63_5pyxis6crypto13bd09_to_wgs84dECsiMB2r01GLXC_10pyxis_cuda
FNDA:300000,_RINvNtCsgZfI1YIrp63_5pyxis6crypto13gcj02_to_bd09dECsiMB2r01GLXC_10pyxis_cuda
FNDA:300000,_RINvNtCsgZfI1YIrp63_5pyxis6crypto13wgs84_to_bd09dECsiMB2r01GLXC_10pyxis_cuda
FNDA:2,_RINvNtCsgZfI1YIrp63_5pyxis6crypto14gcj02_to_wgs84dECsiMB2r01GLXC_10pyxis_cuda
FNDA:600000,_RINvNtCsgZfI1YIrp63_5pyxis6crypto14wgs84_to_gcj02dECsiMB2r01GLXC_10pyxis_cuda
FNDA:900000,_RINvNtCsgZfI1YIrp63_5pyxis6crypto18haversine_distancedECsiMB2r01GLXC_10pyxis_cuda
FNDA:600002,_RINvNtCsgZfI1YIrp63_5pyxis6crypto5deltadECsiMB2r01GLXC_10pyxis_cuda
FNDA:600002,_RINvNtCsgZfI1YIrp63_5pyxis6crypto9transformdECsiMB2r01GLXC_10pyxis_cuda
FNDA:0,_RINvNtCsgZfI1YIrp63_5pyxis6crypto12crypto_exactpppEB4_
FNDA:0,_RINvNtCsgZfI1YIrp63_5pyxis6crypto13bd09_to_gcj02pEB4_
FNDA:0,_RINvNtCsgZfI1YIrp63_5pyxis6crypto13bd09_to_wgs84pEB4_
FNDA:0,_RINvNtCsgZfI1YIrp63_5pyxis6crypto13gcj02_to_bd09pEB4_
FNDA:0,_RINvNtCsgZfI1YIrp63_5pyxis6crypto13wgs84_to_bd09pEB4_
FNDA:0,_RINvNtCsgZfI1YIrp63_5pyxis6crypto14gcj02_to_wgs84pEB4_
FNDA:0,_RINvNtCsgZfI1YIrp63_5pyxis6crypto14wgs84_to_gcj02pEB4_
FNDA:0,_RINvNtCsgZfI1YIrp63_5pyxis6crypto18haversine_distancepEB4_
FNDA:0,_RINvNtCsgZfI1YIrp63_5pyxis6crypto5deltapEB4_
FNDA:0,_RINvNtCsgZfI1YIrp63_5pyxis6crypto9transformpEB4_
FNDA:6,_RINvNtCsjVzEeH5ybfU_5pyxis6crypto13bd09_to_gcj02dECslQO64xcTy24_10pyxis_cuda
FNDA:3,_RINvNtCsjVzEeH5ybfU_5pyxis6crypto13bd09_to_wgs84dECslQO64xcTy24_10pyxis_cuda
FNDA:900000,_RINvNtCsjVzEeH5ybfU_5pyxis6crypto13gcj02_to_bd09dECslQO64xcTy24_10pyxis_cuda
FNDA:900000,_RINvNtCsjVzEeH5ybfU_5pyxis6crypto13wgs84_to_bd09dECslQO64xcTy24_10pyxis_cuda
FNDA:6,_RINvNtCsjVzEeH5ybfU_5pyxis6crypto14gcj02_to_wgs84dECslQO64xcTy24_10pyxis_cuda
FNDA:1800000,_RINvNtCsjVzEeH5ybfU_5pyxis6crypto14wgs84_to_gcj02dECslQO64xcTy24_10pyxis_cuda
FNDA:2700000,_RINvNtCsjVzEeH5ybfU_5pyxis6crypto18haversine_distancedECslQO64xcTy24_10pyxis_cuda
FNDA:1800006,_RINvNtCsjVzEeH5ybfU_5pyxis6crypto5deltadECslQO64xcTy24_10pyxis_cuda
FNDA:1800006,_RINvNtCsjVzEeH5ybfU_5pyxis6crypto9transformdECslQO64xcTy24_10pyxis_cuda
FNF:10
FNH:9
DA:76,4200014
DA:77,4200014
DA:78,4200014
DA:80,4200014
DA:81,4200014
DA:82,4200014
DA:83,4200014
DA:84,4200014
DA:86,4200014
DA:87,4200014
DA:89,4200014
DA:90,4200014
DA:91,4200014
DA:92,4200014
DA:93,4200014
DA:94,4200014
DA:95,4200014
DA:96,4200014
DA:98,4200014
DA:99,4200014
DA:101,4200014
DA:102,4200014
DA:103,4200014
DA:104,4200014
DA:105,4200014
DA:106,4200014
DA:107,4200014
DA:108,4200014
DA:110,4200014
DA:111,4200014
DA:113,4200014
DA:114,4200014
DA:115,4200014
DA:117,4200014
DA:118,4200014
DA:119,4200014
DA:120,4200014
DA:121,4200014
DA:123,4200014
DA:124,4200014
DA:125,4200014
DA:126,4200014
DA:127,4200014
DA:128,4200014
DA:153,14
DA:154,14
DA:155,14
DA:157,14
DA:158,14
DA:159,14
DA:160,14
DA:161,14
DA:162,14
DA:163,14
DA:164,14
DA:165,14
DA:190,14
DA:191,14
DA:192,14
DA:194,14
DA:195,14
DA:196,14
DA:221,7
DA:222,7
DA:223,7
DA:225,7
DA:226,7
DA:227,7
DA:252,2100000
DA:253,2100000
DA:254,2100000
DA:256,2100000
DA:257,2100000
DA:258,2100000
DA:259,2100000
DA:260,2100000
DA:261,2100000
DA:262,2100000
DA:263,2100000
DA:289,4200000
DA:290,4200000
DA:291,4200000
DA:293,4200000
DA:294,4200000
DA:295,4200000
DA:321,2100000
DA:322,2100000
DA:323,2100000
DA:325,2100000
DA:326,2100000
DA:327,2100000
DA:375,0
DA:376,0
DA:377,0
DA:378,0
DA:379,0
DA:380,0
DA:381,0
DA:382,0
DA:383,0
DA:384,0
DA:385,0
DA:387,0
DA:388,0
DA:389,0
DA:390,0
DA:392,0
DA:393,0
DA:395,0
DA:396,0
DA:397,0
DA:398,0
DA:402,0
DA:403,0
DA:404,0
DA:406,0
DA:408,0
DA:410,0
DA:413,0
DA:415,0
DA:417,0
DA:419,0
DA:421,0
DA:422,0
DA:425,6300000
DA:426,6300000
DA:427,6300000
DA:429,6300000
DA:430,6300000
DA:431,6300000
DA:432,6300000
DA:434,6300000
DA:435,6300000
DA:437,6300000
DA:438,6300000
DA:439,6300000
DA:441,6300000
DA:442,6300000
BRF:0
BRH:0
LF:138
LH:105
end_of_record
SF:D:\project\pyxis\rust\crates\pyxis\src\datum_compensate.rs
FN:36,_RNvMNtCsj4Af5ZZAp41_5pyxis16datum_compensateINtB2_15DatumCompensatepE3newB4_
FN:42,_RNvMNtCsj4Af5ZZAp41_5pyxis16datum_compensateINtB2_15DatumCompensatepE9transformB4_
FN:36,_RNvMNtCsgZfI1YIrp63_5pyxis16datum_compensateINtB2_15DatumCompensatepE3newB4_
FN:42,_RNvMNtCsgZfI1YIrp63_5pyxis16datum_compensateINtB2_15DatumCompensatepE9transformB4_
FNDA:0,_RNvMNtCsj4Af5ZZAp41_5pyxis16datum_compensateINtB2_15DatumCompensatepE3newB4_
FNDA:0,_RNvMNtCsj4Af5ZZAp41_5pyxis16datum_compensateINtB2_15DatumCompensatepE9transformB4_
FNDA:0,_RNvMNtCsgZfI1YIrp63_5pyxis16datum_compensateINtB2_15DatumCompensatepE3newB4_
FNDA:0,_RNvMNtCsgZfI1YIrp63_5pyxis16datum_compensateINtB2_15DatumCompensatepE9transformB4_
FNF:2
FNH:0
DA:36,0
DA:37,0
DA:38,0
DA:39,0
DA:40,0
DA:42,0
DA:43,0
DA:44,0
DA:46,0
DA:47,0
DA:48,0
DA:49,0
BRF:0
BRH:0
LF:12
LH:0
end_of_record
SF:D:\project\pyxis\rust\crates\pyxis\src\ellipsoid.rs
FN:175,_RNvMNtCsj4Af5ZZAp41_5pyxis9ellipsoidINtB2_9EllipsoiddE13eccentricity2Cs7TwC2c9SHrR_10pyxis_cuda
FN:166,_RNvMNtCsj4Af5ZZAp41_5pyxis9ellipsoidINtB2_9EllipsoiddE15semi_major_axisCs7TwC2c9SHrR_10pyxis_cuda
FN:81,_RNvMNtCsj4Af5ZZAp41_5pyxis9ellipsoidINtB2_9EllipsoiddE24from_semi_major_and_invfB4_
FN:81,_RNvMNtCsj4Af5ZZAp41_5pyxis9ellipsoidINtB2_9EllipsoidfE24from_semi_major_and_invfB4_
FN:178,_RNvMNtCsj4Af5ZZAp41_5pyxis9ellipsoidINtB2_9EllipsoidpE10flatteningB4_
FN:172,_RNvMNtCsj4Af5ZZAp41_5pyxis9ellipsoidINtB2_9EllipsoidpE12eccentricityB4_
FN:175,_RNvMNtCsj4Af5ZZAp41_5pyxis9ellipsoidINtB2_9EllipsoidpE13eccentricity2B4_
FN:146,_RNvMNtCsj4Af5ZZAp41_5pyxis9ellipsoidINtB2_9EllipsoidpE14from_semi_axisB4_
FN:166,_RNvMNtCsj4Af5ZZAp41_5pyxis9ellipsoidINtB2_9EllipsoidpE15semi_major_axisB4_
FN:169,_RNvMNtCsj4Af5ZZAp41_5pyxis9ellipsoidINtB2_9EllipsoidpE15semi_minor_axisB4_
FN:181,_RNvMNtCsj4Af5ZZAp41_5pyxis9ellipsoidINtB2_9EllipsoidpE18inverse_flatteningB4_
FN:175,_RNvMNtCsgZfI1YIrp63_5pyxis9ellipsoidINtB2_9EllipsoiddE13eccentricity2CsiMB2r01GLXC_10pyxis_cuda
FN:166,_RNvMNtCsgZfI1YIrp63_5pyxis9ellipsoidINtB2_9EllipsoiddE15semi_major_axisCsiMB2r01GLXC_10pyxis_cuda
FN:81,_RNvMNtCsgZfI1YIrp63_5pyxis9ellipsoidINtB2_9EllipsoiddE24from_semi_major_and_invfB4_
FN:81,_RNvMNtCsgZfI1YIrp63_5pyxis9ellipsoidINtB2_9EllipsoidfE24from_semi_major_and_invfB4_
FN:178,_RNvMNtCsgZfI1YIrp63_5pyxis9ellipsoidINtB2_9EllipsoidpE10flatteningB4_
FN:172,_RNvMNtCsgZfI1YIrp63_5pyxis9ellipsoidINtB2_9EllipsoidpE12eccentricityB4_
FN:175,_RNvMNtCsgZfI1YIrp63_5pyxis9ellipsoidINtB2_9EllipsoidpE13eccentricity2B4_
FN:146,_RNvMNtCsgZfI1YIrp63_5pyxis9ellipsoidINtB2_9EllipsoidpE14from_semi_axisB4_
FN:166,_RNvMNtCsgZfI1YIrp63_5pyxis9ellipsoidINtB2_9EllipsoidpE15semi_major_axisB4_
FN:169,_RNvMNtCsgZfI1YIrp63_5pyxis9ellipsoidINtB2_9EllipsoidpE15semi_minor_axisB4_
FN:181,_RNvMNtCsgZfI1YIrp63_5pyxis9ellipsoidINtB2_9EllipsoidpE18inverse_flatteningB4_
FN:175,_RNvMNtCsjVzEeH5ybfU_5pyxis9ellipsoidINtB2_9EllipsoiddE13eccentricity2CslQO64xcTy24_10pyxis_cuda
FN:166,_RNvMNtCsjVzEeH5ybfU_5pyxis9ellipsoidINtB2_9EllipsoiddE15semi_major_axisCslQO64xcTy24_10pyxis_cuda
FN:81,_RNvMNtCsjVzEeH5ybfU_5pyxis9ellipsoidINtB2_9EllipsoiddE24from_semi_major_and_invfB4_
FN:81,_RNvMNtCsjVzEeH5ybfU_5pyxis9ellipsoidINtB2_9EllipsoidfE24from_semi_major_and_invfB4_
FNDA:1800006,_RNvMNtCsj4Af5ZZAp41_5pyxis9ellipsoidINtB2_9EllipsoiddE13eccentricity2Cs7TwC2c9SHrR_10pyxis_cuda
FNDA:4500006,_RNvMNtCsj4Af5ZZAp41_5pyxis9ellipsoidINtB2_9EllipsoiddE15semi_major_axisCs7TwC2c9SHrR_10pyxis_cuda
FNDA:12,_RNvMNtCsj4Af5ZZAp41_5pyxis9ellipsoidINtB2_9EllipsoiddE24from_semi_major_and_invfB4_
FNDA:0,_RNvMNtCsj4Af5ZZAp41_5pyxis9ellipsoidINtB2_9EllipsoidfE24from_semi_major_and_invfB4_
FNDA:0,_RNvMNtCsj4Af5ZZAp41_5pyxis9ellipsoidINtB2_9EllipsoidpE10flatteningB4_
FNDA:0,_RNvMNtCsj4Af5ZZAp41_5pyxis9ellipsoidINtB2_9EllipsoidpE12eccentricityB4_
FNDA:0,_RNvMNtCsj4Af5ZZAp41_5pyxis9ellipsoidINtB2_9EllipsoidpE13eccentricity2B4_
FNDA:0,_RNvMNtCsj4Af5ZZAp41_5pyxis9ellipsoidINtB2_9EllipsoidpE14from_semi_axisB4_
FNDA:0,_RNvMNtCsj4Af5ZZAp41_5pyxis9ellipsoidINtB2_9EllipsoidpE15semi_major_axisB4_
FNDA:0,_RNvMNtCsj4Af5ZZAp41_5pyxis9ellipsoidINtB2_9EllipsoidpE15semi_minor_axisB4_
FNDA:0,_RNvMNtCsj4Af5ZZAp41_5pyxis9ellipsoidINtB2_9EllipsoidpE18inverse_flatteningB4_
FNDA:600002,_RNvMNtCsgZfI1YIrp63_5pyxis9ellipsoidINtB2_9EllipsoiddE13eccentricity2CsiMB2r01GLXC_10pyxis_cuda
FNDA:1500002,_RNvMNtCsgZfI1YIrp63_5pyxis9ellipsoidINtB2_9EllipsoiddE15semi_major_axisCsiMB2r01GLXC_10pyxis_cuda
FNDA:4,_RNvMNtCsgZfI1YIrp63_5pyxis9ellipsoidINtB2_9EllipsoiddE24from_semi_major_and_invfB4_
FNDA:0,_RNvMNtCsgZfI1YIrp63_5pyxis9ellipsoidINtB2_9EllipsoidfE24from_semi_major_and_invfB4_
FNDA:0,_RNvMNtCsgZfI1YIrp63_5pyxis9ellipsoidINtB2_9EllipsoidpE10flatteningB4_
FNDA:0,_RNvMNtCsgZfI1YIrp63_5pyxis9ellipsoidINtB2_9EllipsoidpE12eccentricityB4_
FNDA:0,_RNvMNtCsgZfI1YIrp63_5pyxis9ellipsoidINtB2_9EllipsoidpE13eccentricity2B4_
FNDA:0,_RNvMNtCsgZfI1YIrp63_5pyxis9ellipsoidINtB2_9EllipsoidpE14from_semi_axisB4_
FNDA:0,_RNvMNtCsgZfI1YIrp63_5pyxis9ellipsoidINtB2_9EllipsoidpE15semi_major_axisB4_
FNDA:0,_RNvMNtCsgZfI1YIrp63_5pyxis9ellipsoidINtB2_9EllipsoidpE15semi_minor_axisB4_
FNDA:0,_RNvMNtCsgZfI1YIrp63_5pyxis9ellipsoidINtB2_9EllipsoidpE18inverse_flatteningB4_
FNDA:1800006,_RNvMNtCsjVzEeH5ybfU_5pyxis9ellipsoidINtB2_9EllipsoiddE13eccentricity2CslQO64xcTy24_10pyxis_cuda
FNDA:4500006,_RNvMNtCsjVzEeH5ybfU_5pyxis9ellipsoidINtB2_9EllipsoiddE15semi_major_axisCslQO64xcTy24_10pyxis_cuda
FNDA:12,_RNvMNtCsjVzEeH5ybfU_5pyxis9ellipsoidINtB2_9EllipsoiddE24from_semi_major_and_invfB4_
FNDA:0,_RNvMNtCsjVzEeH5ybfU_5pyxis9ellipsoidINtB2_9EllipsoidfE24from_semi_major_and_invfB4_
FNF:8
FNH:3
DA:81,28
DA:82,28
DA:83,28
DA:84,28
DA:85,28
DA:87,28
DA:88,28
DA:89,28
DA:90,28
DA:91,28
DA:92,28
DA:93,28
DA:94,28
DA:95,28
DA:146,0
DA:148,0
DA:150,0
DA:152,0
DA:154,0
DA:156,0
DA:157,0
DA:158,0
DA:159,0
DA:160,0
DA:161,0
DA:162,0
DA:163,0
DA:164,0
DA:166,10500014
DA:169,0
DA:172,0
DA:175,4200014
DA:178,0
DA:181,0
BRF:0
BRH:0
LF:34
LH:16
end_of_record
SF:D:\project\pyxis\rust\crates\pyxis\src\linear.rs
FN:31,_RINvNtCsj4Af5ZZAp41_5pyxis6linear16rotate_matrix_2dpEB4_
FN:61,_RINvNtCsj4Af5ZZAp41_5pyxis6linear9rotate_2dpEB4_
FN:31,_RINvNtCsgZfI1YIrp63_5pyxis6linear16rotate_matrix_2dpEB4_
FN:61,_RINvNtCsgZfI1YIrp63_5pyxis6linear9rotate_2dpEB4_
FNDA:0,_RINvNtCsj4Af5ZZAp41_5pyxis6linear16rotate_matrix_2dpEB4_
FNDA:0,_RINvNtCsj4Af5ZZAp41_5pyxis6linear9rotate_2dpEB4_
FNDA:0,_RINvNtCsgZfI1YIrp63_5pyxis6linear16rotate_matrix_2dpEB4_
FNDA:0,_RINvNtCsgZfI1YIrp63_5pyxis6linear9rotate_2dpEB4_
FNF:2
FNH:0
DA:31,0
DA:32,0
DA:33,0
DA:35,0
DA:36,0
DA:37,0
DA:38,0
DA:39,0
DA:61,0
DA:62,0
DA:63,0
DA:65,0
DA:66,0
DA:67,0
DA:68,0
BRF:0
BRH:0
LF:15
LH:0
end_of_record
SF:D:\project\pyxis\rust\crates\pyxis\src\migrate.rs
FN:36,_RINvNtCsj4Af5ZZAp41_5pyxis7migrate6abs_2dpEB4_
FN:11,_RINvNtCsj4Af5ZZAp41_5pyxis7migrate6rel_2dpEB4_
FN:59,_RINvNtCsj4Af5ZZAp41_5pyxis7migrate9origin_2dpEB4_
FN:36,_RINvNtCsgZfI1YIrp63_5pyxis7migrate6abs_2dpEB4_
FN:11,_RINvNtCsgZfI1YIrp63_5pyxis7migrate6rel_2dpEB4_
FN:59,_RINvNtCsgZfI1YIrp63_5pyxis7migrate9origin_2dpEB4_
FNDA:0,_RINvNtCsj4Af5ZZAp41_5pyxis7migrate6abs_2dpEB4_
FNDA:0,_RINvNtCsj4Af5ZZAp41_5pyxis7migrate6rel_2dpEB4_
FNDA:0,_RINvNtCsj4Af5ZZAp41_5pyxis7migrate9origin_2dpEB4_
FNDA:0,_RINvNtCsgZfI1YIrp63_5pyxis7migrate6abs_2dpEB4_
FNDA:0,_RINvNtCsgZfI1YIrp63_5pyxis7migrate6rel_2dpEB4_
FNDA:0,_RINvNtCsgZfI1YIrp63_5pyxis7migrate9origin_2dpEB4_
FNF:3
FNH:0
DA:11,0
DA:12,0
DA:13,0
DA:14,0
DA:15,0
DA:16,0
DA:17,0
DA:18,0
DA:19,0
DA:21,0
DA:22,0
DA:23,0
DA:24,0
DA:25,0
DA:26,0
DA:27,0
DA:36,0
DA:37,0
DA:38,0
DA:39,0
DA:40,0
DA:41,0
DA:42,0
DA:43,0
DA:44,0
DA:46,0
DA:47,0
DA:48,0
DA:49,0
DA:50,0
DA:59,0
DA:60,0
DA:61,0
DA:63,0
DA:64,0
DA:65,0
DA:66,0
DA:67,0
BRF:0
BRH:0
LF:38
LH:0
end_of_record
SF:D:\project\pyxis\rust\crates\pyxis\src\space.rs
FN:44,_RINvNtCsj4Af5ZZAp41_5pyxis5space18cartesian_to_polarpEB4_
FN:20,_RINvNtCsj4Af5ZZAp41_5pyxis5space18polar_to_cartesianpEB4_
FN:101,_RINvNtCsj4Af5ZZAp41_5pyxis5space22cartesian_to_sphericalpEB4_
FN:191,_RINvNtCsj4Af5ZZAp41_5pyxis5space22spherical_to_cartesianpEB4_
FN:73,_RINvNtCsj4Af5ZZAp41_5pyxis5space24cartesian_to_cylindricalpEB4_
FN:132,_RINvNtCsj4Af5ZZAp41_5pyxis5space24cylindrical_to_cartesianpEB4_
FN:162,_RINvNtCsj4Af5ZZAp41_5pyxis5space24cylindrical_to_sphericalpEB4_
FN:221,_RINvNtCsj4Af5ZZAp41_5pyxis5space24spherical_to_cylindricalpEB4_
FN:44,_RINvNtCsgZfI1YIrp63_5pyxis5space18cartesian_to_polarpEB4_
FN:20,_RINvNtCsgZfI1YIrp63_5pyxis5space18polar_to_cartesianpEB4_
FN:101,_RINvNtCsgZfI1YIrp63_5pyxis5space22cartesian_to_sphericalpEB4_
FN:191,_RINvNtCsgZfI1YIrp63_5pyxis5space22spherical_to_cartesianpEB4_
FN:73,_RINvNtCsgZfI1YIrp63_5pyxis5space24cartesian_to_cylindricalpEB4_
FN:132,_RINvNtCsgZfI1YIrp63_5pyxis5space24cylindrical_to_cartesianpEB4_
FN:162,_RINvNtCsgZfI1YIrp63_5pyxis5space24cylindrical_to_sphericalpEB4_
FN:221,_RINvNtCsgZfI1YIrp63_5pyxis5space24spherical_to_cylindricalpEB4_
FNDA:0,_RINvNtCsj4Af5ZZAp41_5pyxis5space18cartesian_to_polarpEB4_
FNDA:0,_RINvNtCsj4Af5ZZAp41_5pyxis5space18polar_to_cartesianpEB4_
FNDA:0,_RINvNtCsj4Af5ZZAp41_5pyxis5space22cartesian_to_sphericalpEB4_
FNDA:0,_RINvNtCsj4Af5ZZAp41_5pyxis5space22spherical_to_cartesianpEB4_
FNDA:0,_RINvNtCsj4Af5ZZAp41_5pyxis5space24cartesian_to_cylindricalpEB4_
FNDA:0,_RINvNtCsj4Af5ZZAp41_5pyxis5space24cylindrical_to_cartesianpEB4_
FNDA:0,_RINvNtCsj4Af5ZZAp41_5pyxis5space24cylindrical_to_sphericalpEB4_
FNDA:0,_RINvNtCsj4Af5ZZAp41_5pyxis5space24spherical_to_cylindricalpEB4_
FNDA:0,_RINvNtCsgZfI1YIrp63_5pyxis5space18cartesian_to_polarpEB4_
FNDA:0,_RINvNtCsgZfI1YIrp63_5pyxis5space18polar_to_cartesianpEB4_
FNDA:0,_RINvNtCsgZfI1YIrp63_5pyxis5space22cartesian_to_sphericalpEB4_
FNDA:0,_RINvNtCsgZfI1YIrp63_5pyxis5space22spherical_to_cartesianpEB4_
FNDA:0,_RINvNtCsgZfI1YIrp63_5pyxis5space24cartesian_to_cylindricalpEB4_
FNDA:0,_RINvNtCsgZfI1YIrp63_5pyxis5space24cylindrical_to_cartesianpEB4_
FNDA:0,_RINvNtCsgZfI1YIrp63_5pyxis5space24cylindrical_to_sphericalpEB4_
FNDA:0,_RINvNtCsgZfI1YIrp63_5pyxis5space24spherical_to_cylindricalpEB4_
FNF:8
FNH:0
DA:20,0
DA:21,0
DA:22,0
DA:24,0
DA:25,0
DA:44,0
DA:45,0
DA:46,0
DA:48,0
DA:49,0
DA:73,0
DA:74,0
DA:75,0
DA:77,0
DA:78,0
DA:101,0
DA:102,0
DA:103,0
DA:105,0
DA:106,0
DA:107,0
DA:132,0
DA:133,0
DA:134,0
DA:136,0
DA:137,0
DA:162,0
DA:163,0
DA:164,0
DA:166,0
DA:167,0
DA:191,0
DA:192,0
DA:193,0
DA:195,0
DA:196,0
DA:221,0
DA:222,0
DA:223,0
DA:225,0
DA:226,0
BRF:0
BRH:0
LF:41
LH:0
end_of_record
SF:D:\project\pyxis\rust\crates\pyxis\src\types.rs
FN:48,_RNvXs0_NtCsj4Af5ZZAp41_5pyxis5typesfINtB5_14ConstEllipsoidfE13krasovsky1940
FN:49,_RNvXs0_NtCsj4Af5ZZAp41_5pyxis5typesfINtB5_14ConstEllipsoidfE5wgs84
FN:47,_RNvXs0_NtCsj4Af5ZZAp41_5pyxis5typesfINtB5_14ConstEllipsoidfE7grs1980
FN:46,_RNvXs0_NtCsj4Af5ZZAp41_5pyxis5typesfINtB5_14ConstEllipsoidfE7iag1975
FN:45,_RNvXs0_NtCsj4Af5ZZAp41_5pyxis5typesfINtB5_14ConstEllipsoidfE8cgcs2000
FN:64,_RNvXs1_NtCsj4Af5ZZAp41_5pyxis5typesdINtB5_14ConstEllipsoiddE13krasovsky1940
FN:65,_RNvXs1_NtCsj4Af5ZZAp41_5pyxis5typesdINtB5_14ConstEllipsoiddE5wgs84
FN:63,_RNvXs1_NtCsj4Af5ZZAp41_5pyxis5typesdINtB5_14ConstEllipsoiddE7grs1980
FN:62,_RNvXs1_NtCsj4Af5ZZAp41_5pyxis5typesdINtB5_14ConstEllipsoiddE7iag1975
FN:61,_RNvXs1_NtCsj4Af5ZZAp41_5pyxis5typesdINtB5_14ConstEllipsoiddE8cgcs2000
FN:37,_RNCNvNtCsj4Af5ZZAp41_5pyxis5types11GRS1980_F320B5_
FN:53,_RNCNvNtCsj4Af5ZZAp41_5pyxis5types11GRS1980_F640B5_
FN:39,_RNCNvNtCsj4Af5ZZAp41_5pyxis5types11IAG1975_F320B5_
FN:55,_RNCNvNtCsj4Af5ZZAp41_5pyxis5types11IAG1975_F640B5_
FN:41,_RNCNvNtCsj4Af5ZZAp41_5pyxis5types17KRASOVSKY1940_F320B5_
FN:57,_RNCNvNtCsj4Af5ZZAp41_5pyxis5types17KRASOVSKY1940_F640B5_
FN:43,_RNCNvNtCsj4Af5ZZAp41_5pyxis5types9WGS84_F320B5_
FN:59,_RNCNvNtCsj4Af5ZZAp41_5pyxis5types9WGS84_F640B5_
FN:48,_RNvXs0_NtCsgZfI1YIrp63_5pyxis5typesfINtB5_14ConstEllipsoidfE13krasovsky1940
FN:49,_RNvXs0_NtCsgZfI1YIrp63_5pyxis5typesfINtB5_14ConstEllipsoidfE5wgs84
FN:47,_RNvXs0_NtCsgZfI1YIrp63_5pyxis5typesfINtB5_14ConstEllipsoidfE7grs1980
FN:46,_RNvXs0_NtCsgZfI1YIrp63_5pyxis5typesfINtB5_14ConstEllipsoidfE7iag1975
FN:45,_RNvXs0_NtCsgZfI1YIrp63_5pyxis5typesfINtB5_14ConstEllipsoidfE8cgcs2000
FN:64,_RNvXs1_NtCsgZfI1YIrp63_5pyxis5typesdINtB5_14ConstEllipsoiddE13krasovsky1940
FN:65,_RNvXs1_NtCsgZfI1YIrp63_5pyxis5typesdINtB5_14ConstEllipsoiddE5wgs84
FN:63,_RNvXs1_NtCsgZfI1YIrp63_5pyxis5typesdINtB5_14ConstEllipsoiddE7grs1980
FN:62,_RNvXs1_NtCsgZfI1YIrp63_5pyxis5typesdINtB5_14ConstEllipsoiddE7iag1975
FN:61,_RNvXs1_NtCsgZfI1YIrp63_5pyxis5typesdINtB5_14ConstEllipsoiddE8cgcs2000
FN:37,_RNCNvNtCsgZfI1YIrp63_5pyxis5types11GRS1980_F320B5_
FN:53,_RNCNvNtCsgZfI1YIrp63_5pyxis5types11GRS1980_F640B5_
FN:39,_RNCNvNtCsgZfI1YIrp63_5pyxis5types11IAG1975_F320B5_
FN:55,_RNCNvNtCsgZfI1YIrp63_5pyxis5types11IAG1975_F640B5_
FN:41,_RNCNvNtCsgZfI1YIrp63_5pyxis5types17KRASOVSKY1940_F320B5_
FN:57,_RNCNvNtCsgZfI1YIrp63_5pyxis5types17KRASOVSKY1940_F640B5_
FN:43,_RNCNvNtCsgZfI1YIrp63_5pyxis5types9WGS84_F320B5_
FN:59,_RNCNvNtCsgZfI1YIrp63_5pyxis5types9WGS84_F640B5_
FN:48,_RNvXs0_NtCsjVzEeH5ybfU_5pyxis5typesfINtB5_14ConstEllipsoidfE13krasovsky1940
FN:49,_RNvXs0_NtCsjVzEeH5ybfU_5pyxis5typesfINtB5_14ConstEllipsoidfE5wgs84
FN:47,_RNvXs0_NtCsjVzEeH5ybfU_5pyxis5typesfINtB5_14ConstEllipsoidfE7grs1980
FN:46,_RNvXs0_NtCsjVzEeH5ybfU_5pyxis5typesfINtB5_14ConstEllipsoidfE7iag1975
FN:45,_RNvXs0_NtCsjVzEeH5ybfU_5pyxis5typesfINtB5_14ConstEllipsoidfE8cgcs2000
FN:64,_RNvXs1_NtCsjVzEeH5ybfU_5pyxis5typesdINtB5_14ConstEllipsoiddE13krasovsky1940
FN:65,_RNvXs1_NtCsjVzEeH5ybfU_5pyxis5typesdINtB5_14ConstEllipsoiddE5wgs84
FN:63,_RNvXs1_NtCsjVzEeH5ybfU_5pyxis5typesdINtB5_14ConstEllipsoiddE7grs1980
FN:62,_RNvXs1_NtCsjVzEeH5ybfU_5pyxis5typesdINtB5_14ConstEllipsoiddE7iag1975
FN:61,_RNvXs1_NtCsjVzEeH5ybfU_5pyxis5typesdINtB5_14ConstEllipsoiddE8cgcs2000
FN:37,_RNCNvNtCsjVzEeH5ybfU_5pyxis5types11GRS1980_F320B5_
FN:53,_RNCNvNtCsjVzEeH5ybfU_5pyxis5types11GRS1980_F640B5_
FN:39,_RNCNvNtCsjVzEeH5ybfU_5pyxis5types11IAG1975_F320B5_
FN:55,_RNCNvNtCsjVzEeH5ybfU_5pyxis5types11IAG1975_F640B5_
FN:41,_RNCNvNtCsjVzEeH5ybfU_5pyxis5types17KRASOVSKY1940_F320B5_
FN:57,_RNCNvNtCsjVzEeH5ybfU_5pyxis5types17KRASOVSKY1940_F640B5_
FN:43,_RNCNvNtCsjVzEeH5ybfU_5pyxis5types9WGS84_F320B5_
FN:59,_RNCNvNtCsjVzEeH5ybfU_5pyxis5types9WGS84_F640B5_
FNDA:0,_RNvXs0_NtCsj4Af5ZZAp41_5pyxis5typesfINtB5_14ConstEllipsoidfE13krasovsky1940
FNDA:0,_RNvXs0_NtCsj4Af5ZZAp41_5pyxis5typesfINtB5_14ConstEllipsoidfE5wgs84
FNDA:0,_RNvXs0_NtCsj4Af5ZZAp41_5pyxis5typesfINtB5_14ConstEllipsoidfE7grs1980
FNDA:0,_RNvXs0_NtCsj4Af5ZZAp41_5pyxis5typesfINtB5_14ConstEllipsoidfE7iag1975
FNDA:0,_RNvXs0_NtCsj4Af5ZZAp41_5pyxis5typesfINtB5_14ConstEllipsoidfE8cgcs2000
FNDA:3600012,_RNvXs1_NtCsj4Af5ZZAp41_5pyxis5typesdINtB5_14ConstEllipsoiddE13krasovsky1940
FNDA:2700000,_RNvXs1_NtCsj4Af5ZZAp41_5pyxis5typesdINtB5_14ConstEllipsoiddE5wgs84
FNDA:0,_RNvXs1_NtCsj4Af5ZZAp41_5pyxis5typesdINtB5_14ConstEllipsoiddE7grs1980
FNDA:0,_RNvXs1_NtCsj4Af5ZZAp41_5pyxis5typesdINtB5_14ConstEllipsoiddE7iag1975
FNDA:0,_RNvXs1_NtCsj4Af5ZZAp41_5pyxis5typesdINtB5_14ConstEllipsoiddE8cgcs2000
FNDA:0,_RNCNvNtCsj4Af5ZZAp41_5pyxis5types11GRS1980_F320B5_
FNDA:0,_RNCNvNtCsj4Af5ZZAp41_5pyxis5types11GRS1980_F640B5_
FNDA:0,_RNCNvNtCsj4Af5ZZAp41_5pyxis5types11IAG1975_F320B5_
FNDA:0,_RNCNvNtCsj4Af5ZZAp41_5pyxis5types11IAG1975_F640B5_
FNDA:0,_RNCNvNtCsj4Af5ZZAp41_5pyxis5types17KRASOVSKY1940_F320B5_
FNDA:9,_RNCNvNtCsj4Af5ZZAp41_5pyxis5types17KRASOVSKY1940_F640B5_
FNDA:0,_RNCNvNtCsj4Af5ZZAp41_5pyxis5types9WGS84_F320B5_
FNDA:3,_RNCNvNtCsj4Af5ZZAp41_5pyxis5types9WGS84_F640B5_
FNDA:0,_RNvXs0_NtCsgZfI1YIrp63_5pyxis5typesfINtB5_14ConstEllipsoidfE13krasovsky1940
FNDA:0,_RNvXs0_NtCsgZfI1YIrp63_5pyxis5typesfINtB5_14ConstEllipsoidfE5wgs84
FNDA:0,_RNvXs0_NtCsgZfI1YIrp63_5pyxis5typesfINtB5_14ConstEllipsoidfE7grs1980
FNDA:0,_RNvXs0_NtCsgZfI1YIrp63_5pyxis5typesfINtB5_14ConstEllipsoidfE7iag1975
FNDA:0,_RNvXs0_NtCsgZfI1YIrp63_5pyxis5typesfINtB5_14ConstEllipsoidfE8cgcs2000
FNDA:1200004,_RNvXs1_NtCsgZfI1YIrp63_5pyxis5typesdINtB5_14ConstEllipsoiddE13krasovsky1940
FNDA:900000,_RNvXs1_NtCsgZfI1YIrp63_5pyxis5typesdINtB5_14ConstEllipsoiddE5wgs84
FNDA:0,_RNvXs1_NtCsgZfI1YIrp63_5pyxis5typesdINtB5_14ConstEllipsoiddE7grs1980
FNDA:0,_RNvXs1_NtCsgZfI1YIrp63_5pyxis5typesdINtB5_14ConstEllipsoiddE7iag1975
FNDA:0,_RNvXs1_NtCsgZfI1YIrp63_5pyxis5typesdINtB5_14ConstEllipsoiddE8cgcs2000
FNDA:0,_RNCNvNtCsgZfI1YIrp63_5pyxis5types11GRS1980_F320B5_
FNDA:0,_RNCNvNtCsgZfI1YIrp63_5pyxis5types11GRS1980_F640B5_
FNDA:0,_RNCNvNtCsgZfI1YIrp63_5pyxis5types11IAG1975_F320B5_
FNDA:0,_RNCNvNtCsgZfI1YIrp63_5pyxis5types11IAG1975_F640B5_
FNDA:0,_RNCNvNtCsgZfI1YIrp63_5pyxis5types17KRASOVSKY1940_F320B5_
FNDA:3,_RNCNvNtCsgZfI1YIrp63_5pyxis5types17KRASOVSKY1940_F640B5_
FNDA:0,_RNCNvNtCsgZfI1YIrp63_5pyxis5types9WGS84_F320B5_
FNDA:1,_RNCNvNtCsgZfI1YIrp63_5pyxis5types9WGS84_F640B5_
FNDA:0,_RNvXs0_NtCsjVzEeH5ybfU_5pyxis5typesfINtB5_14ConstEllipsoidfE13krasovsky1940
FNDA:0,_RNvXs0_NtCsjVzEeH5ybfU_5pyxis5typesfINtB5_14ConstEllipsoidfE5wgs84
FNDA:0,_RNvXs0_NtCsjVzEeH5ybfU_5pyxis5typesfINtB5_14ConstEllipsoidfE7grs1980
FNDA:0,_RNvXs0_NtCsjVzEeH5ybfU_5pyxis5typesfINtB5_14ConstEllipsoidfE7iag1975
FNDA:0,_RNvXs0_NtCsjVzEeH5ybfU_5pyxis5typesfINtB5_14ConstEllipsoidfE8cgcs2000
FNDA:3600012,_RNvXs1_NtCsjVzEeH5ybfU_5pyxis5typesdINtB5_14ConstEllipsoiddE13krasovsky1940
FNDA:2700000,_RNvXs1_NtCsjVzEeH5ybfU_5pyxis5typesdINtB5_14ConstEllipsoiddE5wgs84
FNDA:0,_RNvXs1_NtCsjVzEeH5ybfU_5pyxis5typesdINtB5_14ConstEllipsoiddE7grs1980
FNDA:0,_RNvXs1_NtCsjVzEeH5ybfU_5pyxis5typesdINtB5_14ConstEllipsoiddE7iag1975
FNDA:0,_RNvXs1_NtCsjVzEeH5ybfU_5pyxis5typesdINtB5_14ConstEllipsoiddE8cgcs2000
FNDA:0,_RNCNvNtCsjVzEeH5ybfU_5pyxis5types11GRS1980_F320B5_
FNDA:0,_RNCNvNtCsjVzEeH5ybfU_5pyxis5types11GRS1980_F640B5_
FNDA:0,_RNCNvNtCsjVzEeH5ybfU_5pyxis5types11IAG1975_F320B5_
FNDA:0,_RNCNvNtCsjVzEeH5ybfU_5pyxis5types11IAG1975_F640B5_
FNDA:0,_RNCNvNtCsjVzEeH5ybfU_5pyxis5types17KRASOVSKY1940_F320B5_
FNDA:9,_RNCNvNtCsjVzEeH5ybfU_5pyxis5types17KRASOVSKY1940_F640B5_
FNDA:0,_RNCNvNtCsjVzEeH5ybfU_5pyxis5types9WGS84_F320B5_
FNDA:3,_RNCNvNtCsjVzEeH5ybfU_5pyxis5types9WGS84_F640B5_
FNF:18
FNH:4
DA:37,0
DA:39,0
DA:41,0
DA:43,0
DA:45,0
DA:46,0
DA:47,0
DA:48,0
DA:49,0
DA:53,0
DA:55,0
DA:57,21
DA:59,7
DA:61,0
DA:62,0
DA:63,0
DA:64,8400028
DA:65,6300000
BRF:0
BRH:0
LF:18
LH:4
end_of_record
