SF:D:\project\pyxis\rust-cuda\src\context.rs
FN:128,_RNvMs0_NtCseZzw2mis13J_10pyxis_cuda7contextNtB5_16PyxisCudaContext14set_block_size
FN:47,_RNvMs_NtCseZzw2mis13J_10pyxis_cuda7contextNtB4_16PyxisCudaContext14set_size_limit
FN:53,_RNvMs_NtCseZzw2mis13J_10pyxis_cuda7contextNtB4_16PyxisCudaContext15set_count_limit
FN:153,_RINvMs1_NtCseZzw2mis13J_10pyxis_cuda7contextNtB6_16PyxisCudaContext12get_functiondEB8_
FN:29,_RNvMNtCseZzw2mis13J_10pyxis_cuda7contextNtB2_16PyxisCudaContext3new
FN:138,_RNvMs0_NtCseZzw2mis13J_10pyxis_cuda7contextNtB5_16PyxisCudaContext14get_grid_block
FN:166,_RNvMs1_NtCseZzw2mis13J_10pyxis_cuda7contextNtB5_16PyxisCudaContext24device_buffer_from_slice
FN:77,_RNvMs_NtCseZzw2mis13J_10pyxis_cuda7contextNtB4_16PyxisCudaContext10add_module
FN:59,_RNvMs_NtCseZzw2mis13J_10pyxis_cuda7contextNtB4_16PyxisCudaContext10get_module
FN:115,_RNvMs_NtCseZzw2mis13J_10pyxis_cuda7contextNtB4_16PyxisCudaContext18remove_last_module
FN:153,_RINvMs1_NtCsbTFvTAdqMtr_10pyxis_cuda7contextNtB6_16PyxisCudaContext12get_functiondEB8_
FN:29,_RNvMNtCsbTFvTAdqMtr_10pyxis_cuda7contextNtB2_16PyxisCudaContext3new
FN:138,_RNvMs0_NtCsbTFvTAdqMtr_10pyxis_cuda7contextNtB5_16PyxisCudaContext14get_grid_block
FN:166,_RNvMs1_NtCsbTFvTAdqMtr_10pyxis_cuda7contextNtB5_16PyxisCudaContext24device_buffer_from_slice
FN:77,_RNvMs_NtCsbTFvTAdqMtr_10pyxis_cuda7contextNtB4_16PyxisCudaContext10add_module
FN:59,_RNvMs_NtCsbTFvTAdqMtr_10pyxis_cuda7contextNtB4_16PyxisCudaContext10get_module
FN:115,_RNvMs_NtCsbTFvTAdqMtr_10pyxis_cuda7contextNtB4_16PyxisCudaContext18remove_last_module
FN:128,_RNvMs0_NtCsbTFvTAdqMtr_10pyxis_cuda7contextNtB5_16PyxisCudaContext14set_block_size
FN:47,_RNvMs_NtCsbTFvTAdqMtr_10pyxis_cuda7contextNtB4_16PyxisCudaContext14set_size_limit
FN:53,_RNvMs_NtCsbTFvTAdqMtr_10pyxis_cuda7contextNtB4_16PyxisCudaContext15set_count_limit
FN:29,_RNvMNtCsbRh8zr4mWo7_10pyxis_cuda7contextNtB2_16PyxisCudaContext3new
FN:138,_RNvMs0_NtCsbRh8zr4mWo7_10pyxis_cuda7contextNtB5_16PyxisCudaContext14get_grid_block
FN:166,_RNvMs1_NtCsbRh8zr4mWo7_10pyxis_cuda7contextNtB5_16PyxisCudaContext24device_buffer_from_slice
FN:77,_RNvMs_NtCsbRh8zr4mWo7_10pyxis_cuda7contextNtB4_16PyxisCudaContext10add_module
FN:59,_RNvMs_NtCsbRh8zr4mWo7_10pyxis_cuda7contextNtB4_16PyxisCudaContext10get_module
FN:115,_RNvMs_NtCsbRh8zr4mWo7_10pyxis_cuda7contextNtB4_16PyxisCudaContext18remove_last_module
FN:153,_RINvMs1_NtCsbRh8zr4mWo7_10pyxis_cuda7contextNtB6_16PyxisCudaContext12get_functiondEB8_
FN:128,_RNvMs0_NtCsbRh8zr4mWo7_10pyxis_cuda7contextNtB5_16PyxisCudaContext14set_block_size
FN:47,_RNvMs_NtCsbRh8zr4mWo7_10pyxis_cuda7contextNtB4_16PyxisCudaContext14set_size_limit
FN:53,_RNvMs_NtCsbRh8zr4mWo7_10pyxis_cuda7contextNtB4_16PyxisCudaContext15set_count_limit
FNDA:0,_RNvMs0_NtCseZzw2mis13J_10pyxis_cuda7contextNtB5_16PyxisCudaContext14set_block_size
FNDA:0,_RNvMs_NtCseZzw2mis13J_10pyxis_cuda7contextNtB4_16PyxisCudaContext14set_size_limit
FNDA:0,_RNvMs_NtCseZzw2mis13J_10pyxis_cuda7contextNtB4_16PyxisCudaContext15set_count_limit
FNDA:39,_RINvMs1_NtCseZzw2mis13J_10pyxis_cuda7contextNtB6_16PyxisCudaContext12get_functiondEB8_
FNDA:33,_RNvMNtCseZzw2mis13J_10pyxis_cuda7contextNtB2_16PyxisCudaContext3new
FNDA:39,_RNvMs0_NtCseZzw2mis13J_10pyxis_cuda7contextNtB5_16PyxisCudaContext14get_grid_block
FNDA:78,_RNvMs1_NtCseZzw2mis13J_10pyxis_cuda7contextNtB5_16PyxisCudaContext24device_buffer_from_slice
FNDA:33,_RNvMs_NtCseZzw2mis13J_10pyxis_cuda7contextNtB4_16PyxisCudaContext10add_module
FNDA:39,_RNvMs_NtCseZzw2mis13J_10pyxis_cuda7contextNtB4_16PyxisCudaContext10get_module
FNDA:0,_RNvMs_NtCseZzw2mis13J_10pyxis_cuda7contextNtB4_16PyxisCudaContext18remove_last_module
FNDA:0,_RINvMs1_NtCsbTFvTAdqMtr_10pyxis_cuda7contextNtB6_16PyxisCudaContext12get_functiondEB8_
FNDA:0,_RNvMNtCsbTFvTAdqMtr_10pyxis_cuda7contextNtB2_16PyxisCudaContext3new
FNDA:0,_RNvMs0_NtCsbTFvTAdqMtr_10pyxis_cuda7contextNtB5_16PyxisCudaContext14get_grid_block
FNDA:0,_RNvMs1_NtCsbTFvTAdqMtr_10pyxis_cuda7contextNtB5_16PyxisCudaContext24device_buffer_from_slice
FNDA:0,_RNvMs_NtCsbTFvTAdqMtr_10pyxis_cuda7contextNtB4_16PyxisCudaContext10add_module
FNDA:0,_RNvMs_NtCsbTFvTAdqMtr_10pyxis_cuda7contextNtB4_16PyxisCudaContext10get_module
FNDA:0,_RNvMs_NtCsbTFvTAdqMtr_10pyxis_cuda7contextNtB4_16PyxisCudaContext18remove_last_module
FNDA:0,_RNvMs0_NtCsbTFvTAdqMtr_10pyxis_cuda7contextNtB5_16PyxisCudaContext14set_block_size
FNDA:0,_RNvMs_NtCsbTFvTAdqMtr_10pyxis_cuda7contextNtB4_16PyxisCudaContext14set_size_limit
FNDA:0,_RNvMs_NtCsbTFvTAdqMtr_10pyxis_cuda7contextNtB4_16PyxisCudaContext15set_count_limit
FNDA:30,_RNvMNtCsbRh8zr4mWo7_10pyxis_cuda7contextNtB2_16PyxisCudaContext3new
FNDA:34,_RNvMs0_NtCsbRh8zr4mWo7_10pyxis_cuda7contextNtB5_16PyxisCudaContext14get_grid_block
FNDA:68,_RNvMs1_NtCsbRh8zr4mWo7_10pyxis_cuda7contextNtB5_16PyxisCudaContext24device_buffer_from_slice
FNDA:30,_RNvMs_NtCsbRh8zr4mWo7_10pyxis_cuda7contextNtB4_16PyxisCudaContext10add_module
FNDA:34,_RNvMs_NtCsbRh8zr4mWo7_10pyxis_cuda7contextNtB4_16PyxisCudaContext10get_module
FNDA:0,_RNvMs_NtCsbRh8zr4mWo7_10pyxis_cuda7contextNtB4_16PyxisCudaContext18remove_last_module
FNDA:34,_RINvMs1_NtCsbRh8zr4mWo7_10pyxis_cuda7contextNtB6_16PyxisCudaContext12get_functiondEB8_
FNDA:0,_RNvMs0_NtCsbRh8zr4mWo7_10pyxis_cuda7contextNtB5_16PyxisCudaContext14set_block_size
FNDA:0,_RNvMs_NtCsbRh8zr4mWo7_10pyxis_cuda7contextNtB4_16PyxisCudaContext14set_size_limit
FNDA:0,_RNvMs_NtCsbRh8zr4mWo7_10pyxis_cuda7contextNtB4_16PyxisCudaContext15set_count_limit
FNF:10
FNH:6
DA:29,63
DA:30,33
DA:31,63
DA:32,63
DA:33,63
DA:34,63
DA:35,63
DA:36,63
DA:37,63
DA:38,63
DA:39,63
DA:40,63
DA:41,63
DA:42,63
DA:47,0
DA:48,0
DA:49,0
DA:50,0
DA:51,0
DA:53,0
DA:54,0
DA:55,0
DA:56,0
DA:57,0
DA:59,73
DA:61,39
DA:62,73
DA:63,63
DA:64,63
DA:65,63
DA:68,73
DA:69,73
DA:70,73
DA:71,73
DA:72,73
DA:73,73
DA:74,73
DA:75,73
DA:76,73
DA:77,63
DA:79,33
DA:87,63
DA:88,0
DA:89,0
DA:90,0
DA:91,0
DA:92,63
DA:94,63
DA:95,63
DA:96,0
DA:97,0
DA:98,0
DA:99,0
DA:100,0
DA:101,0
DA:102,0
DA:103,0
DA:105,63
DA:106,63
DA:107,63
DA:108,63
DA:109,63
DA:110,63
DA:111,63
DA:112,63
DA:113,63
DA:114,63
DA:115,0
DA:116,0
DA:117,0
DA:118,0
DA:119,0
DA:120,0
DA:121,0
DA:122,0
DA:123,0
DA:128,0
DA:129,0
DA:130,0
DA:131,0
DA:132,0
DA:138,73
DA:139,73
DA:140,73
DA:141,73
DA:142,39
DA:148,73
DA:149,73
DA:153,73
DA:154,73
DA:155,73
DA:156,73
DA:157,73
DA:160,73
DA:161,73
DA:162,73
DA:163,0
DA:165,73
DA:166,146
DA:167,146
DA:168,146
BRDA:62,0,0,33
BRDA:62,0,1,6
BRDA:62,1,2,-
BRDA:62,1,3,-
BRDA:62,2,4,30
BRDA:62,2,5,4
BRDA:87,0,0,0
BRDA:87,0,1,33
BRDA:87,1,2,-
BRDA:87,1,3,-
BRDA:87,2,4,0
BRDA:87,2,5,30
BRDA:88,0,0,-
BRDA:88,0,1,-
BRDA:88,1,2,-
BRDA:88,1,3,-
BRDA:88,2,4,-
BRDA:88,2,5,-
BRDA:94,0,0,33
BRDA:94,0,1,0
BRDA:94,1,2,-
BRDA:94,1,3,-
BRDA:94,2,4,30
BRDA:94,2,5,0
BRDA:95,0,0,0
BRDA:95,0,1,33
BRDA:95,1,2,-
BRDA:95,1,3,-
BRDA:95,2,4,0
BRDA:95,2,5,30
BRDA:116,0,0,-
BRDA:116,0,1,-
BRDA:116,1,2,-
BRDA:116,1,3,-
BRDA:116,2,4,-
BRDA:116,2,5,-
BRDA:117,0,0,-
BRDA:117,0,1,-
BRDA:117,1,2,-
BRDA:117,1,3,-
BRDA:117,2,4,-
BRDA:117,2,5,-
BRDA:161,0,0,0
BRDA:161,0,1,39
BRDA:161,1,2,-
BRDA:161,1,3,-
BRDA:161,2,4,0
BRDA:161,2,5,34
BRDA:162,0,0,39
BRDA:162,0,1,0
BRDA:162,1,2,-
BRDA:162,1,3,-
BRDA:162,2,4,34
BRDA:162,2,5,0
BRF:18
BRH:7
LF:101
LH:64
end_of_record
SF:D:\project\pyxis\rust-cuda\src\crypto_cuda.rs
FN:408,_RNCNvNtNtCseZzw2mis13J_10pyxis_cuda11crypto_cuda4tests_15test_exact_cuda0B7_
FN:416,_RNCNvNtNtCseZzw2mis13J_10pyxis_cuda11crypto_cuda4tests_15test_exact_cudas0_0B7_
FN:421,_RNCNvNtNtCseZzw2mis13J_10pyxis_cuda11crypto_cuda4tests_15test_exact_cudas1_0B7_
FN:426,_RNCNvNtNtCseZzw2mis13J_10pyxis_cuda11crypto_cuda4tests_15test_exact_cudas2_0B7_
FN:431,_RNCNvNtNtCseZzw2mis13J_10pyxis_cuda11crypto_cuda4tests_15test_exact_cudas3_0B7_
FN:458,_RNCNvNtNtCseZzw2mis13J_10pyxis_cuda11crypto_cuda4tests_15test_exact_cudas4_0B7_
FN:495,_RNCNvNtNtCseZzw2mis13J_10pyxis_cuda11crypto_cuda4tests_15test_exact_cudas5_0B7_
FN:532,_RNCNvNtNtCseZzw2mis13J_10pyxis_cuda11crypto_cuda4tests_15test_exact_cudas6_0B7_
FN:411,_RNCNvNtNtCseZzw2mis13J_10pyxis_cuda11crypto_cuda4tests_15test_exact_cudas_0B7_
FN:164,_RINvMNtCseZzw2mis13J_10pyxis_cuda11crypto_cudaNtNtB5_7context16PyxisCudaContext17crypto_exact_cudadEB5_
FN:15,_RINvMNtCseZzw2mis13J_10pyxis_cuda11crypto_cudaNtNtB5_7context16PyxisCudaContext18bd09_to_gcj02_cudadEB5_
FN:139,_RINvMNtCseZzw2mis13J_10pyxis_cuda11crypto_cudaNtNtB5_7context16PyxisCudaContext18bd09_to_wgs84_cudadEB5_
FN:39,_RINvMNtCseZzw2mis13J_10pyxis_cuda11crypto_cudaNtNtB5_7context16PyxisCudaContext18gcj02_to_bd09_cudadEB5_
FN:114,_RINvMNtCseZzw2mis13J_10pyxis_cuda11crypto_cudaNtNtB5_7context16PyxisCudaContext18wgs84_to_bd09_cudadEB5_
FN:64,_RINvMNtCseZzw2mis13J_10pyxis_cuda11crypto_cudaNtNtB5_7context16PyxisCudaContext19gcj02_to_wgs84_cudadEB5_
FN:89,_RINvMNtCseZzw2mis13J_10pyxis_cuda11crypto_cudaNtNtB5_7context16PyxisCudaContext19wgs84_to_gcj02_cudadEB5_
FN:403,_RNvNtNtCseZzw2mis13J_10pyxis_cuda11crypto_cuda4tests_15test_exact_cuda
FN:221,_RNvNtNtCseZzw2mis13J_10pyxis_cuda11crypto_cuda4tests_23test_bd09_to_gcj02_cuda
FN:307,_RNvNtNtCseZzw2mis13J_10pyxis_cuda11crypto_cuda4tests_23test_bd09_to_wgs84_cuda
FN:239,_RNvNtNtCseZzw2mis13J_10pyxis_cuda11crypto_cuda4tests_23test_gcj02_to_bd09_cuda
FN:291,_RNvNtNtCseZzw2mis13J_10pyxis_cuda11crypto_cuda4tests_23test_wgs84_to_bd09_cuda
FN:256,_RNvNtNtCseZzw2mis13J_10pyxis_cuda11crypto_cuda4tests_24test_gcj02_to_wgs84_cuda
FN:274,_RNvNtNtCseZzw2mis13J_10pyxis_cuda11crypto_cuda4tests_24test_wgs84_to_gcj02_cuda
FN:351,_RNvNtNtCseZzw2mis13J_10pyxis_cuda11crypto_cuda4tests_29test_bd09_to_gcj02_exact_cuda
FN:325,_RNvNtNtCseZzw2mis13J_10pyxis_cuda11crypto_cuda4tests_29test_bd09_to_wgs84_exact_cuda
FN:377,_RNvNtNtCseZzw2mis13J_10pyxis_cuda11crypto_cuda4tests_30test_gcj02_to_wgs84_exact_cuda
FN:403,_RNvNtNtCsbTFvTAdqMtr_10pyxis_cuda11crypto_cuda4tests_15test_exact_cuda
FN:221,_RNvNtNtCsbTFvTAdqMtr_10pyxis_cuda11crypto_cuda4tests_23test_bd09_to_gcj02_cuda
FN:307,_RNvNtNtCsbTFvTAdqMtr_10pyxis_cuda11crypto_cuda4tests_23test_bd09_to_wgs84_cuda
FN:239,_RNvNtNtCsbTFvTAdqMtr_10pyxis_cuda11crypto_cuda4tests_23test_gcj02_to_bd09_cuda
FN:291,_RNvNtNtCsbTFvTAdqMtr_10pyxis_cuda11crypto_cuda4tests_23test_wgs84_to_bd09_cuda
FN:256,_RNvNtNtCsbTFvTAdqMtr_10pyxis_cuda11crypto_cuda4tests_24test_gcj02_to_wgs84_cuda
FN:274,_RNvNtNtCsbTFvTAdqMtr_10pyxis_cuda11crypto_cuda4tests_24test_wgs84_to_gcj02_cuda
FN:351,_RNvNtNtCsbTFvTAdqMtr_10pyxis_cuda11crypto_cuda4tests_29test_bd09_to_gcj02_exact_cuda
FN:325,_RNvNtNtCsbTFvTAdqMtr_10pyxis_cuda11crypto_cuda4tests_29test_bd09_to_wgs84_exact_cuda
FN:377,_RNvNtNtCsbTFvTAdqMtr_10pyxis_cuda11crypto_cuda4tests_30test_gcj02_to_wgs84_exact_cuda
FN:164,_RINvMNtCsbTFvTAdqMtr_10pyxis_cuda11crypto_cudaNtNtB5_7context16PyxisCudaContext17crypto_exact_cudadEB5_
FN:15,_RINvMNtCsbTFvTAdqMtr_10pyxis_cuda11crypto_cudaNtNtB5_7context16PyxisCudaContext18bd09_to_gcj02_cudadEB5_
FN:139,_RINvMNtCsbTFvTAdqMtr_10pyxis_cuda11crypto_cudaNtNtB5_7context16PyxisCudaContext18bd09_to_wgs84_cudadEB5_
FN:39,_RINvMNtCsbTFvTAdqMtr_10pyxis_cuda11crypto_cudaNtNtB5_7context16PyxisCudaContext18gcj02_to_bd09_cudadEB5_
FN:114,_RINvMNtCsbTFvTAdqMtr_10pyxis_cuda11crypto_cudaNtNtB5_7context16PyxisCudaContext18wgs84_to_bd09_cudadEB5_
FN:64,_RINvMNtCsbTFvTAdqMtr_10pyxis_cuda11crypto_cudaNtNtB5_7context16PyxisCudaContext19gcj02_to_wgs84_cudadEB5_
FN:89,_RINvMNtCsbTFvTAdqMtr_10pyxis_cuda11crypto_cudaNtNtB5_7context16PyxisCudaContext19wgs84_to_gcj02_cudadEB5_
FN:408,_RNCNvNtNtCsbTFvTAdqMtr_10pyxis_cuda11crypto_cuda4tests_15test_exact_cuda0B7_
FN:416,_RNCNvNtNtCsbTFvTAdqMtr_10pyxis_cuda11crypto_cuda4tests_15test_exact_cudas0_0B7_
FN:421,_RNCNvNtNtCsbTFvTAdqMtr_10pyxis_cuda11crypto_cuda4tests_15test_exact_cudas1_0B7_
FN:426,_RNCNvNtNtCsbTFvTAdqMtr_10pyxis_cuda11crypto_cuda4tests_15test_exact_cudas2_0B7_
FN:431,_RNCNvNtNtCsbTFvTAdqMtr_10pyxis_cuda11crypto_cuda4tests_15test_exact_cudas3_0B7_
FN:458,_RNCNvNtNtCsbTFvTAdqMtr_10pyxis_cuda11crypto_cuda4tests_15test_exact_cudas4_0B7_
FN:495,_RNCNvNtNtCsbTFvTAdqMtr_10pyxis_cuda11crypto_cuda4tests_15test_exact_cudas5_0B7_
FN:532,_RNCNvNtNtCsbTFvTAdqMtr_10pyxis_cuda11crypto_cuda4tests_15test_exact_cudas6_0B7_
FN:411,_RNCNvNtNtCsbTFvTAdqMtr_10pyxis_cuda11crypto_cuda4tests_15test_exact_cudas_0B7_
FN:164,_RINvMNtCsbRh8zr4mWo7_10pyxis_cuda11crypto_cudaNtNtB5_7context16PyxisCudaContext17crypto_exact_cudadEB5_
FN:15,_RINvMNtCsbRh8zr4mWo7_10pyxis_cuda11crypto_cudaNtNtB5_7context16PyxisCudaContext18bd09_to_gcj02_cudadEB5_
FN:139,_RINvMNtCsbRh8zr4mWo7_10pyxis_cuda11crypto_cudaNtNtB5_7context16PyxisCudaContext18bd09_to_wgs84_cudadEB5_
FN:39,_RINvMNtCsbRh8zr4mWo7_10pyxis_cuda11crypto_cudaNtNtB5_7context16PyxisCudaContext18gcj02_to_bd09_cudadEB5_
FN:114,_RINvMNtCsbRh8zr4mWo7_10pyxis_cuda11crypto_cudaNtNtB5_7context16PyxisCudaContext18wgs84_to_bd09_cudadEB5_
FN:64,_RINvMNtCsbRh8zr4mWo7_10pyxis_cuda11crypto_cudaNtNtB5_7context16PyxisCudaContext19gcj02_to_wgs84_cudadEB5_
FN:89,_RINvMNtCsbRh8zr4mWo7_10pyxis_cuda11crypto_cudaNtNtB5_7context16PyxisCudaContext19wgs84_to_gcj02_cudadEB5_
FN:408,_RNCNvNtNtCsbRh8zr4mWo7_10pyxis_cuda11crypto_cuda4tests_15test_exact_cuda0B7_
FN:416,_RNCNvNtNtCsbRh8zr4mWo7_10pyxis_cuda11crypto_cuda4tests_15test_exact_cudas0_0B7_
FN:421,_RNCNvNtNtCsbRh8zr4mWo7_10pyxis_cuda11crypto_cuda4tests_15test_exact_cudas1_0B7_
FN:426,_RNCNvNtNtCsbRh8zr4mWo7_10pyxis_cuda11crypto_cuda4tests_15test_exact_cudas2_0B7_
FN:431,_RNCNvNtNtCsbRh8zr4mWo7_10pyxis_cuda11crypto_cuda4tests_15test_exact_cudas3_0B7_
FN:458,_RNCNvNtNtCsbRh8zr4mWo7_10pyxis_cuda11crypto_cuda4tests_15test_exact_cudas4_0B7_
FN:495,_RNCNvNtNtCsbRh8zr4mWo7_10pyxis_cuda11crypto_cuda4tests_15test_exact_cudas5_0B7_
FN:532,_RNCNvNtNtCsbRh8zr4mWo7_10pyxis_cuda11crypto_cuda4tests_15test_exact_cudas6_0B7_
FN:411,_RNCNvNtNtCsbRh8zr4mWo7_10pyxis_cuda11crypto_cuda4tests_15test_exact_cudas_0B7_
FN:403,_RNvNtNtCsbRh8zr4mWo7_10pyxis_cuda11crypto_cuda4tests_15test_exact_cuda
FN:221,_RNvNtNtCsbRh8zr4mWo7_10pyxis_cuda11crypto_cuda4tests_23test_bd09_to_gcj02_cuda
FN:307,_RNvNtNtCsbRh8zr4mWo7_10pyxis_cuda11crypto_cuda4tests_23test_bd09_to_wgs84_cuda
FN:239,_RNvNtNtCsbRh8zr4mWo7_10pyxis_cuda11crypto_cuda4tests_23test_gcj02_to_bd09_cuda
FN:291,_RNvNtNtCsbRh8zr4mWo7_10pyxis_cuda11crypto_cuda4tests_23test_wgs84_to_bd09_cuda
FN:256,_RNvNtNtCsbRh8zr4mWo7_10pyxis_cuda11crypto_cuda4tests_24test_gcj02_to_wgs84_cuda
FN:274,_RNvNtNtCsbRh8zr4mWo7_10pyxis_cuda11crypto_cuda4tests_24test_wgs84_to_gcj02_cuda
FN:351,_RNvNtNtCsbRh8zr4mWo7_10pyxis_cuda11crypto_cuda4tests_29test_bd09_to_gcj02_exact_cuda
FN:325,_RNvNtNtCsbRh8zr4mWo7_10pyxis_cuda11crypto_cuda4tests_29test_bd09_to_wgs84_exact_cuda
FN:377,_RNvNtNtCsbRh8zr4mWo7_10pyxis_cuda11crypto_cuda4tests_30test_gcj02_to_wgs84_exact_cuda
FNDA:450000,_RNCNvNtNtCseZzw2mis13J_10pyxis_cuda11crypto_cuda4tests_15test_exact_cuda0B7_
FNDA:450000,_RNCNvNtNtCseZzw2mis13J_10pyxis_cuda11crypto_cuda4tests_15test_exact_cudas0_0B7_
FNDA:450000,_RNCNvNtNtCseZzw2mis13J_10pyxis_cuda11crypto_cuda4tests_15test_exact_cudas1_0B7_
FNDA:450000,_RNCNvNtNtCseZzw2mis13J_10pyxis_cuda11crypto_cuda4tests_15test_exact_cudas2_0B7_
FNDA:450000,_RNCNvNtNtCseZzw2mis13J_10pyxis_cuda11crypto_cuda4tests_15test_exact_cudas3_0B7_
FNDA:450000,_RNCNvNtNtCseZzw2mis13J_10pyxis_cuda11crypto_cuda4tests_15test_exact_cudas4_0B7_
FNDA:450000,_RNCNvNtNtCseZzw2mis13J_10pyxis_cuda11crypto_cuda4tests_15test_exact_cudas5_0B7_
FNDA:450000,_RNCNvNtNtCseZzw2mis13J_10pyxis_cuda11crypto_cuda4tests_15test_exact_cudas6_0B7_
FNDA:450000,_RNCNvNtNtCseZzw2mis13J_10pyxis_cuda11crypto_cuda4tests_15test_exact_cudas_0B7_
FNDA:18,_RINvMNtCseZzw2mis13J_10pyxis_cuda11crypto_cudaNtNtB5_7context16PyxisCudaContext17crypto_exact_cudadEB5_
FNDA:3,_RINvMNtCseZzw2mis13J_10pyxis_cuda11crypto_cudaNtNtB5_7context16PyxisCudaContext18bd09_to_gcj02_cudadEB5_
FNDA:3,_RINvMNtCseZzw2mis13J_10pyxis_cuda11crypto_cudaNtNtB5_7context16PyxisCudaContext18bd09_to_wgs84_cudadEB5_
FNDA:3,_RINvMNtCseZzw2mis13J_10pyxis_cuda11crypto_cudaNtNtB5_7context16PyxisCudaContext18gcj02_to_bd09_cudadEB5_
FNDA:3,_RINvMNtCseZzw2mis13J_10pyxis_cuda11crypto_cudaNtNtB5_7context16PyxisCudaContext18wgs84_to_bd09_cudadEB5_
FNDA:3,_RINvMNtCseZzw2mis13J_10pyxis_cuda11crypto_cudaNtNtB5_7context16PyxisCudaContext19gcj02_to_wgs84_cudadEB5_
FNDA:3,_RINvMNtCseZzw2mis13J_10pyxis_cuda11crypto_cudaNtNtB5_7context16PyxisCudaContext19wgs84_to_gcj02_cudadEB5_
FNDA:3,_RNvNtNtCseZzw2mis13J_10pyxis_cuda11crypto_cuda4tests_15test_exact_cuda
FNDA:3,_RNvNtNtCseZzw2mis13J_10pyxis_cuda11crypto_cuda4tests_23test_bd09_to_gcj02_cuda
FNDA:3,_RNvNtNtCseZzw2mis13J_10pyxis_cuda11crypto_cuda4tests_23test_bd09_to_wgs84_cuda
FNDA:3,_RNvNtNtCseZzw2mis13J_10pyxis_cuda11crypto_cuda4tests_23test_gcj02_to_bd09_cuda
FNDA:3,_RNvNtNtCseZzw2mis13J_10pyxis_cuda11crypto_cuda4tests_23test_wgs84_to_bd09_cuda
FNDA:3,_RNvNtNtCseZzw2mis13J_10pyxis_cuda11crypto_cuda4tests_24test_gcj02_to_wgs84_cuda
FNDA:3,_RNvNtNtCseZzw2mis13J_10pyxis_cuda11crypto_cuda4tests_24test_wgs84_to_gcj02_cuda
FNDA:3,_RNvNtNtCseZzw2mis13J_10pyxis_cuda11crypto_cuda4tests_29test_bd09_to_gcj02_exact_cuda
FNDA:3,_RNvNtNtCseZzw2mis13J_10pyxis_cuda11crypto_cuda4tests_29test_bd09_to_wgs84_exact_cuda
FNDA:3,_RNvNtNtCseZzw2mis13J_10pyxis_cuda11crypto_cuda4tests_30test_gcj02_to_wgs84_exact_cuda
FNDA:0,_RNvNtNtCsbTFvTAdqMtr_10pyxis_cuda11crypto_cuda4tests_15test_exact_cuda
FNDA:0,_RNvNtNtCsbTFvTAdqMtr_10pyxis_cuda11crypto_cuda4tests_23test_bd09_to_gcj02_cuda
FNDA:0,_RNvNtNtCsbTFvTAdqMtr_10pyxis_cuda11crypto_cuda4tests_23test_bd09_to_wgs84_cuda
FNDA:0,_RNvNtNtCsbTFvTAdqMtr_10pyxis_cuda11crypto_cuda4tests_23test_gcj02_to_bd09_cuda
FNDA:0,_RNvNtNtCsbTFvTAdqMtr_10pyxis_cuda11crypto_cuda4tests_23test_wgs84_to_bd09_cuda
FNDA:0,_RNvNtNtCsbTFvTAdqMtr_10pyxis_cuda11crypto_cuda4tests_24test_gcj02_to_wgs84_cuda
FNDA:0,_RNvNtNtCsbTFvTAdqMtr_10pyxis_cuda11crypto_cuda4tests_24test_wgs84_to_gcj02_cuda
FNDA:0,_RNvNtNtCsbTFvTAdqMtr_10pyxis_cuda11crypto_cuda4tests_29test_bd09_to_gcj02_exact_cuda
FNDA:0,_RNvNtNtCsbTFvTAdqMtr_10pyxis_cuda11crypto_cuda4tests_29test_bd09_to_wgs84_exact_cuda
FNDA:0,_RNvNtNtCsbTFvTAdqMtr_10pyxis_cuda11crypto_cuda4tests_30test_gcj02_to_wgs84_exact_cuda
FNDA:0,_RINvMNtCsbTFvTAdqMtr_10pyxis_cuda11crypto_cudaNtNtB5_7context16PyxisCudaContext17crypto_exact_cudadEB5_
FNDA:0,_RINvMNtCsbTFvTAdqMtr_10pyxis_cuda11crypto_cudaNtNtB5_7context16PyxisCudaContext18bd09_to_gcj02_cudadEB5_
FNDA:0,_RINvMNtCsbTFvTAdqMtr_10pyxis_cuda11crypto_cudaNtNtB5_7context16PyxisCudaContext18bd09_to_wgs84_cudadEB5_
FNDA:0,_RINvMNtCsbTFvTAdqMtr_10pyxis_cuda11crypto_cudaNtNtB5_7context16PyxisCudaContext18gcj02_to_bd09_cudadEB5_
FNDA:0,_RINvMNtCsbTFvTAdqMtr_10pyxis_cuda11crypto_cudaNtNtB5_7context16PyxisCudaContext18wgs84_to_bd09_cudadEB5_
FNDA:0,_RINvMNtCsbTFvTAdqMtr_10pyxis_cuda11crypto_cudaNtNtB5_7context16PyxisCudaContext19gcj02_to_wgs84_cudadEB5_
FNDA:0,_RINvMNtCsbTFvTAdqMtr_10pyxis_cuda11crypto_cudaNtNtB5_7context16PyxisCudaContext19wgs84_to_gcj02_cudadEB5_
FNDA:0,_RNCNvNtNtCsbTFvTAdqMtr_10pyxis_cuda11crypto_cuda4tests_15test_exact_cuda0B7_
FNDA:0,_RNCNvNtNtCsbTFvTAdqMtr_10pyxis_cuda11crypto_cuda4tests_15test_exact_cudas0_0B7_
FNDA:0,_RNCNvNtNtCsbTFvTAdqMtr_10pyxis_cuda11crypto_cuda4tests_15test_exact_cudas1_0B7_
FNDA:0,_RNCNvNtNtCsbTFvTAdqMtr_10pyxis_cuda11crypto_cuda4tests_15test_exact_cudas2_0B7_
FNDA:0,_RNCNvNtNtCsbTFvTAdqMtr_10pyxis_cuda11crypto_cuda4tests_15test_exact_cudas3_0B7_
FNDA:0,_RNCNvNtNtCsbTFvTAdqMtr_10pyxis_cuda11crypto_cuda4tests_15test_exact_cudas4_0B7_
FNDA:0,_RNCNvNtNtCsbTFvTAdqMtr_10pyxis_cuda11crypto_cuda4tests_15test_exact_cudas5_0B7_
FNDA:0,_RNCNvNtNtCsbTFvTAdqMtr_10pyxis_cuda11crypto_cuda4tests_15test_exact_cudas6_0B7_
FNDA:0,_RNCNvNtNtCsbTFvTAdqMtr_10pyxis_cuda11crypto_cuda4tests_15test_exact_cudas_0B7_
FNDA:12,_RINvMNtCsbRh8zr4mWo7_10pyxis_cuda11crypto_cudaNtNtB5_7context16PyxisCudaContext17crypto_exact_cudadEB5_
FNDA:2,_RINvMNtCsbRh8zr4mWo7_10pyxis_cuda11crypto_cudaNtNtB5_7context16PyxisCudaContext18bd09_to_gcj02_cudadEB5_
FNDA:2,_RINvMNtCsbRh8zr4mWo7_10pyxis_cuda11crypto_cudaNtNtB5_7context16PyxisCudaContext18bd09_to_wgs84_cudadEB5_
FNDA:2,_RINvMNtCsbRh8zr4mWo7_10pyxis_cuda11crypto_cudaNtNtB5_7context16PyxisCudaContext18gcj02_to_bd09_cudadEB5_
FNDA:2,_RINvMNtCsbRh8zr4mWo7_10pyxis_cuda11crypto_cudaNtNtB5_7context16PyxisCudaContext18wgs84_to_bd09_cudadEB5_
FNDA:2,_RINvMNtCsbRh8zr4mWo7_10pyxis_cuda11crypto_cudaNtNtB5_7context16PyxisCudaContext19gcj02_to_wgs84_cudadEB5_
FNDA:2,_RINvMNtCsbRh8zr4mWo7_10pyxis_cuda11crypto_cudaNtNtB5_7context16PyxisCudaContext19wgs84_to_gcj02_cudadEB5_
FNDA:300000,_RNCNvNtNtCsbRh8zr4mWo7_10pyxis_cuda11crypto_cuda4tests_15test_exact_cuda0B7_
FNDA:300000,_RNCNvNtNtCsbRh8zr4mWo7_10pyxis_cuda11crypto_cuda4tests_15test_exact_cudas0_0B7_
FNDA:300000,_RNCNvNtNtCsbRh8zr4mWo7_10pyxis_cuda11crypto_cuda4tests_15test_exact_cudas1_0B7_
FNDA:300000,_RNCNvNtNtCsbRh8zr4mWo7_10pyxis_cuda11crypto_cuda4tests_15test_exact_cudas2_0B7_
FNDA:300000,_RNCNvNtNtCsbRh8zr4mWo7_10pyxis_cuda11crypto_cuda4tests_15test_exact_cudas3_0B7_
FNDA:300000,_RNCNvNtNtCsbRh8zr4mWo7_10pyxis_cuda11crypto_cuda4tests_15test_exact_cudas4_0B7_
FNDA:300000,_RNCNvNtNtCsbRh8zr4mWo7_10pyxis_cuda11crypto_cuda4tests_15test_exact_cudas5_0B7_
FNDA:300000,_RNCNvNtNtCsbRh8zr4mWo7_10pyxis_cuda11crypto_cuda4tests_15test_exact_cudas6_0B7_
FNDA:300000,_RNCNvNtNtCsbRh8zr4mWo7_10pyxis_cuda11crypto_cuda4tests_15test_exact_cudas_0B7_
FNDA:2,_RNvNtNtCsbRh8zr4mWo7_10pyxis_cuda11crypto_cuda4tests_15test_exact_cuda
FNDA:2,_RNvNtNtCsbRh8zr4mWo7_10pyxis_cuda11crypto_cuda4tests_23test_bd09_to_gcj02_cuda
FNDA:2,_RNvNtNtCsbRh8zr4mWo7_10pyxis_cuda11crypto_cuda4tests_23test_bd09_to_wgs84_cuda
FNDA:2,_RNvNtNtCsbRh8zr4mWo7_10pyxis_cuda11crypto_cuda4tests_23test_gcj02_to_bd09_cuda
FNDA:2,_RNvNtNtCsbRh8zr4mWo7_10pyxis_cuda11crypto_cuda4tests_23test_wgs84_to_bd09_cuda
FNDA:2,_RNvNtNtCsbRh8zr4mWo7_10pyxis_cuda11crypto_cuda4tests_24test_gcj02_to_wgs84_cuda
FNDA:2,_RNvNtNtCsbRh8zr4mWo7_10pyxis_cuda11crypto_cuda4tests_24test_wgs84_to_gcj02_cuda
FNDA:2,_RNvNtNtCsbRh8zr4mWo7_10pyxis_cuda11crypto_cuda4tests_29test_bd09_to_gcj02_exact_cuda
FNDA:2,_RNvNtNtCsbRh8zr4mWo7_10pyxis_cuda11crypto_cuda4tests_29test_bd09_to_wgs84_exact_cuda
FNDA:2,_RNvNtNtCsbRh8zr4mWo7_10pyxis_cuda11crypto_cuda4tests_30test_gcj02_to_wgs84_exact_cuda
FNF:26
FNH:26
DA:15,5
DA:16,5
DA:17,5
DA:18,5
DA:19,5
DA:20,5
DA:21,5
DA:22,5
DA:23,5
DA:24,5
DA:25,5
DA:27,5
DA:28,5
DA:29,5
DA:30,5
DA:31,5
DA:32,5
DA:35,5
DA:37,5
DA:38,5
DA:39,5
DA:40,5
DA:41,5
DA:42,5
DA:43,5
DA:44,5
DA:45,5
DA:46,5
DA:47,5
DA:48,5
DA:49,5
DA:52,5
DA:53,5
DA:54,5
DA:55,5
DA:56,5
DA:57,5
DA:60,5
DA:62,5
DA:63,5
DA:64,5
DA:65,5
DA:66,5
DA:67,5
DA:68,5
DA:69,5
DA:70,5
DA:71,5
DA:72,5
DA:73,5
DA:74,5
DA:77,5
DA:78,5
DA:79,5
DA:80,5
DA:81,5
DA:82,5
DA:85,5
DA:87,5
DA:88,5
DA:89,5
DA:90,5
DA:91,5
DA:92,5
DA:93,5
DA:94,5
DA:95,5
DA:96,5
DA:97,5
DA:98,5
DA:99,5
DA:102,5
DA:103,5
DA:104,5
DA:105,5
DA:106,5
DA:107,5
DA:110,5
DA:112,5
DA:113,5
DA:114,5
DA:115,5
DA:116,5
DA:117,5
DA:118,5
DA:119,5
DA:120,5
DA:121,5
DA:122,5
DA:123,5
DA:124,5
DA:127,5
DA:128,5
DA:129,5
DA:130,5
DA:131,5
DA:132,5
DA:135,5
DA:137,5
DA:138,5
DA:139,5
DA:140,5
DA:141,5
DA:142,5
DA:143,5
DA:144,5
DA:145,5
DA:146,5
DA:147,5
DA:148,5
DA:149,5
DA:152,5
DA:153,5
DA:154,5
DA:155,5
DA:156,5
DA:157,5
DA:160,5
DA:162,5
DA:163,5
DA:164,30
DA:165,30
DA:166,30
DA:167,30
DA:168,30
DA:169,30
DA:170,30
DA:171,30
DA:172,30
DA:173,30
DA:174,30
DA:175,30
DA:176,30
DA:177,30
DA:179,10
DA:182,10
DA:185,10
DA:187,0
DA:189,30
DA:190,0
DA:191,30
DA:193,30
DA:194,30
DA:196,30
DA:197,30
DA:198,30
DA:199,30
DA:200,0
DA:201,0
DA:202,0
DA:203,30
DA:204,30
DA:207,30
DA:209,30
DA:210,30
DA:221,5
DA:222,5
DA:223,5
DA:224,5
DA:225,5
DA:226,5
DA:227,5
DA:228,5
DA:229,5
DA:230,5
DA:232,5
DA:233,5
DA:235,5
DA:236,5
DA:237,5
DA:239,5
DA:240,5
DA:241,5
DA:242,5
DA:243,5
DA:244,5
DA:245,5
DA:246,5
DA:247,5
DA:248,5
DA:249,5
DA:250,5
DA:251,5
DA:252,5
DA:253,5
DA:254,5
DA:256,5
DA:257,5
DA:258,5
DA:259,5
DA:260,5
DA:261,5
DA:262,5
DA:263,5
DA:264,5
DA:265,5
DA:267,5
DA:268,5
DA:270,5
DA:271,5
DA:272,5
DA:274,5
DA:275,5
DA:276,5
DA:277,5
DA:278,5
DA:279,5
DA:280,5
DA:281,5
DA:282,5
DA:283,5
DA:284,5
DA:285,5
DA:286,5
DA:287,5
DA:288,5
DA:289,5
DA:291,5
DA:292,5
DA:293,5
DA:294,5
DA:295,5
DA:296,5
DA:297,5
DA:298,5
DA:299,5
DA:301,5
DA:302,5
DA:303,5
DA:304,5
DA:305,5
DA:307,5
DA:308,5
DA:309,5
DA:310,5
DA:311,5
DA:312,5
DA:313,5
DA:314,5
DA:315,5
DA:316,5
DA:318,5
DA:319,5
DA:321,5
DA:322,5
DA:323,5
DA:325,5
DA:326,5
DA:327,5
DA:328,5
DA:329,5
DA:330,5
DA:331,5
DA:332,5
DA:333,5
DA:334,5
DA:335,5
DA:336,5
DA:337,5
DA:338,5
DA:339,5
DA:340,5
DA:341,5
DA:343,5
DA:344,5
DA:345,5
DA:346,5
DA:347,5
DA:348,5
DA:349,5
DA:351,5
DA:352,5
DA:353,5
DA:354,5
DA:355,5
DA:356,5
DA:357,5
DA:358,5
DA:359,5
DA:360,5
DA:361,5
DA:362,5
DA:363,5
DA:364,5
DA:365,5
DA:366,5
DA:367,5
DA:369,5
DA:370,5
DA:371,5
DA:372,5
DA:373,5
DA:374,5
DA:375,5
DA:377,5
DA:378,5
DA:379,5
DA:380,5
DA:381,5
DA:382,5
DA:383,5
DA:384,5
DA:385,5
DA:386,5
DA:387,5
DA:388,5
DA:389,5
DA:390,5
DA:391,5
DA:392,5
DA:393,5
DA:395,5
DA:396,5
DA:397,5
DA:398,5
DA:399,5
DA:400,5
DA:401,5
DA:403,5
DA:404,5
DA:405,5
DA:406,5
DA:407,5
DA:408,750000
DA:409,5
DA:410,5
DA:411,750000
DA:412,5
DA:413,5
DA:414,5
DA:415,5
DA:416,750000
DA:417,5
DA:418,5
DA:419,5
DA:420,5
DA:421,750000
DA:422,5
DA:423,5
DA:424,5
DA:425,5
DA:426,750000
DA:427,5
DA:428,5
DA:429,5
DA:430,5
DA:431,750000
DA:432,5
DA:434,5
DA:435,5
DA:436,5
DA:437,5
DA:438,5
DA:439,5
DA:440,5
DA:441,5
DA:442,5
DA:443,5
DA:444,5
DA:445,5
DA:446,5
DA:447,5
DA:448,5
DA:449,5
DA:450,5
DA:451,5
DA:452,5
DA:453,5
DA:454,5
DA:455,5
DA:456,5
DA:457,5
DA:458,750000
DA:459,750000
DA:460,750000
DA:461,750000
DA:462,750000
DA:463,750000
DA:464,5
DA:465,5
DA:466,5
DA:467,5
DA:468,5
DA:471,5
DA:472,5
DA:473,5
DA:474,5
DA:475,5
DA:476,5
DA:477,5
DA:478,5
DA:479,5
DA:480,5
DA:481,5
DA:482,5
DA:483,5
DA:484,5
DA:485,5
DA:486,5
DA:487,5
DA:488,5
DA:489,5
DA:490,5
DA:491,5
DA:492,5
DA:493,5
DA:494,5
DA:495,750000
DA:496,750000
DA:497,750000
DA:498,750000
DA:499,750000
DA:500,750000
DA:501,5
DA:502,5
DA:503,5
DA:504,5
DA:505,5
DA:508,5
DA:509,5
DA:510,5
DA:511,5
DA:512,5
DA:513,5
DA:514,5
DA:515,5
DA:516,5
DA:517,5
DA:518,5
DA:519,5
DA:520,5
DA:521,5
DA:522,5
DA:523,5
DA:524,5
DA:525,5
DA:526,5
DA:527,5
DA:528,5
DA:529,5
DA:530,5
DA:531,5
DA:532,750000
DA:533,750000
DA:534,750000
DA:535,750000
DA:536,750000
DA:537,750000
DA:538,5
DA:539,5
DA:540,5
DA:541,5
DA:542,5
DA:544,5
BRDA:406,0,0,0
BRDA:406,0,1,3
BRDA:406,1,2,-
BRDA:406,1,3,-
BRDA:406,2,4,0
BRDA:406,2,5,2
BRF:2
BRH:1
LF:463
LH:458
end_of_record
SF:D:\project\pyxis\rust-cuda\src\datum_compensate_cuda.rs
FN:14,_RINvMNtCseZzw2mis13J_10pyxis_cuda21datum_compensate_cudaNtNtB5_7context16PyxisCudaContext21datum_compensate_cudadINtNtCs3V5rvIypfPY_5pyxis16datum_compensate21DatumCompensateParamsdEEB5_
FN:51,_RNvNtNtCseZzw2mis13J_10pyxis_cuda21datum_compensate_cuda4tests_26test_datum_compensate_cuda
FN:14,_RINvMNtCsbTFvTAdqMtr_10pyxis_cuda21datum_compensate_cudaNtNtB5_7context16PyxisCudaContext21datum_compensate_cudadINtNtCs2Rb8TvYkNXQ_5pyxis16datum_compensate21DatumCompensateParamsdEEB5_
FN:51,_RNvNtNtCsbTFvTAdqMtr_10pyxis_cuda21datum_compensate_cuda4tests_26test_datum_compensate_cuda
FN:14,_RINvMNtCsbRh8zr4mWo7_10pyxis_cuda21datum_compensate_cudaNtNtB5_7context16PyxisCudaContext21datum_compensate_cudadINtNtCs56veb4ygb0R_5pyxis16datum_compensate21DatumCompensateParamsdEEB5_
FN:51,_RNvNtNtCsbRh8zr4mWo7_10pyxis_cuda21datum_compensate_cuda4tests_26test_datum_compensate_cuda
FNDA:3,_RINvMNtCseZzw2mis13J_10pyxis_cuda21datum_compensate_cudaNtNtB5_7context16PyxisCudaContext21datum_compensate_cudadINtNtCs3V5rvIypfPY_5pyxis16datum_compensate21DatumCompensateParamsdEEB5_
FNDA:3,_RNvNtNtCseZzw2mis13J_10pyxis_cuda21datum_compensate_cuda4tests_26test_datum_compensate_cuda
FNDA:0,_RINvMNtCsbTFvTAdqMtr_10pyxis_cuda21datum_compensate_cudaNtNtB5_7context16PyxisCudaContext21datum_compensate_cudadINtNtCs2Rb8TvYkNXQ_5pyxis16datum_compensate21DatumCompensateParamsdEEB5_
FNDA:0,_RNvNtNtCsbTFvTAdqMtr_10pyxis_cuda21datum_compensate_cuda4tests_26test_datum_compensate_cuda
FNDA:10,_RINvMNtCsbRh8zr4mWo7_10pyxis_cuda21datum_compensate_cudaNtNtB5_7context16PyxisCudaContext21datum_compensate_cudadINtNtCs56veb4ygb0R_5pyxis16datum_compensate21DatumCompensateParamsdEEB5_
FNDA:10,_RNvNtNtCsbRh8zr4mWo7_10pyxis_cuda21datum_compensate_cuda4tests_26test_datum_compensate_cuda
FNF:2
FNH:2
DA:14,13
DA:15,13
DA:16,13
DA:17,13
DA:18,13
DA:19,13
DA:20,13
DA:21,13
DA:22,13
DA:24,13
DA:25,13
DA:26,13
DA:29,13
DA:30,13
DA:31,13
DA:32,13
DA:33,13
DA:34,13
DA:35,13
DA:36,13
DA:37,13
DA:40,13
DA:42,13
DA:43,13
DA:51,13
DA:52,13
DA:53,13
DA:54,13
DA:55,13
DA:56,13
DA:57,13
DA:58,13
DA:59,13
DA:60,13
DA:62,13
DA:63,13
DA:64,13
BRF:0
BRH:0
LF:37
LH:37
end_of_record
SF:D:\project\pyxis\rust\crates\pyxis\src\crypto.rs
FN:153,_RINvNtCs3V5rvIypfPY_5pyxis6crypto13bd09_to_gcj02dECseZzw2mis13J_10pyxis_cuda
FN:221,_RINvNtCs3V5rvIypfPY_5pyxis6crypto13bd09_to_wgs84dECseZzw2mis13J_10pyxis_cuda
FN:252,_RINvNtCs3V5rvIypfPY_5pyxis6crypto13gcj02_to_bd09dECseZzw2mis13J_10pyxis_cuda
FN:321,_RINvNtCs3V5rvIypfPY_5pyxis6crypto13wgs84_to_bd09dECseZzw2mis13J_10pyxis_cuda
FN:190,_RINvNtCs3V5rvIypfPY_5pyxis6crypto14gcj02_to_wgs84dECseZzw2mis13J_10pyxis_cuda
FN:289,_RINvNtCs3V5rvIypfPY_5pyxis6crypto14wgs84_to_gcj02dECseZzw2mis13J_10pyxis_cuda
FN:425,_RINvNtCs3V5rvIypfPY_5pyxis6crypto18haversine_distancedECseZzw2mis13J_10pyxis_cuda
FN:113,_RINvNtCs3V5rvIypfPY_5pyxis6crypto5deltadECseZzw2mis13J_10pyxis_cuda
FN:76,_RINvNtCs3V5rvIypfPY_5pyxis6crypto9transformdECseZzw2mis13J_10pyxis_cuda
FN:153,_RINvNtCs2Rb8TvYkNXQ_5pyxis6crypto13bd09_to_gcj02dECsbTFvTAdqMtr_10pyxis_cuda
FN:221,_RINvNtCs2Rb8TvYkNXQ_5pyxis6crypto13bd09_to_wgs84dECsbTFvTAdqMtr_10pyxis_cuda
FN:252,_RINvNtCs2Rb8TvYkNXQ_5pyxis6crypto13gcj02_to_bd09dECsbTFvTAdqMtr_10pyxis_cuda
FN:321,_RINvNtCs2Rb8TvYkNXQ_5pyxis6crypto13wgs84_to_bd09dECsbTFvTAdqMtr_10pyxis_cuda
FN:190,_RINvNtCs2Rb8TvYkNXQ_5pyxis6crypto14gcj02_to_wgs84dECsbTFvTAdqMtr_10pyxis_cuda
FN:289,_RINvNtCs2Rb8TvYkNXQ_5pyxis6crypto14wgs84_to_gcj02dECsbTFvTAdqMtr_10pyxis_cuda
FN:425,_RINvNtCs2Rb8TvYkNXQ_5pyxis6crypto18haversine_distancedECsbTFvTAdqMtr_10pyxis_cuda
FN:113,_RINvNtCs2Rb8TvYkNXQ_5pyxis6crypto5deltadECsbTFvTAdqMtr_10pyxis_cuda
FN:76,_RINvNtCs2Rb8TvYkNXQ_5pyxis6crypto9transformdECsbTFvTAdqMtr_10pyxis_cuda
FN:153,_RINvNtCs56veb4ygb0R_5pyxis6crypto13bd09_to_gcj02dECsbRh8zr4mWo7_10pyxis_cuda
FN:221,_RINvNtCs56veb4ygb0R_5pyxis6crypto13bd09_to_wgs84dECsbRh8zr4mWo7_10pyxis_cuda
FN:252,_RINvNtCs56veb4ygb0R_5pyxis6crypto13gcj02_to_bd09dECsbRh8zr4mWo7_10pyxis_cuda
FN:321,_RINvNtCs56veb4ygb0R_5pyxis6crypto13wgs84_to_bd09dECsbRh8zr4mWo7_10pyxis_cuda
FN:190,_RINvNtCs56veb4ygb0R_5pyxis6crypto14gcj02_to_wgs84dECsbRh8zr4mWo7_10pyxis_cuda
FN:289,_RINvNtCs56veb4ygb0R_5pyxis6crypto14wgs84_to_gcj02dECsbRh8zr4mWo7_10pyxis_cuda
FN:425,_RINvNtCs56veb4ygb0R_5pyxis6crypto18haversine_distancedECsbRh8zr4mWo7_10pyxis_cuda
FN:113,_RINvNtCs56veb4ygb0R_5pyxis6crypto5deltadECsbRh8zr4mWo7_10pyxis_cuda
FN:76,_RINvNtCs56veb4ygb0R_5pyxis6crypto9transformdECsbRh8zr4mWo7_10pyxis_cuda
FN:375,_RINvNtCs56veb4ygb0R_5pyxis6crypto12crypto_exactpppEB4_
FN:153,_RINvNtCs56veb4ygb0R_5pyxis6crypto13bd09_to_gcj02pEB4_
FN:221,_RINvNtCs56veb4ygb0R_5pyxis6crypto13bd09_to_wgs84pEB4_
FN:252,_RINvNtCs56veb4ygb0R_5pyxis6crypto13gcj02_to_bd09pEB4_
FN:321,_RINvNtCs56veb4ygb0R_5pyxis6crypto13wgs84_to_bd09pEB4_
FN:190,_RINvNtCs56veb4ygb0R_5pyxis6crypto14gcj02_to_wgs84pEB4_
FN:289,_RINvNtCs56veb4ygb0R_5pyxis6crypto14wgs84_to_gcj02pEB4_
FN:425,_RINvNtCs56veb4ygb0R_5pyxis6crypto18haversine_distancepEB4_
FN:113,_RINvNtCs56veb4ygb0R_5pyxis6crypto5deltapEB4_
FN:76,_RINvNtCs56veb4ygb0R_5pyxis6crypto9transformpEB4_
FNDA:6,_RINvNtCs3V5rvIypfPY_5pyxis6crypto13bd09_to_gcj02dECseZzw2mis13J_10pyxis_cuda
FNDA:3,_RINvNtCs3V5rvIypfPY_5pyxis6crypto13bd09_to_wgs84dECseZzw2mis13J_10pyxis_cuda
FNDA:900000,_RINvNtCs3V5rvIypfPY_5pyxis6crypto13gcj02_to_bd09dECseZzw2mis13J_10pyxis_cuda
FNDA:900000,_RINvNtCs3V5rvIypfPY_5pyxis6crypto13wgs84_to_bd09dECseZzw2mis13J_10pyxis_cuda
FNDA:6,_RINvNtCs3V5rvIypfPY_5pyxis6crypto14gcj02_to_wgs84dECseZzw2mis13J_10pyxis_cuda
FNDA:1800000,_RINvNtCs3V5rvIypfPY_5pyxis6crypto14wgs84_to_gcj02dECseZzw2mis13J_10pyxis_cuda
FNDA:2700000,_RINvNtCs3V5rvIypfPY_5pyxis6crypto18haversine_distancedECseZzw2mis13J_10pyxis_cuda
FNDA:1800006,_RINvNtCs3V5rvIypfPY_5pyxis6crypto5deltadECseZzw2mis13J_10pyxis_cuda
FNDA:1800006,_RINvNtCs3V5rvIypfPY_5pyxis6crypto9transformdECseZzw2mis13J_10pyxis_cuda
FNDA:0,_RINvNtCs2Rb8TvYkNXQ_5pyxis6crypto13bd09_to_gcj02dECsbTFvTAdqMtr_10pyxis_cuda
FNDA:0,_RINvNtCs2Rb8TvYkNXQ_5pyxis6crypto13bd09_to_wgs84dECsbTFvTAdqMtr_10pyxis_cuda
FNDA:0,_RINvNtCs2Rb8TvYkNXQ_5pyxis6crypto13gcj02_to_bd09dECsbTFvTAdqMtr_10pyxis_cuda
FNDA:0,_RINvNtCs2Rb8TvYkNXQ_5pyxis6crypto13wgs84_to_bd09dECsbTFvTAdqMtr_10pyxis_cuda
FNDA:0,_RINvNtCs2Rb8TvYkNXQ_5pyxis6crypto14gcj02_to_wgs84dECsbTFvTAdqMtr_10pyxis_cuda
FNDA:0,_RINvNtCs2Rb8TvYkNXQ_5pyxis6crypto14wgs84_to_gcj02dECsbTFvTAdqMtr_10pyxis_cuda
FNDA:0,_RINvNtCs2Rb8TvYkNXQ_5pyxis6crypto18haversine_distancedECsbTFvTAdqMtr_10pyxis_cuda
FNDA:0,_RINvNtCs2Rb8TvYkNXQ_5pyxis6crypto5deltadECsbTFvTAdqMtr_10pyxis_cuda
FNDA:0,_RINvNtCs2Rb8TvYkNXQ_5pyxis6crypto9transformdECsbTFvTAdqMtr_10pyxis_cuda
FNDA:4,_RINvNtCs56veb4ygb0R_5pyxis6crypto13bd09_to_gcj02dECsbRh8zr4mWo7_10pyxis_cuda
FNDA:2,_RINvNtCs56veb4ygb0R_5pyxis6crypto13bd09_to_wgs84dECsbRh8zr4mWo7_10pyxis_cuda
FNDA:600000,_RINvNtCs56veb4ygb0R_5pyxis6crypto13gcj02_to_bd09dECsbRh8zr4mWo7_10pyxis_cuda
FNDA:600000,_RINvNtCs56veb4ygb0R_5pyxis6crypto13wgs84_to_bd09dECsbRh8zr4mWo7_10pyxis_cuda
FNDA:4,_RINvNtCs56veb4ygb0R_5pyxis6crypto14gcj02_to_wgs84dECsbRh8zr4mWo7_10pyxis_cuda
FNDA:1200000,_RINvNtCs56veb4ygb0R_5pyxis6crypto14wgs84_to_gcj02dECsbRh8zr4mWo7_10pyxis_cuda
FNDA:1800000,_RINvNtCs56veb4ygb0R_5pyxis6crypto18haversine_distancedECsbRh8zr4mWo7_10pyxis_cuda
FNDA:1200004,_RINvNtCs56veb4ygb0R_5pyxis6crypto5deltadECsbRh8zr4mWo7_10pyxis_cuda
FNDA:1200004,_RINvNtCs56veb4ygb0R_5pyxis6crypto9transformdECsbRh8zr4mWo7_10pyxis_cuda
FNDA:0,_RINvNtCs56veb4ygb0R_5pyxis6crypto12crypto_exactpppEB4_
FNDA:0,_RINvNtCs56veb4ygb0R_5pyxis6crypto13bd09_to_gcj02pEB4_
FNDA:0,_RINvNtCs56veb4ygb0R_5pyxis6crypto13bd09_to_wgs84pEB4_
FNDA:0,_RINvNtCs56veb4ygb0R_5pyxis6crypto13gcj02_to_bd09pEB4_
FNDA:0,_RINvNtCs56veb4ygb0R_5pyxis6crypto13wgs84_to_bd09pEB4_
FNDA:0,_RINvNtCs56veb4ygb0R_5pyxis6crypto14gcj02_to_wgs84pEB4_
FNDA:0,_RINvNtCs56veb4ygb0R_5pyxis6crypto14wgs84_to_gcj02pEB4_
FNDA:0,_RINvNtCs56veb4ygb0R_5pyxis6crypto18haversine_distancepEB4_
FNDA:0,_RINvNtCs56veb4ygb0R_5pyxis6crypto5deltapEB4_
FNDA:0,_RINvNtCs56veb4ygb0R_5pyxis6crypto9transformpEB4_
FNF:10
FNH:9
DA:76,3000010
DA:77,3000010
DA:78,3000010
DA:80,3000010
DA:81,3000010
DA:82,3000010
DA:83,3000010
DA:84,3000010
DA:86,3000010
DA:87,3000010
DA:89,3000010
DA:90,3000010
DA:91,3000010
DA:92,3000010
DA:93,3000010
DA:94,3000010
DA:95,3000010
DA:96,3000010
DA:98,3000010
DA:99,3000010
DA:101,3000010
DA:102,3000010
DA:103,3000010
DA:104,3000010
DA:105,3000010
DA:106,3000010
DA:107,3000010
DA:108,3000010
DA:110,3000010
DA:111,3000010
DA:113,3000010
DA:114,3000010
DA:115,3000010
DA:117,3000010
DA:118,3000010
DA:119,3000010
DA:120,3000010
DA:121,3000010
DA:123,3000010
DA:124,3000010
DA:125,3000010
DA:126,3000010
DA:127,3000010
DA:128,3000010
DA:153,10
DA:154,10
DA:155,10
DA:157,10
DA:158,10
DA:159,10
DA:160,10
DA:161,10
DA:162,10
DA:163,10
DA:164,10
DA:165,10
DA:190,10
DA:191,10
DA:192,10
DA:194,10
DA:195,10
DA:196,10
DA:221,5
DA:222,5
DA:223,5
DA:225,5
DA:226,5
DA:227,5
DA:252,1500000
DA:253,1500000
DA:254,1500000
DA:256,1500000
DA:257,1500000
DA:258,1500000
DA:259,1500000
DA:260,1500000
DA:261,1500000
DA:262,1500000
DA:263,1500000
DA:289,3000000
DA:290,3000000
DA:291,3000000
DA:293,3000000
DA:294,3000000
DA:295,3000000
DA:321,1500000
DA:322,1500000
DA:323,1500000
DA:325,1500000
DA:326,1500000
DA:327,1500000
DA:375,0
DA:376,0
DA:377,0
DA:378,0
DA:379,0
DA:380,0
DA:381,0
DA:382,0
DA:383,0
DA:384,0
DA:385,0
DA:387,0
DA:388,0
DA:389,0
DA:390,0
DA:392,0
DA:393,0
DA:402,0
DA:403,0
DA:404,0
DA:406,0
DA:408,0
DA:410,0
DA:413,0
DA:415,0
DA:417,0
DA:419,0
DA:421,0
DA:422,0
DA:425,4500000
DA:426,4500000
DA:427,4500000
DA:429,4500000
DA:430,4500000
DA:431,4500000
DA:432,4500000
DA:434,4500000
DA:435,4500000
DA:437,4500000
DA:438,4500000
DA:439,4500000
DA:441,4500000
DA:442,4500000
BRF:0
BRH:0
LF:134
LH:105
end_of_record
SF:D:\project\pyxis\rust\crates\pyxis\src\datum_compensate.rs
FN:13,_RNvMNtCs3V5rvIypfPY_5pyxis16datum_compensateINtB2_21DatumCompensateParamsdE3newCseZzw2mis13J_10pyxis_cuda
FN:20,_RNvXs_NtCs3V5rvIypfPY_5pyxis16datum_compensateINtB4_21DatumCompensateParamsdEINtB4_22IDatumCompensateParamsdE2x0CseZzw2mis13J_10pyxis_cuda
FN:21,_RNvXs_NtCs3V5rvIypfPY_5pyxis16datum_compensateINtB4_21DatumCompensateParamsdEINtB4_22IDatumCompensateParamsdE2y0CseZzw2mis13J_10pyxis_cuda
FN:22,_RNvXs_NtCs3V5rvIypfPY_5pyxis16datum_compensateINtB4_21DatumCompensateParamsdEINtB4_22IDatumCompensateParamsdE6factorCseZzw2mis13J_10pyxis_cuda
FN:13,_RNvMNtCs2Rb8TvYkNXQ_5pyxis16datum_compensateINtB2_21DatumCompensateParamsdE3newCsbTFvTAdqMtr_10pyxis_cuda
FN:20,_RNvXs_NtCs2Rb8TvYkNXQ_5pyxis16datum_compensateINtB4_21DatumCompensateParamsdEINtB4_22IDatumCompensateParamsdE2x0CsbTFvTAdqMtr_10pyxis_cuda
FN:21,_RNvXs_NtCs2Rb8TvYkNXQ_5pyxis16datum_compensateINtB4_21DatumCompensateParamsdEINtB4_22IDatumCompensateParamsdE2y0CsbTFvTAdqMtr_10pyxis_cuda
FN:22,_RNvXs_NtCs2Rb8TvYkNXQ_5pyxis16datum_compensateINtB4_21DatumCompensateParamsdEINtB4_22IDatumCompensateParamsdE6factorCsbTFvTAdqMtr_10pyxis_cuda
FN:13,_RNvMNtCs56veb4ygb0R_5pyxis16datum_compensateINtB2_21DatumCompensateParamsdE3newCsbRh8zr4mWo7_10pyxis_cuda
FN:20,_RNvXs_NtCs56veb4ygb0R_5pyxis16datum_compensateINtB4_21DatumCompensateParamsdEINtB4_22IDatumCompensateParamsdE2x0CsbRh8zr4mWo7_10pyxis_cuda
FN:21,_RNvXs_NtCs56veb4ygb0R_5pyxis16datum_compensateINtB4_21DatumCompensateParamsdEINtB4_22IDatumCompensateParamsdE2y0CsbRh8zr4mWo7_10pyxis_cuda
FN:22,_RNvXs_NtCs56veb4ygb0R_5pyxis16datum_compensateINtB4_21DatumCompensateParamsdEINtB4_22IDatumCompensateParamsdE6factorCsbRh8zr4mWo7_10pyxis_cuda
FN:52,_RINvNtCs56veb4ygb0R_5pyxis16datum_compensate16datum_compensateppEB4_
FN:13,_RNvMNtCs56veb4ygb0R_5pyxis16datum_compensateINtB2_21DatumCompensateParamspE3newB4_
FN:20,_RNvXININtCs56veb4ygb0R_5pyxis16datum_compensates_0pEINtB5_21DatumCompensateParamspEINtB5_22IDatumCompensateParamspE2x0B7_
FN:21,_RNvXININtCs56veb4ygb0R_5pyxis16datum_compensates_0pEINtB5_21DatumCompensateParamspEINtB5_22IDatumCompensateParamspE2y0B7_
FN:22,_RNvXININtCs56veb4ygb0R_5pyxis16datum_compensates_0pEINtB5_21DatumCompensateParamspEINtB5_22IDatumCompensateParamspE6factorB7_
FNDA:3,_RNvMNtCs3V5rvIypfPY_5pyxis16datum_compensateINtB2_21DatumCompensateParamsdE3newCseZzw2mis13J_10pyxis_cuda
FNDA:3,_RNvXs_NtCs3V5rvIypfPY_5pyxis16datum_compensateINtB4_21DatumCompensateParamsdEINtB4_22IDatumCompensateParamsdE2x0CseZzw2mis13J_10pyxis_cuda
FNDA:3,_RNvXs_NtCs3V5rvIypfPY_5pyxis16datum_compensateINtB4_21DatumCompensateParamsdEINtB4_22IDatumCompensateParamsdE2y0CseZzw2mis13J_10pyxis_cuda
FNDA:3,_RNvXs_NtCs3V5rvIypfPY_5pyxis16datum_compensateINtB4_21DatumCompensateParamsdEINtB4_22IDatumCompensateParamsdE6factorCseZzw2mis13J_10pyxis_cuda
FNDA:0,_RNvMNtCs2Rb8TvYkNXQ_5pyxis16datum_compensateINtB2_21DatumCompensateParamsdE3newCsbTFvTAdqMtr_10pyxis_cuda
FNDA:0,_RNvXs_NtCs2Rb8TvYkNXQ_5pyxis16datum_compensateINtB4_21DatumCompensateParamsdEINtB4_22IDatumCompensateParamsdE2x0CsbTFvTAdqMtr_10pyxis_cuda
FNDA:0,_RNvXs_NtCs2Rb8TvYkNXQ_5pyxis16datum_compensateINtB4_21DatumCompensateParamsdEINtB4_22IDatumCompensateParamsdE2y0CsbTFvTAdqMtr_10pyxis_cuda
FNDA:0,_RNvXs_NtCs2Rb8TvYkNXQ_5pyxis16datum_compensateINtB4_21DatumCompensateParamsdEINtB4_22IDatumCompensateParamsdE6factorCsbTFvTAdqMtr_10pyxis_cuda
FNDA:10,_RNvMNtCs56veb4ygb0R_5pyxis16datum_compensateINtB2_21DatumCompensateParamsdE3newCsbRh8zr4mWo7_10pyxis_cuda
FNDA:10,_RNvXs_NtCs56veb4ygb0R_5pyxis16datum_compensateINtB4_21DatumCompensateParamsdEINtB4_22IDatumCompensateParamsdE2x0CsbRh8zr4mWo7_10pyxis_cuda
FNDA:10,_RNvXs_NtCs56veb4ygb0R_5pyxis16datum_compensateINtB4_21DatumCompensateParamsdEINtB4_22IDatumCompensateParamsdE2y0CsbRh8zr4mWo7_10pyxis_cuda
FNDA:10,_RNvXs_NtCs56veb4ygb0R_5pyxis16datum_compensateINtB4_21DatumCompensateParamsdEINtB4_22IDatumCompensateParamsdE6factorCsbRh8zr4mWo7_10pyxis_cuda
FNDA:0,_RINvNtCs56veb4ygb0R_5pyxis16datum_compensate16datum_compensateppEB4_
FNDA:0,_RNvMNtCs56veb4ygb0R_5pyxis16datum_compensateINtB2_21DatumCompensateParamspE3newB4_
FNDA:0,_RNvXININtCs56veb4ygb0R_5pyxis16datum_compensates_0pEINtB5_21DatumCompensateParamspEINtB5_22IDatumCompensateParamspE2x0B7_
FNDA:0,_RNvXININtCs56veb4ygb0R_5pyxis16datum_compensates_0pEINtB5_21DatumCompensateParamspEINtB5_22IDatumCompensateParamspE2y0B7_
FNDA:0,_RNvXININtCs56veb4ygb0R_5pyxis16datum_compensates_0pEINtB5_21DatumCompensateParamspEINtB5_22IDatumCompensateParamspE6factorB7_
FNF:5
FNH:4
DA:13,13
DA:14,13
DA:15,13
DA:16,13
DA:17,13
DA:20,13
DA:21,13
DA:22,13
DA:52,0
DA:53,0
DA:54,0
DA:56,0
DA:57,0
DA:58,0
DA:59,0
BRF:0
BRH:0
LF:15
LH:8
end_of_record
SF:D:\project\pyxis\rust\crates\pyxis\src\ellipsoid.rs
FN:175,_RNvMNtCs3V5rvIypfPY_5pyxis9ellipsoidINtB2_9EllipsoiddE13eccentricity2CseZzw2mis13J_10pyxis_cuda
FN:166,_RNvMNtCs3V5rvIypfPY_5pyxis9ellipsoidINtB2_9EllipsoiddE15semi_major_axisCseZzw2mis13J_10pyxis_cuda
FN:81,_RNvMNtCs3V5rvIypfPY_5pyxis9ellipsoidINtB2_9EllipsoiddE24from_semi_major_and_invfB4_
FN:81,_RNvMNtCs3V5rvIypfPY_5pyxis9ellipsoidINtB2_9EllipsoidfE24from_semi_major_and_invfB4_
FN:175,_RNvMNtCs2Rb8TvYkNXQ_5pyxis9ellipsoidINtB2_9EllipsoiddE13eccentricity2CsbTFvTAdqMtr_10pyxis_cuda
FN:166,_RNvMNtCs2Rb8TvYkNXQ_5pyxis9ellipsoidINtB2_9EllipsoiddE15semi_major_axisCsbTFvTAdqMtr_10pyxis_cuda
FN:81,_RNvMNtCs2Rb8TvYkNXQ_5pyxis9ellipsoidINtB2_9EllipsoiddE24from_semi_major_and_invfB4_
FN:81,_RNvMNtCs2Rb8TvYkNXQ_5pyxis9ellipsoidINtB2_9EllipsoidfE24from_semi_major_and_invfB4_
FN:175,_RNvMNtCs56veb4ygb0R_5pyxis9ellipsoidINtB2_9EllipsoiddE13eccentricity2CsbRh8zr4mWo7_10pyxis_cuda
FN:166,_RNvMNtCs56veb4ygb0R_5pyxis9ellipsoidINtB2_9EllipsoiddE15semi_major_axisCsbRh8zr4mWo7_10pyxis_cuda
FN:81,_RNvMNtCs56veb4ygb0R_5pyxis9ellipsoidINtB2_9EllipsoiddE24from_semi_major_and_invfB4_
FN:81,_RNvMNtCs56veb4ygb0R_5pyxis9ellipsoidINtB2_9EllipsoidfE24from_semi_major_and_invfB4_
FN:178,_RNvMNtCs56veb4ygb0R_5pyxis9ellipsoidINtB2_9EllipsoidpE10flatteningB4_
FN:172,_RNvMNtCs56veb4ygb0R_5pyxis9ellipsoidINtB2_9EllipsoidpE12eccentricityB4_
FN:175,_RNvMNtCs56veb4ygb0R_5pyxis9ellipsoidINtB2_9EllipsoidpE13eccentricity2B4_
FN:146,_RNvMNtCs56veb4ygb0R_5pyxis9ellipsoidINtB2_9EllipsoidpE14from_semi_axisB4_
FN:166,_RNvMNtCs56veb4ygb0R_5pyxis9ellipsoidINtB2_9EllipsoidpE15semi_major_axisB4_
FN:169,_RNvMNtCs56veb4ygb0R_5pyxis9ellipsoidINtB2_9EllipsoidpE15semi_minor_axisB4_
FN:181,_RNvMNtCs56veb4ygb0R_5pyxis9ellipsoidINtB2_9EllipsoidpE18inverse_flatteningB4_
FNDA:1800006,_RNvMNtCs3V5rvIypfPY_5pyxis9ellipsoidINtB2_9EllipsoiddE13eccentricity2CseZzw2mis13J_10pyxis_cuda
FNDA:4500006,_RNvMNtCs3V5rvIypfPY_5pyxis9ellipsoidINtB2_9EllipsoiddE15semi_major_axisCseZzw2mis13J_10pyxis_cuda
FNDA:12,_RNvMNtCs3V5rvIypfPY_5pyxis9ellipsoidINtB2_9EllipsoiddE24from_semi_major_and_invfB4_
FNDA:0,_RNvMNtCs3V5rvIypfPY_5pyxis9ellipsoidINtB2_9EllipsoidfE24from_semi_major_and_invfB4_
FNDA:0,_RNvMNtCs2Rb8TvYkNXQ_5pyxis9ellipsoidINtB2_9EllipsoiddE13eccentricity2CsbTFvTAdqMtr_10pyxis_cuda
FNDA:0,_RNvMNtCs2Rb8TvYkNXQ_5pyxis9ellipsoidINtB2_9EllipsoiddE15semi_major_axisCsbTFvTAdqMtr_10pyxis_cuda
FNDA:0,_RNvMNtCs2Rb8TvYkNXQ_5pyxis9ellipsoidINtB2_9EllipsoiddE24from_semi_major_and_invfB4_
FNDA:0,_RNvMNtCs2Rb8TvYkNXQ_5pyxis9ellipsoidINtB2_9EllipsoidfE24from_semi_major_and_invfB4_
FNDA:1200004,_RNvMNtCs56veb4ygb0R_5pyxis9ellipsoidINtB2_9EllipsoiddE13eccentricity2CsbRh8zr4mWo7_10pyxis_cuda
FNDA:3000004,_RNvMNtCs56veb4ygb0R_5pyxis9ellipsoidINtB2_9EllipsoiddE15semi_major_axisCsbRh8zr4mWo7_10pyxis_cuda
FNDA:8,_RNvMNtCs56veb4ygb0R_5pyxis9ellipsoidINtB2_9EllipsoiddE24from_semi_major_and_invfB4_
FNDA:0,_RNvMNtCs56veb4ygb0R_5pyxis9ellipsoidINtB2_9EllipsoidfE24from_semi_major_and_invfB4_
FNDA:0,_RNvMNtCs56veb4ygb0R_5pyxis9ellipsoidINtB2_9EllipsoidpE10flatteningB4_
FNDA:0,_RNvMNtCs56veb4ygb0R_5pyxis9ellipsoidINtB2_9EllipsoidpE12eccentricityB4_
FNDA:0,_RNvMNtCs56veb4ygb0R_5pyxis9ellipsoidINtB2_9EllipsoidpE13eccentricity2B4_
FNDA:0,_RNvMNtCs56veb4ygb0R_5pyxis9ellipsoidINtB2_9EllipsoidpE14from_semi_axisB4_
FNDA:0,_RNvMNtCs56veb4ygb0R_5pyxis9ellipsoidINtB2_9EllipsoidpE15semi_major_axisB4_
FNDA:0,_RNvMNtCs56veb4ygb0R_5pyxis9ellipsoidINtB2_9EllipsoidpE15semi_minor_axisB4_
FNDA:0,_RNvMNtCs56veb4ygb0R_5pyxis9ellipsoidINtB2_9EllipsoidpE18inverse_flatteningB4_
FNF:8
FNH:3
DA:81,20
DA:82,20
DA:83,20
DA:84,20
DA:85,20
DA:87,20
DA:88,20
DA:89,20
DA:90,20
DA:91,20
DA:92,20
DA:93,20
DA:94,20
DA:95,20
DA:146,0
DA:148,0
DA:150,0
DA:152,0
DA:154,0
DA:156,0
DA:157,0
DA:158,0
DA:159,0
DA:160,0
DA:161,0
DA:162,0
DA:163,0
DA:164,0
DA:166,7500010
DA:169,0
DA:172,0
DA:175,3000010
DA:178,0
DA:181,0
BRF:0
BRH:0
LF:34
LH:16
end_of_record
SF:D:\project\pyxis\rust\crates\pyxis\src\linear.rs
FN:31,_RINvNtCs56veb4ygb0R_5pyxis6linear16rotate_matrix_2dpEB4_
FN:61,_RINvNtCs56veb4ygb0R_5pyxis6linear9rotate_2dpEB4_
FNDA:0,_RINvNtCs56veb4ygb0R_5pyxis6linear16rotate_matrix_2dpEB4_
FNDA:0,_RINvNtCs56veb4ygb0R_5pyxis6linear9rotate_2dpEB4_
FNF:2
FNH:0
DA:31,0
DA:32,0
DA:33,0
DA:35,0
DA:36,0
DA:37,0
DA:38,0
DA:39,0
DA:61,0
DA:62,0
DA:63,0
DA:65,0
DA:66,0
DA:67,0
DA:68,0
BRF:0
BRH:0
LF:15
LH:0
end_of_record
SF:D:\project\pyxis\rust\crates\pyxis\src\migrate.rs
FN:36,_RINvNtCs56veb4ygb0R_5pyxis7migrate6abs_2dpEB4_
FN:11,_RINvNtCs56veb4ygb0R_5pyxis7migrate6rel_2dpEB4_
FN:59,_RINvNtCs56veb4ygb0R_5pyxis7migrate9origin_2dpEB4_
FNDA:0,_RINvNtCs56veb4ygb0R_5pyxis7migrate6abs_2dpEB4_
FNDA:0,_RINvNtCs56veb4ygb0R_5pyxis7migrate6rel_2dpEB4_
FNDA:0,_RINvNtCs56veb4ygb0R_5pyxis7migrate9origin_2dpEB4_
FNF:3
FNH:0
DA:11,0
DA:12,0
DA:13,0
DA:14,0
DA:15,0
DA:16,0
DA:17,0
DA:18,0
DA:19,0
DA:21,0
DA:22,0
DA:23,0
DA:24,0
DA:25,0
DA:26,0
DA:27,0
DA:36,0
DA:37,0
DA:38,0
DA:39,0
DA:40,0
DA:41,0
DA:42,0
DA:43,0
DA:44,0
DA:46,0
DA:47,0
DA:48,0
DA:49,0
DA:50,0
DA:59,0
DA:60,0
DA:61,0
DA:63,0
DA:64,0
DA:65,0
DA:66,0
DA:67,0
BRF:0
BRH:0
LF:38
LH:0
end_of_record
SF:D:\project\pyxis\rust\crates\pyxis\src\space.rs
FN:44,_RINvNtCs56veb4ygb0R_5pyxis5space18cartesian_to_polarpEB4_
FN:20,_RINvNtCs56veb4ygb0R_5pyxis5space18polar_to_cartesianpEB4_
FN:101,_RINvNtCs56veb4ygb0R_5pyxis5space22cartesian_to_sphericalpEB4_
FN:191,_RINvNtCs56veb4ygb0R_5pyxis5space22spherical_to_cartesianpEB4_
FN:73,_RINvNtCs56veb4ygb0R_5pyxis5space24cartesian_to_cylindricalpEB4_
FN:132,_RINvNtCs56veb4ygb0R_5pyxis5space24cylindrical_to_cartesianpEB4_
FN:162,_RINvNtCs56veb4ygb0R_5pyxis5space24cylindrical_to_sphericalpEB4_
FN:221,_RINvNtCs56veb4ygb0R_5pyxis5space24spherical_to_cylindricalpEB4_
FNDA:0,_RINvNtCs56veb4ygb0R_5pyxis5space18cartesian_to_polarpEB4_
FNDA:0,_RINvNtCs56veb4ygb0R_5pyxis5space18polar_to_cartesianpEB4_
FNDA:0,_RINvNtCs56veb4ygb0R_5pyxis5space22cartesian_to_sphericalpEB4_
FNDA:0,_RINvNtCs56veb4ygb0R_5pyxis5space22spherical_to_cartesianpEB4_
FNDA:0,_RINvNtCs56veb4ygb0R_5pyxis5space24cartesian_to_cylindricalpEB4_
FNDA:0,_RINvNtCs56veb4ygb0R_5pyxis5space24cylindrical_to_cartesianpEB4_
FNDA:0,_RINvNtCs56veb4ygb0R_5pyxis5space24cylindrical_to_sphericalpEB4_
FNDA:0,_RINvNtCs56veb4ygb0R_5pyxis5space24spherical_to_cylindricalpEB4_
FNF:8
FNH:0
DA:20,0
DA:21,0
DA:22,0
DA:24,0
DA:25,0
DA:44,0
DA:45,0
DA:46,0
DA:48,0
DA:49,0
DA:73,0
DA:74,0
DA:75,0
DA:77,0
DA:78,0
DA:101,0
DA:102,0
DA:103,0
DA:105,0
DA:106,0
DA:107,0
DA:132,0
DA:133,0
DA:134,0
DA:136,0
DA:137,0
DA:162,0
DA:163,0
DA:164,0
DA:166,0
DA:167,0
DA:191,0
DA:192,0
DA:193,0
DA:195,0
DA:196,0
DA:221,0
DA:222,0
DA:223,0
DA:225,0
DA:226,0
BRF:0
BRH:0
LF:41
LH:0
end_of_record
SF:D:\project\pyxis\rust\crates\pyxis\src\types.rs
FN:48,_RNvXs0_NtCs3V5rvIypfPY_5pyxis5typesfINtB5_14ConstEllipsoidfE13krasovsky1940
FN:49,_RNvXs0_NtCs3V5rvIypfPY_5pyxis5typesfINtB5_14ConstEllipsoidfE5wgs84
FN:47,_RNvXs0_NtCs3V5rvIypfPY_5pyxis5typesfINtB5_14ConstEllipsoidfE7grs1980
FN:46,_RNvXs0_NtCs3V5rvIypfPY_5pyxis5typesfINtB5_14ConstEllipsoidfE7iag1975
FN:45,_RNvXs0_NtCs3V5rvIypfPY_5pyxis5typesfINtB5_14ConstEllipsoidfE8cgcs2000
FN:64,_RNvXs1_NtCs3V5rvIypfPY_5pyxis5typesdINtB5_14ConstEllipsoiddE13krasovsky1940
FN:65,_RNvXs1_NtCs3V5rvIypfPY_5pyxis5typesdINtB5_14ConstEllipsoiddE5wgs84
FN:63,_RNvXs1_NtCs3V5rvIypfPY_5pyxis5typesdINtB5_14ConstEllipsoiddE7grs1980
FN:62,_RNvXs1_NtCs3V5rvIypfPY_5pyxis5typesdINtB5_14ConstEllipsoiddE7iag1975
FN:61,_RNvXs1_NtCs3V5rvIypfPY_5pyxis5typesdINtB5_14ConstEllipsoiddE8cgcs2000
FN:37,_RNCNvNtCs3V5rvIypfPY_5pyxis5types11GRS1980_F320B5_
FN:53,_RNCNvNtCs3V5rvIypfPY_5pyxis5types11GRS1980_F640B5_
FN:39,_RNCNvNtCs3V5rvIypfPY_5pyxis5types11IAG1975_F320B5_
FN:55,_RNCNvNtCs3V5rvIypfPY_5pyxis5types11IAG1975_F640B5_
FN:41,_RNCNvNtCs3V5rvIypfPY_5pyxis5types17KRASOVSKY1940_F320B5_
FN:57,_RNCNvNtCs3V5rvIypfPY_5pyxis5types17KRASOVSKY1940_F640B5_
FN:43,_RNCNvNtCs3V5rvIypfPY_5pyxis5types9WGS84_F320B5_
FN:59,_RNCNvNtCs3V5rvIypfPY_5pyxis5types9WGS84_F640B5_
FN:48,_RNvXs0_NtCs2Rb8TvYkNXQ_5pyxis5typesfINtB5_14ConstEllipsoidfE13krasovsky1940
FN:49,_RNvXs0_NtCs2Rb8TvYkNXQ_5pyxis5typesfINtB5_14ConstEllipsoidfE5wgs84
FN:47,_RNvXs0_NtCs2Rb8TvYkNXQ_5pyxis5typesfINtB5_14ConstEllipsoidfE7grs1980
FN:46,_RNvXs0_NtCs2Rb8TvYkNXQ_5pyxis5typesfINtB5_14ConstEllipsoidfE7iag1975
FN:45,_RNvXs0_NtCs2Rb8TvYkNXQ_5pyxis5typesfINtB5_14ConstEllipsoidfE8cgcs2000
FN:64,_RNvXs1_NtCs2Rb8TvYkNXQ_5pyxis5typesdINtB5_14ConstEllipsoiddE13krasovsky1940
FN:65,_RNvXs1_NtCs2Rb8TvYkNXQ_5pyxis5typesdINtB5_14ConstEllipsoiddE5wgs84
FN:63,_RNvXs1_NtCs2Rb8TvYkNXQ_5pyxis5typesdINtB5_14ConstEllipsoiddE7grs1980
FN:62,_RNvXs1_NtCs2Rb8TvYkNXQ_5pyxis5typesdINtB5_14ConstEllipsoiddE7iag1975
FN:61,_RNvXs1_NtCs2Rb8TvYkNXQ_5pyxis5typesdINtB5_14ConstEllipsoiddE8cgcs2000
FN:37,_RNCNvNtCs2Rb8TvYkNXQ_5pyxis5types11GRS1980_F320B5_
FN:53,_RNCNvNtCs2Rb8TvYkNXQ_5pyxis5types11GRS1980_F640B5_
FN:39,_RNCNvNtCs2Rb8TvYkNXQ_5pyxis5types11IAG1975_F320B5_
FN:55,_RNCNvNtCs2Rb8TvYkNXQ_5pyxis5types11IAG1975_F640B5_
FN:41,_RNCNvNtCs2Rb8TvYkNXQ_5pyxis5types17KRASOVSKY1940_F320B5_
FN:57,_RNCNvNtCs2Rb8TvYkNXQ_5pyxis5types17KRASOVSKY1940_F640B5_
FN:43,_RNCNvNtCs2Rb8TvYkNXQ_5pyxis5types9WGS84_F320B5_
FN:59,_RNCNvNtCs2Rb8TvYkNXQ_5pyxis5types9WGS84_F640B5_
FN:48,_RNvXs0_NtCs56veb4ygb0R_5pyxis5typesfINtB5_14ConstEllipsoidfE13krasovsky1940
FN:49,_RNvXs0_NtCs56veb4ygb0R_5pyxis5typesfINtB5_14ConstEllipsoidfE5wgs84
FN:47,_RNvXs0_NtCs56veb4ygb0R_5pyxis5typesfINtB5_14ConstEllipsoidfE7grs1980
FN:46,_RNvXs0_NtCs56veb4ygb0R_5pyxis5typesfINtB5_14ConstEllipsoidfE7iag1975
FN:45,_RNvXs0_NtCs56veb4ygb0R_5pyxis5typesfINtB5_14ConstEllipsoidfE8cgcs2000
FN:64,_RNvXs1_NtCs56veb4ygb0R_5pyxis5typesdINtB5_14ConstEllipsoiddE13krasovsky1940
FN:65,_RNvXs1_NtCs56veb4ygb0R_5pyxis5typesdINtB5_14ConstEllipsoiddE5wgs84
FN:63,_RNvXs1_NtCs56veb4ygb0R_5pyxis5typesdINtB5_14ConstEllipsoiddE7grs1980
FN:62,_RNvXs1_NtCs56veb4ygb0R_5pyxis5typesdINtB5_14ConstEllipsoiddE7iag1975
FN:61,_RNvXs1_NtCs56veb4ygb0R_5pyxis5typesdINtB5_14ConstEllipsoiddE8cgcs2000
FN:37,_RNCNvNtCs56veb4ygb0R_5pyxis5types11GRS1980_F320B5_
FN:53,_RNCNvNtCs56veb4ygb0R_5pyxis5types11GRS1980_F640B5_
FN:39,_RNCNvNtCs56veb4ygb0R_5pyxis5types11IAG1975_F320B5_
FN:55,_RNCNvNtCs56veb4ygb0R_5pyxis5types11IAG1975_F640B5_
FN:41,_RNCNvNtCs56veb4ygb0R_5pyxis5types17KRASOVSKY1940_F320B5_
FN:57,_RNCNvNtCs56veb4ygb0R_5pyxis5types17KRASOVSKY1940_F640B5_
FN:43,_RNCNvNtCs56veb4ygb0R_5pyxis5types9WGS84_F320B5_
FN:59,_RNCNvNtCs56veb4ygb0R_5pyxis5types9WGS84_F640B5_
FNDA:0,_RNvXs0_NtCs3V5rvIypfPY_5pyxis5typesfINtB5_14ConstEllipsoidfE13krasovsky1940
FNDA:0,_RNvXs0_NtCs3V5rvIypfPY_5pyxis5typesfINtB5_14ConstEllipsoidfE5wgs84
FNDA:0,_RNvXs0_NtCs3V5rvIypfPY_5pyxis5typesfINtB5_14ConstEllipsoidfE7grs1980
FNDA:0,_RNvXs0_NtCs3V5rvIypfPY_5pyxis5typesfINtB5_14ConstEllipsoidfE7iag1975
FNDA:0,_RNvXs0_NtCs3V5rvIypfPY_5pyxis5typesfINtB5_14ConstEllipsoidfE8cgcs2000
FNDA:3600012,_RNvXs1_NtCs3V5rvIypfPY_5pyxis5typesdINtB5_14ConstEllipsoiddE13krasovsky1940
FNDA:2700000,_RNvXs1_NtCs3V5rvIypfPY_5pyxis5typesdINtB5_14ConstEllipsoiddE5wgs84
FNDA:0,_RNvXs1_NtCs3V5rvIypfPY_5pyxis5typesdINtB5_14ConstEllipsoiddE7grs1980
FNDA:0,_RNvXs1_NtCs3V5rvIypfPY_5pyxis5typesdINtB5_14ConstEllipsoiddE7iag1975
FNDA:0,_RNvXs1_NtCs3V5rvIypfPY_5pyxis5typesdINtB5_14ConstEllipsoiddE8cgcs2000
FNDA:0,_RNCNvNtCs3V5rvIypfPY_5pyxis5types11GRS1980_F320B5_
FNDA:0,_RNCNvNtCs3V5rvIypfPY_5pyxis5types11GRS1980_F640B5_
FNDA:0,_RNCNvNtCs3V5rvIypfPY_5pyxis5types11IAG1975_F320B5_
FNDA:0,_RNCNvNtCs3V5rvIypfPY_5pyxis5types11IAG1975_F640B5_
FNDA:0,_RNCNvNtCs3V5rvIypfPY_5pyxis5types17KRASOVSKY1940_F320B5_
FNDA:9,_RNCNvNtCs3V5rvIypfPY_5pyxis5types17KRASOVSKY1940_F640B5_
FNDA:0,_RNCNvNtCs3V5rvIypfPY_5pyxis5types9WGS84_F320B5_
FNDA:3,_RNCNvNtCs3V5rvIypfPY_5pyxis5types9WGS84_F640B5_
FNDA:0,_RNvXs0_NtCs2Rb8TvYkNXQ_5pyxis5typesfINtB5_14ConstEllipsoidfE13krasovsky1940
FNDA:0,_RNvXs0_NtCs2Rb8TvYkNXQ_5pyxis5typesfINtB5_14ConstEllipsoidfE5wgs84
FNDA:0,_RNvXs0_NtCs2Rb8TvYkNXQ_5pyxis5typesfINtB5_14ConstEllipsoidfE7grs1980
FNDA:0,_RNvXs0_NtCs2Rb8TvYkNXQ_5pyxis5typesfINtB5_14ConstEllipsoidfE7iag1975
FNDA:0,_RNvXs0_NtCs2Rb8TvYkNXQ_5pyxis5typesfINtB5_14ConstEllipsoidfE8cgcs2000
FNDA:0,_RNvXs1_NtCs2Rb8TvYkNXQ_5pyxis5typesdINtB5_14ConstEllipsoiddE13krasovsky1940
FNDA:0,_RNvXs1_NtCs2Rb8TvYkNXQ_5pyxis5typesdINtB5_14ConstEllipsoiddE5wgs84
FNDA:0,_RNvXs1_NtCs2Rb8TvYkNXQ_5pyxis5typesdINtB5_14ConstEllipsoiddE7grs1980
FNDA:0,_RNvXs1_NtCs2Rb8TvYkNXQ_5pyxis5typesdINtB5_14ConstEllipsoiddE7iag1975
FNDA:0,_RNvXs1_NtCs2Rb8TvYkNXQ_5pyxis5typesdINtB5_14ConstEllipsoiddE8cgcs2000
FNDA:0,_RNCNvNtCs2Rb8TvYkNXQ_5pyxis5types11GRS1980_F320B5_
FNDA:0,_RNCNvNtCs2Rb8TvYkNXQ_5pyxis5types11GRS1980_F640B5_
FNDA:0,_RNCNvNtCs2Rb8TvYkNXQ_5pyxis5types11IAG1975_F320B5_
FNDA:0,_RNCNvNtCs2Rb8TvYkNXQ_5pyxis5types11IAG1975_F640B5_
FNDA:0,_RNCNvNtCs2Rb8TvYkNXQ_5pyxis5types17KRASOVSKY1940_F320B5_
FNDA:0,_RNCNvNtCs2Rb8TvYkNXQ_5pyxis5types17KRASOVSKY1940_F640B5_
FNDA:0,_RNCNvNtCs2Rb8TvYkNXQ_5pyxis5types9WGS84_F320B5_
FNDA:0,_RNCNvNtCs2Rb8TvYkNXQ_5pyxis5types9WGS84_F640B5_
FNDA:0,_RNvXs0_NtCs56veb4ygb0R_5pyxis5typesfINtB5_14ConstEllipsoidfE13krasovsky1940
FNDA:0,_RNvXs0_NtCs56veb4ygb0R_5pyxis5typesfINtB5_14ConstEllipsoidfE5wgs84
FNDA:0,_RNvXs0_NtCs56veb4ygb0R_5pyxis5typesfINtB5_14ConstEllipsoidfE7grs1980
FNDA:0,_RNvXs0_NtCs56veb4ygb0R_5pyxis5typesfINtB5_14ConstEllipsoidfE7iag1975
FNDA:0,_RNvXs0_NtCs56veb4ygb0R_5pyxis5typesfINtB5_14ConstEllipsoidfE8cgcs2000
FNDA:2400008,_RNvXs1_NtCs56veb4ygb0R_5pyxis5typesdINtB5_14ConstEllipsoiddE13krasovsky1940
FNDA:1800000,_RNvXs1_NtCs56veb4ygb0R_5pyxis5typesdINtB5_14ConstEllipsoiddE5wgs84
FNDA:0,_RNvXs1_NtCs56veb4ygb0R_5pyxis5typesdINtB5_14ConstEllipsoiddE7grs1980
FNDA:0,_RNvXs1_NtCs56veb4ygb0R_5pyxis5typesdINtB5_14ConstEllipsoiddE7iag1975
FNDA:0,_RNvXs1_NtCs56veb4ygb0R_5pyxis5typesdINtB5_14ConstEllipsoiddE8cgcs2000
FNDA:0,_RNCNvNtCs56veb4ygb0R_5pyxis5types11GRS1980_F320B5_
FNDA:0,_RNCNvNtCs56veb4ygb0R_5pyxis5types11GRS1980_F640B5_
FNDA:0,_RNCNvNtCs56veb4ygb0R_5pyxis5types11IAG1975_F320B5_
FNDA:0,_RNCNvNtCs56veb4ygb0R_5pyxis5types11IAG1975_F640B5_
FNDA:0,_RNCNvNtCs56veb4ygb0R_5pyxis5types17KRASOVSKY1940_F320B5_
FNDA:6,_RNCNvNtCs56veb4ygb0R_5pyxis5types17KRASOVSKY1940_F640B5_
FNDA:0,_RNCNvNtCs56veb4ygb0R_5pyxis5types9WGS84_F320B5_
FNDA:2,_RNCNvNtCs56veb4ygb0R_5pyxis5types9WGS84_F640B5_
FNF:18
FNH:4
DA:37,0
DA:39,0
DA:41,0
DA:43,0
DA:45,0
DA:46,0
DA:47,0
DA:48,0
DA:49,0
DA:53,0
DA:55,0
DA:57,15
DA:59,5
DA:61,0
DA:62,0
DA:63,0
DA:64,6000020
DA:65,4500000
BRF:0
BRH:0
LF:18
LH:4
end_of_record