SF:D:\project\pyxis\rust-cuda\src\context.rs
FN:128,_RNvMs0_NtCseZzw2mis13J_10pyxis_cuda7contextNtB5_16PyxisCudaContext14set_block_size
FN:47,_RNvMs_NtCseZzw2mis13J_10pyxis_cuda7contextNtB4_16PyxisCudaContext14set_size_limit
FN:53,_RNvMs_NtCseZzw2mis13J_10pyxis_cuda7contextNtB4_16PyxisCudaContext15set_count_limit
FN:153,_RINvMs1_NtCseZzw2mis13J_10pyxis_cuda7contextNtB6_16PyxisCudaContext12get_functiondEB8_
FN:29,_RNvMNtCseZzw2mis13J_10pyxis_cuda7contextNtB2_16PyxisCudaContext3new
FN:138,_RNvMs0_NtCseZzw2mis13J_10pyxis_cuda7contextNtB5_16PyxisCudaContext14get_grid_block
FN:166,_RNvMs1_NtCseZzw2mis13J_10pyxis_cuda7contextNtB5_16PyxisCudaContext24device_buffer_from_slice
FN:77,_RNvMs_NtCseZzw2mis13J_10pyxis_cuda7contextNtB4_16PyxisCudaContext10add_module
FN:59,_RNvMs_NtCseZzw2mis13J_10pyxis_cuda7contextNtB4_16PyxisCudaContext10get_module
FN:115,_RNvMs_NtCseZzw2mis13J_10pyxis_cuda7contextNtB4_16PyxisCudaContext18remove_last_module
FN:153,_RINvMs1_NtCsbTFvTAdqMtr_10pyxis_cuda7contextNtB6_16PyxisCudaContext12get_functiondEB8_
FN:29,_RNvMNtCsbTFvTAdqMtr_10pyxis_cuda7contextNtB2_16PyxisCudaContext3new
FN:138,_RNvMs0_NtCsbTFvTAdqMtr_10pyxis_cuda7contextNtB5_16PyxisCudaContext14get_grid_block
FN:166,_RNvMs1_NtCsbTFvTAdqMtr_10pyxis_cuda7contextNtB5_16PyxisCudaContext24device_buffer_from_slice
FN:77,_RNvMs_NtCsbTFvTAdqMtr_10pyxis_cuda7contextNtB4_16PyxisCudaContext10add_module
FN:59,_RNvMs_NtCsbTFvTAdqMtr_10pyxis_cuda7contextNtB4_16PyxisCudaContext10get_module
FN:115,_RNvMs_NtCsbTFvTAdqMtr_10pyxis_cuda7contextNtB4_16PyxisCudaContext18remove_last_module
FN:128,_RNvMs0_NtCsbTFvTAdqMtr_10pyxis_cuda7contextNtB5_16PyxisCudaContext14set_block_size
FN:47,_RNvMs_NtCsbTFvTAdqMtr_10pyxis_cuda7contextNtB4_16PyxisCudaContext14set_size_limit
FN:53,_RNvMs_NtCsbTFvTAdqMtr_10pyxis_cuda7contextNtB4_16PyxisCudaContext15set_count_limit
FN:29,_RNvMNtCsbRh8zr4mWo7_10pyxis_cuda7contextNtB2_16PyxisCudaContext3new
FN:138,_RNvMs0_NtCsbRh8zr4mWo7_10pyxis_cuda7contextNtB5_16PyxisCudaContext14get_grid_block
FN:166,_RNvMs1_NtCsbRh8zr4mWo7_10pyxis_cuda7contextNtB5_16PyxisCudaContext24device_buffer_from_slice
FN:77,_RNvMs_NtCsbRh8zr4mWo7_10pyxis_cuda7contextNtB4_16PyxisCudaContext10add_module
FN:59,_RNvMs_NtCsbRh8zr4mWo7_10pyxis_cuda7contextNtB4_16PyxisCudaContext10get_module
FN:115,_RNvMs_NtCsbRh8zr4mWo7_10pyxis_cuda7contextNtB4_16PyxisCudaContext18remove_last_module
FN:153,_RINvMs1_NtCsbRh8zr4mWo7_10pyxis_cuda7contextNtB6_16PyxisCudaContext12get_functiondEB8_
FN:128,_RNvMs0_NtCsbRh8zr4mWo7_10pyxis_cuda7contextNtB5_16PyxisCudaContext14set_block_size
FN:47,_RNvMs_NtCsbRh8zr4mWo7_10pyxis_cuda7contextNtB4_16PyxisCudaContext14set_size_limit
FN:53,_RNvMs_NtCsbRh8zr4mWo7_10pyxis_cuda7contextNtB4_16PyxisCudaContext15set_count_limit
FNDA:0,_RNvMs0_NtCseZzw2mis13J_10pyxis_cuda7contextNtB5_16PyxisCudaContext14set_block_size
FNDA:0,_RNvMs_NtCseZzw2mis13J_10pyxis_cuda7contextNtB4_16PyxisCudaContext14set_size_limit
FNDA:0,_RNvMs_NtCseZzw2mis13J_10pyxis_cuda7contextNtB4_16PyxisCudaContext15set_count_limit
FNDA:26,_RINvMs1_NtCseZzw2mis13J_10pyxis_cuda7contextNtB6_16PyxisCudaContext12get_functiondEB8_
FNDA:22,_RNvMNtCseZzw2mis13J_10pyxis_cuda7contextNtB2_16PyxisCudaContext3new
FNDA:26,_RNvMs0_NtCseZzw2mis13J_10pyxis_cuda7contextNtB5_16PyxisCudaContext14get_grid_block
FNDA:52,_RNvMs1_NtCseZzw2mis13J_10pyxis_cuda7contextNtB5_16PyxisCudaContext24device_buffer_from_slice
FNDA:22,_RNvMs_NtCseZzw2mis13J_10pyxis_cuda7contextNtB4_16PyxisCudaContext10add_module
FNDA:26,_RNvMs_NtCseZzw2mis13J_10pyxis_cuda7contextNtB4_16PyxisCudaContext10get_module
FNDA:0,_RNvMs_NtCseZzw2mis13J_10pyxis_cuda7contextNtB4_16PyxisCudaContext18remove_last_module
FNDA:0,_RINvMs1_NtCsbTFvTAdqMtr_10pyxis_cuda7contextNtB6_16PyxisCudaContext12get_functiondEB8_
FNDA:0,_RNvMNtCsbTFvTAdqMtr_10pyxis_cuda7contextNtB2_16PyxisCudaContext3new
FNDA:0,_RNvMs0_NtCsbTFvTAdqMtr_10pyxis_cuda7contextNtB5_16PyxisCudaContext14get_grid_block
FNDA:0,_RNvMs1_NtCsbTFvTAdqMtr_10pyxis_cuda7contextNtB5_16PyxisCudaContext24device_buffer_from_slice
FNDA:0,_RNvMs_NtCsbTFvTAdqMtr_10pyxis_cuda7contextNtB4_16PyxisCudaContext10add_module
FNDA:0,_RNvMs_NtCsbTFvTAdqMtr_10pyxis_cuda7contextNtB4_16PyxisCudaContext10get_module
FNDA:0,_RNvMs_NtCsbTFvTAdqMtr_10pyxis_cuda7contextNtB4_16PyxisCudaContext18remove_last_module
FNDA:0,_RNvMs0_NtCsbTFvTAdqMtr_10pyxis_cuda7contextNtB5_16PyxisCudaContext14set_block_size
FNDA:0,_RNvMs_NtCsbTFvTAdqMtr_10pyxis_cuda7contextNtB4_16PyxisCudaContext14set_size_limit
FNDA:0,_RNvMs_NtCsbTFvTAdqMtr_10pyxis_cuda7contextNtB4_16PyxisCudaContext15set_count_limit
FNDA:30,_RNvMNtCsbRh8zr4mWo7_10pyxis_cuda7contextNtB2_16PyxisCudaContext3new
FNDA:34,_RNvMs0_NtCsbRh8zr4mWo7_10pyxis_cuda7contextNtB5_16PyxisCudaContext14get_grid_block
FNDA:68,_RNvMs1_NtCsbRh8zr4mWo7_10pyxis_cuda7contextNtB5_16PyxisCudaContext24device_buffer_from_slice
FNDA:30,_RNvMs_NtCsbRh8zr4mWo7_10pyxis_cuda7contextNtB4_16PyxisCudaContext10add_module
FNDA:34,_RNvMs_NtCsbRh8zr4mWo7_10pyxis_cuda7contextNtB4_16PyxisCudaContext10get_module
FNDA:0,_RNvMs_NtCsbRh8zr4mWo7_10pyxis_cuda7contextNtB4_16PyxisCudaContext18remove_last_module
FNDA:34,_RINvMs1_NtCsbRh8zr4mWo7_10pyxis_cuda7contextNtB6_16PyxisCudaContext12get_functiondEB8_
FNDA:0,_RNvMs0_NtCsbRh8zr4mWo7_10pyxis_cuda7contextNtB5_16PyxisCudaContext14set_block_size
FNDA:0,_RNvMs_NtCsbRh8zr4mWo7_10pyxis_cuda7contextNtB4_16PyxisCudaContext14set_size_limit
FNDA:0,_RNvMs_NtCsbRh8zr4mWo7_10pyxis_cuda7contextNtB4_16PyxisCudaContext15set_count_limit
FNF:10
FNH:6
DA:29,52
DA:30,22
DA:31,52
DA:32,52
DA:33,52
DA:34,52
DA:35,52
DA:36,52
DA:37,52
DA:38,52
DA:39,52
DA:40,52
DA:41,52
DA:42,52
DA:47,0
DA:48,0
DA:49,0
DA:50,0
DA:51,0
DA:53,0
DA:54,0
DA:55,0
DA:56,0
DA:57,0
DA:59,60
DA:61,26
DA:62,60
DA:63,52
DA:64,52
DA:65,52
DA:68,60
DA:69,60
DA:70,60
DA:71,60
DA:72,60
DA:73,60
DA:74,60
DA:75,60
DA:76,60
DA:77,52
DA:79,22
DA:87,52
DA:88,0
DA:89,0
DA:90,0
DA:91,0
DA:92,52
DA:94,52
DA:95,52
DA:96,0
DA:97,0
DA:98,0
DA:99,0
DA:100,0
DA:101,0
DA:102,0
DA:103,0
DA:105,52
DA:106,52
DA:107,52
DA:108,52
DA:109,52
DA:110,52
DA:111,52
DA:112,52
DA:113,52
DA:114,52
DA:115,0
DA:116,0
DA:117,0
DA:118,0
DA:119,0
DA:120,0
DA:121,0
DA:122,0
DA:123,0
DA:128,0
DA:129,0
DA:130,0
DA:131,0
DA:132,0
DA:138,60
DA:139,60
DA:140,60
DA:141,60
DA:142,26
DA:148,60
DA:149,60
DA:153,60
DA:154,60
DA:155,60
DA:156,60
DA:157,60
DA:160,60
DA:161,60
DA:162,60
DA:163,0
DA:165,60
DA:166,120
DA:167,120
DA:168,120
BRDA:62,0,0,22
BRDA:62,0,1,4
BRDA:62,1,2,-
BRDA:62,1,3,-
BRDA:62,2,4,30
BRDA:62,2,5,4
BRDA:87,0,0,0
BRDA:87,0,1,22
BRDA:87,1,2,-
BRDA:87,1,3,-
BRDA:87,2,4,0
BRDA:87,2,5,30
BRDA:88,0,0,-
BRDA:88,0,1,-
BRDA:88,1,2,-
BRDA:88,1,3,-
BRDA:88,2,4,-
BRDA:88,2,5,-
BRDA:94,0,0,22
BRDA:94,0,1,0
BRDA:94,1,2,-
BRDA:94,1,3,-
BRDA:94,2,4,30
BRDA:94,2,5,0
BRDA:95,0,0,0
BRDA:95,0,1,22
BRDA:95,1,2,-
BRDA:95,1,3,-
BRDA:95,2,4,0
BRDA:95,2,5,30
BRDA:116,0,0,-
BRDA:116,0,1,-
BRDA:116,1,2,-
BRDA:116,1,3,-
BRDA:116,2,4,-
BRDA:116,2,5,-
BRDA:117,0,0,-
BRDA:117,0,1,-
BRDA:117,1,2,-
BRDA:117,1,3,-
BRDA:117,2,4,-
BRDA:117,2,5,-
BRDA:161,0,0,0
BRDA:161,0,1,26
BRDA:161,1,2,-
BRDA:161,1,3,-
BRDA:161,2,4,0
BRDA:161,2,5,34
BRDA:162,0,0,26
BRDA:162,0,1,0
BRDA:162,1,2,-
BRDA:162,1,3,-
BRDA:162,2,4,34
BRDA:162,2,5,0
BRF:18
BRH:7
LF:101
LH:64
end_of_record
SF:D:\project\pyxis\rust-cuda\src\crypto_cuda.rs
FN:408,_RNCNvNtNtCseZzw2mis13J_10pyxis_cuda11crypto_cuda4tests_15test_exact_cuda0B7_
FN:416,_RNCNvNtNtCseZzw2mis13J_10pyxis_cuda11crypto_cuda4tests_15test_exact_cudas0_0B7_
FN:421,_RNCNvNtNtCseZzw2mis13J_10pyxis_cuda11crypto_cuda4tests_15test_exact_cudas1_0B7_
FN:426,_RNCNvNtNtCseZzw2mis13J_10pyxis_cuda11crypto_cuda4tests_15test_exact_cudas2_0B7_
FN:431,_RNCNvNtNtCseZzw2mis13J_10pyxis_cuda11crypto_cuda4tests_15test_exact_cudas3_0B7_
FN:458,_RNCNvNtNtCseZzw2mis13J_10pyxis_cuda11crypto_cuda4tests_15test_exact_cudas4_0B7_
FN:495,_RNCNvNtNtCseZzw2mis13J_10pyxis_cuda11crypto_cuda4tests_15test_exact_cudas5_0B7_
FN:532,_RNCNvNtNtCseZzw2mis13J_10pyxis_cuda11crypto_cuda4tests_15test_exact_cudas6_0B7_
FN:411,_RNCNvNtNtCseZzw2mis13J_10pyxis_cuda11crypto_cuda4tests_15test_exact_cudas_0B7_
FN:164,_RINvMNtCseZzw2mis13J_10pyxis_cuda11crypto_cudaNtNtB5_7context16PyxisCudaContext17crypto_exact_cudadEB5_
FN:15,_RINvMNtCseZzw2mis13J_10pyxis_cuda11crypto_cudaNtNtB5_7context16PyxisCudaContext18bd09_to_gcj02_cudadEB5_
FN:139,_RINvMNtCseZzw2mis13J_10pyxis_cuda11crypto_cudaNtNtB5_7context16PyxisCudaContext18bd09_to_wgs84_cudadEB5_
FN:39,_RINvMNtCseZzw2mis13J_10pyxis_cuda11crypto_cudaNtNtB5_7context16PyxisCudaContext18gcj02_to_bd09_cudadEB5_
FN:114,_RINvMNtCseZzw2mis13J_10pyxis_cuda11crypto_cudaNtNtB5_7context16PyxisCudaContext18wgs84_to_bd09_cudadEB5_
FN:64,_RINvMNtCseZzw2mis13J_10pyxis_cuda11crypto_cudaNtNtB5_7context16PyxisCudaContext19gcj02_to_wgs84_cudadEB5_
FN:89,_RINvMNtCseZzw2mis13J_10pyxis_cuda11crypto_cudaNtNtB5_7context16PyxisCudaContext19wgs84_to_gcj02_cudadEB5_
FN:403,_RNvNtNtCseZzw2mis13J_10pyxis_cuda11crypto_cuda4tests_15test_exact_cuda
FN:221,_RNvNtNtCseZzw2mis13J_10pyxis_cuda11crypto_cuda4tests_23test_bd09_to_gcj02_cuda
FN:307,_RNvNtNtCseZzw2mis13J_10pyxis_cuda11crypto_cuda4tests_23test_bd09_to_wgs84_cuda
FN:239,_RNvNtNtCseZzw2mis13J_10pyxis_cuda11crypto_cuda4tests_23test_gcj02_to_bd09_cuda
FN:291,_RNvNtNtCseZzw2mis13J_10pyxis_cuda11crypto_cuda4tests_23test_wgs84_to_bd09_cuda
FN:256,_RNvNtNtCseZzw2mis13J_10pyxis_cuda11crypto_cuda4tests_24test_gcj02_to_wgs84_cuda
FN:274,_RNvNtNtCseZzw2mis13J_10pyxis_cuda11crypto_cuda4tests_24test_wgs84_to_gcj02_cuda
FN:351,_RNvNtNtCseZzw2mis13J_10pyxis_cuda11crypto_cuda4tests_29test_bd09_to_gcj02_exact_cuda
FN:325,_RNvNtNtCseZzw2mis13J_10pyxis_cuda11crypto_cuda4tests_29test_bd09_to_wgs84_exact_cuda
FN:377,_RNvNtNtCseZzw2mis13J_10pyxis_cuda11crypto_cuda4tests_30test_gcj02_to_wgs84_exact_cuda
FN:403,_RNvNtNtCsbTFvTAdqMtr_10pyxis_cuda11crypto_cuda4tests_15test_exact_cuda
FN:221,_RNvNtNtCsbTFvTAdqMtr_10pyxis_cuda11crypto_cuda4tests_23test_bd09_to_gcj02_cuda
FN:307,_RNvNtNtCsbTFvTAdqMtr_10pyxis_cuda11crypto_cuda4tests_23test_bd09_to_wgs84_cuda
FN:239,_RNvNtNtCsbTFvTAdqMtr_10pyxis_cuda11crypto_cuda4tests_23test_gcj02_to_bd09_cuda
FN:291,_RNvNtNtCsbTFvTAdqMtr_10pyxis_cuda11crypto_cuda4tests_23test_wgs84_to_bd09_cuda
FN:256,_RNvNtNtCsbTFvTAdqMtr_10pyxis_cuda11crypto_cuda4tests_24test_gcj02_to_wgs84_cuda
FN:274,_RNvNtNtCsbTFvTAdqMtr_10pyxis_cuda11crypto_cuda4tests_24test_wgs84_to_gcj02_cuda
FN:351,_RNvNtNtCsbTFvTAdqMtr_10pyxis_cuda11crypto_cuda4tests_29test_bd09_to_gcj02_exact_cuda
FN:325,_RNvNtNtCsbTFvTAdqMtr_10pyxis_cuda11crypto_cuda4tests_29test_bd09_to_wgs84_exact_cuda
FN:377,_RNvNtNtCsbTFvTAdqMtr_10pyxis_cuda11crypto_cuda4tests_30test_gcj02_to_wgs84_exact_cuda
FN:164,_RINvMNtCsbTFvTAdqMtr_10pyxis_cuda11crypto_cudaNtNtB5_7context16PyxisCudaContext17crypto_exact_cudadEB5_
FN:15,_RINvMNtCsbTFvTAdqMtr_10pyxis_cuda11crypto_cudaNtNtB5_7context16PyxisCudaContext18bd09_to_gcj02_cudadEB5_
FN:139,_RINvMNtCsbTFvTAdqMtr_10pyxis_cuda11crypto_cudaNtNtB5_7context16PyxisCudaContext18bd09_to_wgs84_cudadEB5_
FN:39,_RINvMNtCsbTFvTAdqMtr_10pyxis_cuda11crypto_cudaNtNtB5_7context16PyxisCudaContext18gcj02_to_bd09_cudadEB5_
FN:114,_RINvMNtCsbTFvTAdqMtr_10pyxis_cuda11crypto_cudaNtNtB5_7context16PyxisCudaContext18wgs84_to_bd09_cudadEB5_
FN:64,_RINvMNtCsbTFvTAdqMtr_10pyxis_cuda11crypto_cudaNtNtB5_7context16PyxisCudaContext19gcj02_to_wgs84_cudadEB5_
FN:89,_RINvMNtCsbTFvTAdqMtr_10pyxis_cuda11crypto_cudaNtNtB5_7context16PyxisCudaContext19wgs84_to_gcj02_cudadEB5_
FN:408,_RNCNvNtNtCsbTFvTAdqMtr_10pyxis_cuda11crypto_cuda4tests_15test_exact_cuda0B7_
FN:416,_RNCNvNtNtCsbTFvTAdqMtr_10pyxis_cuda11crypto_cuda4tests_15test_exact_cudas0_0B7_
FN:421,_RNCNvNtNtCsbTFvTAdqMtr_10pyxis_cuda11crypto_cuda4tests_15test_exact_cudas1_0B7_
FN:426,_RNCNvNtNtCsbTFvTAdqMtr_10pyxis_cuda11crypto_cuda4tests_15test_exact_cudas2_0B7_
FN:431,_RNCNvNtNtCsbTFvTAdqMtr_10pyxis_cuda11crypto_cuda4tests_15test_exact_cudas3_0B7_
FN:458,_RNCNvNtNtCsbTFvTAdqMtr_10pyxis_cuda11crypto_cuda4tests_15test_exact_cudas4_0B7_
FN:495,_RNCNvNtNtCsbTFvTAdqMtr_10pyxis_cuda11crypto_cuda4tests_15test_exact_cudas5_0B7_
FN:532,_RNCNvNtNtCsbTFvTAdqMtr_10pyxis_cuda11crypto_cuda4tests_15test_exact_cudas6_0B7_
FN:411,_RNCNvNtNtCsbTFvTAdqMtr_10pyxis_cuda11crypto_cuda4tests_15test_exact_cudas_0B7_
FN:164,_RINvMNtCsbRh8zr4mWo7_10pyxis_cuda11crypto_cudaNtNtB5_7context16PyxisCudaContext17crypto_exact_cudadEB5_
FN:15,_RINvMNtCsbRh8zr4mWo7_10pyxis_cuda11crypto_cudaNtNtB5_7context16PyxisCudaContext18bd09_to_gcj02_cudadEB5_
FN:139,_RINvMNtCsbRh8zr4mWo7_10pyxis_cuda11crypto_cudaNtNtB5_7context16PyxisCudaContext18bd09_to_wgs84_cudadEB5_
FN:39,_RINvMNtCsbRh8zr4mWo7_10pyxis_cuda11crypto_cudaNtNtB5_7context16PyxisCudaContext18gcj02_to_bd09_cudadEB5_
FN:114,_RINvMNtCsbRh8zr4mWo7_10pyxis_cuda11crypto_cudaNtNtB5_7context16PyxisCudaContext18wgs84_to_bd09_cudadEB5_
FN:64,_RINvMNtCsbRh8zr4mWo7_10pyxis_cuda11crypto_cudaNtNtB5_7context16PyxisCudaContext19gcj02_to_wgs84_cudadEB5_
FN:89,_RINvMNtCsbRh8zr4mWo7_10pyxis_cuda11crypto_cudaNtNtB5_7context16PyxisCudaContext19wgs84_to_gcj02_cudadEB5_
FN:408,_RNCNvNtNtCsbRh8zr4mWo7_10pyxis_cuda11crypto_cuda4tests_15test_exact_cuda0B7_
FN:416,_RNCNvNtNtCsbRh8zr4mWo7_10pyxis_cuda11crypto_cuda4tests_15test_exact_cudas0_0B7_
FN:421,_RNCNvNtNtCsbRh8zr4mWo7_10pyxis_cuda11crypto_cuda4tests_15test_exact_cudas1_0B7_
FN:426,_RNCNvNtNtCsbRh8zr4mWo7_10pyxis_cuda11crypto_cuda4tests_15test_exact_cudas2_0B7_
FN:431,_RNCNvNtNtCsbRh8zr4mWo7_10pyxis_cuda11crypto_cuda4tests_15test_exact_cudas3_0B7_
FN:458,_RNCNvNtNtCsbRh8zr4mWo7_10pyxis_cuda11crypto_cuda4tests_15test_exact_cudas4_0B7_
FN:495,_RNCNvNtNtCsbRh8zr4mWo7_10pyxis_cuda11crypto_cuda4tests_15test_exact_cudas5_0B7_
FN:532,_RNCNvNtNtCsbRh8zr4mWo7_10pyxis_cuda11crypto_cuda4tests_15test_exact_cudas6_0B7_
FN:411,_RNCNvNtNtCsbRh8zr4mWo7_10pyxis_cuda11crypto_cuda4tests_15test_exact_cudas_0B7_
FN:403,_RNvNtNtCsbRh8zr4mWo7_10pyxis_cuda11crypto_cuda4tests_15test_exact_cuda
FN:221,_RNvNtNtCsbRh8zr4mWo7_10pyxis_cuda11crypto_cuda4tests_23test_bd09_to_gcj02_cuda
FN:307,_RNvNtNtCsbRh8zr4mWo7_10pyxis_cuda11crypto_cuda4tests_23test_bd09_to_wgs84_cuda
FN:239,_RNvNtNtCsbRh8zr4mWo7_10pyxis_cuda11crypto_cuda4tests_23test_gcj02_to_bd09_cuda
FN:291,_RNvNtNtCsbRh8zr4mWo7_10pyxis_cuda11crypto_cuda4tests_23test_wgs84_to_bd09_cuda
FN:256,_RNvNtNtCsbRh8zr4mWo7_10pyxis_cuda11crypto_cuda4tests_24test_gcj02_to_wgs84_cuda
FN:274,_RNvNtNtCsbRh8zr4mWo7_10pyxis_cuda11crypto_cuda4tests_24test_wgs84_to_gcj02_cuda
FN:351,_RNvNtNtCsbRh8zr4mWo7_10pyxis_cuda11crypto_cuda4tests_29test_bd09_to_gcj02_exact_cuda
FN:325,_RNvNtNtCsbRh8zr4mWo7_10pyxis_cuda11crypto_cuda4tests_29test_bd09_to_wgs84_exact_cuda
FN:377,_RNvNtNtCsbRh8zr4mWo7_10pyxis_cuda11crypto_cuda4tests_30test_gcj02_to_wgs84_exact_cuda
FNDA:300000,_RNCNvNtNtCseZzw2mis13J_10pyxis_cuda11crypto_cuda4tests_15test_exact_cuda0B7_
FNDA:300000,_RNCNvNtNtCseZzw2mis13J_10pyxis_cuda11crypto_cuda4tests_15test_exact_cudas0_0B7_
FNDA:300000,_RNCNvNtNtCseZzw2mis13J_10pyxis_cuda11crypto_cuda4tests_15test_exact_cudas1_0B7_
FNDA:300000,_RNCNvNtNtCseZzw2mis13J_10pyxis_cuda11crypto_cuda4tests_15test_exact_cudas2_0B7_
FNDA:300000,_RNCNvNtNtCseZzw2mis13J_10pyxis_cuda11crypto_cuda4tests_15test_exact_cudas3_0B7_
FNDA:300000,_RNCNvNtNtCseZzw2mis13J_10pyxis_cuda11crypto_cuda4tests_15test_exact_cudas4_0B7_
FNDA:300000,_RNCNvNtNtCseZzw2mis13J_10pyxis_cuda11crypto_cuda4tests_15test_exact_cudas5_0B7_
FNDA:300000,_RNCNvNtNtCseZzw2mis13J_10pyxis_cuda11crypto_cuda4tests_15test_exact_cudas6_0B7_
FNDA:300000,_RNCNvNtNtCseZzw2mis13J_10pyxis_cuda11crypto_cuda4tests_15test_exact_cudas_0B7_
FNDA:12,_RINvMNtCseZzw2mis13J_10pyxis_cuda11crypto_cudaNtNtB5_7context16PyxisCudaContext17crypto_exact_cudadEB5_
FNDA:2,_RINvMNtCseZzw2mis13J_10pyxis_cuda11crypto_cudaNtNtB5_7context16PyxisCudaContext18bd09_to_gcj02_cudadEB5_
FNDA:2,_RINvMNtCseZzw2mis13J_10pyxis_cuda11crypto_cudaNtNtB5_7context16PyxisCudaContext18bd09_to_wgs84_cudadEB5_
FNDA:2,_RINvMNtCseZzw2mis13J_10pyxis_cuda11crypto_cudaNtNtB5_7context16PyxisCudaContext18gcj02_to_bd09_cudadEB5_
FNDA:2,_RINvMNtCseZzw2mis13J_10pyxis_cuda11crypto_cudaNtNtB5_7context16PyxisCudaContext18wgs84_to_bd09_cudadEB5_
FNDA:2,_RINvMNtCseZzw2mis13J_10pyxis_cuda11crypto_cudaNtNtB5_7context16PyxisCudaContext19gcj02_to_wgs84_cudadEB5_
FNDA:2,_RINvMNtCseZzw2mis13J_10pyxis_cuda11crypto_cudaNtNtB5_7context16PyxisCudaContext19wgs84_to_gcj02_cudadEB5_
FNDA:2,_RNvNtNtCseZzw2mis13J_10pyxis_cuda11crypto_cuda4tests_15test_exact_cuda
FNDA:2,_RNvNtNtCseZzw2mis13J_10pyxis_cuda11crypto_cuda4tests_23test_bd09_to_gcj02_cuda
FNDA:2,_RNvNtNtCseZzw2mis13J_10pyxis_cuda11crypto_cuda4tests_23test_bd09_to_wgs84_cuda
FNDA:2,_RNvNtNtCseZzw2mis13J_10pyxis_cuda11crypto_cuda4tests_23test_gcj02_to_bd09_cuda
FNDA:2,_RNvNtNtCseZzw2mis13J_10pyxis_cuda11crypto_cuda4tests_23test_wgs84_to_bd09_cuda
FNDA:2,_RNvNtNtCseZzw2mis13J_10pyxis_cuda11crypto_cuda4tests_24test_gcj02_to_wgs84_cuda
FNDA:2,_RNvNtNtCseZzw2mis13J_10pyxis_cuda11crypto_cuda4tests_24test_wgs84_to_gcj02_cuda
FNDA:2,_RNvNtNtCseZzw2mis13J_10pyxis_cuda11crypto_cuda4tests_29test_bd09_to_gcj02_exact_cuda
FNDA:2,_RNvNtNtCseZzw2mis13J_10pyxis_cuda11crypto_cuda4tests_29test_bd09_to_wgs84_exact_cuda
FNDA:2,_RNvNtNtCseZzw2mis13J_10pyxis_cuda11crypto_cuda4tests_30test_gcj02_to_wgs84_exact_cuda
FNDA:0,_RNvNtNtCsbTFvTAdqMtr_10pyxis_cuda11crypto_cuda4tests_15test_exact_cuda
FNDA:0,_RNvNtNtCsbTFvTAdqMtr_10pyxis_cuda11crypto_cuda4tests_23test_bd09_to_gcj02_cuda
FNDA:0,_RNvNtNtCsbTFvTAdqMtr_10pyxis_cuda11crypto_cuda4tests_23test_bd09_to_wgs84_cuda
FNDA:0,_RNvNtNtCsbTFvTAdqMtr_10pyxis_cuda11crypto_cuda4tests_23test_gcj02_to_bd09_cuda
FNDA:0,_RNvNtNtCsbTFvTAdqMtr_10pyxis_cuda11crypto_cuda4tests_23test_wgs84_to_bd09_cuda
FNDA:0,_RNvNtNtCsbTFvTAdqMtr_10pyxis_cuda11crypto_cuda4tests_24test_gcj02_to_wgs84_cuda
FNDA:0,_RNvNtNtCsbTFvTAdqMtr_10pyxis_cuda11crypto_cuda4tests_24test_wgs84_to_gcj02_cuda
FNDA:0,_RNvNtNtCsbTFvTAdqMtr_10pyxis_cuda11crypto_cuda4tests_29test_bd09_to_gcj02_exact_cuda
FNDA:0,_RNvNtNtCsbTFvTAdqMtr_10pyxis_cuda11crypto_cuda4tests_29test_bd09_to_wgs84_exact_cuda
FNDA:0,_RNvNtNtCsbTFvTAdqMtr_10pyxis_cuda11crypto_cuda4tests_30test_gcj02_to_wgs84_exact_cuda
FNDA:0,_RINvMNtCsbTFvTAdqMtr_10pyxis_cuda11crypto_cudaNtNtB5_7context16PyxisCudaContext17crypto_exact_cudadEB5_
FNDA:0,_RINvMNtCsbTFvTAdqMtr_10pyxis_cuda11crypto_cudaNtNtB5_7context16PyxisCudaContext18bd09_to_gcj02_cudadEB5_
FNDA:0,_RINvMNtCsbTFvTAdqMtr_10pyxis_cuda11crypto_cudaNtNtB5_7context16PyxisCudaContext18bd09_to_wgs84_cudadEB5_
FNDA:0,_RINvMNtCsbTFvTAdqMtr_10pyxis_cuda11crypto_cudaNtNtB5_7context16PyxisCudaContext18gcj02_to_bd09_cudadEB5_
FNDA:0,_RINvMNtCsbTFvTAdqMtr_10pyxis_cuda11crypto_cudaNtNtB5_7context16PyxisCudaContext18wgs84_to_bd09_cudadEB5_
FNDA:0,_RINvMNtCsbTFvTAdqMtr_10pyxis_cuda11crypto_cudaNtNtB5_7context16PyxisCudaContext19gcj02_to_wgs84_cudadEB5_
FNDA:0,_RINvMNtCsbTFvTAdqMtr_10pyxis_cuda11crypto_cudaNtNtB5_7context16PyxisCudaContext19wgs84_to_gcj02_cudadEB5_
FNDA:0,_RNCNvNtNtCsbTFvTAdqMtr_10pyxis_cuda11crypto_cuda4tests_15test_exact_cuda0B7_
FNDA:0,_RNCNvNtNtCsbTFvTAdqMtr_10pyxis_cuda11crypto_cuda4tests_15test_exact_cudas0_0B7_
FNDA:0,_RNCNvNtNtCsbTFvTAdqMtr_10pyxis_cuda11crypto_cuda4tests_15test_exact_cudas1_0B7_
FNDA:0,_RNCNvNtNtCsbTFvTAdqMtr_10pyxis_cuda11crypto_cuda4tests_15test_exact_cudas2_0B7_
FNDA:0,_RNCNvNtNtCsbTFvTAdqMtr_10pyxis_cuda11crypto_cuda4tests_15test_exact_cudas3_0B7_
FNDA:0,_RNCNvNtNtCsbTFvTAdqMtr_10pyxis_cuda11crypto_cuda4tests_15test_exact_cudas4_0B7_
FNDA:0,_RNCNvNtNtCsbTFvTAdqMtr_10pyxis_cuda11crypto_cuda4tests_15test_exact_cudas5_0B7_
FNDA:0,_RNCNvNtNtCsbTFvTAdqMtr_10pyxis_cuda11crypto_cuda4tests_15test_exact_cudas6_0B7_
FNDA:0,_RNCNvNtNtCsbTFvTAdqMtr_10pyxis_cuda11crypto_cuda4tests_15test_exact_cudas_0B7_
FNDA:12,_RINvMNtCsbRh8zr4mWo7_10pyxis_cuda11crypto_cudaNtNtB5_7context16PyxisCudaContext17crypto_exact_cudadEB5_
FNDA:2,_RINvMNtCsbRh8zr4mWo7_10pyxis_cuda11crypto_cudaNtNtB5_7context16PyxisCudaContext18bd09_to_gcj02_cudadEB5_
FNDA:2,_RINvMNtCsbRh8zr4mWo7_10pyxis_cuda11crypto_cudaNtNtB5_7context16PyxisCudaContext18bd09_to_wgs84_cudadEB5_
FNDA:2,_RINvMNtCsbRh8zr4mWo7_10pyxis_cuda11crypto_cudaNtNtB5_7context16PyxisCudaContext18gcj02_to_bd09_cudadEB5_
FNDA:2,_RINvMNtCsbRh8zr4mWo7_10pyxis_cuda11crypto_cudaNtNtB5_7context16PyxisCudaContext18wgs84_to_bd09_cudadEB5_
FNDA:2,_RINvMNtCsbRh8zr4mWo7_10pyxis_cuda11crypto_cudaNtNtB5_7context16PyxisCudaContext19gcj02_to_wgs84_cudadEB5_
FNDA:2,_RINvMNtCsbRh8zr4mWo7_10pyxis_cuda11crypto_cudaNtNtB5_7context16PyxisCudaContext19wgs84_to_gcj02_cudadEB5_
FNDA:300000,_RNCNvNtNtCsbRh8zr4mWo7_10pyxis_cuda11crypto_cuda4tests_15test_exact_cuda0B7_
FNDA:300000,_RNCNvNtNtCsbRh8zr4mWo7_10pyxis_cuda11crypto_cuda4tests_15test_exact_cudas0_0B7_
FNDA:300000,_RNCNvNtNtCsbRh8zr4mWo7_10pyxis_cuda11crypto_cuda4tests_15test_exact_cudas1_0B7_
FNDA:300000,_RNCNvNtNtCsbRh8zr4mWo7_10pyxis_cuda11crypto_cuda4tests_15test_exact_cudas2_0B7_
FNDA:300000,_RNCNvNtNtCsbRh8zr4mWo7_10pyxis_cuda11crypto_cuda4tests_15test_exact_cudas3_0B7_
FNDA:300000,_RNCNvNtNtCsbRh8zr4mWo7_10pyxis_cuda11crypto_cuda4tests_15test_exact_cudas4_0B7_
FNDA:300000,_RNCNvNtNtCsbRh8zr4mWo7_10pyxis_cuda11crypto_cuda4tests_15test_exact_cudas5_0B7_
FNDA:300000,_RNCNvNtNtCsbRh8zr4mWo7_10pyxis_cuda11crypto_cuda4tests_15test_exact_cudas6_0B7_
FNDA:300000,_RNCNvNtNtCsbRh8zr4mWo7_10pyxis_cuda11crypto_cuda4tests_15test_exact_cudas_0B7_
FNDA:2,_RNvNtNtCsbRh8zr4mWo7_10pyxis_cuda11crypto_cuda4tests_15test_exact_cuda
FNDA:2,_RNvNtNtCsbRh8zr4mWo7_10pyxis_cuda11crypto_cuda4tests_23test_bd09_to_gcj02_cuda
FNDA:2,_RNvNtNtCsbRh8zr4mWo7_10pyxis_cuda11crypto_cuda4tests_23test_bd09_to_wgs84_cuda
FNDA:2,_RNvNtNtCsbRh8zr4mWo7_10pyxis_cuda11crypto_cuda4tests_23test_gcj02_to_bd09_cuda
FNDA:2,_RNvNtNtCsbRh8zr4mWo7_10pyxis_cuda11crypto_cuda4tests_23test_wgs84_to_bd09_cuda
FNDA:2,_RNvNtNtCsbRh8zr4mWo7_10pyxis_cuda11crypto_cuda4tests_24test_gcj02_to_wgs84_cuda
FNDA:2,_RNvNtNtCsbRh8zr4mWo7_10pyxis_cuda11crypto_cuda4tests_24test_wgs84_to_gcj02_cuda
FNDA:2,_RNvNtNtCsbRh8zr4mWo7_10pyxis_cuda11crypto_cuda4tests_29test_bd09_to_gcj02_exact_cuda
FNDA:2,_RNvNtNtCsbRh8zr4mWo7_10pyxis_cuda11crypto_cuda4tests_29test_bd09_to_wgs84_exact_cuda
FNDA:2,_RNvNtNtCsbRh8zr4mWo7_10pyxis_cuda11crypto_cuda4tests_30test_gcj02_to_wgs84_exact_cuda
FNF:26
FNH:26
DA:15,4
DA:16,4
DA:17,4
DA:18,4
DA:19,4
DA:20,4
DA:21,4
DA:22,4
DA:23,4
DA:24,4
DA:25,4
DA:27,4
DA:28,4
DA:29,4
DA:30,4
DA:31,4
DA:32,4
DA:35,4
DA:37,4
DA:38,4
DA:39,4
DA:40,4
DA:41,4
DA:42,4
DA:43,4
DA:44,4
DA:45,4
DA:46,4
DA:47,4
DA:48,4
DA:49,4
DA:52,4
DA:53,4
DA:54,4
DA:55,4
DA:56,4
DA:57,4
DA:60,4
DA:62,4
DA:63,4
DA:64,4
DA:65,4
DA:66,4
DA:67,4
DA:68,4
DA:69,4
DA:70,4
DA:71,4
DA:72,4
DA:73,4
DA:74,4
DA:77,4
DA:78,4
DA:79,4
DA:80,4
DA:81,4
DA:82,4
DA:85,4
DA:87,4
DA:88,4
DA:89,4
DA:90,4
DA:91,4
DA:92,4
DA:93,4
DA:94,4
DA:95,4
DA:96,4
DA:97,4
DA:98,4
DA:99,4
DA:102,4
DA:103,4
DA:104,4
DA:105,4
DA:106,4
DA:107,4
DA:110,4
DA:112,4
DA:113,4
DA:114,4
DA:115,4
DA:116,4
DA:117,4
DA:118,4
DA:119,4
DA:120,4
DA:121,4
DA:122,4
DA:123,4
DA:124,4
DA:127,4
DA:128,4
DA:129,4
DA:130,4
DA:131,4
DA:132,4
DA:135,4
DA:137,4
DA:138,4
DA:139,4
DA:140,4
DA:141,4
DA:142,4
DA:143,4
DA:144,4
DA:145,4
DA:146,4
DA:147,4
DA:148,4
DA:149,4
DA:152,4
DA:153,4
DA:154,4
DA:155,4
DA:156,4
DA:157,4
DA:160,4
DA:162,4
DA:163,4
DA:164,24
DA:165,24
DA:166,24
DA:167,24
DA:168,24
DA:169,24
DA:170,24
DA:171,24
DA:172,24
DA:173,24
DA:174,24
DA:175,24
DA:176,24
DA:177,24
DA:179,8
DA:182,8
DA:185,8
DA:187,0
DA:189,24
DA:190,0
DA:191,24
DA:193,24
DA:194,24
DA:196,24
DA:197,24
DA:198,24
DA:199,24
DA:200,0
DA:201,0
DA:202,0
DA:203,24
DA:204,24
DA:207,24
DA:209,24
DA:210,24
DA:221,4
DA:222,4
DA:223,4
DA:224,4
DA:225,4
DA:226,4
DA:227,4
DA:228,4
DA:229,4
DA:230,4
DA:232,4
DA:233,4
DA:235,4
DA:236,4
DA:237,4
DA:239,4
DA:240,4
DA:241,4
DA:242,4
DA:243,4
DA:244,4
DA:245,4
DA:246,4
DA:247,4
DA:248,4
DA:249,4
DA:250,4
DA:251,4
DA:252,4
DA:253,4
DA:254,4
DA:256,4
DA:257,4
DA:258,4
DA:259,4
DA:260,4
DA:261,4
DA:262,4
DA:263,4
DA:264,4
DA:265,4
DA:267,4
DA:268,4
DA:270,4
DA:271,4
DA:272,4
DA:274,4
DA:275,4
DA:276,4
DA:277,4
DA:278,4
DA:279,4
DA:280,4
DA:281,4
DA:282,4
DA:283,4
DA:284,4
DA:285,4
DA:286,4
DA:287,4
DA:288,4
DA:289,4
DA:291,4
DA:292,4
DA:293,4
DA:294,4
DA:295,4
DA:296,4
DA:297,4
DA:298,4
DA:299,4
DA:301,4
DA:302,4
DA:303,4
DA:304,4
DA:305,4
DA:307,4
DA:308,4
DA:309,4
DA:310,4
DA:311,4
DA:312,4
DA:313,4
DA:314,4
DA:315,4
DA:316,4
DA:318,4
DA:319,4
DA:321,4
DA:322,4
DA:323,4
DA:325,4
DA:326,4
DA:327,4
DA:328,4
DA:329,4
DA:330,4
DA:331,4
DA:332,4
DA:333,4
DA:334,4
DA:335,4
DA:336,4
DA:337,4
DA:338,4
DA:339,4
DA:340,4
DA:341,4
DA:343,4
DA:344,4
DA:345,4
DA:346,4
DA:347,4
DA:348,4
DA:349,4
DA:351,4
DA:352,4
DA:353,4
DA:354,4
DA:355,4
DA:356,4
DA:357,4
DA:358,4
DA:359,4
DA:360,4
DA:361,4
DA:362,4
DA:363,4
DA:364,4
DA:365,4
DA:366,4
DA:367,4
DA:369,4
DA:370,4
DA:371,4
DA:372,4
DA:373,4
DA:374,4
DA:375,4
DA:377,4
DA:378,4
DA:379,4
DA:380,4
DA:381,4
DA:382,4
DA:383,4
DA:384,4
DA:385,4
DA:386,4
DA:387,4
DA:388,4
DA:389,4
DA:390,4
DA:391,4
DA:392,4
DA:393,4
DA:395,4
DA:396,4
DA:397,4
DA:398,4
DA:399,4
DA:400,4
DA:401,4
DA:403,4
DA:404,4
DA:405,4
DA:406,4
DA:407,4
DA:408,600000
DA:409,4
DA:410,4
DA:411,600000
DA:412,4
DA:413,4
DA:414,4
DA:415,4
DA:416,600000
DA:417,4
DA:418,4
DA:419,4
DA:420,4
DA:421,600000
DA:422,4
DA:423,4
DA:424,4
DA:425,4
DA:426,600000
DA:427,4
DA:428,4
DA:429,4
DA:430,4
DA:431,600000
DA:432,4
DA:434,4
DA:435,4
DA:436,4
DA:437,4
DA:438,4
DA:439,4
DA:440,4
DA:441,4
DA:442,4
DA:443,4
DA:444,4
DA:445,4
DA:446,4
DA:447,4
DA:448,4
DA:449,4
DA:450,4
DA:451,4
DA:452,4
DA:453,4
DA:454,4
DA:455,4
DA:456,4
DA:457,4
DA:458,600000
DA:459,600000
DA:460,600000
DA:461,600000
DA:462,600000
DA:463,600000
DA:464,4
DA:465,4
DA:466,4
DA:467,4
DA:468,4
DA:471,4
DA:472,4
DA:473,4
DA:474,4
DA:475,4
DA:476,4
DA:477,4
DA:478,4
DA:479,4
DA:480,4
DA:481,4
DA:482,4
DA:483,4
DA:484,4
DA:485,4
DA:486,4
DA:487,4
DA:488,4
DA:489,4
DA:490,4
DA:491,4
DA:492,4
DA:493,4
DA:494,4
DA:495,600000
DA:496,600000
DA:497,600000
DA:498,600000
DA:499,600000
DA:500,600000
DA:501,4
DA:502,4
DA:503,4
DA:504,4
DA:505,4
DA:508,4
DA:509,4
DA:510,4
DA:511,4
DA:512,4
DA:513,4
DA:514,4
DA:515,4
DA:516,4
DA:517,4
DA:518,4
DA:519,4
DA:520,4
DA:521,4
DA:522,4
DA:523,4
DA:524,4
DA:525,4
DA:526,4
DA:527,4
DA:528,4
DA:529,4
DA:530,4
DA:531,4
DA:532,600000
DA:533,600000
DA:534,600000
DA:535,600000
DA:536,600000
DA:537,600000
DA:538,4
DA:539,4
DA:540,4
DA:541,4
DA:542,4
DA:544,4
BRDA:406,0,0,0
BRDA:406,0,1,2
BRDA:406,1,2,-
BRDA:406,1,3,-
BRDA:406,2,4,0
BRDA:406,2,5,2
BRF:2
BRH:1
LF:463
LH:458
end_of_record
SF:D:\project\pyxis\rust-cuda\src\datum_compensate_cuda.rs
FN:14,_RINvMNtCseZzw2mis13J_10pyxis_cuda21datum_compensate_cudaNtNtB5_7context16PyxisCudaContext21datum_compensate_cudadINtNtCs3V5rvIypfPY_5pyxis16datum_compensate21DatumCompensateParamsdEEB5_
FN:51,_RNvNtNtCseZzw2mis13J_10pyxis_cuda21datum_compensate_cuda4tests_26test_datum_compensate_cuda
FN:14,_RINvMNtCsbTFvTAdqMtr_10pyxis_cuda21datum_compensate_cudaNtNtB5_7context16PyxisCudaContext21datum_compensate_cudadINtNtCs2Rb8TvYkNXQ_5pyxis16datum_compensate21DatumCompensateParamsdEEB5_
FN:51,_RNvNtNtCsbTFvTAdqMtr_10pyxis_cuda21datum_compensate_cuda4tests_26test_datum_compensate_cuda
FN:14,_RINvMNtCsbRh8zr4mWo7_10pyxis_cuda21datum_compensate_cudaNtNtB5_7context16PyxisCudaContext21datum_compensate_cudadINtNtCs56veb4ygb0R_5pyxis16datum_compensate21DatumCompensateParamsdEEB5_
FN:51,_RNvNtNtCsbRh8zr4mWo7_10pyxis_cuda21datum_compensate_cuda4tests_26test_datum_compensate_cuda
FNDA:2,_RINvMNtCseZzw2mis13J_10pyxis_cuda21datum_compensate_cudaNtNtB5_7context16PyxisCudaContext21datum_compensate_cudadINtNtCs3V5rvIypfPY_5pyxis16datum_compensate21DatumCompensateParamsdEEB5_
FNDA:2,_RNvNtNtCseZzw2mis13J_10pyxis_cuda21datum_compensate_cuda4tests_26test_datum_compensate_cuda
FNDA:0,_RINvMNtCsbTFvTAdqMtr_10pyxis_cuda21datum_compensate_cudaNtNtB5_7context16PyxisCudaContext21datum_compensate_cudadINtNtCs2Rb8TvYkNXQ_5pyxis16datum_compensate21DatumCompensateParamsdEEB5_
FNDA:0,_RNvNtNtCsbTFvTAdqMtr_10pyxis_cuda21datum_compensate_cuda4tests_26test_datum_compensate_cuda
FNDA:10,_RINvMNtCsbRh8zr4mWo7_10pyxis_cuda21datum_compensate_cudaNtNtB5_7context16PyxisCudaContext21datum_compensate_cudadINtNtCs56veb4ygb0R_5pyxis16datum_compensate21DatumCompensateParamsdEEB5_
FNDA:10,_RNvNtNtCsbRh8zr4mWo7_10pyxis_cuda21datum_compensate_cuda4tests_26test_datum_compensate_cuda
FNF:2
FNH:2
DA:14,12
DA:15,12
DA:16,12
DA:17,12
DA:18,12
DA:19,12
DA:20,12
DA:21,12
DA:22,12
DA:24,12
DA:25,12
DA:26,12
DA:29,12
DA:30,12
DA:31,12
DA:32,12
DA:33,12
DA:34,12
DA:35,12
DA:36,12
DA:37,12
DA:40,12
DA:42,12
DA:43,12
DA:51,12
DA:52,12
DA:53,12
DA:54,12
DA:55,12
DA:56,12
DA:57,12
DA:58,12
DA:59,12
DA:60,12
DA:62,12
DA:63,12
DA:64,12
BRF:0
BRH:0
LF:37
LH:37
end_of_record
SF:D:\project\pyxis\rust\crates\pyxis\src\crypto.rs
FN:153,_RINvNtCs3V5rvIypfPY_5pyxis6crypto13bd09_to_gcj02dECseZzw2mis13J_10pyxis_cuda
FN:221,_RINvNtCs3V5rvIypfPY_5pyxis6crypto13bd09_to_wgs84dECseZzw2mis13J_10pyxis_cuda
FN:252,_RINvNtCs3V5rvIypfPY_5pyxis6crypto13gcj02_to_bd09dECseZzw2mis13J_10pyxis_cuda
FN:321,_RINvNtCs3V5rvIypfPY_5pyxis6crypto13wgs84_to_bd09dECseZzw2mis13J_10pyxis_cuda
FN:190,_RINvNtCs3V5rvIypfPY_5pyxis6crypto14gcj02_to_wgs84dECseZzw2mis13J_10pyxis_cuda
FN:289,_RINvNtCs3V5rvIypfPY_5pyxis6crypto14wgs84_to_gcj02dECseZzw2mis13J_10pyxis_cuda
FN:425,_RINvNtCs3V5rvIypfPY_5pyxis6crypto18haversine_distancedECseZzw2mis13J_10pyxis_cuda
FN:113,_RINvNtCs3V5rvIypfPY_5pyxis6crypto5deltadECseZzw2mis13J_10pyxis_cuda
FN:76,_RINvNtCs3V5rvIypfPY_5pyxis6crypto9transformdECseZzw2mis13J_10pyxis_cuda
FN:153,_RINvNtCs2Rb8TvYkNXQ_5pyxis6crypto13bd09_to_gcj02dECsbTFvTAdqMtr_10pyxis_cuda
FN:221,_RINvNtCs2Rb8TvYkNXQ_5pyxis6crypto13bd09_to_wgs84dECsbTFvTAdqMtr_10pyxis_cuda
FN:252,_RINvNtCs2Rb8TvYkNXQ_5pyxis6crypto13gcj02_to_bd09dECsbTFvTAdqMtr_10pyxis_cuda
FN:321,_RINvNtCs2Rb8TvYkNXQ_5pyxis6crypto13wgs84_to_bd09dECsbTFvTAdqMtr_10pyxis_cuda
FN:190,_RINvNtCs2Rb8TvYkNXQ_5pyxis6crypto14gcj02_to_wgs84dECsbTFvTAdqMtr_10pyxis_cuda
FN:289,_RINvNtCs2Rb8TvYkNXQ_5pyxis6crypto14wgs84_to_gcj02dECsbTFvTAdqMtr_10pyxis_cuda
FN:425,_RINvNtCs2Rb8TvYkNXQ_5pyxis6crypto18haversine_distancedECsbTFvTAdqMtr_10pyxis_cuda
FN:113,_RINvNtCs2Rb8TvYkNXQ_5pyxis6crypto5deltadECsbTFvTAdqMtr_10pyxis_cuda
FN:76,_RINvNtCs2Rb8TvYkNXQ_5pyxis6crypto9transformdECsbTFvTAdqMtr_10pyxis_cuda
FN:153,_RINvNtCs56veb4ygb0R_5pyxis6crypto13bd09_to_gcj02dECsbRh8zr4mWo7_10pyxis_cuda
FN:221,_RINvNtCs56veb4ygb0R_5pyxis6crypto13bd09_to_wgs84dECsbRh8zr4mWo7_10pyxis_cuda
FN:252,_RINvNtCs56veb4ygb0R_5pyxis6crypto13gcj02_to_bd09dECsbRh8zr4mWo7_10pyxis_cuda
FN:321,_RINvNtCs56veb4ygb0R_5pyxis6crypto13wgs84_to_bd09dECsbRh8zr4mWo7_10pyxis_cuda
FN:190,_RINvNtCs56veb4ygb0R_5pyxis6crypto14gcj02_to_wgs84dECsbRh8zr4mWo7_10pyxis_cuda
FN:289,_RINvNtCs56veb4ygb0R_5pyxis6crypto14wgs84_to_gcj02dECsbRh8zr4mWo7_10pyxis_cuda
FN:425,_RINvNtCs56veb4ygb0R_5pyxis6crypto18haversine_distancedECsbRh8zr4mWo7_10pyxis_cuda
FN:113,_RINvNtCs56veb4ygb0R_5pyxis6crypto5deltadECsbRh8zr4mWo7_10pyxis_cuda
FN:76,_RINvNtCs56veb4ygb0R_5pyxis6crypto9transformdECsbRh8zr4mWo7_10pyxis_cuda
FN:375,_RINvNtCs56veb4ygb0R_5pyxis6crypto12crypto_exactpppEB4_
FN:153,_RINvNtCs56veb4ygb0R_5pyxis6crypto13bd09_to_gcj02pEB4_
FN:221,_RINvNtCs56veb4ygb0R_5pyxis6crypto13bd09_to_wgs84pEB4_
FN:252,_RINvNtCs56veb4ygb0R_5pyxis6crypto13gcj02_to_bd09pEB4_
FN:321,_RINvNtCs56veb4ygb0R_5pyxis6crypto13wgs84_to_bd09pEB4_
FN:190,_RINvNtCs56veb4ygb0R_5pyxis6crypto14gcj02_to_wgs84pEB4_
FN:289,_RINvNtCs56veb4ygb0R_5pyxis6crypto14wgs84_to_gcj02pEB4_
FN:425,_RINvNtCs56veb4ygb0R_5pyxis6crypto18haversine_distancepEB4_
FN:113,_RINvNtCs56veb4ygb0R_5pyxis6crypto5deltapEB4_
FN:76,_RINvNtCs56veb4ygb0R_5pyxis6crypto9transformpEB4_
FNDA:4,_RINvNtCs3V5rvIypfPY_5pyxis6crypto13bd09_to_gcj02dECseZzw2mis13J_10pyxis_cuda
FNDA:2,_RINvNtCs3V5rvIypfPY_5pyxis6crypto13bd09_to_wgs84dECseZzw2mis13J_10pyxis_cuda
FNDA:600000,_RINvNtCs3V5rvIypfPY_5pyxis6crypto13gcj02_to_bd09dECseZzw2mis13J_10pyxis_cuda
FNDA:600000,_RINvNtCs3V5rvIypfPY_5pyxis6crypto13wgs84_to_bd09dECseZzw2mis13J_10pyxis_cuda
FNDA:4,_RINvNtCs3V5rvIypfPY_5pyxis6crypto14gcj02_to_wgs84dECseZzw2mis13J_10pyxis_cuda
FNDA:1200000,_RINvNtCs3V5rvIypfPY_5pyxis6crypto14wgs84_to_gcj02dECseZzw2mis13J_10pyxis_cuda
FNDA:1800000,_RINvNtCs3V5rvIypfPY_5pyxis6crypto18haversine_distancedECseZzw2mis13J_10pyxis_cuda
FNDA:1200004,_RINvNtCs3V5rvIypfPY_5pyxis6crypto5deltadECseZzw2mis13J_10pyxis_cuda
FNDA:1200004,_RINvNtCs3V5rvIypfPY_5pyxis6crypto9transformdECseZzw2mis13J_10pyxis_cuda
FNDA:0,_RINvNtCs2Rb8TvYkNXQ_5pyxis6crypto13bd09_to_gcj02dECsbTFvTAdqMtr_10pyxis_cuda
FNDA:0,_RINvNtCs2Rb8TvYkNXQ_5pyxis6crypto13bd09_to_wgs84dECsbTFvTAdqMtr_10pyxis_cuda
FNDA:0,_RINvNtCs2Rb8TvYkNXQ_5pyxis6crypto13gcj02_to_bd09dECsbTFvTAdqMtr_10pyxis_cuda
FNDA:0,_RINvNtCs2Rb8TvYkNXQ_5pyxis6crypto13wgs84_to_bd09dECsbTFvTAdqMtr_10pyxis_cuda
FNDA:0,_RINvNtCs2Rb8TvYkNXQ_5pyxis6crypto14gcj02_to_wgs84dECsbTFvTAdqMtr_10pyxis_cuda
FNDA:0,_RINvNtCs2Rb8TvYkNXQ_5pyxis6crypto14wgs84_to_gcj02dECsbTFvTAdqMtr_10pyxis_cuda
FNDA:0,_RINvNtCs2Rb8TvYkNXQ_5pyxis6crypto18haversine_distancedECsbTFvTAdqMtr_10pyxis_cuda
FNDA:0,_RINvNtCs2Rb8TvYkNXQ_5pyxis6crypto5deltadECsbTFvTAdqMtr_10pyxis_cuda
FNDA:0,_RINvNtCs2Rb8TvYkNXQ_5pyxis6crypto9transformdECsbTFvTAdqMtr_10pyxis_cuda
FNDA:4,_RINvNtCs56veb4ygb0R_5pyxis6crypto13bd09_to_gcj02dECsbRh8zr4mWo7_10pyxis_cuda
FNDA:2,_RINvNtCs56veb4ygb0R_5pyxis6crypto13bd09_to_wgs84dECsbRh8zr4mWo7_10pyxis_cuda
FNDA:600000,_RINvNtCs56veb4ygb0R_5pyxis6crypto13gcj02_to_bd09dECsbRh8zr4mWo7_10pyxis_cuda
FNDA:600000,_RINvNtCs56veb4ygb0R_5pyxis6crypto13wgs84_to_bd09dECsbRh8zr4mWo7_10pyxis_cuda
FNDA:4,_RINvNtCs56veb4ygb0R_5pyxis6crypto14gcj02_to_wgs84dECsbRh8zr4mWo7_10pyxis_cuda
FNDA:1200000,_RINvNtCs56veb4ygb0R_5pyxis6crypto14wgs84_to_gcj02dECsbRh8zr4mWo7_10pyxis_cuda
FNDA:1800000,_RINvNtCs56veb4ygb0R_5pyxis6crypto18haversine_distancedECsbRh8zr4mWo7_10pyxis_cuda
FNDA:1200004,_RINvNtCs56veb4ygb0R_5pyxis6crypto5deltadECsbRh8zr4mWo7_10pyxis_cuda
FNDA:1200004,_RINvNtCs56veb4ygb0R_5pyxis6crypto9transformdECsbRh8zr4mWo7_10pyxis_cuda
FNDA:0,_RINvNtCs56veb4ygb0R_5pyxis6crypto12crypto_exactpppEB4_
FNDA:0,_RINvNtCs56veb4ygb0R_5pyxis6crypto13bd09_to_gcj02pEB4_
FNDA:0,_RINvNtCs56veb4ygb0R_5pyxis6crypto13bd09_to_wgs84pEB4_
FNDA:0,_RINvNtCs56veb4ygb0R_5pyxis6crypto13gcj02_to_bd09pEB4_
FNDA:0,_RINvNtCs56veb4ygb0R_5pyxis6crypto13wgs84_to_bd09pEB4_
FNDA:0,_RINvNtCs56veb4ygb0R_5pyxis6crypto14gcj02_to_wgs84pEB4_
FNDA:0,_RINvNtCs56veb4ygb0R_5pyxis6crypto14wgs84_to_gcj02pEB4_
FNDA:0,_RINvNtCs56veb4ygb0R_5pyxis6crypto18haversine_distancepEB4_
FNDA:0,_RINvNtCs56veb4ygb0R_5pyxis6crypto5deltapEB4_
FNDA:0,_RINvNtCs56veb4ygb0R_5pyxis6crypto9transformpEB4_
FNF:10
FNH:9
DA:76,2400008
DA:77,2400008
DA:78,2400008
DA:80,2400008
DA:81,2400008
DA:82,2400008
DA:83,2400008
DA:84,2400008
DA:86,2400008
DA:87,2400008
DA:89,2400008
DA:90,2400008
DA:91,2400008
DA:92,2400008
DA:93,2400008
DA:94,2400008
DA:95,2400008
DA:96,2400008
DA:98,2400008
DA:99,2400008
DA:101,2400008
DA:102,2400008
DA:103,2400008
DA:104,2400008
DA:105,2400008
DA:106,2400008
DA:107,2400008
DA:108,2400008
DA:110,2400008
DA:111,2400008
DA:113,2400008
DA:114,2400008
DA:115,2400008
DA:117,2400008
DA:118,2400008
DA:119,2400008
DA:120,2400008
DA:121,2400008
DA:123,2400008
DA:124,2400008
DA:125,2400008
DA:126,2400008
DA:127,2400008
DA:128,2400008
DA:153,8
DA:154,8
DA:155,8
DA:157,8
DA:158,8
DA:159,8
DA:160,8
DA:161,8
DA:162,8
DA:163,8
DA:164,8
DA:165,8
DA:190,8
DA:191,8
DA:192,8
DA:194,8
DA:195,8
DA:196,8
DA:221,4
DA:222,4
DA:223,4
DA:225,4
DA:226,4
DA:227,4
DA:252,1200000
DA:253,1200000
DA:254,1200000
DA:256,1200000
DA:257,1200000
DA:258,1200000
DA:259,1200000
DA:260,1200000
DA:261,1200000
DA:262,1200000
DA:263,1200000
DA:289,2400000
DA:290,2400000
DA:291,2400000
DA:293,2400000
DA:294,2400000
DA:295,2400000
DA:321,1200000
DA:322,1200000
DA:323,1200000
DA:325,1200000
DA:326,1200000
DA:327,1200000
DA:375,0
DA:376,0
DA:377,0
DA:378,0
DA:379,0
DA:380,0
DA:381,0
DA:382,0
DA:383,0
DA:384,0
DA:385,0
DA:387,0
DA:388,0
DA:389,0
DA:390,0
DA:392,0
DA:393,0
DA:402,0
DA:403,0
DA:404,0
DA:406,0
DA:408,0
DA:410,0
DA:413,0
DA:415,0
DA:417,0
DA:419,0
DA:421,0
DA:422,0
DA:425,3600000
DA:426,3600000
DA:427,3600000
DA:429,3600000
DA:430,3600000
DA:431,3600000
DA:432,3600000
DA:434,3600000
DA:435,3600000
DA:437,3600000
DA:438,3600000
DA:439,3600000
DA:441,3600000
DA:442,3600000
BRF:0
BRH:0
LF:134
LH:105
end_of_record
SF:D:\project\pyxis\rust\crates\pyxis\src\datum_compensate.rs
FN:13,_RNvMNtCs3V5rvIypfPY_5pyxis16datum_compensateINtB2_21DatumCompensateParamsdE3newCseZzw2mis13J_10pyxis_cuda
FN:20,_RNvXs_NtCs3V5rvIypfPY_5pyxis16datum_compensateINtB4_21DatumCompensateParamsdEINtB4_22IDatumCompensateParamsdE2x0CseZzw2mis13J_10pyxis_cuda
FN:21,_RNvXs_NtCs3V5rvIypfPY_5pyxis16datum_compensateINtB4_21DatumCompensateParamsdEINtB4_22IDatumCompensateParamsdE2y0CseZzw2mis13J_10pyxis_cuda
FN:22,_RNvXs_NtCs3V5rvIypfPY_5pyxis16datum_compensateINtB4_21DatumCompensateParamsdEINtB4_22IDatumCompensateParamsdE6factorCseZzw2mis13J_10pyxis_cuda
FN:13,_RNvMNtCs2Rb8TvYkNXQ_5pyxis16datum_compensateINtB2_21DatumCompensateParamsdE3newCsbTFvTAdqMtr_10pyxis_cuda
FN:20,_RNvXs_NtCs2Rb8TvYkNXQ_5pyxis16datum_compensateINtB4_21DatumCompensateParamsdEINtB4_22IDatumCompensateParamsdE2x0CsbTFvTAdqMtr_10pyxis_cuda
FN:21,_RNvXs_NtCs2Rb8TvYkNXQ_5pyxis16datum_compensateINtB4_21DatumCompensateParamsdEINtB4_22IDatumCompensateParamsdE2y0CsbTFvTAdqMtr_10pyxis_cuda
FN:22,_RNvXs_NtCs2Rb8TvYkNXQ_5pyxis16datum_compensateINtB4_21DatumCompensateParamsdEINtB4_22IDatumCompensateParamsdE6factorCsbTFvTAdqMtr_10pyxis_cuda
FN:13,_RNvMNtCs56veb4ygb0R_5pyxis16datum_compensateINtB2_21DatumCompensateParamsdE3newCsbRh8zr4mWo7_10pyxis_cuda
FN:20,_RNvXs_NtCs56veb4ygb0R_5pyxis16datum_compensateINtB4_21DatumCompensateParamsdEINtB4_22IDatumCompensateParamsdE2x0CsbRh8zr4mWo7_10pyxis_cuda
FN:21,_RNvXs_NtCs56veb4ygb0R_5pyxis16datum_compensateINtB4_21DatumCompensateParamsdEINtB4_22IDatumCompensateParamsdE2y0CsbRh8zr4mWo7_10pyxis_cuda
FN:22,_RNvXs_NtCs56veb4ygb0R_5pyxis16datum_compensateINtB4_21DatumCompensateParamsdEINtB4_22IDatumCompensateParamsdE6factorCsbRh8zr4mWo7_10pyxis_cuda
FN:52,_RINvNtCs56veb4ygb0R_5pyxis16datum_compensate16datum_compensateppEB4_
FN:13,_RNvMNtCs56veb4ygb0R_5pyxis16datum_compensateINtB2_21DatumCompensateParamspE3newB4_
FN:20,_RNvXININtCs56veb4ygb0R_5pyxis16datum_compensates_0pEINtB5_21DatumCompensateParamspEINtB5_22IDatumCompensateParamspE2x0B7_
FN:21,_RNvXININtCs56veb4ygb0R_5pyxis16datum_compensates_0pEINtB5_21DatumCompensateParamspEINtB5_22IDatumCompensateParamspE2y0B7_
FN:22,_RNvXININtCs56veb4ygb0R_5pyxis16datum_compensates_0pEINtB5_21DatumCompensateParamspEINtB5_22IDatumCompensateParamspE6factorB7_
FNDA:2,_RNvMNtCs3V5rvIypfPY_5pyxis16datum_compensateINtB2_21DatumCompensateParamsdE3newCseZzw2mis13J_10pyxis_cuda
FNDA:2,_RNvXs_NtCs3V5rvIypfPY_5pyxis16datum_compensateINtB4_21DatumCompensateParamsdEINtB4_22IDatumCompensateParamsdE2x0CseZzw2mis13J_10pyxis_cuda
FNDA:2,_RNvXs_NtCs3V5rvIypfPY_5pyxis16datum_compensateINtB4_21DatumCompensateParamsdEINtB4_22IDatumCompensateParamsdE2y0CseZzw2mis13J_10pyxis_cuda
FNDA:2,_RNvXs_NtCs3V5rvIypfPY_5pyxis16datum_compensateINtB4_21DatumCompensateParamsdEINtB4_22IDatumCompensateParamsdE6factorCseZzw2mis13J_10pyxis_cuda
FNDA:0,_RNvMNtCs2Rb8TvYkNXQ_5pyxis16datum_compensateINtB2_21DatumCompensateParamsdE3newCsbTFvTAdqMtr_10pyxis_cuda
FNDA:0,_RNvXs_NtCs2Rb8TvYkNXQ_5pyxis16datum_compensateINtB4_21DatumCompensateParamsdEINtB4_22IDatumCompensateParamsdE2x0CsbTFvTAdqMtr_10pyxis_cuda
FNDA:0,_RNvXs_NtCs2Rb8TvYkNXQ_5pyxis16datum_compensateINtB4_21DatumCompensateParamsdEINtB4_22IDatumCompensateParamsdE2y0CsbTFvTAdqMtr_10pyxis_cuda
FNDA:0,_RNvXs_NtCs2Rb8TvYkNXQ_5pyxis16datum_compensateINtB4_21DatumCompensateParamsdEINtB4_22IDatumCompensateParamsdE6factorCsbTFvTAdqMtr_10pyxis_cuda
FNDA:10,_RNvMNtCs56veb4ygb0R_5pyxis16datum_compensateINtB2_21DatumCompensateParamsdE3newCsbRh8zr4mWo7_10pyxis_cuda
FNDA:10,_RNvXs_NtCs56veb4ygb0R_5pyxis16datum_compensateINtB4_21DatumCompensateParamsdEINtB4_22IDatumCompensateParamsdE2x0CsbRh8zr4mWo7_10pyxis_cuda
FNDA:10,_RNvXs_NtCs56veb4ygb0R_5pyxis16datum_compensateINtB4_21DatumCompensateParamsdEINtB4_22IDatumCompensateParamsdE2y0CsbRh8zr4mWo7_10pyxis_cuda
FNDA:10,_RNvXs_NtCs56veb4ygb0R_5pyxis16datum_compensateINtB4_21DatumCompensateParamsdEINtB4_22IDatumCompensateParamsdE6factorCsbRh8zr4mWo7_10pyxis_cuda
FNDA:0,_RINvNtCs56veb4ygb0R_5pyxis16datum_compensate16datum_compensateppEB4_
FNDA:0,_RNvMNtCs56veb4ygb0R_5pyxis16datum_compensateINtB2_21DatumCompensateParamspE3newB4_
FNDA:0,_RNvXININtCs56veb4ygb0R_5pyxis16datum_compensates_0pEINtB5_21DatumCompensateParamspEINtB5_22IDatumCompensateParamspE2x0B7_
FNDA:0,_RNvXININtCs56veb4ygb0R_5pyxis16datum_compensates_0pEINtB5_21DatumCompensateParamspEINtB5_22IDatumCompensateParamspE2y0B7_
FNDA:0,_RNvXININtCs56veb4ygb0R_5pyxis16datum_compensates_0pEINtB5_21DatumCompensateParamspEINtB5_22IDatumCompensateParamspE6factorB7_
FNF:5
FNH:4
DA:13,12
DA:14,12
DA:15,12
DA:16,12
DA:17,12
DA:20,12
DA:21,12
DA:22,12
DA:52,0
DA:53,0
DA:54,0
DA:56,0
DA:57,0
DA:58,0
DA:59,0
BRF:0
BRH:0
LF:15
LH:8
end_of_record
SF:D:\project\pyxis\rust\crates\pyxis\src\ellipsoid.rs
FN:175,_RNvMNtCs3V5rvIypfPY_5pyxis9ellipsoidINtB2_9EllipsoiddE13eccentricity2CseZzw2mis13J_10pyxis_cuda
FN:166,_RNvMNtCs3V5rvIypfPY_5pyxis9ellipsoidINtB2_9EllipsoiddE15semi_major_axisCseZzw2mis13J_10pyxis_cuda
FN:81,_RNvMNtCs3V5rvIypfPY_5pyxis9ellipsoidINtB2_9EllipsoiddE24from_semi_major_and_invfB4_
FN:81,_RNvMNtCs3V5rvIypfPY_5pyxis9ellipsoidINtB2_9EllipsoidfE24from_semi_major_and_invfB4_
FN:175,_RNvMNtCs2Rb8TvYkNXQ_5pyxis9ellipsoidINtB2_9EllipsoiddE13eccentricity2CsbTFvTAdqMtr_10pyxis_cuda
FN:166,_RNvMNtCs2Rb8TvYkNXQ_5pyxis9ellipsoidINtB2_9EllipsoiddE15semi_major_axisCsbTFvTAdqMtr_10pyxis_cuda
FN:81,_RNvMNtCs2Rb8TvYkNXQ_5pyxis9ellipsoidINtB2_9EllipsoiddE24from_semi_major_and_invfB4_
FN:81,_RNvMNtCs2Rb8TvYkNXQ_5pyxis9ellipsoidINtB2_9EllipsoidfE24from_semi_major_and_invfB4_
FN:175,_RNvMNtCs56veb4ygb0R_5pyxis9ellipsoidINtB2_9EllipsoiddE13eccentricity2CsbRh8zr4mWo7_10pyxis_cuda
FN:166,_RNvMNtCs56veb4ygb0R_5pyxis9ellipsoidINtB2_9EllipsoiddE15semi_major_axisCsbRh8zr4mWo7_10pyxis_cuda
FN:81,_RNvMNtCs56veb4ygb0R_5pyxis9ellipsoidINtB2_9EllipsoiddE24from_semi_major_and_invfB4_
FN:81,_RNvMNtCs56veb4ygb0R_5pyxis9ellipsoidINtB2_9EllipsoidfE24from_semi_major_and_invfB4_
FN:178,_RNvMNtCs56veb4ygb0R_5pyxis9ellipsoidINtB2_9EllipsoidpE10flatteningB4_
FN:172,_RNvMNtCs56veb4ygb0R_5pyxis9ellipsoidINtB2_9EllipsoidpE12eccentricityB4_
FN:175,_RNvMNtCs56veb4ygb0R_5pyxis9ellipsoidINtB2_9EllipsoidpE13eccentricity2B4_
FN:146,_RNvMNtCs56veb4ygb0R_5pyxis9ellipsoidINtB2_9EllipsoidpE14from_semi_axisB4_
FN:166,_RNvMNtCs56veb4ygb0R_5pyxis9ellipsoidINtB2_9EllipsoidpE15semi_major_axisB4_
FN:169,_RNvMNtCs56veb4ygb0R_5pyxis9ellipsoidINtB2_9EllipsoidpE15semi_minor_axisB4_
FN:181,_RNvMNtCs56veb4ygb0R_5pyxis9ellipsoidINtB2_9EllipsoidpE18inverse_flatteningB4_
FNDA:1200004,_RNvMNtCs3V5rvIypfPY_5pyxis9ellipsoidINtB2_9EllipsoiddE13eccentricity2CseZzw2mis13J_10pyxis_cuda
FNDA:3000004,_RNvMNtCs3V5rvIypfPY_5pyxis9ellipsoidINtB2_9EllipsoiddE15semi_major_axisCseZzw2mis13J_10pyxis_cuda
FNDA:8,_RNvMNtCs3V5rvIypfPY_5pyxis9ellipsoidINtB2_9EllipsoiddE24from_semi_major_and_invfB4_
FNDA:0,_RNvMNtCs3V5rvIypfPY_5pyxis9ellipsoidINtB2_9EllipsoidfE24from_semi_major_and_invfB4_
FNDA:0,_RNvMNtCs2Rb8TvYkNXQ_5pyxis9ellipsoidINtB2_9EllipsoiddE13eccentricity2CsbTFvTAdqMtr_10pyxis_cuda
FNDA:0,_RNvMNtCs2Rb8TvYkNXQ_5pyxis9ellipsoidINtB2_9EllipsoiddE15semi_major_axisCsbTFvTAdqMtr_10pyxis_cuda
FNDA:0,_RNvMNtCs2Rb8TvYkNXQ_5pyxis9ellipsoidINtB2_9EllipsoiddE24from_semi_major_and_invfB4_
FNDA:0,_RNvMNtCs2Rb8TvYkNXQ_5pyxis9ellipsoidINtB2_9EllipsoidfE24from_semi_major_and_invfB4_
FNDA:1200004,_RNvMNtCs56veb4ygb0R_5pyxis9ellipsoidINtB2_9EllipsoiddE13eccentricity2CsbRh8zr4mWo7_10pyxis_cuda
FNDA:3000004,_RNvMNtCs56veb4ygb0R_5pyxis9ellipsoidINtB2_9EllipsoiddE15semi_major_axisCsbRh8zr4mWo7_10pyxis_cuda
FNDA:8,_RNvMNtCs56veb4ygb0R_5pyxis9ellipsoidINtB2_9EllipsoiddE24from_semi_major_and_invfB4_
FNDA:0,_RNvMNtCs56veb4ygb0R_5pyxis9ellipsoidINtB2_9EllipsoidfE24from_semi_major_and_invfB4_
FNDA:0,_RNvMNtCs56veb4ygb0R_5pyxis9ellipsoidINtB2_9EllipsoidpE10flatteningB4_
FNDA:0,_RNvMNtCs56veb4ygb0R_5pyxis9ellipsoidINtB2_9EllipsoidpE12eccentricityB4_
FNDA:0,_RNvMNtCs56veb4ygb0R_5pyxis9ellipsoidINtB2_9EllipsoidpE13eccentricity2B4_
FNDA:0,_RNvMNtCs56veb4ygb0R_5pyxis9ellipsoidINtB2_9EllipsoidpE14from_semi_axisB4_
FNDA:0,_RNvMNtCs56veb4ygb0R_5pyxis9ellipsoidINtB2_9EllipsoidpE15semi_major_axisB4_
FNDA:0,_RNvMNtCs56veb4ygb0R_5pyxis9ellipsoidINtB2_9EllipsoidpE15semi_minor_axisB4_
FNDA:0,_RNvMNtCs56veb4ygb0R_5pyxis9ellipsoidINtB2_9EllipsoidpE18inverse_flatteningB4_
FNF:8
FNH:3
DA:81,16
DA:82,16
DA:83,16
DA:84,16
DA:85,16
DA:87,16
DA:88,16
DA:89,16
DA:90,16
DA:91,16
DA:92,16
DA:93,16
DA:94,16
DA:95,16
DA:146,0
DA:148,0
DA:150,0
DA:152,0
DA:154,0
DA:156,0
DA:157,0
DA:158,0
DA:159,0
DA:160,0
DA:161,0
DA:162,0
DA:163,0
DA:164,0
DA:166,6000008
DA:169,0
DA:172,0
DA:175,2400008
DA:178,0
DA:181,0
BRF:0
BRH:0
LF:34
LH:16
end_of_record
SF:D:\project\pyxis\rust\crates\pyxis\src\linear.rs
FN:31,_RINvNtCs56veb4ygb0R_5pyxis6linear16rotate_matrix_2dpEB4_
FN:61,_RINvNtCs56veb4ygb0R_5pyxis6linear9rotate_2dpEB4_
FNDA:0,_RINvNtCs56veb4ygb0R_5pyxis6linear16rotate_matrix_2dpEB4_
FNDA:0,_RINvNtCs56veb4ygb0R_5pyxis6linear9rotate_2dpEB4_
FNF:2
FNH:0
DA:31,0
DA:32,0
DA:33,0
DA:35,0
DA:36,0
DA:37,0
DA:38,0
DA:39,0
DA:61,0
DA:62,0
DA:63,0
DA:65,0
DA:66,0
DA:67,0
DA:68,0
BRF:0
BRH:0
LF:15
LH:0
end_of_record
SF:D:\project\pyxis\rust\crates\pyxis\src\migrate.rs
FN:36,_RINvNtCs56veb4ygb0R_5pyxis7migrate6abs_2dpEB4_
FN:11,_RINvNtCs56veb4ygb0R_5pyxis7migrate6rel_2dpEB4_
FN:59,_RINvNtCs56veb4ygb0R_5pyxis7migrate9origin_2dpEB4_
FNDA:0,_RINvNtCs56veb4ygb0R_5pyxis7migrate6abs_2dpEB4_
FNDA:0,_RINvNtCs56veb4ygb0R_5pyxis7migrate6rel_2dpEB4_
FNDA:0,_RINvNtCs56veb4ygb0R_5pyxis7migrate9origin_2dpEB4_
FNF:3
FNH:0
DA:11,0
DA:12,0
DA:13,0
DA:14,0
DA:15,0
DA:16,0
DA:17,0
DA:18,0
DA:19,0
DA:21,0
DA:22,0
DA:23,0
DA:24,0
DA:25,0
DA:26,0
DA:27,0
DA:36,0
DA:37,0
DA:38,0
DA:39,0
DA:40,0
DA:41,0
DA:42,0
DA:43,0
DA:44,0
DA:46,0
DA:47,0
DA:48,0
DA:49,0
DA:50,0
DA:59,0
DA:60,0
DA:61,0
DA:63,0
DA:64,0
DA:65,0
DA:66,0
DA:67,0
BRF:0
BRH:0
LF:38
LH:0
end_of_record
SF:D:\project\pyxis\rust\crates\pyxis\src\space.rs
FN:44,_RINvNtCs56veb4ygb0R_5pyxis5space18cartesian_to_polarpEB4_
FN:20,_RINvNtCs56veb4ygb0R_5pyxis5space18polar_to_cartesianpEB4_
FN:101,_RINvNtCs56veb4ygb0R_5pyxis5space22cartesian_to_sphericalpEB4_
FN:191,_RINvNtCs56veb4ygb0R_5pyxis5space22spherical_to_cartesianpEB4_
FN:73,_RINvNtCs56veb4ygb0R_5pyxis5space24cartesian_to_cylindricalpEB4_
FN:132,_RINvNtCs56veb4ygb0R_5pyxis5space24cylindrical_to_cartesianpEB4_
FN:162,_RINvNtCs56veb4ygb0R_5pyxis5space24cylindrical_to_sphericalpEB4_
FN:221,_RINvNtCs56veb4ygb0R_5pyxis5space24spherical_to_cylindricalpEB4_
FNDA:0,_RINvNtCs56veb4ygb0R_5pyxis5space18cartesian_to_polarpEB4_
FNDA:0,_RINvNtCs56veb4ygb0R_5pyxis5space18polar_to_cartesianpEB4_
FNDA:0,_RINvNtCs56veb4ygb0R_5pyxis5space22cartesian_to_sphericalpEB4_
FNDA:0,_RINvNtCs56veb4ygb0R_5pyxis5space22spherical_to_cartesianpEB4_
FNDA:0,_RINvNtCs56veb4ygb0R_5pyxis5space24cartesian_to_cylindricalpEB4_
FNDA:0,_RINvNtCs56veb4ygb0R_5pyxis5space24cylindrical_to_cartesianpEB4_
FNDA:0,_RINvNtCs56veb4ygb0R_5pyxis5space24cylindrical_to_sphericalpEB4_
FNDA:0,_RINvNtCs56veb4ygb0R_5pyxis5space24spherical_to_cylindricalpEB4_
FNF:8
FNH:0
DA:20,0
DA:21,0
DA:22,0
DA:24,0
DA:25,0
DA:44,0
DA:45,0
DA:46,0
DA:48,0
DA:49,0
DA:73,0
DA:74,0
DA:75,0
DA:77,0
DA:78,0
DA:101,0
DA:102,0
DA:103,0
DA:105,0
DA:106,0
DA:107,0
DA:132,0
DA:133,0
DA:134,0
DA:136,0
DA:137,0
DA:162,0
DA:163,0
DA:164,0
DA:166,0
DA:167,0
DA:191,0
DA:192,0
DA:193,0
DA:195,0
DA:196,0
DA:221,0
DA:222,0
DA:223,0
DA:225,0
DA:226,0
BRF:0
BRH:0
LF:41
LH:0
end_of_record
SF:D:\project\pyxis\rust\crates\pyxis\src\types.rs
FN:48,_RNvXs0_NtCs3V5rvIypfPY_5pyxis5typesfINtB5_14ConstEllipsoidfE13krasovsky1940
FN:49,_RNvXs0_NtCs3V5rvIypfPY_5pyxis5typesfINtB5_14ConstEllipsoidfE5wgs84
FN:47,_RNvXs0_NtCs3V5rvIypfPY_5pyxis5typesfINtB5_14ConstEllipsoidfE7grs1980
FN:46,_RNvXs0_NtCs3V5rvIypfPY_5pyxis5typesfINtB5_14ConstEllipsoidfE7iag1975
FN:45,_RNvXs0_NtCs3V5rvIypfPY_5pyxis5typesfINtB5_14ConstEllipsoidfE8cgcs2000
FN:64,_RNvXs1_NtCs3V5rvIypfPY_5pyxis5typesdINtB5_14ConstEllipsoiddE13krasovsky1940
FN:65,_RNvXs1_NtCs3V5rvIypfPY_5pyxis5typesdINtB5_14ConstEllipsoiddE5wgs84
FN:63,_RNvXs1_NtCs3V5rvIypfPY_5pyxis5typesdINtB5_14ConstEllipsoiddE7grs1980
FN:62,_RNvXs1_NtCs3V5rvIypfPY_5pyxis5typesdINtB5_14ConstEllipsoiddE7iag1975
FN:61,_RNvXs1_NtCs3V5rvIypfPY_5pyxis5typesdINtB5_14ConstEllipsoiddE8cgcs2000
FN:37,_RNCNvNtCs3V5rvIypfPY_5pyxis5types11GRS1980_F320B5_
FN:53,_RNCNvNtCs3V5rvIypfPY_5pyxis5types11GRS1980_F640B5_
FN:39,_RNCNvNtCs3V5rvIypfPY_5pyxis5types11IAG1975_F320B5_
FN:55,_RNCNvNtCs3V5rvIypfPY_5pyxis5types11IAG1975_F640B5_
FN:41,_RNCNvNtCs3V5rvIypfPY_5pyxis5types17KRASOVSKY1940_F320B5_
FN:57,_RNCNvNtCs3V5rvIypfPY_5pyxis5types17KRASOVSKY1940_F640B5_
FN:43,_RNCNvNtCs3V5rvIypfPY_5pyxis5types9WGS84_F320B5_
FN:59,_RNCNvNtCs3V5rvIypfPY_5pyxis5types9WGS84_F640B5_
FN:48,_RNvXs0_NtCs2Rb8TvYkNXQ_5pyxis5typesfINtB5_14ConstEllipsoidfE13krasovsky1940
FN:49,_RNvXs0_NtCs2Rb8TvYkNXQ_5pyxis5typesfINtB5_14ConstEllipsoidfE5wgs84
FN:47,_RNvXs0_NtCs2Rb8TvYkNXQ_5pyxis5typesfINtB5_14ConstEllipsoidfE7grs1980
FN:46,_RNvXs0_NtCs2Rb8TvYkNXQ_5pyxis5typesfINtB5_14ConstEllipsoidfE7iag1975
FN:45,_RNvXs0_NtCs2Rb8TvYkNXQ_5pyxis5typesfINtB5_14ConstEllipsoidfE8cgcs2000
FN:64,_RNvXs1_NtCs2Rb8TvYkNXQ_5pyxis5typesdINtB5_14ConstEllipsoiddE13krasovsky1940
FN:65,_RNvXs1_NtCs2Rb8TvYkNXQ_5pyxis5typesdINtB5_14ConstEllipsoiddE5wgs84
FN:63,_RNvXs1_NtCs2Rb8TvYkNXQ_5pyxis5typesdINtB5_14ConstEllipsoiddE7grs1980
FN:62,_RNvXs1_NtCs2Rb8TvYkNXQ_5pyxis5typesdINtB5_14ConstEllipsoiddE7iag1975
FN:61,_RNvXs1_NtCs2Rb8TvYkNXQ_5pyxis5typesdINtB5_14ConstEllipsoiddE8cgcs2000
FN:37,_RNCNvNtCs2Rb8TvYkNXQ_5pyxis5types11GRS1980_F320B5_
FN:53,_RNCNvNtCs2Rb8TvYkNXQ_5pyxis5types11GRS1980_F640B5_
FN:39,_RNCNvNtCs2Rb8TvYkNXQ_5pyxis5types11IAG1975_F320B5_
FN:55,_RNCNvNtCs2Rb8TvYkNXQ_5pyxis5types11IAG1975_F640B5_
FN:41,_RNCNvNtCs2Rb8TvYkNXQ_5pyxis5types17KRASOVSKY1940_F320B5_
FN:57,_RNCNvNtCs2Rb8TvYkNXQ_5pyxis5types17KRASOVSKY1940_F640B5_
FN:43,_RNCNvNtCs2Rb8TvYkNXQ_5pyxis5types9WGS84_F320B5_
FN:59,_RNCNvNtCs2Rb8TvYkNXQ_5pyxis5types9WGS84_F640B5_
FN:48,_RNvXs0_NtCs56veb4ygb0R_5pyxis5typesfINtB5_14ConstEllipsoidfE13krasovsky1940
FN:49,_RNvXs0_NtCs56veb4ygb0R_5pyxis5typesfINtB5_14ConstEllipsoidfE5wgs84
FN:47,_RNvXs0_NtCs56veb4ygb0R_5pyxis5typesfINtB5_14ConstEllipsoidfE7grs1980
FN:46,_RNvXs0_NtCs56veb4ygb0R_5pyxis5typesfINtB5_14ConstEllipsoidfE7iag1975
FN:45,_RNvXs0_NtCs56veb4ygb0R_5pyxis5typesfINtB5_14ConstEllipsoidfE8cgcs2000
FN:64,_RNvXs1_NtCs56veb4ygb0R_5pyxis5typesdINtB5_14ConstEllipsoiddE13krasovsky1940
FN:65,_RNvXs1_NtCs56veb4ygb0R_5pyxis5typesdINtB5_14ConstEllipsoiddE5wgs84
FN:63,_RNvXs1_NtCs56veb4ygb0R_5pyxis5typesdINtB5_14ConstEllipsoiddE7grs1980
FN:62,_RNvXs1_NtCs56veb4ygb0R_5pyxis5typesdINtB5_14ConstEllipsoiddE7iag1975
FN:61,_RNvXs1_NtCs56veb4ygb0R_5pyxis5typesdINtB5_14ConstEllipsoiddE8cgcs2000
FN:37,_RNCNvNtCs56veb4ygb0R_5pyxis5types11GRS1980_F320B5_
FN:53,_RNCNvNtCs56veb4ygb0R_5pyxis5types11GRS1980_F640B5_
FN:39,_RNCNvNtCs56veb4ygb0R_5pyxis5types11IAG1975_F320B5_
FN:55,_RNCNvNtCs56veb4ygb0R_5pyxis5types11IAG1975_F640B5_
FN:41,_RNCNvNtCs56veb4ygb0R_5pyxis5types17KRASOVSKY1940_F320B5_
FN:57,_RNCNvNtCs56veb4ygb0R_5pyxis5types17KRASOVSKY1940_F640B5_
FN:43,_RNCNvNtCs56veb4ygb0R_5pyxis5types9WGS84_F320B5_
FN:59,_RNCNvNtCs56veb4ygb0R_5pyxis5types9WGS84_F640B5_
FNDA:0,_RNvXs0_NtCs3V5rvIypfPY_5pyxis5typesfINtB5_14ConstEllipsoidfE13krasovsky1940
FNDA:0,_RNvXs0_NtCs3V5rvIypfPY_5pyxis5typesfINtB5_14ConstEllipsoidfE5wgs84
FNDA:0,_RNvXs0_NtCs3V5rvIypfPY_5pyxis5typesfINtB5_14ConstEllipsoidfE7grs1980
FNDA:0,_RNvXs0_NtCs3V5rvIypfPY_5pyxis5typesfINtB5_14ConstEllipsoidfE7iag1975
FNDA:0,_RNvXs0_NtCs3V5rvIypfPY_5pyxis5typesfINtB5_14ConstEllipsoidfE8cgcs2000
FNDA:2400008,_RNvXs1_NtCs3V5rvIypfPY_5pyxis5typesdINtB5_14ConstEllipsoiddE13krasovsky1940
FNDA:1800000,_RNvXs1_NtCs3V5rvIypfPY_5pyxis5typesdINtB5_14ConstEllipsoiddE5wgs84
FNDA:0,_RNvXs1_NtCs3V5rvIypfPY_5pyxis5typesdINtB5_14ConstEllipsoiddE7grs1980
FNDA:0,_RNvXs1_NtCs3V5rvIypfPY_5pyxis5typesdINtB5_14ConstEllipsoiddE7iag1975
FNDA:0,_RNvXs1_NtCs3V5rvIypfPY_5pyxis5typesdINtB5_14ConstEllipsoiddE8cgcs2000
FNDA:0,_RNCNvNtCs3V5rvIypfPY_5pyxis5types11GRS1980_F320B5_
FNDA:0,_RNCNvNtCs3V5rvIypfPY_5pyxis5types11GRS1980_F640B5_
FNDA:0,_RNCNvNtCs3V5rvIypfPY_5pyxis5types11IAG1975_F320B5_
FNDA:0,_RNCNvNtCs3V5rvIypfPY_5pyxis5types11IAG1975_F640B5_
FNDA:0,_RNCNvNtCs3V5rvIypfPY_5pyxis5types17KRASOVSKY1940_F320B5_
FNDA:6,_RNCNvNtCs3V5rvIypfPY_5pyxis5types17KRASOVSKY1940_F640B5_
FNDA:0,_RNCNvNtCs3V5rvIypfPY_5pyxis5types9WGS84_F320B5_
FNDA:2,_RNCNvNtCs3V5rvIypfPY_5pyxis5types9WGS84_F640B5_
FNDA:0,_RNvXs0_NtCs2Rb8TvYkNXQ_5pyxis5typesfINtB5_14ConstEllipsoidfE13krasovsky1940
FNDA:0,_RNvXs0_NtCs2Rb8TvYkNXQ_5pyxis5typesfINtB5_14ConstEllipsoidfE5wgs84
FNDA:0,_RNvXs0_NtCs2Rb8TvYkNXQ_5pyxis5typesfINtB5_14ConstEllipsoidfE7grs1980
FNDA:0,_RNvXs0_NtCs2Rb8TvYkNXQ_5pyxis5typesfINtB5_14ConstEllipsoidfE7iag1975
FNDA:0,_RNvXs0_NtCs2Rb8TvYkNXQ_5pyxis5typesfINtB5_14ConstEllipsoidfE8cgcs2000
FNDA:0,_RNvXs1_NtCs2Rb8TvYkNXQ_5pyxis5typesdINtB5_14ConstEllipsoiddE13krasovsky1940
FNDA:0,_RNvXs1_NtCs2Rb8TvYkNXQ_5pyxis5typesdINtB5_14ConstEllipsoiddE5wgs84
FNDA:0,_RNvXs1_NtCs2Rb8TvYkNXQ_5pyxis5typesdINtB5_14ConstEllipsoiddE7grs1980
FNDA:0,_RNvXs1_NtCs2Rb8TvYkNXQ_5pyxis5typesdINtB5_14ConstEllipsoiddE7iag1975
FNDA:0,_RNvXs1_NtCs2Rb8TvYkNXQ_5pyxis5typesdINtB5_14ConstEllipsoiddE8cgcs2000
FNDA:0,_RNCNvNtCs2Rb8TvYkNXQ_5pyxis5types11GRS1980_F320B5_
FNDA:0,_RNCNvNtCs2Rb8TvYkNXQ_5pyxis5types11GRS1980_F640B5_
FNDA:0,_RNCNvNtCs2Rb8TvYkNXQ_5pyxis5types11IAG1975_F320B5_
FNDA:0,_RNCNvNtCs2Rb8TvYkNXQ_5pyxis5types11IAG1975_F640B5_
FNDA:0,_RNCNvNtCs2Rb8TvYkNXQ_5pyxis5types17KRASOVSKY1940_F320B5_
FNDA:0,_RNCNvNtCs2Rb8TvYkNXQ_5pyxis5types17KRASOVSKY1940_F640B5_
FNDA:0,_RNCNvNtCs2Rb8TvYkNXQ_5pyxis5types9WGS84_F320B5_
FNDA:0,_RNCNvNtCs2Rb8TvYkNXQ_5pyxis5types9WGS84_F640B5_
FNDA:0,_RNvXs0_NtCs56veb4ygb0R_5pyxis5typesfINtB5_14ConstEllipsoidfE13krasovsky1940
FNDA:0,_RNvXs0_NtCs56veb4ygb0R_5pyxis5typesfINtB5_14ConstEllipsoidfE5wgs84
FNDA:0,_RNvXs0_NtCs56veb4ygb0R_5pyxis5typesfINtB5_14ConstEllipsoidfE7grs1980
FNDA:0,_RNvXs0_NtCs56veb4ygb0R_5pyxis5typesfINtB5_14ConstEllipsoidfE7iag1975
FNDA:0,_RNvXs0_NtCs56veb4ygb0R_5pyxis5typesfINtB5_14ConstEllipsoidfE8cgcs2000
FNDA:2400008,_RNvXs1_NtCs56veb4ygb0R_5pyxis5typesdINtB5_14ConstEllipsoiddE13krasovsky1940
FNDA:1800000,_RNvXs1_NtCs56veb4ygb0R_5pyxis5typesdINtB5_14ConstEllipsoiddE5wgs84
FNDA:0,_RNvXs1_NtCs56veb4ygb0R_5pyxis5typesdINtB5_14ConstEllipsoiddE7grs1980
FNDA:0,_RNvXs1_NtCs56veb4ygb0R_5pyxis5typesdINtB5_14ConstEllipsoiddE7iag1975
FNDA:0,_RNvXs1_NtCs56veb4ygb0R_5pyxis5typesdINtB5_14ConstEllipsoiddE8cgcs2000
FNDA:0,_RNCNvNtCs56veb4ygb0R_5pyxis5types11GRS1980_F320B5_
FNDA:0,_RNCNvNtCs56veb4ygb0R_5pyxis5types11GRS1980_F640B5_
FNDA:0,_RNCNvNtCs56veb4ygb0R_5pyxis5types11IAG1975_F320B5_
FNDA:0,_RNCNvNtCs56veb4ygb0R_5pyxis5types11IAG1975_F640B5_
FNDA:0,_RNCNvNtCs56veb4ygb0R_5pyxis5types17KRASOVSKY1940_F320B5_
FNDA:6,_RNCNvNtCs56veb4ygb0R_5pyxis5types17KRASOVSKY1940_F640B5_
FNDA:0,_RNCNvNtCs56veb4ygb0R_5pyxis5types9WGS84_F320B5_
FNDA:2,_RNCNvNtCs56veb4ygb0R_5pyxis5types9WGS84_F640B5_
FNF:18
FNH:4
DA:37,0
DA:39,0
DA:41,0
DA:43,0
DA:45,0
DA:46,0
DA:47,0
DA:48,0
DA:49,0
DA:53,0
DA:55,0
DA:57,12
DA:59,4
DA:61,0
DA:62,0
DA:63,0
DA:64,4800016
DA:65,3600000
BRF:0
BRH:0
LF:18
LH:4
end_of_record
