SF:D:\project\pyxis\rust-cuda\src\context.rs
FN:128,_RNvMs0_NtCs7TwC2c9SHrR_10pyxis_cuda7contextNtB5_16PyxisCudaContext14set_block_size
FN:47,_RNvMs_NtCs7TwC2c9SHrR_10pyxis_cuda7contextNtB4_16PyxisCudaContext14set_size_limit
FN:53,_RNvMs_NtCs7TwC2c9SHrR_10pyxis_cuda7contextNtB4_16PyxisCudaContext15set_count_limit
FN:29,_RNvMNtCs7TwC2c9SHrR_10pyxis_cuda7contextNtB2_16PyxisCudaContext3new
FN:138,_RNvMs0_NtCs7TwC2c9SHrR_10pyxis_cuda7contextNtB5_16PyxisCudaContext14get_grid_block
FN:166,_RNvMs1_NtCs7TwC2c9SHrR_10pyxis_cuda7contextNtB5_16PyxisCudaContext24device_buffer_from_slice
FN:77,_RNvMs_NtCs7TwC2c9SHrR_10pyxis_cuda7contextNtB4_16PyxisCudaContext10add_module
FN:59,_RNvMs_NtCs7TwC2c9SHrR_10pyxis_cuda7contextNtB4_16PyxisCudaContext10get_module
FN:115,_RNvMs_NtCs7TwC2c9SHrR_10pyxis_cuda7contextNtB4_16PyxisCudaContext18remove_last_module
FN:153,_RINvMs1_NtCs7TwC2c9SHrR_10pyxis_cuda7contextNtB6_16PyxisCudaContext12get_functiondEB8_
FNDA:0,_RNvMs0_NtCs7TwC2c9SHrR_10pyxis_cuda7contextNtB5_16PyxisCudaContext14set_block_size
FNDA:0,_RNvMs_NtCs7TwC2c9SHrR_10pyxis_cuda7contextNtB4_16PyxisCudaContext14set_size_limit
FNDA:0,_RNvMs_NtCs7TwC2c9SHrR_10pyxis_cuda7contextNtB4_16PyxisCudaContext15set_count_limit
FNDA:22,_RNvMNtCs7TwC2c9SHrR_10pyxis_cuda7contextNtB2_16PyxisCudaContext3new
FNDA:26,_RNvMs0_NtCs7TwC2c9SHrR_10pyxis_cuda7contextNtB5_16PyxisCudaContext14get_grid_block
FNDA:52,_RNvMs1_NtCs7TwC2c9SHrR_10pyxis_cuda7contextNtB5_16PyxisCudaContext24device_buffer_from_slice
FNDA:22,_RNvMs_NtCs7TwC2c9SHrR_10pyxis_cuda7contextNtB4_16PyxisCudaContext10add_module
FNDA:26,_RNvMs_NtCs7TwC2c9SHrR_10pyxis_cuda7contextNtB4_16PyxisCudaContext10get_module
FNDA:0,_RNvMs_NtCs7TwC2c9SHrR_10pyxis_cuda7contextNtB4_16PyxisCudaContext18remove_last_module
FNDA:26,_RINvMs1_NtCs7TwC2c9SHrR_10pyxis_cuda7contextNtB6_16PyxisCudaContext12get_functiondEB8_
FNF:10
FNH:6
DA:29,22
DA:30,22
DA:31,22
DA:32,22
DA:33,22
DA:34,22
DA:35,22
DA:36,22
DA:37,22
DA:38,22
DA:39,22
DA:40,22
DA:41,22
DA:42,22
DA:47,0
DA:48,0
DA:49,0
DA:50,0
DA:51,0
DA:53,0
DA:54,0
DA:55,0
DA:56,0
DA:57,0
DA:59,26
DA:61,26
DA:62,26
DA:63,22
DA:64,22
DA:65,22
DA:68,26
DA:69,26
DA:70,26
DA:71,26
DA:72,26
DA:73,26
DA:74,26
DA:75,26
DA:76,26
DA:77,22
DA:79,22
DA:87,22
DA:88,0
DA:89,0
DA:90,0
DA:91,0
DA:92,22
DA:94,22
DA:95,22
DA:96,0
DA:97,0
DA:98,0
DA:99,0
DA:100,0
DA:101,0
DA:102,0
DA:103,0
DA:105,22
DA:106,22
DA:107,22
DA:108,22
DA:109,22
DA:110,22
DA:111,22
DA:112,22
DA:113,22
DA:114,22
DA:115,0
DA:116,0
DA:117,0
DA:118,0
DA:119,0
DA:120,0
DA:121,0
DA:122,0
DA:123,0
DA:128,0
DA:129,0
DA:130,0
DA:131,0
DA:132,0
DA:138,26
DA:139,26
DA:140,26
DA:141,26
DA:142,26
DA:148,26
DA:149,26
DA:153,26
DA:154,26
DA:155,26
DA:156,26
DA:157,26
DA:160,26
DA:161,26
DA:162,26
DA:163,0
DA:165,26
DA:166,52
DA:167,52
DA:168,52
BRDA:62,0,0,22
BRDA:62,0,1,4
BRDA:87,0,0,0
BRDA:87,0,1,22
BRDA:88,0,0,-
BRDA:88,0,1,-
BRDA:94,0,0,22
BRDA:94,0,1,0
BRDA:95,0,0,0
BRDA:95,0,1,22
BRDA:116,0,0,-
BRDA:116,0,1,-
BRDA:117,0,0,-
BRDA:117,0,1,-
BRDA:161,0,0,0
BRDA:161,0,1,26
BRDA:162,0,0,26
BRDA:162,0,1,0
BRF:18
BRH:7
LF:101
LH:64
end_of_record
SF:D:\project\pyxis\rust-cuda\src\crypto_cuda.rs
FN:403,_RNvNtNtCs7TwC2c9SHrR_10pyxis_cuda11crypto_cuda4tests_15test_exact_cuda
FN:221,_RNvNtNtCs7TwC2c9SHrR_10pyxis_cuda11crypto_cuda4tests_23test_bd09_to_gcj02_cuda
FN:307,_RNvNtNtCs7TwC2c9SHrR_10pyxis_cuda11crypto_cuda4tests_23test_bd09_to_wgs84_cuda
FN:239,_RNvNtNtCs7TwC2c9SHrR_10pyxis_cuda11crypto_cuda4tests_23test_gcj02_to_bd09_cuda
FN:291,_RNvNtNtCs7TwC2c9SHrR_10pyxis_cuda11crypto_cuda4tests_23test_wgs84_to_bd09_cuda
FN:256,_RNvNtNtCs7TwC2c9SHrR_10pyxis_cuda11crypto_cuda4tests_24test_gcj02_to_wgs84_cuda
FN:274,_RNvNtNtCs7TwC2c9SHrR_10pyxis_cuda11crypto_cuda4tests_24test_wgs84_to_gcj02_cuda
FN:351,_RNvNtNtCs7TwC2c9SHrR_10pyxis_cuda11crypto_cuda4tests_29test_bd09_to_gcj02_exact_cuda
FN:325,_RNvNtNtCs7TwC2c9SHrR_10pyxis_cuda11crypto_cuda4tests_29test_bd09_to_wgs84_exact_cuda
FN:377,_RNvNtNtCs7TwC2c9SHrR_10pyxis_cuda11crypto_cuda4tests_30test_gcj02_to_wgs84_exact_cuda
FN:164,_RINvMNtCs7TwC2c9SHrR_10pyxis_cuda11crypto_cudaNtNtB5_7context16PyxisCudaContext17crypto_exact_cudadEB5_
FN:15,_RINvMNtCs7TwC2c9SHrR_10pyxis_cuda11crypto_cudaNtNtB5_7context16PyxisCudaContext18bd09_to_gcj02_cudadEB5_
FN:139,_RINvMNtCs7TwC2c9SHrR_10pyxis_cuda11crypto_cudaNtNtB5_7context16PyxisCudaContext18bd09_to_wgs84_cudadEB5_
FN:39,_RINvMNtCs7TwC2c9SHrR_10pyxis_cuda11crypto_cudaNtNtB5_7context16PyxisCudaContext18gcj02_to_bd09_cudadEB5_
FN:114,_RINvMNtCs7TwC2c9SHrR_10pyxis_cuda11crypto_cudaNtNtB5_7context16PyxisCudaContext18wgs84_to_bd09_cudadEB5_
FN:64,_RINvMNtCs7TwC2c9SHrR_10pyxis_cuda11crypto_cudaNtNtB5_7context16PyxisCudaContext19gcj02_to_wgs84_cudadEB5_
FN:89,_RINvMNtCs7TwC2c9SHrR_10pyxis_cuda11crypto_cudaNtNtB5_7context16PyxisCudaContext19wgs84_to_gcj02_cudadEB5_
FN:408,_RNCNvNtNtCs7TwC2c9SHrR_10pyxis_cuda11crypto_cuda4tests_15test_exact_cuda0B7_
FN:416,_RNCNvNtNtCs7TwC2c9SHrR_10pyxis_cuda11crypto_cuda4tests_15test_exact_cudas0_0B7_
FN:421,_RNCNvNtNtCs7TwC2c9SHrR_10pyxis_cuda11crypto_cuda4tests_15test_exact_cudas1_0B7_
FN:426,_RNCNvNtNtCs7TwC2c9SHrR_10pyxis_cuda11crypto_cuda4tests_15test_exact_cudas2_0B7_
FN:431,_RNCNvNtNtCs7TwC2c9SHrR_10pyxis_cuda11crypto_cuda4tests_15test_exact_cudas3_0B7_
FN:458,_RNCNvNtNtCs7TwC2c9SHrR_10pyxis_cuda11crypto_cuda4tests_15test_exact_cudas4_0B7_
FN:495,_RNCNvNtNtCs7TwC2c9SHrR_10pyxis_cuda11crypto_cuda4tests_15test_exact_cudas5_0B7_
FN:532,_RNCNvNtNtCs7TwC2c9SHrR_10pyxis_cuda11crypto_cuda4tests_15test_exact_cudas6_0B7_
FN:411,_RNCNvNtNtCs7TwC2c9SHrR_10pyxis_cuda11crypto_cuda4tests_15test_exact_cudas_0B7_
FNDA:2,_RNvNtNtCs7TwC2c9SHrR_10pyxis_cuda11crypto_cuda4tests_15test_exact_cuda
FNDA:2,_RNvNtNtCs7TwC2c9SHrR_10pyxis_cuda11crypto_cuda4tests_23test_bd09_to_gcj02_cuda
FNDA:2,_RNvNtNtCs7TwC2c9SHrR_10pyxis_cuda11crypto_cuda4tests_23test_bd09_to_wgs84_cuda
FNDA:2,_RNvNtNtCs7TwC2c9SHrR_10pyxis_cuda11crypto_cuda4tests_23test_gcj02_to_bd09_cuda
FNDA:2,_RNvNtNtCs7TwC2c9SHrR_10pyxis_cuda11crypto_cuda4tests_23test_wgs84_to_bd09_cuda
FNDA:2,_RNvNtNtCs7TwC2c9SHrR_10pyxis_cuda11crypto_cuda4tests_24test_gcj02_to_wgs84_cuda
FNDA:2,_RNvNtNtCs7TwC2c9SHrR_10pyxis_cuda11crypto_cuda4tests_24test_wgs84_to_gcj02_cuda
FNDA:2,_RNvNtNtCs7TwC2c9SHrR_10pyxis_cuda11crypto_cuda4tests_29test_bd09_to_gcj02_exact_cuda
FNDA:2,_RNvNtNtCs7TwC2c9SHrR_10pyxis_cuda11crypto_cuda4tests_29test_bd09_to_wgs84_exact_cuda
FNDA:2,_RNvNtNtCs7TwC2c9SHrR_10pyxis_cuda11crypto_cuda4tests_30test_gcj02_to_wgs84_exact_cuda
FNDA:12,_RINvMNtCs7TwC2c9SHrR_10pyxis_cuda11crypto_cudaNtNtB5_7context16PyxisCudaContext17crypto_exact_cudadEB5_
FNDA:2,_RINvMNtCs7TwC2c9SHrR_10pyxis_cuda11crypto_cudaNtNtB5_7context16PyxisCudaContext18bd09_to_gcj02_cudadEB5_
FNDA:2,_RINvMNtCs7TwC2c9SHrR_10pyxis_cuda11crypto_cudaNtNtB5_7context16PyxisCudaContext18bd09_to_wgs84_cudadEB5_
FNDA:2,_RINvMNtCs7TwC2c9SHrR_10pyxis_cuda11crypto_cudaNtNtB5_7context16PyxisCudaContext18gcj02_to_bd09_cudadEB5_
FNDA:2,_RINvMNtCs7TwC2c9SHrR_10pyxis_cuda11crypto_cudaNtNtB5_7context16PyxisCudaContext18wgs84_to_bd09_cudadEB5_
FNDA:2,_RINvMNtCs7TwC2c9SHrR_10pyxis_cuda11crypto_cudaNtNtB5_7context16PyxisCudaContext19gcj02_to_wgs84_cudadEB5_
FNDA:2,_RINvMNtCs7TwC2c9SHrR_10pyxis_cuda11crypto_cudaNtNtB5_7context16PyxisCudaContext19wgs84_to_gcj02_cudadEB5_
FNDA:300000,_RNCNvNtNtCs7TwC2c9SHrR_10pyxis_cuda11crypto_cuda4tests_15test_exact_cuda0B7_
FNDA:300000,_RNCNvNtNtCs7TwC2c9SHrR_10pyxis_cuda11crypto_cuda4tests_15test_exact_cudas0_0B7_
FNDA:300000,_RNCNvNtNtCs7TwC2c9SHrR_10pyxis_cuda11crypto_cuda4tests_15test_exact_cudas1_0B7_
FNDA:300000,_RNCNvNtNtCs7TwC2c9SHrR_10pyxis_cuda11crypto_cuda4tests_15test_exact_cudas2_0B7_
FNDA:300000,_RNCNvNtNtCs7TwC2c9SHrR_10pyxis_cuda11crypto_cuda4tests_15test_exact_cudas3_0B7_
FNDA:300000,_RNCNvNtNtCs7TwC2c9SHrR_10pyxis_cuda11crypto_cuda4tests_15test_exact_cudas4_0B7_
FNDA:300000,_RNCNvNtNtCs7TwC2c9SHrR_10pyxis_cuda11crypto_cuda4tests_15test_exact_cudas5_0B7_
FNDA:300000,_RNCNvNtNtCs7TwC2c9SHrR_10pyxis_cuda11crypto_cuda4tests_15test_exact_cudas6_0B7_
FNDA:300000,_RNCNvNtNtCs7TwC2c9SHrR_10pyxis_cuda11crypto_cuda4tests_15test_exact_cudas_0B7_
FNF:26
FNH:26
DA:15,2
DA:16,2
DA:17,2
DA:18,2
DA:19,2
DA:20,2
DA:21,2
DA:22,2
DA:23,2
DA:24,2
DA:25,2
DA:27,2
DA:28,2
DA:29,2
DA:30,2
DA:31,2
DA:32,2
DA:35,2
DA:37,2
DA:38,2
DA:39,2
DA:40,2
DA:41,2
DA:42,2
DA:43,2
DA:44,2
DA:45,2
DA:46,2
DA:47,2
DA:48,2
DA:49,2
DA:52,2
DA:53,2
DA:54,2
DA:55,2
DA:56,2
DA:57,2
DA:60,2
DA:62,2
DA:63,2
DA:64,2
DA:65,2
DA:66,2
DA:67,2
DA:68,2
DA:69,2
DA:70,2
DA:71,2
DA:72,2
DA:73,2
DA:74,2
DA:77,2
DA:78,2
DA:79,2
DA:80,2
DA:81,2
DA:82,2
DA:85,2
DA:87,2
DA:88,2
DA:89,2
DA:90,2
DA:91,2
DA:92,2
DA:93,2
DA:94,2
DA:95,2
DA:96,2
DA:97,2
DA:98,2
DA:99,2
DA:102,2
DA:103,2
DA:104,2
DA:105,2
DA:106,2
DA:107,2
DA:110,2
DA:112,2
DA:113,2
DA:114,2
DA:115,2
DA:116,2
DA:117,2
DA:118,2
DA:119,2
DA:120,2
DA:121,2
DA:122,2
DA:123,2
DA:124,2
DA:127,2
DA:128,2
DA:129,2
DA:130,2
DA:131,2
DA:132,2
DA:135,2
DA:137,2
DA:138,2
DA:139,2
DA:140,2
DA:141,2
DA:142,2
DA:143,2
DA:144,2
DA:145,2
DA:146,2
DA:147,2
DA:148,2
DA:149,2
DA:152,2
DA:153,2
DA:154,2
DA:155,2
DA:156,2
DA:157,2
DA:160,2
DA:162,2
DA:163,2
DA:164,12
DA:165,12
DA:166,12
DA:167,12
DA:168,12
DA:169,12
DA:170,12
DA:171,12
DA:172,12
DA:173,12
DA:174,12
DA:175,12
DA:176,12
DA:177,12
DA:179,4
DA:182,4
DA:185,4
DA:187,0
DA:189,12
DA:190,0
DA:191,12
DA:193,12
DA:194,12
DA:196,12
DA:197,12
DA:198,12
DA:199,12
DA:200,0
DA:201,0
DA:202,0
DA:203,12
DA:204,12
DA:207,12
DA:209,12
DA:210,12
DA:221,2
DA:222,2
DA:223,2
DA:224,2
DA:225,2
DA:226,2
DA:227,2
DA:228,2
DA:229,2
DA:230,2
DA:232,2
DA:233,2
DA:235,2
DA:236,2
DA:237,2
DA:239,2
DA:240,2
DA:241,2
DA:242,2
DA:243,2
DA:244,2
DA:245,2
DA:246,2
DA:247,2
DA:248,2
DA:249,2
DA:250,2
DA:251,2
DA:252,2
DA:253,2
DA:254,2
DA:256,2
DA:257,2
DA:258,2
DA:259,2
DA:260,2
DA:261,2
DA:262,2
DA:263,2
DA:264,2
DA:265,2
DA:267,2
DA:268,2
DA:270,2
DA:271,2
DA:272,2
DA:274,2
DA:275,2
DA:276,2
DA:277,2
DA:278,2
DA:279,2
DA:280,2
DA:281,2
DA:282,2
DA:283,2
DA:284,2
DA:285,2
DA:286,2
DA:287,2
DA:288,2
DA:289,2
DA:291,2
DA:292,2
DA:293,2
DA:294,2
DA:295,2
DA:296,2
DA:297,2
DA:298,2
DA:299,2
DA:301,2
DA:302,2
DA:303,2
DA:304,2
DA:305,2
DA:307,2
DA:308,2
DA:309,2
DA:310,2
DA:311,2
DA:312,2
DA:313,2
DA:314,2
DA:315,2
DA:316,2
DA:318,2
DA:319,2
DA:321,2
DA:322,2
DA:323,2
DA:325,2
DA:326,2
DA:327,2
DA:328,2
DA:329,2
DA:330,2
DA:331,2
DA:332,2
DA:333,2
DA:334,2
DA:335,2
DA:336,2
DA:337,2
DA:338,2
DA:339,2
DA:340,2
DA:341,2
DA:343,2
DA:344,2
DA:345,2
DA:346,2
DA:347,2
DA:348,2
DA:349,2
DA:351,2
DA:352,2
DA:353,2
DA:354,2
DA:355,2
DA:356,2
DA:357,2
DA:358,2
DA:359,2
DA:360,2
DA:361,2
DA:362,2
DA:363,2
DA:364,2
DA:365,2
DA:366,2
DA:367,2
DA:369,2
DA:370,2
DA:371,2
DA:372,2
DA:373,2
DA:374,2
DA:375,2
DA:377,2
DA:378,2
DA:379,2
DA:380,2
DA:381,2
DA:382,2
DA:383,2
DA:384,2
DA:385,2
DA:386,2
DA:387,2
DA:388,2
DA:389,2
DA:390,2
DA:391,2
DA:392,2
DA:393,2
DA:395,2
DA:396,2
DA:397,2
DA:398,2
DA:399,2
DA:400,2
DA:401,2
DA:403,2
DA:404,2
DA:405,2
DA:406,2
DA:407,2
DA:408,300000
DA:409,2
DA:410,2
DA:411,300000
DA:412,2
DA:413,2
DA:414,2
DA:415,2
DA:416,300000
DA:417,2
DA:418,2
DA:419,2
DA:420,2
DA:421,300000
DA:422,2
DA:423,2
DA:424,2
DA:425,2
DA:426,300000
DA:427,2
DA:428,2
DA:429,2
DA:430,2
DA:431,300000
DA:432,2
DA:434,2
DA:435,2
DA:436,2
DA:437,2
DA:438,2
DA:439,2
DA:440,2
DA:441,2
DA:442,2
DA:443,2
DA:444,2
DA:445,2
DA:446,2
DA:447,2
DA:448,2
DA:449,2
DA:450,2
DA:451,2
DA:452,2
DA:453,2
DA:454,2
DA:455,2
DA:456,2
DA:457,2
DA:458,300000
DA:459,300000
DA:460,300000
DA:461,300000
DA:462,300000
DA:463,300000
DA:464,2
DA:465,2
DA:466,2
DA:467,2
DA:468,2
DA:471,2
DA:472,2
DA:473,2
DA:474,2
DA:475,2
DA:476,2
DA:477,2
DA:478,2
DA:479,2
DA:480,2
DA:481,2
DA:482,2
DA:483,2
DA:484,2
DA:485,2
DA:486,2
DA:487,2
DA:488,2
DA:489,2
DA:490,2
DA:491,2
DA:492,2
DA:493,2
DA:494,2
DA:495,300000
DA:496,300000
DA:497,300000
DA:498,300000
DA:499,300000
DA:500,300000
DA:501,2
DA:502,2
DA:503,2
DA:504,2
DA:505,2
DA:508,2
DA:509,2
DA:510,2
DA:511,2
DA:512,2
DA:513,2
DA:514,2
DA:515,2
DA:516,2
DA:517,2
DA:518,2
DA:519,2
DA:520,2
DA:521,2
DA:522,2
DA:523,2
DA:524,2
DA:525,2
DA:526,2
DA:527,2
DA:528,2
DA:529,2
DA:530,2
DA:531,2
DA:532,300000
DA:533,300000
DA:534,300000
DA:535,300000
DA:536,300000
DA:537,300000
DA:538,2
DA:539,2
DA:540,2
DA:541,2
DA:542,2
DA:544,2
BRDA:406,0,0,0
BRDA:406,0,1,2
BRF:2
BRH:1
LF:463
LH:458
end_of_record
SF:D:\project\pyxis\rust-cuda\src\datum_compensate_cuda.rs
FN:57,_RNvNtNtCs7TwC2c9SHrR_10pyxis_cuda21datum_compensate_cuda4tests_26test_datum_compensate_cuda
FN:14,_RINvMNtCs7TwC2c9SHrR_10pyxis_cuda21datum_compensate_cudaNtNtB5_7context16PyxisCudaContext21datum_compensate_cudadEB5_
FNDA:2,_RNvNtNtCs7TwC2c9SHrR_10pyxis_cuda21datum_compensate_cuda4tests_26test_datum_compensate_cuda
FNDA:2,_RINvMNtCs7TwC2c9SHrR_10pyxis_cuda21datum_compensate_cudaNtNtB5_7context16PyxisCudaContext21datum_compensate_cudadEB5_
FNF:2
FNH:2
DA:14,2
DA:15,2
DA:16,2
DA:17,2
DA:18,2
DA:19,2
DA:20,2
DA:21,2
DA:22,2
DA:23,2
DA:24,2
DA:25,2
DA:27,2
DA:28,2
DA:29,2
DA:31,2
DA:32,2
DA:35,2
DA:36,2
DA:37,2
DA:38,2
DA:39,0
DA:40,0
DA:41,0
DA:42,2
DA:43,2
DA:46,2
DA:48,2
DA:49,2
DA:57,2
DA:58,2
DA:59,2
DA:60,2
DA:61,2
DA:62,2
DA:63,2
DA:64,2
DA:65,2
DA:67,2
DA:68,2
DA:69,2
BRF:0
BRH:0
LF:41
LH:38
end_of_record
SF:D:\project\pyxis\rust\crates\pyxis\src\crypto.rs
FN:153,_RINvNtCsj4Af5ZZAp41_5pyxis6crypto13bd09_to_gcj02dECs7TwC2c9SHrR_10pyxis_cuda
FN:221,_RINvNtCsj4Af5ZZAp41_5pyxis6crypto13bd09_to_wgs84dECs7TwC2c9SHrR_10pyxis_cuda
FN:252,_RINvNtCsj4Af5ZZAp41_5pyxis6crypto13gcj02_to_bd09dECs7TwC2c9SHrR_10pyxis_cuda
FN:321,_RINvNtCsj4Af5ZZAp41_5pyxis6crypto13wgs84_to_bd09dECs7TwC2c9SHrR_10pyxis_cuda
FN:190,_RINvNtCsj4Af5ZZAp41_5pyxis6crypto14gcj02_to_wgs84dECs7TwC2c9SHrR_10pyxis_cuda
FN:289,_RINvNtCsj4Af5ZZAp41_5pyxis6crypto14wgs84_to_gcj02dECs7TwC2c9SHrR_10pyxis_cuda
FN:425,_RINvNtCsj4Af5ZZAp41_5pyxis6crypto18haversine_distancedECs7TwC2c9SHrR_10pyxis_cuda
FN:113,_RINvNtCsj4Af5ZZAp41_5pyxis6crypto5deltadECs7TwC2c9SHrR_10pyxis_cuda
FN:76,_RINvNtCsj4Af5ZZAp41_5pyxis6crypto9transformdECs7TwC2c9SHrR_10pyxis_cuda
FN:375,_RINvNtCsj4Af5ZZAp41_5pyxis6crypto12crypto_exactpppEB4_
FN:153,_RINvNtCsj4Af5ZZAp41_5pyxis6crypto13bd09_to_gcj02pEB4_
FN:221,_RINvNtCsj4Af5ZZAp41_5pyxis6crypto13bd09_to_wgs84pEB4_
FN:252,_RINvNtCsj4Af5ZZAp41_5pyxis6crypto13gcj02_to_bd09pEB4_
FN:321,_RINvNtCsj4Af5ZZAp41_5pyxis6crypto13wgs84_to_bd09pEB4_
FN:190,_RINvNtCsj4Af5ZZAp41_5pyxis6crypto14gcj02_to_wgs84pEB4_
FN:289,_RINvNtCsj4Af5ZZAp41_5pyxis6crypto14wgs84_to_gcj02pEB4_
FN:425,_RINvNtCsj4Af5ZZAp41_5pyxis6crypto18haversine_distancepEB4_
FN:113,_RINvNtCsj4Af5ZZAp41_5pyxis6crypto5deltapEB4_
FN:76,_RINvNtCsj4Af5ZZAp41_5pyxis6crypto9transformpEB4_
FNDA:4,_RINvNtCsj4Af5ZZAp41_5pyxis6crypto13bd09_to_gcj02dECs7TwC2c9SHrR_10pyxis_cuda
FNDA:2,_RINvNtCsj4Af5ZZAp41_5pyxis6crypto13bd09_to_wgs84dECs7TwC2c9SHrR_10pyxis_cuda
FNDA:600000,_RINvNtCsj4Af5ZZAp41_5pyxis6crypto13gcj02_to_bd09dECs7TwC2c9SHrR_10pyxis_cuda
FNDA:600000,_RINvNtCsj4Af5ZZAp41_5pyxis6crypto13wgs84_to_bd09dECs7TwC2c9SHrR_10pyxis_cuda
FNDA:4,_RINvNtCsj4Af5ZZAp41_5pyxis6crypto14gcj02_to_wgs84dECs7TwC2c9SHrR_10pyxis_cuda
FNDA:1200000,_RINvNtCsj4Af5ZZAp41_5pyxis6crypto14wgs84_to_gcj02dECs7TwC2c9SHrR_10pyxis_cuda
FNDA:1800000,_RINvNtCsj4Af5ZZAp41_5pyxis6crypto18haversine_distancedECs7TwC2c9SHrR_10pyxis_cuda
FNDA:1200004,_RINvNtCsj4Af5ZZAp41_5pyxis6crypto5deltadECs7TwC2c9SHrR_10pyxis_cuda
FNDA:1200004,_RINvNtCsj4Af5ZZAp41_5pyxis6crypto9transformdECs7TwC2c9SHrR_10pyxis_cuda
FNDA:0,_RINvNtCsj4Af5ZZAp41_5pyxis6crypto12crypto_exactpppEB4_
FNDA:0,_RINvNtCsj4Af5ZZAp41_5pyxis6crypto13bd09_to_gcj02pEB4_
FNDA:0,_RINvNtCsj4Af5ZZAp41_5pyxis6crypto13bd09_to_wgs84pEB4_
FNDA:0,_RINvNtCsj4Af5ZZAp41_5pyxis6crypto13gcj02_to_bd09pEB4_
FNDA:0,_RINvNtCsj4Af5ZZAp41_5pyxis6crypto13wgs84_to_bd09pEB4_
FNDA:0,_RINvNtCsj4Af5ZZAp41_5pyxis6crypto14gcj02_to_wgs84pEB4_
FNDA:0,_RINvNtCsj4Af5ZZAp41_5pyxis6crypto14wgs84_to_gcj02pEB4_
FNDA:0,_RINvNtCsj4Af5ZZAp41_5pyxis6crypto18haversine_distancepEB4_
FNDA:0,_RINvNtCsj4Af5ZZAp41_5pyxis6crypto5deltapEB4_
FNDA:0,_RINvNtCsj4Af5ZZAp41_5pyxis6crypto9transformpEB4_
FNF:10
FNH:9
DA:76,1200004
DA:77,1200004
DA:78,1200004
DA:80,1200004
DA:81,1200004
DA:82,1200004
DA:83,1200004
DA:84,1200004
DA:86,1200004
DA:87,1200004
DA:89,1200004
DA:90,1200004
DA:91,1200004
DA:92,1200004
DA:93,1200004
DA:94,1200004
DA:95,1200004
DA:96,1200004
DA:98,1200004
DA:99,1200004
DA:101,1200004
DA:102,1200004
DA:103,1200004
DA:104,1200004
DA:105,1200004
DA:106,1200004
DA:107,1200004
DA:108,1200004
DA:110,1200004
DA:111,1200004
DA:113,1200004
DA:114,1200004
DA:115,1200004
DA:117,1200004
DA:118,1200004
DA:119,1200004
DA:120,1200004
DA:121,1200004
DA:123,1200004
DA:124,1200004
DA:125,1200004
DA:126,1200004
DA:127,1200004
DA:128,1200004
DA:153,4
DA:154,4
DA:155,4
DA:157,4
DA:158,4
DA:159,4
DA:160,4
DA:161,4
DA:162,4
DA:163,4
DA:164,4
DA:165,4
DA:190,4
DA:191,4
DA:192,4
DA:194,4
DA:195,4
DA:196,4
DA:221,2
DA:222,2
DA:223,2
DA:225,2
DA:226,2
DA:227,2
DA:252,600000
DA:253,600000
DA:254,600000
DA:256,600000
DA:257,600000
DA:258,600000
DA:259,600000
DA:260,600000
DA:261,600000
DA:262,600000
DA:263,600000
DA:289,1200000
DA:290,1200000
DA:291,1200000
DA:293,1200000
DA:294,1200000
DA:295,1200000
DA:321,600000
DA:322,600000
DA:323,600000
DA:325,600000
DA:326,600000
DA:327,600000
DA:375,0
DA:376,0
DA:377,0
DA:378,0
DA:379,0
DA:380,0
DA:381,0
DA:382,0
DA:383,0
DA:384,0
DA:385,0
DA:387,0
DA:388,0
DA:389,0
DA:390,0
DA:392,0
DA:393,0
DA:395,0
DA:396,0
DA:397,0
DA:398,0
DA:402,0
DA:403,0
DA:404,0
DA:406,0
DA:408,0
DA:410,0
DA:413,0
DA:415,0
DA:417,0
DA:419,0
DA:421,0
DA:422,0
DA:425,1800000
DA:426,1800000
DA:427,1800000
DA:429,1800000
DA:430,1800000
DA:431,1800000
DA:432,1800000
DA:434,1800000
DA:435,1800000
DA:437,1800000
DA:438,1800000
DA:439,1800000
DA:441,1800000
DA:442,1800000
BRF:0
BRH:0
LF:138
LH:105
end_of_record
SF:D:\project\pyxis\rust\crates\pyxis\src\datum_compensate.rs
FN:36,_RNvMNtCsj4Af5ZZAp41_5pyxis16datum_compensateINtB2_15DatumCompensatepE3newB4_
FN:42,_RNvMNtCsj4Af5ZZAp41_5pyxis16datum_compensateINtB2_15DatumCompensatepE9transformB4_
FNDA:0,_RNvMNtCsj4Af5ZZAp41_5pyxis16datum_compensateINtB2_15DatumCompensatepE3newB4_
FNDA:0,_RNvMNtCsj4Af5ZZAp41_5pyxis16datum_compensateINtB2_15DatumCompensatepE9transformB4_
FNF:2
FNH:0
DA:36,0
DA:37,0
DA:38,0
DA:39,0
DA:40,0
DA:42,0
DA:43,0
DA:44,0
DA:46,0
DA:47,0
DA:48,0
DA:49,0
BRF:0
BRH:0
LF:12
LH:0
end_of_record
SF:D:\project\pyxis\rust\crates\pyxis\src\ellipsoid.rs
FN:175,_RNvMNtCsj4Af5ZZAp41_5pyxis9ellipsoidINtB2_9EllipsoiddE13eccentricity2Cs7TwC2c9SHrR_10pyxis_cuda
FN:166,_RNvMNtCsj4Af5ZZAp41_5pyxis9ellipsoidINtB2_9EllipsoiddE15semi_major_axisCs7TwC2c9SHrR_10pyxis_cuda
FN:81,_RNvMNtCsj4Af5ZZAp41_5pyxis9ellipsoidINtB2_9EllipsoiddE24from_semi_major_and_invfB4_
FN:81,_RNvMNtCsj4Af5ZZAp41_5pyxis9ellipsoidINtB2_9EllipsoidfE24from_semi_major_and_invfB4_
FN:178,_RNvMNtCsj4Af5ZZAp41_5pyxis9ellipsoidINtB2_9EllipsoidpE10flatteningB4_
FN:172,_RNvMNtCsj4Af5ZZAp41_5pyxis9ellipsoidINtB2_9EllipsoidpE12eccentricityB4_
FN:175,_RNvMNtCsj4Af5ZZAp41_5pyxis9ellipsoidINtB2_9EllipsoidpE13eccentricity2B4_
FN:146,_RNvMNtCsj4Af5ZZAp41_5pyxis9ellipsoidINtB2_9EllipsoidpE14from_semi_axisB4_
FN:166,_RNvMNtCsj4Af5ZZAp41_5pyxis9ellipsoidINtB2_9EllipsoidpE15semi_major_axisB4_
FN:169,_RNvMNtCsj4Af5ZZAp41_5pyxis9ellipsoidINtB2_9EllipsoidpE15semi_minor_axisB4_
FN:181,_RNvMNtCsj4Af5ZZAp41_5pyxis9ellipsoidINtB2_9EllipsoidpE18inverse_flatteningB4_
FNDA:1200004,_RNvMNtCsj4Af5ZZAp41_5pyxis9ellipsoidINtB2_9EllipsoiddE13eccentricity2Cs7TwC2c9SHrR_10pyxis_cuda
FNDA:3000004,_RNvMNtCsj4Af5ZZAp41_5pyxis9ellipsoidINtB2_9EllipsoiddE15semi_major_axisCs7TwC2c9SHrR_10pyxis_cuda
FNDA:8,_RNvMNtCsj4Af5ZZAp41_5pyxis9ellipsoidINtB2_9EllipsoiddE24from_semi_major_and_invfB4_
FNDA:0,_RNvMNtCsj4Af5ZZAp41_5pyxis9ellipsoidINtB2_9EllipsoidfE24from_semi_major_and_invfB4_
FNDA:0,_RNvMNtCsj4Af5ZZAp41_5pyxis9ellipsoidINtB2_9EllipsoidpE10flatteningB4_
FNDA:0,_RNvMNtCsj4Af5ZZAp41_5pyxis9ellipsoidINtB2_9EllipsoidpE12eccentricityB4_
FNDA:0,_RNvMNtCsj4Af5ZZAp41_5pyxis9ellipsoidINtB2_9EllipsoidpE13eccentricity2B4_
FNDA:0,_RNvMNtCsj4Af5ZZAp41_5pyxis9ellipsoidINtB2_9EllipsoidpE14from_semi_axisB4_
FNDA:0,_RNvMNtCsj4Af5ZZAp41_5pyxis9ellipsoidINtB2_9EllipsoidpE15semi_major_axisB4_
FNDA:0,_RNvMNtCsj4Af5ZZAp41_5pyxis9ellipsoidINtB2_9EllipsoidpE15semi_minor_axisB4_
FNDA:0,_RNvMNtCsj4Af5ZZAp41_5pyxis9ellipsoidINtB2_9EllipsoidpE18inverse_flatteningB4_
FNF:8
FNH:3
DA:81,8
DA:82,8
DA:83,8
DA:84,8
DA:85,8
DA:87,8
DA:88,8
DA:89,8
DA:90,8
DA:91,8
DA:92,8
DA:93,8
DA:94,8
DA:95,8
DA:146,0
DA:148,0
DA:150,0
DA:152,0
DA:154,0
DA:156,0
DA:157,0
DA:158,0
DA:159,0
DA:160,0
DA:161,0
DA:162,0
DA:163,0
DA:164,0
DA:166,3000004
DA:169,0
DA:172,0
DA:175,1200004
DA:178,0
DA:181,0
BRF:0
BRH:0
LF:34
LH:16
end_of_record
SF:D:\project\pyxis\rust\crates\pyxis\src\linear.rs
FN:31,_RINvNtCsj4Af5ZZAp41_5pyxis6linear16rotate_matrix_2dpEB4_
FN:61,_RINvNtCsj4Af5ZZAp41_5pyxis6linear9rotate_2dpEB4_
FNDA:0,_RINvNtCsj4Af5ZZAp41_5pyxis6linear16rotate_matrix_2dpEB4_
FNDA:0,_RINvNtCsj4Af5ZZAp41_5pyxis6linear9rotate_2dpEB4_
FNF:2
FNH:0
DA:31,0
DA:32,0
DA:33,0
DA:35,0
DA:36,0
DA:37,0
DA:38,0
DA:39,0
DA:61,0
DA:62,0
DA:63,0
DA:65,0
DA:66,0
DA:67,0
DA:68,0
BRF:0
BRH:0
LF:15
LH:0
end_of_record
SF:D:\project\pyxis\rust\crates\pyxis\src\migrate.rs
FN:36,_RINvNtCsj4Af5ZZAp41_5pyxis7migrate6abs_2dpEB4_
FN:11,_RINvNtCsj4Af5ZZAp41_5pyxis7migrate6rel_2dpEB4_
FN:59,_RINvNtCsj4Af5ZZAp41_5pyxis7migrate9origin_2dpEB4_
FNDA:0,_RINvNtCsj4Af5ZZAp41_5pyxis7migrate6abs_2dpEB4_
FNDA:0,_RINvNtCsj4Af5ZZAp41_5pyxis7migrate6rel_2dpEB4_
FNDA:0,_RINvNtCsj4Af5ZZAp41_5pyxis7migrate9origin_2dpEB4_
FNF:3
FNH:0
DA:11,0
DA:12,0
DA:13,0
DA:14,0
DA:15,0
DA:16,0
DA:17,0
DA:18,0
DA:19,0
DA:21,0
DA:22,0
DA:23,0
DA:24,0
DA:25,0
DA:26,0
DA:27,0
DA:36,0
DA:37,0
DA:38,0
DA:39,0
DA:40,0
DA:41,0
DA:42,0
DA:43,0
DA:44,0
DA:46,0
DA:47,0
DA:48,0
DA:49,0
DA:50,0
DA:59,0
DA:60,0
DA:61,0
DA:63,0
DA:64,0
DA:65,0
DA:66,0
DA:67,0
BRF:0
BRH:0
LF:38
LH:0
end_of_record
SF:D:\project\pyxis\rust\crates\pyxis\src\space.rs
FN:44,_RINvNtCsj4Af5ZZAp41_5pyxis5space18cartesian_to_polarpEB4_
FN:20,_RINvNtCsj4Af5ZZAp41_5pyxis5space18polar_to_cartesianpEB4_
FN:101,_RINvNtCsj4Af5ZZAp41_5pyxis5space22cartesian_to_sphericalpEB4_
FN:191,_RINvNtCsj4Af5ZZAp41_5pyxis5space22spherical_to_cartesianpEB4_
FN:73,_RINvNtCsj4Af5ZZAp41_5pyxis5space24cartesian_to_cylindricalpEB4_
FN:132,_RINvNtCsj4Af5ZZAp41_5pyxis5space24cylindrical_to_cartesianpEB4_
FN:162,_RINvNtCsj4Af5ZZAp41_5pyxis5space24cylindrical_to_sphericalpEB4_
FN:221,_RINvNtCsj4Af5ZZAp41_5pyxis5space24spherical_to_cylindricalpEB4_
FNDA:0,_RINvNtCsj4Af5ZZAp41_5pyxis5space18cartesian_to_polarpEB4_
FNDA:0,_RINvNtCsj4Af5ZZAp41_5pyxis5space18polar_to_cartesianpEB4_
FNDA:0,_RINvNtCsj4Af5ZZAp41_5pyxis5space22cartesian_to_sphericalpEB4_
FNDA:0,_RINvNtCsj4Af5ZZAp41_5pyxis5space22spherical_to_cartesianpEB4_
FNDA:0,_RINvNtCsj4Af5ZZAp41_5pyxis5space24cartesian_to_cylindricalpEB4_
FNDA:0,_RINvNtCsj4Af5ZZAp41_5pyxis5space24cylindrical_to_cartesianpEB4_
FNDA:0,_RINvNtCsj4Af5ZZAp41_5pyxis5space24cylindrical_to_sphericalpEB4_
FNDA:0,_RINvNtCsj4Af5ZZAp41_5pyxis5space24spherical_to_cylindricalpEB4_
FNF:8
FNH:0
DA:20,0
DA:21,0
DA:22,0
DA:24,0
DA:25,0
DA:44,0
DA:45,0
DA:46,0
DA:48,0
DA:49,0
DA:73,0
DA:74,0
DA:75,0
DA:77,0
DA:78,0
DA:101,0
DA:102,0
DA:103,0
DA:105,0
DA:106,0
DA:107,0
DA:132,0
DA:133,0
DA:134,0
DA:136,0
DA:137,0
DA:162,0
DA:163,0
DA:164,0
DA:166,0
DA:167,0
DA:191,0
DA:192,0
DA:193,0
DA:195,0
DA:196,0
DA:221,0
DA:222,0
DA:223,0
DA:225,0
DA:226,0
BRF:0
BRH:0
LF:41
LH:0
end_of_record
SF:D:\project\pyxis\rust\crates\pyxis\src\types.rs
FN:48,_RNvXs0_NtCsj4Af5ZZAp41_5pyxis5typesfINtB5_14ConstEllipsoidfE13krasovsky1940
FN:49,_RNvXs0_NtCsj4Af5ZZAp41_5pyxis5typesfINtB5_14ConstEllipsoidfE5wgs84
FN:47,_RNvXs0_NtCsj4Af5ZZAp41_5pyxis5typesfINtB5_14ConstEllipsoidfE7grs1980
FN:46,_RNvXs0_NtCsj4Af5ZZAp41_5pyxis5typesfINtB5_14ConstEllipsoidfE7iag1975
FN:45,_RNvXs0_NtCsj4Af5ZZAp41_5pyxis5typesfINtB5_14ConstEllipsoidfE8cgcs2000
FN:64,_RNvXs1_NtCsj4Af5ZZAp41_5pyxis5typesdINtB5_14ConstEllipsoiddE13krasovsky1940
FN:65,_RNvXs1_NtCsj4Af5ZZAp41_5pyxis5typesdINtB5_14ConstEllipsoiddE5wgs84
FN:63,_RNvXs1_NtCsj4Af5ZZAp41_5pyxis5typesdINtB5_14ConstEllipsoiddE7grs1980
FN:62,_RNvXs1_NtCsj4Af5ZZAp41_5pyxis5typesdINtB5_14ConstEllipsoiddE7iag1975
FN:61,_RNvXs1_NtCsj4Af5ZZAp41_5pyxis5typesdINtB5_14ConstEllipsoiddE8cgcs2000
FN:37,_RNCNvNtCsj4Af5ZZAp41_5pyxis5types11GRS1980_F320B5_
FN:53,_RNCNvNtCsj4Af5ZZAp41_5pyxis5types11GRS1980_F640B5_
FN:39,_RNCNvNtCsj4Af5ZZAp41_5pyxis5types11IAG1975_F320B5_
FN:55,_RNCNvNtCsj4Af5ZZAp41_5pyxis5types11IAG1975_F640B5_
FN:41,_RNCNvNtCsj4Af5ZZAp41_5pyxis5types17KRASOVSKY1940_F320B5_
FN:57,_RNCNvNtCsj4Af5ZZAp41_5pyxis5types17KRASOVSKY1940_F640B5_
FN:43,_RNCNvNtCsj4Af5ZZAp41_5pyxis5types9WGS84_F320B5_
FN:59,_RNCNvNtCsj4Af5ZZAp41_5pyxis5types9WGS84_F640B5_
FNDA:0,_RNvXs0_NtCsj4Af5ZZAp41_5pyxis5typesfINtB5_14ConstEllipsoidfE13krasovsky1940
FNDA:0,_RNvXs0_NtCsj4Af5ZZAp41_5pyxis5typesfINtB5_14ConstEllipsoidfE5wgs84
FNDA:0,_RNvXs0_NtCsj4Af5ZZAp41_5pyxis5typesfINtB5_14ConstEllipsoidfE7grs1980
FNDA:0,_RNvXs0_NtCsj4Af5ZZAp41_5pyxis5typesfINtB5_14ConstEllipsoidfE7iag1975
FNDA:0,_RNvXs0_NtCsj4Af5ZZAp41_5pyxis5typesfINtB5_14ConstEllipsoidfE8cgcs2000
FNDA:2400008,_RNvXs1_NtCsj4Af5ZZAp41_5pyxis5typesdINtB5_14ConstEllipsoiddE13krasovsky1940
FNDA:1800000,_RNvXs1_NtCsj4Af5ZZAp41_5pyxis5typesdINtB5_14ConstEllipsoiddE5wgs84
FNDA:0,_RNvXs1_NtCsj4Af5ZZAp41_5pyxis5typesdINtB5_14ConstEllipsoiddE7grs1980
FNDA:0,_RNvXs1_NtCsj4Af5ZZAp41_5pyxis5typesdINtB5_14ConstEllipsoiddE7iag1975
FNDA:0,_RNvXs1_NtCsj4Af5ZZAp41_5pyxis5typesdINtB5_14ConstEllipsoiddE8cgcs2000
FNDA:0,_RNCNvNtCsj4Af5ZZAp41_5pyxis5types11GRS1980_F320B5_
FNDA:0,_RNCNvNtCsj4Af5ZZAp41_5pyxis5types11GRS1980_F640B5_
FNDA:0,_RNCNvNtCsj4Af5ZZAp41_5pyxis5types11IAG1975_F320B5_
FNDA:0,_RNCNvNtCsj4Af5ZZAp41_5pyxis5types11IAG1975_F640B5_
FNDA:0,_RNCNvNtCsj4Af5ZZAp41_5pyxis5types17KRASOVSKY1940_F320B5_
FNDA:6,_RNCNvNtCsj4Af5ZZAp41_5pyxis5types17KRASOVSKY1940_F640B5_
FNDA:0,_RNCNvNtCsj4Af5ZZAp41_5pyxis5types9WGS84_F320B5_
FNDA:2,_RNCNvNtCsj4Af5ZZAp41_5pyxis5types9WGS84_F640B5_
FNF:18
FNH:4
DA:37,0
DA:39,0
DA:41,0
DA:43,0
DA:45,0
DA:46,0
DA:47,0
DA:48,0
DA:49,0
DA:53,0
DA:55,0
DA:57,6
DA:59,2
DA:61,0
DA:62,0
DA:63,0
DA:64,2400008
DA:65,1800000
BRF:0
BRH:0
LF:18
LH:4
end_of_record