<?xml version="1.0" encoding="UTF-8"?>
<testsuites name="nextest-run" tests="11" failures="0" errors="0" uuid="07948112-e31e-4de0-bb16-3ea3a4d92844" timestamp="2025-05-12T16:53:44.989+08:00" time="1.126">
    <testsuite name="pyxis-cuda" tests="11" disabled="0" errors="0" failures="0">
        <testcase name="crypto_cuda::test::test_bd09_to_wgs84_exact_cuda" classname="pyxis-cuda" timestamp="2025-05-12T16:53:44.992+08:00" time="0.326">
        </testcase>
        <testcase name="crypto_cuda::test::test_bd09_to_gcj02_exact_cuda" classname="pyxis-cuda" timestamp="2025-05-12T16:53:44.992+08:00" time="0.454">
        </testcase>
        <testcase name="crypto_cuda::test::test_bd09_to_wgs84_cuda" classname="pyxis-cuda" timestamp="2025-05-12T16:53:44.993+08:00" time="0.509">
        </testcase>
        <testcase name="crypto_cuda::test::test_gcj02_to_bd09_cuda" classname="pyxis-cuda" timestamp="2025-05-12T16:53:44.993+08:00" time="0.525">
        </testcase>
        <testcase name="crypto_cuda::test::test_gcj02_to_wgs84_exact_cuda" classname="pyxis-cuda" timestamp="2025-05-12T16:53:44.995+08:00" time="0.552">
        </testcase>
        <testcase name="crypto_cuda::test::test_bd09_to_gcj02_cuda" classname="pyxis-cuda" timestamp="2025-05-12T16:53:44.995+08:00" time="0.572">
        </testcase>
        <testcase name="crypto_cuda::test::test_gcj02_to_wgs84_cuda" classname="pyxis-cuda" timestamp="2025-05-12T16:53:44.995+08:00" time="0.586">
        </testcase>
        <testcase name="crypto_cuda::test::test_wgs84_to_gcj02_cuda" classname="pyxis-cuda" timestamp="2025-05-12T16:53:44.995+08:00" time="0.607">
        </testcase>
        <testcase name="datum_compensate_cuda::test::test_datum_compensate_cuda" classname="pyxis-cuda" timestamp="2025-05-12T16:53:44.996+08:00" time="0.622">
        </testcase>
        <testcase name="crypto_cuda::test::test_wgs84_to_bd09_cuda" classname="pyxis-cuda" timestamp="2025-05-12T16:53:44.996+08:00" time="0.642">
        </testcase>
        <testcase name="crypto_cuda::test::test_exact_cuda" classname="pyxis-cuda" timestamp="2025-05-12T16:53:44.994+08:00" time="1.122">
        </testcase>
    </testsuite>
</testsuites>
