<?xml version="1.0" encoding="UTF-8"?>
<testsuites name="nextest-run" tests="11" failures="11" errors="0" uuid="30a9fc37-9d17-4e11-8281-4fe3c5759e99" timestamp="2025-05-28T22:10:04.327+08:00" time="0.836">
    <testsuite name="pyxis-cuda" tests="11" disabled="0" errors="0" failures="11">
        <testcase name="crypto_cuda::test::test_bd09_to_wgs84_exact_cuda" classname="pyxis-cuda" timestamp="2025-05-28T22:10:04.329+08:00" time="0.332">
            <failure message="thread &apos;crypto_cuda::test::test_bd09_to_wgs84_exact_cuda&apos; panicked at src\context.rs:109:61" type="test failure with exit code 101">thread &apos;crypto_cuda::test::test_bd09_to_wgs84_exact_cuda&apos; panicked at src\context.rs:109:61:
called `Result::unwrap()` on an `Err` value: UnknownError
note: run with `RUST_BACKTRACE=1` environment variable to display a backtrace</failure>
            <system-out>
running 1 test
test crypto_cuda::test::test_bd09_to_wgs84_exact_cuda ... FAILED

failures:

failures:
    crypto_cuda::test::test_bd09_to_wgs84_exact_cuda

test result: FAILED. 0 passed; 1 failed; 0 ignored; 0 measured; 10 filtered out; finished in 0.18s

</system-out>
            <system-err>
thread &apos;crypto_cuda::test::test_bd09_to_wgs84_exact_cuda&apos; panicked at src\context.rs:109:61:
called `Result::unwrap()` on an `Err` value: UnknownError
note: run with `RUST_BACKTRACE=1` environment variable to display a backtrace
</system-err>
        </testcase>
        <testcase name="crypto_cuda::test::test_bd09_to_wgs84_cuda" classname="pyxis-cuda" timestamp="2025-05-28T22:10:04.330+08:00" time="0.472">
            <failure message="thread &apos;crypto_cuda::test::test_bd09_to_wgs84_cuda&apos; panicked at src\context.rs:109:61" type="test failure with exit code 101">thread &apos;crypto_cuda::test::test_bd09_to_wgs84_cuda&apos; panicked at src\context.rs:109:61:
called `Result::unwrap()` on an `Err` value: UnknownError
note: run with `RUST_BACKTRACE=1` environment variable to display a backtrace</failure>
            <system-out>
running 1 test
test crypto_cuda::test::test_bd09_to_wgs84_cuda ... FAILED

failures:

failures:
    crypto_cuda::test::test_bd09_to_wgs84_cuda

test result: FAILED. 0 passed; 1 failed; 0 ignored; 0 measured; 10 filtered out; finished in 0.24s

</system-out>
            <system-err>
thread &apos;crypto_cuda::test::test_bd09_to_wgs84_cuda&apos; panicked at src\context.rs:109:61:
called `Result::unwrap()` on an `Err` value: UnknownError
note: run with `RUST_BACKTRACE=1` environment variable to display a backtrace
</system-err>
        </testcase>
        <testcase name="crypto_cuda::test::test_gcj02_to_bd09_cuda" classname="pyxis-cuda" timestamp="2025-05-28T22:10:04.330+08:00" time="0.563">
            <failure message="thread &apos;crypto_cuda::test::test_gcj02_to_bd09_cuda&apos; panicked at src\context.rs:109:61" type="test failure with exit code 101">thread &apos;crypto_cuda::test::test_gcj02_to_bd09_cuda&apos; panicked at src\context.rs:109:61:
called `Result::unwrap()` on an `Err` value: UnknownError
note: run with `RUST_BACKTRACE=1` environment variable to display a backtrace</failure>
            <system-out>
running 1 test
test crypto_cuda::test::test_gcj02_to_bd09_cuda ... FAILED

failures:

failures:
    crypto_cuda::test::test_gcj02_to_bd09_cuda

test result: FAILED. 0 passed; 1 failed; 0 ignored; 0 measured; 10 filtered out; finished in 0.30s

</system-out>
            <system-err>
thread &apos;crypto_cuda::test::test_gcj02_to_bd09_cuda&apos; panicked at src\context.rs:109:61:
called `Result::unwrap()` on an `Err` value: UnknownError
note: run with `RUST_BACKTRACE=1` environment variable to display a backtrace
</system-err>
        </testcase>
        <testcase name="crypto_cuda::test::test_gcj02_to_wgs84_exact_cuda" classname="pyxis-cuda" timestamp="2025-05-28T22:10:04.331+08:00" time="0.581">
            <failure message="thread &apos;crypto_cuda::test::test_gcj02_to_wgs84_exact_cuda&apos; panicked at src\context.rs:109:61" type="test failure with exit code 101">thread &apos;crypto_cuda::test::test_gcj02_to_wgs84_exact_cuda&apos; panicked at src\context.rs:109:61:
called `Result::unwrap()` on an `Err` value: UnknownError
note: run with `RUST_BACKTRACE=1` environment variable to display a backtrace</failure>
            <system-out>
running 1 test
test crypto_cuda::test::test_gcj02_to_wgs84_exact_cuda ... FAILED

failures:

failures:
    crypto_cuda::test::test_gcj02_to_wgs84_exact_cuda

test result: FAILED. 0 passed; 1 failed; 0 ignored; 0 measured; 10 filtered out; finished in 0.36s

</system-out>
            <system-err>
thread &apos;crypto_cuda::test::test_gcj02_to_wgs84_exact_cuda&apos; panicked at src\context.rs:109:61:
called `Result::unwrap()` on an `Err` value: UnknownError
note: run with `RUST_BACKTRACE=1` environment variable to display a backtrace
</system-err>
        </testcase>
        <testcase name="crypto_cuda::test::test_wgs84_to_bd09_cuda" classname="pyxis-cuda" timestamp="2025-05-28T22:10:04.332+08:00" time="0.609">
            <failure message="thread &apos;crypto_cuda::test::test_wgs84_to_bd09_cuda&apos; panicked at src\context.rs:109:61" type="test failure with exit code 101">thread &apos;crypto_cuda::test::test_wgs84_to_bd09_cuda&apos; panicked at src\context.rs:109:61:
called `Result::unwrap()` on an `Err` value: UnknownError
note: run with `RUST_BACKTRACE=1` environment variable to display a backtrace</failure>
            <system-out>
running 1 test
test crypto_cuda::test::test_wgs84_to_bd09_cuda ... FAILED

failures:

failures:
    crypto_cuda::test::test_wgs84_to_bd09_cuda

test result: FAILED. 0 passed; 1 failed; 0 ignored; 0 measured; 10 filtered out; finished in 0.35s

</system-out>
            <system-err>
thread &apos;crypto_cuda::test::test_wgs84_to_bd09_cuda&apos; panicked at src\context.rs:109:61:
called `Result::unwrap()` on an `Err` value: UnknownError
note: run with `RUST_BACKTRACE=1` environment variable to display a backtrace
</system-err>
        </testcase>
        <testcase name="crypto_cuda::test::test_bd09_to_gcj02_exact_cuda" classname="pyxis-cuda" timestamp="2025-05-28T22:10:04.333+08:00" time="0.689">
            <failure message="thread &apos;crypto_cuda::test::test_bd09_to_gcj02_exact_cuda&apos; panicked at src\context.rs:109:61" type="test failure with exit code 101">thread &apos;crypto_cuda::test::test_bd09_to_gcj02_exact_cuda&apos; panicked at src\context.rs:109:61:
called `Result::unwrap()` on an `Err` value: UnknownError
note: run with `RUST_BACKTRACE=1` environment variable to display a backtrace</failure>
            <system-out>
running 1 test
test crypto_cuda::test::test_bd09_to_gcj02_exact_cuda ... FAILED

failures:

failures:
    crypto_cuda::test::test_bd09_to_gcj02_exact_cuda

test result: FAILED. 0 passed; 1 failed; 0 ignored; 0 measured; 10 filtered out; finished in 0.43s

</system-out>
            <system-err>
thread &apos;crypto_cuda::test::test_bd09_to_gcj02_exact_cuda&apos; panicked at src\context.rs:109:61:
called `Result::unwrap()` on an `Err` value: UnknownError
note: run with `RUST_BACKTRACE=1` environment variable to display a backtrace
</system-err>
        </testcase>
        <testcase name="crypto_cuda::test::test_bd09_to_gcj02_cuda" classname="pyxis-cuda" timestamp="2025-05-28T22:10:04.333+08:00" time="0.689">
            <failure message="thread &apos;crypto_cuda::test::test_bd09_to_gcj02_cuda&apos; panicked at src\context.rs:109:61" type="test failure with exit code 101">thread &apos;crypto_cuda::test::test_bd09_to_gcj02_cuda&apos; panicked at src\context.rs:109:61:
called `Result::unwrap()` on an `Err` value: UnknownError
note: run with `RUST_BACKTRACE=1` environment variable to display a backtrace</failure>
            <system-out>
running 1 test
test crypto_cuda::test::test_bd09_to_gcj02_cuda ... FAILED

failures:

failures:
    crypto_cuda::test::test_bd09_to_gcj02_cuda

test result: FAILED. 0 passed; 1 failed; 0 ignored; 0 measured; 10 filtered out; finished in 0.41s

</system-out>
            <system-err>
thread &apos;crypto_cuda::test::test_bd09_to_gcj02_cuda&apos; panicked at src\context.rs:109:61:
called `Result::unwrap()` on an `Err` value: UnknownError
note: run with `RUST_BACKTRACE=1` environment variable to display a backtrace
</system-err>
        </testcase>
        <testcase name="crypto_cuda::test::test_wgs84_to_gcj02_cuda" classname="pyxis-cuda" timestamp="2025-05-28T22:10:04.332+08:00" time="0.690">
            <failure message="thread &apos;crypto_cuda::test::test_wgs84_to_gcj02_cuda&apos; panicked at src\context.rs:109:61" type="test failure with exit code 101">thread &apos;crypto_cuda::test::test_wgs84_to_gcj02_cuda&apos; panicked at src\context.rs:109:61:
called `Result::unwrap()` on an `Err` value: UnknownError
note: run with `RUST_BACKTRACE=1` environment variable to display a backtrace</failure>
            <system-out>
running 1 test
test crypto_cuda::test::test_wgs84_to_gcj02_cuda ... FAILED

failures:

failures:
    crypto_cuda::test::test_wgs84_to_gcj02_cuda

test result: FAILED. 0 passed; 1 failed; 0 ignored; 0 measured; 10 filtered out; finished in 0.47s

</system-out>
            <system-err>
thread &apos;crypto_cuda::test::test_wgs84_to_gcj02_cuda&apos; panicked at src\context.rs:109:61:
called `Result::unwrap()` on an `Err` value: UnknownError
note: run with `RUST_BACKTRACE=1` environment variable to display a backtrace
</system-err>
        </testcase>
        <testcase name="datum_compensate_cuda::test::test_datum_compensate_cuda" classname="pyxis-cuda" timestamp="2025-05-28T22:10:04.333+08:00" time="0.691">
            <failure message="thread &apos;datum_compensate_cuda::test::test_datum_compensate_cuda&apos; panicked at src\context.rs:109:61" type="test failure with exit code 101">thread &apos;datum_compensate_cuda::test::test_datum_compensate_cuda&apos; panicked at src\context.rs:109:61:
called `Result::unwrap()` on an `Err` value: UnknownError
note: run with `RUST_BACKTRACE=1` environment variable to display a backtrace</failure>
            <system-out>
running 1 test
test datum_compensate_cuda::test::test_datum_compensate_cuda ... FAILED

failures:

failures:
    datum_compensate_cuda::test::test_datum_compensate_cuda

test result: FAILED. 0 passed; 1 failed; 0 ignored; 0 measured; 10 filtered out; finished in 0.34s

</system-out>
            <system-err>
thread &apos;datum_compensate_cuda::test::test_datum_compensate_cuda&apos; panicked at src\context.rs:109:61:
called `Result::unwrap()` on an `Err` value: UnknownError
note: run with `RUST_BACKTRACE=1` environment variable to display a backtrace
</system-err>
        </testcase>
        <testcase name="crypto_cuda::test::test_gcj02_to_wgs84_cuda" classname="pyxis-cuda" timestamp="2025-05-28T22:10:04.332+08:00" time="0.693">
            <failure message="thread &apos;crypto_cuda::test::test_gcj02_to_wgs84_cuda&apos; panicked at src\context.rs:109:61" type="test failure with exit code 101">thread &apos;crypto_cuda::test::test_gcj02_to_wgs84_cuda&apos; panicked at src\context.rs:109:61:
called `Result::unwrap()` on an `Err` value: UnknownError
note: run with `RUST_BACKTRACE=1` environment variable to display a backtrace</failure>
            <system-out>
running 1 test
test crypto_cuda::test::test_gcj02_to_wgs84_cuda ... FAILED

failures:

failures:
    crypto_cuda::test::test_gcj02_to_wgs84_cuda

test result: FAILED. 0 passed; 1 failed; 0 ignored; 0 measured; 10 filtered out; finished in 0.39s

</system-out>
            <system-err>
thread &apos;crypto_cuda::test::test_gcj02_to_wgs84_cuda&apos; panicked at src\context.rs:109:61:
called `Result::unwrap()` on an `Err` value: UnknownError
note: run with `RUST_BACKTRACE=1` environment variable to display a backtrace
</system-err>
        </testcase>
        <testcase name="crypto_cuda::test::test_exact_cuda" classname="pyxis-cuda" timestamp="2025-05-28T22:10:04.331+08:00" time="0.832">
            <failure message="thread &apos;crypto_cuda::test::test_exact_cuda&apos; panicked at src\context.rs:109:61" type="test failure with exit code 101">thread &apos;crypto_cuda::test::test_exact_cuda&apos; panicked at src\context.rs:109:61:
called `Result::unwrap()` on an `Err` value: UnknownError
note: run with `RUST_BACKTRACE=1` environment variable to display a backtrace</failure>
            <system-out>
running 1 test
test crypto_cuda::test::test_exact_cuda ... FAILED

failures:

failures:
    crypto_cuda::test::test_exact_cuda

test result: FAILED. 0 passed; 1 failed; 0 ignored; 0 measured; 10 filtered out; finished in 0.74s

</system-out>
            <system-err>
thread &apos;crypto_cuda::test::test_exact_cuda&apos; panicked at src\context.rs:109:61:
called `Result::unwrap()` on an `Err` value: UnknownError
note: run with `RUST_BACKTRACE=1` environment variable to display a backtrace
</system-err>
        </testcase>
    </testsuite>
</testsuites>
