<?xml version="1.0" encoding="UTF-8"?>
<testsuites name="nextest-run" tests="11" failures="0" errors="0" uuid="3911dcf0-8276-49cc-91fb-508f76b45a74" timestamp="2025-05-12T16:59:55.139+08:00" time="1.144">
    <testsuite name="pyxis-cuda" tests="11" disabled="0" errors="0" failures="0">
        <testcase name="crypto_cuda::test::test_bd09_to_wgs84_exact_cuda" classname="pyxis-cuda" timestamp="2025-05-12T16:59:55.142+08:00" time="0.325">
        </testcase>
        <testcase name="crypto_cuda::test::test_bd09_to_wgs84_cuda" classname="pyxis-cuda" timestamp="2025-05-12T16:59:55.142+08:00" time="0.437">
        </testcase>
        <testcase name="crypto_cuda::test::test_gcj02_to_bd09_cuda" classname="pyxis-cuda" timestamp="2025-05-12T16:59:55.143+08:00" time="0.482">
        </testcase>
        <testcase name="crypto_cuda::test::test_gcj02_to_wgs84_exact_cuda" classname="pyxis-cuda" timestamp="2025-05-12T16:59:55.144+08:00" time="0.511">
        </testcase>
        <testcase name="crypto_cuda::test::test_gcj02_to_wgs84_cuda" classname="pyxis-cuda" timestamp="2025-05-12T16:59:55.144+08:00" time="0.536">
        </testcase>
        <testcase name="crypto_cuda::test::test_wgs84_to_gcj02_cuda" classname="pyxis-cuda" timestamp="2025-05-12T16:59:55.145+08:00" time="0.554">
        </testcase>
        <testcase name="crypto_cuda::test::test_wgs84_to_bd09_cuda" classname="pyxis-cuda" timestamp="2025-05-12T16:59:55.145+08:00" time="0.570">
        </testcase>
        <testcase name="crypto_cuda::test::test_bd09_to_gcj02_exact_cuda" classname="pyxis-cuda" timestamp="2025-05-12T16:59:55.145+08:00" time="0.589">
        </testcase>
        <testcase name="crypto_cuda::test::test_bd09_to_gcj02_cuda" classname="pyxis-cuda" timestamp="2025-05-12T16:59:55.146+08:00" time="0.602">
        </testcase>
        <testcase name="datum_compensate_cuda::test::test_datum_compensate_cuda" classname="pyxis-cuda" timestamp="2025-05-12T16:59:55.146+08:00" time="0.620">
        </testcase>
        <testcase name="crypto_cuda::test::test_exact_cuda" classname="pyxis-cuda" timestamp="2025-05-12T16:59:55.143+08:00" time="1.139">
        </testcase>
    </testsuite>
</testsuites>
